[0.133s] Invoking command in '/ws/build/image_pub': CMAKE_PREFIX_PATH=/ws/install/nanosaur_msgs:/ws/install/nanosaur_control:/ws/install/image_pub:/ws/install/nanosaur_hardware:/ros_deep_learning/install/ros_deep_learning:/opt/ros/humble/install /usr/local/bin/cmake --build /ws/build/image_pub -- -j4 -l4
[0.390s] [ 33%] Built target camera_calibration_pub
[0.393s] [ 66%] Built target stereo_image_pub
[0.416s] [ 83%] [32mBuilding CXX object CMakeFiles/mono_image_pub.dir/src/mono_image_pub.cpp.o[0m
[31.388s] [100%] [32m[1mLinking CXX executable mono_image_pub[0m
[33.935s] [100%] Built target mono_image_pub
[33.975s] Invoked command in '/ws/build/image_pub' returned '0': CMAKE_PREFIX_PATH=/ws/install/nanosaur_msgs:/ws/install/nanosaur_control:/ws/install/image_pub:/ws/install/nanosaur_hardware:/ros_deep_learning/install/ros_deep_learning:/opt/ros/humble/install /usr/local/bin/cmake --build /ws/build/image_pub -- -j4 -l4
[34.456s] Invoking command in '/ws/build/image_pub': CMAKE_PREFIX_PATH=/ws/install/nanosaur_msgs:/ws/install/nanosaur_control:/ws/install/image_pub:/ws/install/nanosaur_hardware:/ros_deep_learning/install/ros_deep_learning:/opt/ros/humble/install /usr/local/bin/cmake --install /ws/build/image_pub
[34.582s] -- Install configuration: ""
[34.585s] -- Execute custom install script
[34.587s] -- Up-to-date symlink: /ws/install/image_pub/lib/image_pub/mono_image_pub
[34.588s] -- Up-to-date symlink: /ws/install/image_pub/lib/image_pub/stereo_image_pub
[34.588s] -- Up-to-date symlink: /ws/install/image_pub/lib/image_pub/camera_calibration_pub
[34.591s] -- Up-to-date symlink: /ws/install/image_pub/share/image_pub//launch/raw_image_pub.launch.py
[34.592s] -- Up-to-date symlink: /ws/install/image_pub/share/image_pub//launch/stereo_rect_image_pub.launch.py
[34.594s] -- Up-to-date symlink: /ws/install/image_pub/share/image_pub//config/cal_results/extrinsics.yml
[34.599s] -- Up-to-date symlink: /ws/install/image_pub/share/image_pub//config/cal_results/intrinsics.yml
[34.600s] -- Up-to-date symlink: /ws/install/image_pub/share/image_pub//config/imx21983_raw_image_pub.yaml
[34.600s] -- Up-to-date symlink: /ws/install/image_pub/share/image_pub//config/imx21983_stereo_rect_image_pub.yaml
[34.604s] -- Up-to-date symlink: /ws/install/image_pub/share/ament_index/resource_index/package_run_dependencies/image_pub
[34.605s] -- Up-to-date symlink: /ws/install/image_pub/share/ament_index/resource_index/parent_prefix_path/image_pub
[34.614s] -- Up-to-date symlink: /ws/install/image_pub/share/image_pub/environment/ament_prefix_path.sh
[34.618s] -- Up-to-date symlink: /ws/install/image_pub/share/image_pub/environment/ament_prefix_path.dsv
[34.619s] -- Up-to-date symlink: /ws/install/image_pub/share/image_pub/environment/path.sh
[34.620s] -- Up-to-date symlink: /ws/install/image_pub/share/image_pub/environment/path.dsv
[34.621s] -- Up-to-date symlink: /ws/install/image_pub/share/image_pub/local_setup.bash
[34.622s] -- Up-to-date symlink: /ws/install/image_pub/share/image_pub/local_setup.sh
[34.623s] -- Up-to-date symlink: /ws/install/image_pub/share/image_pub/local_setup.zsh
[34.624s] -- Up-to-date symlink: /ws/install/image_pub/share/image_pub/local_setup.dsv
[34.624s] -- Symlinking: /ws/install/image_pub/share/image_pub/package.dsv
[34.636s] -- Up-to-date symlink: /ws/install/image_pub/share/ament_index/resource_index/packages/image_pub
[34.637s] -- Up-to-date symlink: /ws/install/image_pub/share/image_pub/cmake/image_pubConfig.cmake
[34.638s] -- Up-to-date symlink: /ws/install/image_pub/share/image_pub/cmake/image_pubConfig-version.cmake
[34.639s] -- Up-to-date symlink: /ws/install/image_pub/share/image_pub/package.xml
[34.662s] Invoked command in '/ws/build/image_pub' returned '0': CMAKE_PREFIX_PATH=/ws/install/nanosaur_msgs:/ws/install/nanosaur_control:/ws/install/image_pub:/ws/install/nanosaur_hardware:/ros_deep_learning/install/ros_deep_learning:/opt/ros/humble/install /usr/local/bin/cmake --install /ws/build/image_pub
