[1.548s] DEBUG:colcon:Command line arguments: ['/usr/bin/colcon', 'build', '--symlink-install', '--packages-select', 'image_pub']
[1.549s] DEBUG:colcon:Parsed command line arguments: Namespace(ament_cmake_args=None, base_paths=['.'], build_base='build', catkin_cmake_args=None, catkin_skip_building_tests=False, cmake_args=None, cmake_clean_cache=False, cmake_clean_first=False, cmake_force_configure=False, cmake_target=None, cmake_target_skip_unavailable=False, continue_on_error=False, event_handlers=None, executor='parallel', ignore_user_meta=False, install_base='install', log_base=None, log_level=None, main=<bound method BuildVerb.main of <colcon_core.verb.build.BuildVerb object at 0x7f8e62e760>>, merge_install=False, metas=['./colcon.meta'], packages_above=None, packages_above_and_dependencies=None, packages_above_depth=None, packages_end=None, packages_ignore=None, packages_ignore_regex=None, packages_select=['image_pub'], packages_select_build_failed=False, packages_select_by_dep=None, packages_select_regex=None, packages_select_test_failures=False, packages_skip=None, packages_skip_build_finished=False, packages_skip_by_dep=None, packages_skip_regex=None, packages_skip_test_passed=False, packages_skip_up_to=None, packages_start=None, packages_up_to=None, packages_up_to_regex=None, parallel_workers=4, paths=None, symlink_install=True, test_result_base=None, verb_extension=<colcon_core.verb.build.BuildVerb object at 0x7f8e62e760>, verb_name='build', verb_parser=<colcon_defaults.argument_parser.defaults.DefaultArgumentsDecorator object at 0x7f8e62ecd0>)
[1.714s] Level 1:colcon.colcon_core.package_discovery:discover_packages(colcon_meta) check parameters
[1.715s] Level 1:colcon.colcon_core.package_discovery:discover_packages(recursive) check parameters
[1.715s] Level 1:colcon.colcon_core.package_discovery:discover_packages(ignore) check parameters
[1.715s] Level 1:colcon.colcon_core.package_discovery:discover_packages(path) check parameters
[1.715s] Level 1:colcon.colcon_core.package_discovery:discover_packages(colcon_meta) discover
[1.715s] Level 1:colcon.colcon_core.package_discovery:discover_packages(recursive) discover
[1.716s] INFO:colcon.colcon_core.package_discovery:Crawling recursively for packages in '/ws'
[1.716s] Level 1:colcon.colcon_core.package_identification:_identify(.) by extensions ['ignore', 'ignore_ament_install']
[1.716s] Level 1:colcon.colcon_core.package_identification:_identify(.) by extension 'ignore'
[1.717s] Level 1:colcon.colcon_core.package_identification:_identify(.) by extension 'ignore_ament_install'
[1.717s] Level 1:colcon.colcon_core.package_identification:_identify(.) by extensions ['colcon_pkg']
[1.717s] Level 1:colcon.colcon_core.package_identification:_identify(.) by extension 'colcon_pkg'
[1.717s] Level 1:colcon.colcon_core.package_identification:_identify(.) by extensions ['colcon_meta']
[1.717s] Level 1:colcon.colcon_core.package_identification:_identify(.) by extension 'colcon_meta'
[1.718s] Level 1:colcon.colcon_core.package_identification:_identify(.) by extensions ['ros']
[1.718s] Level 1:colcon.colcon_core.package_identification:_identify(.) by extension 'ros'
[1.821s] Level 1:colcon.colcon_core.package_identification:_identify(.) by extensions ['cmake', 'python']
[1.821s] Level 1:colcon.colcon_core.package_identification:_identify(.) by extension 'cmake'
[1.821s] Level 1:colcon.colcon_core.package_identification:_identify(.) by extension 'python'
[1.821s] Level 1:colcon.colcon_core.package_identification:_identify(.) by extensions ['python_setup_py']
[1.822s] Level 1:colcon.colcon_core.package_identification:_identify(.) by extension 'python_setup_py'
[1.822s] Level 1:colcon.colcon_core.package_identification:_identify(build) by extensions ['ignore', 'ignore_ament_install']
[1.822s] Level 1:colcon.colcon_core.package_identification:_identify(build) by extension 'ignore'
[1.823s] Level 1:colcon.colcon_core.package_identification:_identify(build) ignored
[1.823s] Level 1:colcon.colcon_core.package_identification:_identify(install) by extensions ['ignore', 'ignore_ament_install']
[1.824s] Level 1:colcon.colcon_core.package_identification:_identify(install) by extension 'ignore'
[1.824s] Level 1:colcon.colcon_core.package_identification:_identify(install) ignored
[1.824s] Level 1:colcon.colcon_core.package_identification:_identify(log) by extensions ['ignore', 'ignore_ament_install']
[1.824s] Level 1:colcon.colcon_core.package_identification:_identify(log) by extension 'ignore'
[1.825s] Level 1:colcon.colcon_core.package_identification:_identify(log) ignored
[1.825s] Level 1:colcon.colcon_core.package_identification:_identify(src) by extensions ['ignore', 'ignore_ament_install']
[1.825s] Level 1:colcon.colcon_core.package_identification:_identify(src) by extension 'ignore'
[1.826s] Level 1:colcon.colcon_core.package_identification:_identify(src) by extension 'ignore_ament_install'
[1.826s] Level 1:colcon.colcon_core.package_identification:_identify(src) by extensions ['colcon_pkg']
[1.826s] Level 1:colcon.colcon_core.package_identification:_identify(src) by extension 'colcon_pkg'
[1.826s] Level 1:colcon.colcon_core.package_identification:_identify(src) by extensions ['colcon_meta']
[1.826s] Level 1:colcon.colcon_core.package_identification:_identify(src) by extension 'colcon_meta'
[1.827s] Level 1:colcon.colcon_core.package_identification:_identify(src) by extensions ['ros']
[1.827s] Level 1:colcon.colcon_core.package_identification:_identify(src) by extension 'ros'
[1.827s] Level 1:colcon.colcon_core.package_identification:_identify(src) by extensions ['cmake', 'python']
[1.827s] Level 1:colcon.colcon_core.package_identification:_identify(src) by extension 'cmake'
[1.827s] Level 1:colcon.colcon_core.package_identification:_identify(src) by extension 'python'
[1.828s] Level 1:colcon.colcon_core.package_identification:_identify(src) by extensions ['python_setup_py']
[1.828s] Level 1:colcon.colcon_core.package_identification:_identify(src) by extension 'python_setup_py'
[1.828s] Level 1:colcon.colcon_core.package_identification:_identify(src/image_pub) by extensions ['ignore', 'ignore_ament_install']
[1.829s] Level 1:colcon.colcon_core.package_identification:_identify(src/image_pub) by extension 'ignore'
[1.829s] Level 1:colcon.colcon_core.package_identification:_identify(src/image_pub) by extension 'ignore_ament_install'
[1.829s] Level 1:colcon.colcon_core.package_identification:_identify(src/image_pub) by extensions ['colcon_pkg']
[1.829s] Level 1:colcon.colcon_core.package_identification:_identify(src/image_pub) by extension 'colcon_pkg'
[1.829s] Level 1:colcon.colcon_core.package_identification:_identify(src/image_pub) by extensions ['colcon_meta']
[1.829s] Level 1:colcon.colcon_core.package_identification:_identify(src/image_pub) by extension 'colcon_meta'
[1.830s] Level 1:colcon.colcon_core.package_identification:_identify(src/image_pub) by extensions ['ros']
[1.830s] Level 1:colcon.colcon_core.package_identification:_identify(src/image_pub) by extension 'ros'
[1.845s] DEBUG:colcon.colcon_core.package_identification:Package 'src/image_pub' with type 'ros.ament_cmake' and name 'image_pub'
[1.845s] Level 1:colcon.colcon_core.package_identification:_identify(src/nanosaur) by extensions ['ignore', 'ignore_ament_install']
[1.845s] Level 1:colcon.colcon_core.package_identification:_identify(src/nanosaur) by extension 'ignore'
[1.846s] Level 1:colcon.colcon_core.package_identification:_identify(src/nanosaur) by extension 'ignore_ament_install'
[1.846s] Level 1:colcon.colcon_core.package_identification:_identify(src/nanosaur) by extensions ['colcon_pkg']
[1.846s] Level 1:colcon.colcon_core.package_identification:_identify(src/nanosaur) by extension 'colcon_pkg'
[1.846s] Level 1:colcon.colcon_core.package_identification:_identify(src/nanosaur) by extensions ['colcon_meta']
[1.846s] Level 1:colcon.colcon_core.package_identification:_identify(src/nanosaur) by extension 'colcon_meta'
[1.847s] Level 1:colcon.colcon_core.package_identification:_identify(src/nanosaur) by extensions ['ros']
[1.847s] Level 1:colcon.colcon_core.package_identification:_identify(src/nanosaur) by extension 'ros'
[1.847s] Level 1:colcon.colcon_core.package_identification:_identify(src/nanosaur) by extensions ['cmake', 'python']
[1.847s] Level 1:colcon.colcon_core.package_identification:_identify(src/nanosaur) by extension 'cmake'
[1.848s] Level 1:colcon.colcon_core.package_identification:_identify(src/nanosaur) by extension 'python'
[1.848s] Level 1:colcon.colcon_core.package_identification:_identify(src/nanosaur) by extensions ['python_setup_py']
[1.848s] Level 1:colcon.colcon_core.package_identification:_identify(src/nanosaur) by extension 'python_setup_py'
[1.848s] Level 1:colcon.colcon_core.package_identification:_identify(src/nanosaur/nanosaur_control) by extensions ['ignore', 'ignore_ament_install']
[1.849s] Level 1:colcon.colcon_core.package_identification:_identify(src/nanosaur/nanosaur_control) by extension 'ignore'
[1.849s] Level 1:colcon.colcon_core.package_identification:_identify(src/nanosaur/nanosaur_control) by extension 'ignore_ament_install'
[1.849s] Level 1:colcon.colcon_core.package_identification:_identify(src/nanosaur/nanosaur_control) by extensions ['colcon_pkg']
[1.849s] Level 1:colcon.colcon_core.package_identification:_identify(src/nanosaur/nanosaur_control) by extension 'colcon_pkg'
[1.850s] Level 1:colcon.colcon_core.package_identification:_identify(src/nanosaur/nanosaur_control) by extensions ['colcon_meta']
[1.850s] Level 1:colcon.colcon_core.package_identification:_identify(src/nanosaur/nanosaur_control) by extension 'colcon_meta'
[1.850s] Level 1:colcon.colcon_core.package_identification:_identify(src/nanosaur/nanosaur_control) by extensions ['ros']
[1.850s] Level 1:colcon.colcon_core.package_identification:_identify(src/nanosaur/nanosaur_control) by extension 'ros'
[1.854s] DEBUG:colcon.colcon_core.package_identification:Package 'src/nanosaur/nanosaur_control' with type 'ros.ament_cmake' and name 'nanosaur_control'
[1.854s] Level 1:colcon.colcon_core.package_identification:_identify(src/nanosaur/nanosaur_msgs) by extensions ['ignore', 'ignore_ament_install']
[1.855s] Level 1:colcon.colcon_core.package_identification:_identify(src/nanosaur/nanosaur_msgs) by extension 'ignore'
[1.855s] Level 1:colcon.colcon_core.package_identification:_identify(src/nanosaur/nanosaur_msgs) by extension 'ignore_ament_install'
[1.855s] Level 1:colcon.colcon_core.package_identification:_identify(src/nanosaur/nanosaur_msgs) by extensions ['colcon_pkg']
[1.855s] Level 1:colcon.colcon_core.package_identification:_identify(src/nanosaur/nanosaur_msgs) by extension 'colcon_pkg'
[1.855s] Level 1:colcon.colcon_core.package_identification:_identify(src/nanosaur/nanosaur_msgs) by extensions ['colcon_meta']
[1.856s] Level 1:colcon.colcon_core.package_identification:_identify(src/nanosaur/nanosaur_msgs) by extension 'colcon_meta'
[1.856s] Level 1:colcon.colcon_core.package_identification:_identify(src/nanosaur/nanosaur_msgs) by extensions ['ros']
[1.856s] Level 1:colcon.colcon_core.package_identification:_identify(src/nanosaur/nanosaur_msgs) by extension 'ros'
[1.860s] DEBUG:colcon.colcon_core.package_identification:Package 'src/nanosaur/nanosaur_msgs' with type 'ros.ament_cmake' and name 'nanosaur_msgs'
[1.860s] Level 1:colcon.colcon_core.package_identification:_identify(src/nanosaur_hardware) by extensions ['ignore', 'ignore_ament_install']
[1.861s] Level 1:colcon.colcon_core.package_identification:_identify(src/nanosaur_hardware) by extension 'ignore'
[1.861s] Level 1:colcon.colcon_core.package_identification:_identify(src/nanosaur_hardware) by extension 'ignore_ament_install'
[1.861s] Level 1:colcon.colcon_core.package_identification:_identify(src/nanosaur_hardware) by extensions ['colcon_pkg']
[1.861s] Level 1:colcon.colcon_core.package_identification:_identify(src/nanosaur_hardware) by extension 'colcon_pkg'
[1.861s] Level 1:colcon.colcon_core.package_identification:_identify(src/nanosaur_hardware) by extensions ['colcon_meta']
[1.861s] Level 1:colcon.colcon_core.package_identification:_identify(src/nanosaur_hardware) by extension 'colcon_meta'
[1.862s] Level 1:colcon.colcon_core.package_identification:_identify(src/nanosaur_hardware) by extensions ['ros']
[1.862s] Level 1:colcon.colcon_core.package_identification:_identify(src/nanosaur_hardware) by extension 'ros'
[1.866s] DEBUG:colcon.colcon_core.package_identification:Package 'src/nanosaur_hardware' with type 'ros.ament_python' and name 'nanosaur_hardware'
[1.867s] Level 1:colcon.colcon_core.package_identification:_identify(src/rosboard) by extensions ['ignore', 'ignore_ament_install']
[1.867s] Level 1:colcon.colcon_core.package_identification:_identify(src/rosboard) by extension 'ignore'
[1.867s] Level 1:colcon.colcon_core.package_identification:_identify(src/rosboard) by extension 'ignore_ament_install'
[1.867s] Level 1:colcon.colcon_core.package_identification:_identify(src/rosboard) by extensions ['colcon_pkg']
[1.868s] Level 1:colcon.colcon_core.package_identification:_identify(src/rosboard) by extension 'colcon_pkg'
[1.868s] Level 1:colcon.colcon_core.package_identification:_identify(src/rosboard) by extensions ['colcon_meta']
[1.868s] Level 1:colcon.colcon_core.package_identification:_identify(src/rosboard) by extension 'colcon_meta'
[1.868s] Level 1:colcon.colcon_core.package_identification:_identify(src/rosboard) by extensions ['ros']
[1.868s] Level 1:colcon.colcon_core.package_identification:_identify(src/rosboard) by extension 'ros'
[1.881s] DEBUG:colcon.colcon_core.package_identification:Package 'src/rosboard' with type 'ros.ament_python' and name 'rosboard'
[1.882s] Level 1:colcon.colcon_core.package_discovery:discover_packages(recursive) using defaults
[1.882s] Level 1:colcon.colcon_core.package_discovery:discover_packages(ignore) discover
[1.882s] Level 1:colcon.colcon_core.package_discovery:discover_packages(ignore) using defaults
[1.882s] Level 1:colcon.colcon_core.package_discovery:discover_packages(path) discover
[1.882s] Level 1:colcon.colcon_core.package_discovery:discover_packages(path) using defaults
[2.005s] INFO:colcon.colcon_core.package_selection:Skipping not selected package 'nanosaur_control' in 'src/nanosaur/nanosaur_control'
[2.005s] INFO:colcon.colcon_core.package_selection:Skipping not selected package 'nanosaur_hardware' in 'src/nanosaur_hardware'
[2.005s] INFO:colcon.colcon_core.package_selection:Skipping not selected package 'nanosaur_msgs' in 'src/nanosaur/nanosaur_msgs'
[2.006s] INFO:colcon.colcon_core.package_selection:Skipping not selected package 'rosboard' in 'src/rosboard'
[2.013s] Level 5:colcon.colcon_core.verb:set package 'image_pub' build argument 'cmake_args' from command line to 'None'
[2.014s] Level 5:colcon.colcon_core.verb:set package 'image_pub' build argument 'cmake_target' from command line to 'None'
[2.014s] Level 5:colcon.colcon_core.verb:set package 'image_pub' build argument 'cmake_target_skip_unavailable' from command line to 'False'
[2.014s] Level 5:colcon.colcon_core.verb:set package 'image_pub' build argument 'cmake_clean_cache' from command line to 'False'
[2.014s] Level 5:colcon.colcon_core.verb:set package 'image_pub' build argument 'cmake_clean_first' from command line to 'False'
[2.014s] Level 5:colcon.colcon_core.verb:set package 'image_pub' build argument 'cmake_force_configure' from command line to 'False'
[2.014s] Level 5:colcon.colcon_core.verb:set package 'image_pub' build argument 'ament_cmake_args' from command line to 'None'
[2.014s] Level 5:colcon.colcon_core.verb:set package 'image_pub' build argument 'catkin_cmake_args' from command line to 'None'
[2.014s] Level 5:colcon.colcon_core.verb:set package 'image_pub' build argument 'catkin_skip_building_tests' from command line to 'False'
[2.015s] DEBUG:colcon.colcon_core.verb:Building package 'image_pub' with the following arguments: {'ament_cmake_args': None, 'build_base': '/ws/build/image_pub', 'catkin_cmake_args': None, 'catkin_skip_building_tests': False, 'cmake_args': None, 'cmake_clean_cache': False, 'cmake_clean_first': False, 'cmake_force_configure': False, 'cmake_target': None, 'cmake_target_skip_unavailable': False, 'install_base': '/ws/install/image_pub', 'merge_install': False, 'path': '/ws/src/image_pub', 'symlink_install': True, 'test_result_base': None}
[2.020s] INFO:colcon.colcon_core.executor:Executing jobs using 'parallel' executor
[2.051s] DEBUG:colcon.colcon_parallel_executor.executor.parallel:run_until_complete
[2.052s] INFO:colcon.colcon_ros.task.ament_cmake.build:Building ROS package in '/ws/src/image_pub' with build type 'ament_cmake'
[2.053s] INFO:colcon.colcon_cmake.task.cmake.build:Building CMake package in '/ws/src/image_pub'
[2.088s] INFO:colcon.colcon_core.plugin_system:Skipping extension 'colcon_core.shell.bat': Not used on non-Windows systems
[2.089s] INFO:colcon.colcon_core.shell:Skip shell extension 'powershell' for command environment: Not usable outside of PowerShell
[2.090s] DEBUG:colcon.colcon_core.shell:Skip shell extension 'dsv' for command environment
[2.183s] DEBUG:colcon.colcon_core.event_handler.log_command:Invoking command in '/ws/build/image_pub': CMAKE_PREFIX_PATH=/ws/install/nanosaur_msgs:/ws/install/nanosaur_control:/ws/install/image_pub:/ws/install/nanosaur_hardware:/ros_deep_learning/install/ros_deep_learning:/opt/ros/humble/install /usr/local/bin/cmake --build /ws/build/image_pub -- -j4 -l4
[35.581s] DEBUG:colcon.colcon_core.event_handler.log_command:Invoked command in '/ws/build/image_pub' returned '0': CMAKE_PREFIX_PATH=/ws/install/nanosaur_msgs:/ws/install/nanosaur_control:/ws/install/image_pub:/ws/install/nanosaur_hardware:/ros_deep_learning/install/ros_deep_learning:/opt/ros/humble/install /usr/local/bin/cmake --build /ws/build/image_pub -- -j4 -l4
[35.981s] DEBUG:colcon.colcon_core.event_handler.log_command:Invoking command in '/ws/build/image_pub': CMAKE_PREFIX_PATH=/ws/install/nanosaur_msgs:/ws/install/nanosaur_control:/ws/install/image_pub:/ws/install/nanosaur_hardware:/ros_deep_learning/install/ros_deep_learning:/opt/ros/humble/install /usr/local/bin/cmake --install /ws/build/image_pub
[36.165s] Level 1:colcon.colcon_core.environment:create_environment_scripts_only(image_pub)
[36.168s] DEBUG:colcon.colcon_core.event_handler.log_command:Invoked command in '/ws/build/image_pub' returned '0': CMAKE_PREFIX_PATH=/ws/install/nanosaur_msgs:/ws/install/nanosaur_control:/ws/install/image_pub:/ws/install/nanosaur_hardware:/ros_deep_learning/install/ros_deep_learning:/opt/ros/humble/install /usr/local/bin/cmake --install /ws/build/image_pub
[36.207s] Level 1:colcon.colcon_core.environment:checking '/ws/install/image_pub' for CMake module files
[36.210s] Level 1:colcon.colcon_core.environment:checking '/ws/install/image_pub' for CMake config files
[36.212s] Level 1:colcon.colcon_core.shell:create_environment_hook('image_pub', 'cmake_prefix_path')
[36.226s] INFO:colcon.colcon_core.shell:Creating environment hook '/ws/install/image_pub/share/image_pub/hook/cmake_prefix_path.ps1'
[36.229s] INFO:colcon.colcon_core.shell:Creating environment descriptor '/ws/install/image_pub/share/image_pub/hook/cmake_prefix_path.dsv'
[36.231s] INFO:colcon.colcon_core.shell:Creating environment hook '/ws/install/image_pub/share/image_pub/hook/cmake_prefix_path.sh'
[36.235s] Level 1:colcon.colcon_core.environment:checking '/ws/install/image_pub/lib'
[36.236s] Level 1:colcon.colcon_core.environment:checking '/ws/install/image_pub/bin'
[36.236s] Level 1:colcon.colcon_core.environment:checking '/ws/install/image_pub/lib/pkgconfig/image_pub.pc'
[36.244s] Level 1:colcon.colcon_core.environment:checking '/ws/install/image_pub/lib/python3.8/site-packages'
[36.245s] Level 1:colcon.colcon_core.environment:checking '/ws/install/image_pub/bin'
[36.258s] INFO:colcon.colcon_core.shell:Creating package script '/ws/install/image_pub/share/image_pub/package.ps1'
[36.262s] INFO:colcon.colcon_core.shell:Creating package descriptor '/ws/install/image_pub/share/image_pub/package.dsv'
[36.264s] INFO:colcon.colcon_core.shell:Creating package script '/ws/install/image_pub/share/image_pub/package.sh'
[36.266s] INFO:colcon.colcon_core.shell:Creating package script '/ws/install/image_pub/share/image_pub/package.bash'
[36.269s] INFO:colcon.colcon_core.shell:Creating package script '/ws/install/image_pub/share/image_pub/package.zsh'
[36.276s] Level 1:colcon.colcon_core.environment:create_file_with_runtime_dependencies(/ws/install/image_pub/share/colcon-core/packages/image_pub)
[36.507s] Level 1:colcon.colcon_core.environment:create_environment_scripts_only(image_pub)
[36.528s] Level 1:colcon.colcon_core.environment:checking '/ws/install/image_pub' for CMake module files
[36.531s] Level 1:colcon.colcon_core.environment:checking '/ws/install/image_pub' for CMake config files
[36.532s] Level 1:colcon.colcon_core.shell:create_environment_hook('image_pub', 'cmake_prefix_path')
[36.546s] INFO:colcon.colcon_core.shell:Creating environment hook '/ws/install/image_pub/share/image_pub/hook/cmake_prefix_path.ps1'
[36.550s] INFO:colcon.colcon_core.shell:Creating environment descriptor '/ws/install/image_pub/share/image_pub/hook/cmake_prefix_path.dsv'
[36.551s] INFO:colcon.colcon_core.shell:Creating environment hook '/ws/install/image_pub/share/image_pub/hook/cmake_prefix_path.sh'
[36.554s] Level 1:colcon.colcon_core.environment:checking '/ws/install/image_pub/lib'
[36.554s] Level 1:colcon.colcon_core.environment:checking '/ws/install/image_pub/bin'
[36.554s] Level 1:colcon.colcon_core.environment:checking '/ws/install/image_pub/lib/pkgconfig/image_pub.pc'
[36.555s] Level 1:colcon.colcon_core.environment:checking '/ws/install/image_pub/lib/python3.8/site-packages'
[36.556s] Level 1:colcon.colcon_core.environment:checking '/ws/install/image_pub/bin'
[36.570s] INFO:colcon.colcon_core.shell:Creating package script '/ws/install/image_pub/share/image_pub/package.ps1'
[36.573s] INFO:colcon.colcon_core.shell:Creating package descriptor '/ws/install/image_pub/share/image_pub/package.dsv'
[36.575s] INFO:colcon.colcon_core.shell:Creating package script '/ws/install/image_pub/share/image_pub/package.sh'
[36.577s] INFO:colcon.colcon_core.shell:Creating package script '/ws/install/image_pub/share/image_pub/package.bash'
[36.578s] INFO:colcon.colcon_core.shell:Creating package script '/ws/install/image_pub/share/image_pub/package.zsh'
[36.579s] Level 1:colcon.colcon_core.environment:create_file_with_runtime_dependencies(/ws/install/image_pub/share/colcon-core/packages/image_pub)
[36.580s] DEBUG:colcon.colcon_parallel_executor.executor.parallel:closing loop
[36.581s] DEBUG:colcon.colcon_parallel_executor.executor.parallel:loop closed
[36.582s] DEBUG:colcon.colcon_parallel_executor.executor.parallel:run_until_complete finished with '0'
[36.582s] DEBUG:colcon.colcon_core.event_reactor:joining thread
[36.647s] INFO:colcon.colcon_core.plugin_system:Skipping extension 'colcon_notification.desktop_notification.notify_send': Could not find 'notify-send'
[36.647s] INFO:colcon.colcon_core.plugin_system:Skipping extension 'colcon_notification.desktop_notification.terminal_notifier': Not used on non-Darwin systems
[36.648s] INFO:colcon.colcon_core.plugin_system:Skipping extension 'colcon_notification.desktop_notification.win32': Not used on non-Windows systems
[36.648s] INFO:colcon.colcon_notification.desktop_notification:Sending desktop notification using 'notify2'
[36.671s] DEBUG:colcon.colcon_notification.desktop_notification.notify2:Failed to initialize notify2: org.freedesktop.DBus.Error.Spawn.ExecFailed: /usr/bin/dbus-launch terminated abnormally without any error message
[36.672s] DEBUG:colcon.colcon_core.event_reactor:joined thread
[36.687s] INFO:colcon.colcon_core.shell:Creating prefix script '/ws/install/local_setup.ps1'
[36.693s] INFO:colcon.colcon_core.shell:Creating prefix util module '/ws/install/_local_setup_util_ps1.py'
[36.699s] INFO:colcon.colcon_core.shell:Creating prefix chain script '/ws/install/setup.ps1'
[36.709s] INFO:colcon.colcon_core.shell:Creating prefix script '/ws/install/local_setup.sh'
[36.712s] INFO:colcon.colcon_core.shell:Creating prefix util module '/ws/install/_local_setup_util_sh.py'
[36.713s] INFO:colcon.colcon_core.shell:Creating prefix chain script '/ws/install/setup.sh'
[36.723s] INFO:colcon.colcon_core.shell:Creating prefix script '/ws/install/local_setup.bash'
[36.725s] INFO:colcon.colcon_core.shell:Creating prefix chain script '/ws/install/setup.bash'
[36.734s] INFO:colcon.colcon_core.shell:Creating prefix script '/ws/install/local_setup.zsh'
[36.739s] INFO:colcon.colcon_core.shell:Creating prefix chain script '/ws/install/setup.zsh'
