[2.412s] Invoking command in '/ws/build/nanosaur_hardware': PYTHONPATH=/ws/build/nanosaur_hardware/prefix_override:/ws/install/nanosaur_hardware/lib/python3.10/site-packages:${PYTHONPATH} /usr/bin/python3 setup.py develop --editable --build-directory /ws/build/nanosaur_hardware/build --no-deps install_data
[3.440s] running develop
[3.441s] /usr/lib/python3/dist-packages/setuptools/command/easy_install.py:158: EasyInstallDeprecationWarning: easy_install command is deprecated. Use build and pip and other standards-based tools.
[3.442s]   warnings.warn(
[3.446s] /usr/lib/python3/dist-packages/setuptools/command/install.py:34: SetuptoolsDeprecationWarning: setup.py install is deprecated. Use build and pip and other standards-based tools.
[3.447s]   warnings.warn(
[3.666s] /usr/lib/python3/dist-packages/pkg_resources/__init__.py:116: PkgResourcesDeprecationWarning: 1.16.0-unknown is an invalid version and will not be supported in a future release
[3.666s]   warnings.warn(
[4.064s] running egg_info
[4.065s] creating nanosaur_hardware.egg-info
[4.065s] writing nanosaur_hardware.egg-info/PKG-INFO
[4.066s] writing dependency_links to nanosaur_hardware.egg-info/dependency_links.txt
[4.066s] writing entry points to nanosaur_hardware.egg-info/entry_points.txt
[4.066s] writing requirements to nanosaur_hardware.egg-info/requires.txt
[4.067s] writing top-level names to nanosaur_hardware.egg-info/top_level.txt
[4.067s] writing manifest file 'nanosaur_hardware.egg-info/SOURCES.txt'
[4.073s] reading manifest file 'nanosaur_hardware.egg-info/SOURCES.txt'
[4.075s] writing manifest file 'nanosaur_hardware.egg-info/SOURCES.txt'
[4.080s] running build_ext
[4.081s] Creating /ws/install/nanosaur_hardware/lib/python3.10/site-packages/nanosaur-hardware.egg-link (link to .)
[4.084s] Installing nanosaur script to /ws/install/nanosaur_hardware/lib/nanosaur_hardware
[4.085s] 
[4.086s] Installed /ws/build/nanosaur_hardware
[4.086s] running install_data
[4.086s] creating /ws/install/nanosaur_hardware/share/ament_index
[4.087s] creating /ws/install/nanosaur_hardware/share/ament_index/resource_index
[4.087s] creating /ws/install/nanosaur_hardware/share/ament_index/resource_index/packages
[4.088s] copying resource/nanosaur_hardware -> /ws/install/nanosaur_hardware/share/ament_index/resource_index/packages
[4.088s] copying package.xml -> /ws/install/nanosaur_hardware/share/nanosaur_hardware
[4.088s] copying requirements.txt -> /ws/install/nanosaur_hardware/share/nanosaur_hardware
[4.212s] Invoked command in '/ws/build/nanosaur_hardware' returned '0': PYTHONPATH=/ws/build/nanosaur_hardware/prefix_override:/ws/install/nanosaur_hardware/lib/python3.10/site-packages:${PYTHONPATH} /usr/bin/python3 setup.py develop --editable --build-directory /ws/build/nanosaur_hardware/build --no-deps install_data
