[1.496s] DEBUG:colcon:Command line arguments: ['/usr/bin/colcon', 'build', '--symlink-install']
[1.496s] DEBUG:colcon:Parsed command line arguments: Namespace(ament_cmake_args=None, base_paths=['.'], build_base='build', catkin_cmake_args=None, catkin_skip_building_tests=False, cmake_args=None, cmake_clean_cache=False, cmake_clean_first=False, cmake_force_configure=False, cmake_target=None, cmake_target_skip_unavailable=False, continue_on_error=False, event_handlers=None, executor='parallel', ignore_user_meta=False, install_base='install', log_base=None, log_level=None, main=<bound method BuildVerb.main of <colcon_core.verb.build.BuildVerb object at 0x7f7ae93c70>>, merge_install=False, metas=['./colcon.meta'], packages_above=None, packages_above_and_dependencies=None, packages_above_depth=None, packages_end=None, packages_ignore=None, packages_ignore_regex=None, packages_select=None, packages_select_build_failed=False, packages_select_by_dep=None, packages_select_regex=None, packages_select_test_failures=False, packages_skip=None, packages_skip_build_finished=False, packages_skip_by_dep=None, packages_skip_regex=None, packages_skip_test_passed=False, packages_skip_up_to=None, packages_start=None, packages_up_to=None, packages_up_to_regex=None, parallel_workers=4, paths=None, symlink_install=True, test_result_base=None, verb_extension=<colcon_core.verb.build.BuildVerb object at 0x7f7ae93c70>, verb_name='build', verb_parser=<colcon_defaults.argument_parser.defaults.DefaultArgumentsDecorator object at 0x7f7aea0220>)
[1.621s] Level 1:colcon.colcon_core.package_discovery:discover_packages(colcon_meta) check parameters
[1.622s] Level 1:colcon.colcon_core.package_discovery:discover_packages(recursive) check parameters
[1.622s] Level 1:colcon.colcon_core.package_discovery:discover_packages(ignore) check parameters
[1.622s] Level 1:colcon.colcon_core.package_discovery:discover_packages(path) check parameters
[1.622s] Level 1:colcon.colcon_core.package_discovery:discover_packages(colcon_meta) discover
[1.622s] Level 1:colcon.colcon_core.package_discovery:discover_packages(recursive) discover
[1.623s] INFO:colcon.colcon_core.package_discovery:Crawling recursively for packages in '/ws'
[1.623s] Level 1:colcon.colcon_core.package_identification:_identify(.) by extensions ['ignore', 'ignore_ament_install']
[1.623s] Level 1:colcon.colcon_core.package_identification:_identify(.) by extension 'ignore'
[1.624s] Level 1:colcon.colcon_core.package_identification:_identify(.) by extension 'ignore_ament_install'
[1.624s] Level 1:colcon.colcon_core.package_identification:_identify(.) by extensions ['colcon_pkg']
[1.624s] Level 1:colcon.colcon_core.package_identification:_identify(.) by extension 'colcon_pkg'
[1.624s] Level 1:colcon.colcon_core.package_identification:_identify(.) by extensions ['colcon_meta']
[1.624s] Level 1:colcon.colcon_core.package_identification:_identify(.) by extension 'colcon_meta'
[1.625s] Level 1:colcon.colcon_core.package_identification:_identify(.) by extensions ['ros']
[1.625s] Level 1:colcon.colcon_core.package_identification:_identify(.) by extension 'ros'
[1.708s] Level 1:colcon.colcon_core.package_identification:_identify(.) by extensions ['cmake', 'python']
[1.708s] Level 1:colcon.colcon_core.package_identification:_identify(.) by extension 'cmake'
[1.708s] Level 1:colcon.colcon_core.package_identification:_identify(.) by extension 'python'
[1.708s] Level 1:colcon.colcon_core.package_identification:_identify(.) by extensions ['python_setup_py']
[1.708s] Level 1:colcon.colcon_core.package_identification:_identify(.) by extension 'python_setup_py'
[1.709s] Level 1:colcon.colcon_core.package_identification:_identify(build) by extensions ['ignore', 'ignore_ament_install']
[1.709s] Level 1:colcon.colcon_core.package_identification:_identify(build) by extension 'ignore'
[1.709s] Level 1:colcon.colcon_core.package_identification:_identify(build) ignored
[1.710s] Level 1:colcon.colcon_core.package_identification:_identify(install) by extensions ['ignore', 'ignore_ament_install']
[1.710s] Level 1:colcon.colcon_core.package_identification:_identify(install) by extension 'ignore'
[1.711s] Level 1:colcon.colcon_core.package_identification:_identify(install) ignored
[1.711s] Level 1:colcon.colcon_core.package_identification:_identify(log) by extensions ['ignore', 'ignore_ament_install']
[1.711s] Level 1:colcon.colcon_core.package_identification:_identify(log) by extension 'ignore'
[1.712s] Level 1:colcon.colcon_core.package_identification:_identify(log) ignored
[1.712s] Level 1:colcon.colcon_core.package_identification:_identify(src) by extensions ['ignore', 'ignore_ament_install']
[1.712s] Level 1:colcon.colcon_core.package_identification:_identify(src) by extension 'ignore'
[1.712s] Level 1:colcon.colcon_core.package_identification:_identify(src) by extension 'ignore_ament_install'
[1.713s] Level 1:colcon.colcon_core.package_identification:_identify(src) by extensions ['colcon_pkg']
[1.713s] Level 1:colcon.colcon_core.package_identification:_identify(src) by extension 'colcon_pkg'
[1.713s] Level 1:colcon.colcon_core.package_identification:_identify(src) by extensions ['colcon_meta']
[1.713s] Level 1:colcon.colcon_core.package_identification:_identify(src) by extension 'colcon_meta'
[1.713s] Level 1:colcon.colcon_core.package_identification:_identify(src) by extensions ['ros']
[1.713s] Level 1:colcon.colcon_core.package_identification:_identify(src) by extension 'ros'
[1.714s] Level 1:colcon.colcon_core.package_identification:_identify(src) by extensions ['cmake', 'python']
[1.714s] Level 1:colcon.colcon_core.package_identification:_identify(src) by extension 'cmake'
[1.714s] Level 1:colcon.colcon_core.package_identification:_identify(src) by extension 'python'
[1.714s] Level 1:colcon.colcon_core.package_identification:_identify(src) by extensions ['python_setup_py']
[1.714s] Level 1:colcon.colcon_core.package_identification:_identify(src) by extension 'python_setup_py'
[1.715s] Level 1:colcon.colcon_core.package_identification:_identify(src/image_pub) by extensions ['ignore', 'ignore_ament_install']
[1.715s] Level 1:colcon.colcon_core.package_identification:_identify(src/image_pub) by extension 'ignore'
[1.715s] Level 1:colcon.colcon_core.package_identification:_identify(src/image_pub) by extension 'ignore_ament_install'
[1.716s] Level 1:colcon.colcon_core.package_identification:_identify(src/image_pub) by extensions ['colcon_pkg']
[1.716s] Level 1:colcon.colcon_core.package_identification:_identify(src/image_pub) by extension 'colcon_pkg'
[1.716s] Level 1:colcon.colcon_core.package_identification:_identify(src/image_pub) by extensions ['colcon_meta']
[1.716s] Level 1:colcon.colcon_core.package_identification:_identify(src/image_pub) by extension 'colcon_meta'
[1.716s] Level 1:colcon.colcon_core.package_identification:_identify(src/image_pub) by extensions ['ros']
[1.716s] Level 1:colcon.colcon_core.package_identification:_identify(src/image_pub) by extension 'ros'
[1.727s] DEBUG:colcon.colcon_core.package_identification:Package 'src/image_pub' with type 'ros.ament_cmake' and name 'image_pub'
[1.727s] Level 1:colcon.colcon_core.package_identification:_identify(src/nanosaur) by extensions ['ignore', 'ignore_ament_install']
[1.727s] Level 1:colcon.colcon_core.package_identification:_identify(src/nanosaur) by extension 'ignore'
[1.728s] Level 1:colcon.colcon_core.package_identification:_identify(src/nanosaur) by extension 'ignore_ament_install'
[1.728s] Level 1:colcon.colcon_core.package_identification:_identify(src/nanosaur) by extensions ['colcon_pkg']
[1.728s] Level 1:colcon.colcon_core.package_identification:_identify(src/nanosaur) by extension 'colcon_pkg'
[1.728s] Level 1:colcon.colcon_core.package_identification:_identify(src/nanosaur) by extensions ['colcon_meta']
[1.728s] Level 1:colcon.colcon_core.package_identification:_identify(src/nanosaur) by extension 'colcon_meta'
[1.729s] Level 1:colcon.colcon_core.package_identification:_identify(src/nanosaur) by extensions ['ros']
[1.729s] Level 1:colcon.colcon_core.package_identification:_identify(src/nanosaur) by extension 'ros'
[1.729s] Level 1:colcon.colcon_core.package_identification:_identify(src/nanosaur) by extensions ['cmake', 'python']
[1.729s] Level 1:colcon.colcon_core.package_identification:_identify(src/nanosaur) by extension 'cmake'
[1.730s] Level 1:colcon.colcon_core.package_identification:_identify(src/nanosaur) by extension 'python'
[1.730s] Level 1:colcon.colcon_core.package_identification:_identify(src/nanosaur) by extensions ['python_setup_py']
[1.730s] Level 1:colcon.colcon_core.package_identification:_identify(src/nanosaur) by extension 'python_setup_py'
[1.730s] Level 1:colcon.colcon_core.package_identification:_identify(src/nanosaur/nanosaur_control) by extensions ['ignore', 'ignore_ament_install']
[1.731s] Level 1:colcon.colcon_core.package_identification:_identify(src/nanosaur/nanosaur_control) by extension 'ignore'
[1.731s] Level 1:colcon.colcon_core.package_identification:_identify(src/nanosaur/nanosaur_control) by extension 'ignore_ament_install'
[1.731s] Level 1:colcon.colcon_core.package_identification:_identify(src/nanosaur/nanosaur_control) by extensions ['colcon_pkg']
[1.731s] Level 1:colcon.colcon_core.package_identification:_identify(src/nanosaur/nanosaur_control) by extension 'colcon_pkg'
[1.732s] Level 1:colcon.colcon_core.package_identification:_identify(src/nanosaur/nanosaur_control) by extensions ['colcon_meta']
[1.732s] Level 1:colcon.colcon_core.package_identification:_identify(src/nanosaur/nanosaur_control) by extension 'colcon_meta'
[1.732s] Level 1:colcon.colcon_core.package_identification:_identify(src/nanosaur/nanosaur_control) by extensions ['ros']
[1.732s] Level 1:colcon.colcon_core.package_identification:_identify(src/nanosaur/nanosaur_control) by extension 'ros'
[1.735s] DEBUG:colcon.colcon_core.package_identification:Package 'src/nanosaur/nanosaur_control' with type 'ros.ament_cmake' and name 'nanosaur_control'
[1.735s] Level 1:colcon.colcon_core.package_identification:_identify(src/nanosaur/nanosaur_msgs) by extensions ['ignore', 'ignore_ament_install']
[1.735s] Level 1:colcon.colcon_core.package_identification:_identify(src/nanosaur/nanosaur_msgs) by extension 'ignore'
[1.736s] Level 1:colcon.colcon_core.package_identification:_identify(src/nanosaur/nanosaur_msgs) by extension 'ignore_ament_install'
[1.736s] Level 1:colcon.colcon_core.package_identification:_identify(src/nanosaur/nanosaur_msgs) by extensions ['colcon_pkg']
[1.736s] Level 1:colcon.colcon_core.package_identification:_identify(src/nanosaur/nanosaur_msgs) by extension 'colcon_pkg'
[1.736s] Level 1:colcon.colcon_core.package_identification:_identify(src/nanosaur/nanosaur_msgs) by extensions ['colcon_meta']
[1.736s] Level 1:colcon.colcon_core.package_identification:_identify(src/nanosaur/nanosaur_msgs) by extension 'colcon_meta'
[1.737s] Level 1:colcon.colcon_core.package_identification:_identify(src/nanosaur/nanosaur_msgs) by extensions ['ros']
[1.737s] Level 1:colcon.colcon_core.package_identification:_identify(src/nanosaur/nanosaur_msgs) by extension 'ros'
[1.739s] DEBUG:colcon.colcon_core.package_identification:Package 'src/nanosaur/nanosaur_msgs' with type 'ros.ament_cmake' and name 'nanosaur_msgs'
[1.739s] Level 1:colcon.colcon_core.package_identification:_identify(src/nanosaur_hardware) by extensions ['ignore', 'ignore_ament_install']
[1.740s] Level 1:colcon.colcon_core.package_identification:_identify(src/nanosaur_hardware) by extension 'ignore'
[1.740s] Level 1:colcon.colcon_core.package_identification:_identify(src/nanosaur_hardware) by extension 'ignore_ament_install'
[1.740s] Level 1:colcon.colcon_core.package_identification:_identify(src/nanosaur_hardware) by extensions ['colcon_pkg']
[1.740s] Level 1:colcon.colcon_core.package_identification:_identify(src/nanosaur_hardware) by extension 'colcon_pkg'
[1.741s] Level 1:colcon.colcon_core.package_identification:_identify(src/nanosaur_hardware) by extensions ['colcon_meta']
[1.741s] Level 1:colcon.colcon_core.package_identification:_identify(src/nanosaur_hardware) by extension 'colcon_meta'
[1.741s] Level 1:colcon.colcon_core.package_identification:_identify(src/nanosaur_hardware) by extensions ['ros']
[1.741s] Level 1:colcon.colcon_core.package_identification:_identify(src/nanosaur_hardware) by extension 'ros'
[1.744s] DEBUG:colcon.colcon_core.package_identification:Package 'src/nanosaur_hardware' with type 'ros.ament_python' and name 'nanosaur_hardware'
[1.744s] Level 1:colcon.colcon_core.package_identification:_identify(src/rosboard) by extensions ['ignore', 'ignore_ament_install']
[1.745s] Level 1:colcon.colcon_core.package_identification:_identify(src/rosboard) by extension 'ignore'
[1.745s] Level 1:colcon.colcon_core.package_identification:_identify(src/rosboard) by extension 'ignore_ament_install'
[1.745s] Level 1:colcon.colcon_core.package_identification:_identify(src/rosboard) by extensions ['colcon_pkg']
[1.745s] Level 1:colcon.colcon_core.package_identification:_identify(src/rosboard) by extension 'colcon_pkg'
[1.745s] Level 1:colcon.colcon_core.package_identification:_identify(src/rosboard) by extensions ['colcon_meta']
[1.745s] Level 1:colcon.colcon_core.package_identification:_identify(src/rosboard) by extension 'colcon_meta'
[1.746s] Level 1:colcon.colcon_core.package_identification:_identify(src/rosboard) by extensions ['ros']
[1.746s] Level 1:colcon.colcon_core.package_identification:_identify(src/rosboard) by extension 'ros'
[1.757s] DEBUG:colcon.colcon_core.package_identification:Package 'src/rosboard' with type 'ros.ament_python' and name 'rosboard'
[1.758s] Level 1:colcon.colcon_core.package_identification:_identify(src/rover_line_follower) by extensions ['ignore', 'ignore_ament_install']
[1.758s] Level 1:colcon.colcon_core.package_identification:_identify(src/rover_line_follower) by extension 'ignore'
[1.758s] Level 1:colcon.colcon_core.package_identification:_identify(src/rover_line_follower) by extension 'ignore_ament_install'
[1.759s] Level 1:colcon.colcon_core.package_identification:_identify(src/rover_line_follower) by extensions ['colcon_pkg']
[1.759s] Level 1:colcon.colcon_core.package_identification:_identify(src/rover_line_follower) by extension 'colcon_pkg'
[1.759s] Level 1:colcon.colcon_core.package_identification:_identify(src/rover_line_follower) by extensions ['colcon_meta']
[1.759s] Level 1:colcon.colcon_core.package_identification:_identify(src/rover_line_follower) by extension 'colcon_meta'
[1.759s] Level 1:colcon.colcon_core.package_identification:_identify(src/rover_line_follower) by extensions ['ros']
[1.760s] Level 1:colcon.colcon_core.package_identification:_identify(src/rover_line_follower) by extension 'ros'
[1.761s] DEBUG:colcon.colcon_core.package_identification:Package 'src/rover_line_follower' with type 'ros.ament_python' and name 'rover_line_follower'
[1.762s] Level 1:colcon.colcon_core.package_identification:_identify(src/teleop_twist_keyboard) by extensions ['ignore', 'ignore_ament_install']
[1.762s] Level 1:colcon.colcon_core.package_identification:_identify(src/teleop_twist_keyboard) by extension 'ignore'
[1.762s] Level 1:colcon.colcon_core.package_identification:_identify(src/teleop_twist_keyboard) by extension 'ignore_ament_install'
[1.763s] Level 1:colcon.colcon_core.package_identification:_identify(src/teleop_twist_keyboard) by extensions ['colcon_pkg']
[1.763s] Level 1:colcon.colcon_core.package_identification:_identify(src/teleop_twist_keyboard) by extension 'colcon_pkg'
[1.763s] Level 1:colcon.colcon_core.package_identification:_identify(src/teleop_twist_keyboard) by extensions ['colcon_meta']
[1.763s] Level 1:colcon.colcon_core.package_identification:_identify(src/teleop_twist_keyboard) by extension 'colcon_meta'
[1.763s] Level 1:colcon.colcon_core.package_identification:_identify(src/teleop_twist_keyboard) by extensions ['ros']
[1.764s] Level 1:colcon.colcon_core.package_identification:_identify(src/teleop_twist_keyboard) by extension 'ros'
[1.766s] DEBUG:colcon.colcon_core.package_identification:Package 'src/teleop_twist_keyboard' with type 'ros.ament_python' and name 'teleop_twist_keyboard'
[1.766s] Level 1:colcon.colcon_core.package_discovery:discover_packages(recursive) using defaults
[1.766s] Level 1:colcon.colcon_core.package_discovery:discover_packages(ignore) discover
[1.766s] Level 1:colcon.colcon_core.package_discovery:discover_packages(ignore) using defaults
[1.766s] Level 1:colcon.colcon_core.package_discovery:discover_packages(path) discover
[1.767s] Level 1:colcon.colcon_core.package_discovery:discover_packages(path) using defaults
[1.880s] Level 5:colcon.colcon_core.verb:set package 'image_pub' build argument 'cmake_args' from command line to 'None'
[1.880s] Level 5:colcon.colcon_core.verb:set package 'image_pub' build argument 'cmake_target' from command line to 'None'
[1.880s] Level 5:colcon.colcon_core.verb:set package 'image_pub' build argument 'cmake_target_skip_unavailable' from command line to 'False'
[1.880s] Level 5:colcon.colcon_core.verb:set package 'image_pub' build argument 'cmake_clean_cache' from command line to 'False'
[1.881s] Level 5:colcon.colcon_core.verb:set package 'image_pub' build argument 'cmake_clean_first' from command line to 'False'
[1.881s] Level 5:colcon.colcon_core.verb:set package 'image_pub' build argument 'cmake_force_configure' from command line to 'False'
[1.881s] Level 5:colcon.colcon_core.verb:set package 'image_pub' build argument 'ament_cmake_args' from command line to 'None'
[1.881s] Level 5:colcon.colcon_core.verb:set package 'image_pub' build argument 'catkin_cmake_args' from command line to 'None'
[1.881s] Level 5:colcon.colcon_core.verb:set package 'image_pub' build argument 'catkin_skip_building_tests' from command line to 'False'
[1.881s] DEBUG:colcon.colcon_core.verb:Building package 'image_pub' with the following arguments: {'ament_cmake_args': None, 'build_base': '/ws/build/image_pub', 'catkin_cmake_args': None, 'catkin_skip_building_tests': False, 'cmake_args': None, 'cmake_clean_cache': False, 'cmake_clean_first': False, 'cmake_force_configure': False, 'cmake_target': None, 'cmake_target_skip_unavailable': False, 'install_base': '/ws/install/image_pub', 'merge_install': False, 'path': '/ws/src/image_pub', 'symlink_install': True, 'test_result_base': None}
[1.889s] Level 5:colcon.colcon_core.verb:set package 'nanosaur_control' build argument 'cmake_args' from command line to 'None'
[1.889s] Level 5:colcon.colcon_core.verb:set package 'nanosaur_control' build argument 'cmake_target' from command line to 'None'
[1.889s] Level 5:colcon.colcon_core.verb:set package 'nanosaur_control' build argument 'cmake_target_skip_unavailable' from command line to 'False'
[1.889s] Level 5:colcon.colcon_core.verb:set package 'nanosaur_control' build argument 'cmake_clean_cache' from command line to 'False'
[1.889s] Level 5:colcon.colcon_core.verb:set package 'nanosaur_control' build argument 'cmake_clean_first' from command line to 'False'
[1.889s] Level 5:colcon.colcon_core.verb:set package 'nanosaur_control' build argument 'cmake_force_configure' from command line to 'False'
[1.889s] Level 5:colcon.colcon_core.verb:set package 'nanosaur_control' build argument 'ament_cmake_args' from command line to 'None'
[1.889s] Level 5:colcon.colcon_core.verb:set package 'nanosaur_control' build argument 'catkin_cmake_args' from command line to 'None'
[1.890s] Level 5:colcon.colcon_core.verb:set package 'nanosaur_control' build argument 'catkin_skip_building_tests' from command line to 'False'
[1.890s] DEBUG:colcon.colcon_core.verb:Building package 'nanosaur_control' with the following arguments: {'ament_cmake_args': None, 'build_base': '/ws/build/nanosaur_control', 'catkin_cmake_args': None, 'catkin_skip_building_tests': False, 'cmake_args': None, 'cmake_clean_cache': False, 'cmake_clean_first': False, 'cmake_force_configure': False, 'cmake_target': None, 'cmake_target_skip_unavailable': False, 'install_base': '/ws/install/nanosaur_control', 'merge_install': False, 'path': '/ws/src/nanosaur/nanosaur_control', 'symlink_install': True, 'test_result_base': None}
[1.897s] Level 5:colcon.colcon_core.verb:set package 'nanosaur_hardware' build argument 'cmake_args' from command line to 'None'
[1.897s] Level 5:colcon.colcon_core.verb:set package 'nanosaur_hardware' build argument 'cmake_target' from command line to 'None'
[1.897s] Level 5:colcon.colcon_core.verb:set package 'nanosaur_hardware' build argument 'cmake_target_skip_unavailable' from command line to 'False'
[1.897s] Level 5:colcon.colcon_core.verb:set package 'nanosaur_hardware' build argument 'cmake_clean_cache' from command line to 'False'
[1.897s] Level 5:colcon.colcon_core.verb:set package 'nanosaur_hardware' build argument 'cmake_clean_first' from command line to 'False'
[1.898s] Level 5:colcon.colcon_core.verb:set package 'nanosaur_hardware' build argument 'cmake_force_configure' from command line to 'False'
[1.898s] Level 5:colcon.colcon_core.verb:set package 'nanosaur_hardware' build argument 'ament_cmake_args' from command line to 'None'
[1.898s] Level 5:colcon.colcon_core.verb:set package 'nanosaur_hardware' build argument 'catkin_cmake_args' from command line to 'None'
[1.898s] Level 5:colcon.colcon_core.verb:set package 'nanosaur_hardware' build argument 'catkin_skip_building_tests' from command line to 'False'
[1.898s] DEBUG:colcon.colcon_core.verb:Building package 'nanosaur_hardware' with the following arguments: {'ament_cmake_args': None, 'build_base': '/ws/build/nanosaur_hardware', 'catkin_cmake_args': None, 'catkin_skip_building_tests': False, 'cmake_args': None, 'cmake_clean_cache': False, 'cmake_clean_first': False, 'cmake_force_configure': False, 'cmake_target': None, 'cmake_target_skip_unavailable': False, 'install_base': '/ws/install/nanosaur_hardware', 'merge_install': False, 'path': '/ws/src/nanosaur_hardware', 'symlink_install': True, 'test_result_base': None}
[1.905s] Level 5:colcon.colcon_core.verb:set package 'nanosaur_msgs' build argument 'cmake_args' from command line to 'None'
[1.905s] Level 5:colcon.colcon_core.verb:set package 'nanosaur_msgs' build argument 'cmake_target' from command line to 'None'
[1.906s] Level 5:colcon.colcon_core.verb:set package 'nanosaur_msgs' build argument 'cmake_target_skip_unavailable' from command line to 'False'
[1.906s] Level 5:colcon.colcon_core.verb:set package 'nanosaur_msgs' build argument 'cmake_clean_cache' from command line to 'False'
[1.906s] Level 5:colcon.colcon_core.verb:set package 'nanosaur_msgs' build argument 'cmake_clean_first' from command line to 'False'
[1.906s] Level 5:colcon.colcon_core.verb:set package 'nanosaur_msgs' build argument 'cmake_force_configure' from command line to 'False'
[1.906s] Level 5:colcon.colcon_core.verb:set package 'nanosaur_msgs' build argument 'ament_cmake_args' from command line to 'None'
[1.906s] Level 5:colcon.colcon_core.verb:set package 'nanosaur_msgs' build argument 'catkin_cmake_args' from command line to 'None'
[1.906s] Level 5:colcon.colcon_core.verb:set package 'nanosaur_msgs' build argument 'catkin_skip_building_tests' from command line to 'False'
[1.906s] DEBUG:colcon.colcon_core.verb:Building package 'nanosaur_msgs' with the following arguments: {'ament_cmake_args': None, 'build_base': '/ws/build/nanosaur_msgs', 'catkin_cmake_args': None, 'catkin_skip_building_tests': False, 'cmake_args': None, 'cmake_clean_cache': False, 'cmake_clean_first': False, 'cmake_force_configure': False, 'cmake_target': None, 'cmake_target_skip_unavailable': False, 'install_base': '/ws/install/nanosaur_msgs', 'merge_install': False, 'path': '/ws/src/nanosaur/nanosaur_msgs', 'symlink_install': True, 'test_result_base': None}
[1.914s] Level 5:colcon.colcon_core.verb:set package 'rosboard' build argument 'cmake_args' from command line to 'None'
[1.914s] Level 5:colcon.colcon_core.verb:set package 'rosboard' build argument 'cmake_target' from command line to 'None'
[1.914s] Level 5:colcon.colcon_core.verb:set package 'rosboard' build argument 'cmake_target_skip_unavailable' from command line to 'False'
[1.914s] Level 5:colcon.colcon_core.verb:set package 'rosboard' build argument 'cmake_clean_cache' from command line to 'False'
[1.914s] Level 5:colcon.colcon_core.verb:set package 'rosboard' build argument 'cmake_clean_first' from command line to 'False'
[1.914s] Level 5:colcon.colcon_core.verb:set package 'rosboard' build argument 'cmake_force_configure' from command line to 'False'
[1.914s] Level 5:colcon.colcon_core.verb:set package 'rosboard' build argument 'ament_cmake_args' from command line to 'None'
[1.914s] Level 5:colcon.colcon_core.verb:set package 'rosboard' build argument 'catkin_cmake_args' from command line to 'None'
[1.915s] Level 5:colcon.colcon_core.verb:set package 'rosboard' build argument 'catkin_skip_building_tests' from command line to 'False'
[1.915s] DEBUG:colcon.colcon_core.verb:Building package 'rosboard' with the following arguments: {'ament_cmake_args': None, 'build_base': '/ws/build/rosboard', 'catkin_cmake_args': None, 'catkin_skip_building_tests': False, 'cmake_args': None, 'cmake_clean_cache': False, 'cmake_clean_first': False, 'cmake_force_configure': False, 'cmake_target': None, 'cmake_target_skip_unavailable': False, 'install_base': '/ws/install/rosboard', 'merge_install': False, 'path': '/ws/src/rosboard', 'symlink_install': True, 'test_result_base': None}
[1.922s] Level 5:colcon.colcon_core.verb:set package 'rover_line_follower' build argument 'cmake_args' from command line to 'None'
[1.922s] Level 5:colcon.colcon_core.verb:set package 'rover_line_follower' build argument 'cmake_target' from command line to 'None'
[1.922s] Level 5:colcon.colcon_core.verb:set package 'rover_line_follower' build argument 'cmake_target_skip_unavailable' from command line to 'False'
[1.922s] Level 5:colcon.colcon_core.verb:set package 'rover_line_follower' build argument 'cmake_clean_cache' from command line to 'False'
[1.922s] Level 5:colcon.colcon_core.verb:set package 'rover_line_follower' build argument 'cmake_clean_first' from command line to 'False'
[1.922s] Level 5:colcon.colcon_core.verb:set package 'rover_line_follower' build argument 'cmake_force_configure' from command line to 'False'
[1.923s] Level 5:colcon.colcon_core.verb:set package 'rover_line_follower' build argument 'ament_cmake_args' from command line to 'None'
[1.923s] Level 5:colcon.colcon_core.verb:set package 'rover_line_follower' build argument 'catkin_cmake_args' from command line to 'None'
[1.923s] Level 5:colcon.colcon_core.verb:set package 'rover_line_follower' build argument 'catkin_skip_building_tests' from command line to 'False'
[1.923s] DEBUG:colcon.colcon_core.verb:Building package 'rover_line_follower' with the following arguments: {'ament_cmake_args': None, 'build_base': '/ws/build/rover_line_follower', 'catkin_cmake_args': None, 'catkin_skip_building_tests': False, 'cmake_args': None, 'cmake_clean_cache': False, 'cmake_clean_first': False, 'cmake_force_configure': False, 'cmake_target': None, 'cmake_target_skip_unavailable': False, 'install_base': '/ws/install/rover_line_follower', 'merge_install': False, 'path': '/ws/src/rover_line_follower', 'symlink_install': True, 'test_result_base': None}
[1.930s] Level 5:colcon.colcon_core.verb:set package 'teleop_twist_keyboard' build argument 'cmake_args' from command line to 'None'
[1.930s] Level 5:colcon.colcon_core.verb:set package 'teleop_twist_keyboard' build argument 'cmake_target' from command line to 'None'
[1.930s] Level 5:colcon.colcon_core.verb:set package 'teleop_twist_keyboard' build argument 'cmake_target_skip_unavailable' from command line to 'False'
[1.930s] Level 5:colcon.colcon_core.verb:set package 'teleop_twist_keyboard' build argument 'cmake_clean_cache' from command line to 'False'
[1.931s] Level 5:colcon.colcon_core.verb:set package 'teleop_twist_keyboard' build argument 'cmake_clean_first' from command line to 'False'
[1.931s] Level 5:colcon.colcon_core.verb:set package 'teleop_twist_keyboard' build argument 'cmake_force_configure' from command line to 'False'
[1.931s] Level 5:colcon.colcon_core.verb:set package 'teleop_twist_keyboard' build argument 'ament_cmake_args' from command line to 'None'
[1.931s] Level 5:colcon.colcon_core.verb:set package 'teleop_twist_keyboard' build argument 'catkin_cmake_args' from command line to 'None'
[1.931s] Level 5:colcon.colcon_core.verb:set package 'teleop_twist_keyboard' build argument 'catkin_skip_building_tests' from command line to 'False'
[1.931s] DEBUG:colcon.colcon_core.verb:Building package 'teleop_twist_keyboard' with the following arguments: {'ament_cmake_args': None, 'build_base': '/ws/build/teleop_twist_keyboard', 'catkin_cmake_args': None, 'catkin_skip_building_tests': False, 'cmake_args': None, 'cmake_clean_cache': False, 'cmake_clean_first': False, 'cmake_force_configure': False, 'cmake_target': None, 'cmake_target_skip_unavailable': False, 'install_base': '/ws/install/teleop_twist_keyboard', 'merge_install': False, 'path': '/ws/src/teleop_twist_keyboard', 'symlink_install': True, 'test_result_base': None}
[1.937s] INFO:colcon.colcon_core.executor:Executing jobs using 'parallel' executor
[1.966s] DEBUG:colcon.colcon_parallel_executor.executor.parallel:run_until_complete
[1.967s] INFO:colcon.colcon_ros.task.ament_cmake.build:Building ROS package in '/ws/src/image_pub' with build type 'ament_cmake'
[1.967s] INFO:colcon.colcon_cmake.task.cmake.build:Building CMake package in '/ws/src/image_pub'
[1.996s] INFO:colcon.colcon_core.plugin_system:Skipping extension 'colcon_core.shell.bat': Not used on non-Windows systems
[1.997s] INFO:colcon.colcon_core.shell:Skip shell extension 'powershell' for command environment: Not usable outside of PowerShell
[1.997s] DEBUG:colcon.colcon_core.shell:Skip shell extension 'dsv' for command environment
[2.058s] INFO:colcon.colcon_ros.task.ament_cmake.build:Building ROS package in '/ws/src/nanosaur/nanosaur_control' with build type 'ament_cmake'
[2.059s] INFO:colcon.colcon_cmake.task.cmake.build:Building CMake package in '/ws/src/nanosaur/nanosaur_control'
[2.075s] INFO:colcon.colcon_core.shell:Skip shell extension 'powershell' for command environment: Not usable outside of PowerShell
[2.076s] DEBUG:colcon.colcon_core.shell:Skip shell extension 'dsv' for command environment
[2.131s] INFO:colcon.colcon_ros.task.ament_python.build:Building ROS package in '/ws/src/nanosaur_hardware' with build type 'ament_python'
[2.132s] Level 1:colcon.colcon_core.shell:create_environment_hook('nanosaur_hardware', 'ament_prefix_path')
[2.147s] INFO:colcon.colcon_core.shell:Creating environment hook '/ws/install/nanosaur_hardware/share/nanosaur_hardware/hook/ament_prefix_path.ps1'
[2.150s] INFO:colcon.colcon_core.shell:Creating environment descriptor '/ws/install/nanosaur_hardware/share/nanosaur_hardware/hook/ament_prefix_path.dsv'
[2.152s] INFO:colcon.colcon_core.shell:Creating environment hook '/ws/install/nanosaur_hardware/share/nanosaur_hardware/hook/ament_prefix_path.sh'
[2.168s] INFO:colcon.colcon_core.shell:Skip shell extension 'powershell' for command environment: Not usable outside of PowerShell
[2.168s] DEBUG:colcon.colcon_core.shell:Skip shell extension 'dsv' for command environment
[2.224s] INFO:colcon.colcon_ros.task.ament_cmake.build:Building ROS package in '/ws/src/nanosaur/nanosaur_msgs' with build type 'ament_cmake'
[2.225s] INFO:colcon.colcon_cmake.task.cmake.build:Building CMake package in '/ws/src/nanosaur/nanosaur_msgs'
[2.240s] INFO:colcon.colcon_core.shell:Skip shell extension 'powershell' for command environment: Not usable outside of PowerShell
[2.240s] DEBUG:colcon.colcon_core.shell:Skip shell extension 'dsv' for command environment
[2.314s] DEBUG:colcon.colcon_core.event_handler.log_command:Invoking command in '/ws/build/image_pub': CMAKE_PREFIX_PATH=/ws/install/nanosaur_msgs:/ws/install/nanosaur_control:/ws/install/image_pub:/ws/install/teleop_twist_keyboard:/ws/install/rover_line_follower:/ws/install/rosboard:/ws/install/nanosaur_hardware:/ros_deep_learning/install/ros_deep_learning:/opt/ros/humble/install /usr/local/bin/cmake --build /ws/build/image_pub -- -j4 -l4
[2.337s] DEBUG:colcon.colcon_core.event_handler.log_command:Invoking command in '/ws/build/nanosaur_control': CMAKE_PREFIX_PATH=/ws/install/nanosaur_msgs:/ws/install/nanosaur_control:/ws/install/image_pub:/ws/install/teleop_twist_keyboard:/ws/install/rover_line_follower:/ws/install/rosboard:/ws/install/nanosaur_hardware:/ros_deep_learning/install/ros_deep_learning:/opt/ros/humble/install /usr/local/bin/cmake --build /ws/build/nanosaur_control -- -j4 -l4
[3.438s] INFO:colcon.colcon_core.task.python.build:Building Python package in '/ws/src/nanosaur_hardware'
[3.452s] INFO:colcon.colcon_core.shell:Skip shell extension 'powershell' for command environment: Not usable outside of PowerShell
[3.452s] DEBUG:colcon.colcon_core.shell:Skip shell extension 'dsv' for command environment
[3.531s] DEBUG:colcon.colcon_core.event_handler.log_command:Invoking command in '/ws/build/nanosaur_msgs': CMAKE_PREFIX_PATH=/ws/install/nanosaur_msgs:/ws/install/nanosaur_control:/ws/install/image_pub:/ws/install/teleop_twist_keyboard:/ws/install/rover_line_follower:/ws/install/rosboard:/ws/install/nanosaur_hardware:/ros_deep_learning/install/ros_deep_learning:/opt/ros/humble/install /usr/local/bin/cmake --build /ws/build/nanosaur_msgs -- -j4 -l4
[3.537s] DEBUG:colcon.colcon_core.event_handler.log_command:Invoked command in '/ws/build/image_pub' returned '0': CMAKE_PREFIX_PATH=/ws/install/nanosaur_msgs:/ws/install/nanosaur_control:/ws/install/image_pub:/ws/install/teleop_twist_keyboard:/ws/install/rover_line_follower:/ws/install/rosboard:/ws/install/nanosaur_hardware:/ros_deep_learning/install/ros_deep_learning:/opt/ros/humble/install /usr/local/bin/cmake --build /ws/build/image_pub -- -j4 -l4
[3.560s] DEBUG:colcon.colcon_core.event_handler.log_command:Invoked command in '/ws/build/nanosaur_control' returned '0': CMAKE_PREFIX_PATH=/ws/install/nanosaur_msgs:/ws/install/nanosaur_control:/ws/install/image_pub:/ws/install/teleop_twist_keyboard:/ws/install/rover_line_follower:/ws/install/rosboard:/ws/install/nanosaur_hardware:/ros_deep_learning/install/ros_deep_learning:/opt/ros/humble/install /usr/local/bin/cmake --build /ws/build/nanosaur_control -- -j4 -l4
[4.013s] DEBUG:colcon.colcon_core.event_handler.log_command:Invoking command in '/ws/build/nanosaur_control': CMAKE_PREFIX_PATH=/ws/install/nanosaur_msgs:/ws/install/nanosaur_control:/ws/install/image_pub:/ws/install/teleop_twist_keyboard:/ws/install/rover_line_follower:/ws/install/rosboard:/ws/install/nanosaur_hardware:/ros_deep_learning/install/ros_deep_learning:/opt/ros/humble/install /usr/local/bin/cmake --install /ws/build/nanosaur_control
[4.037s] DEBUG:colcon.colcon_core.event_handler.log_command:Invoking command in '/ws/build/image_pub': CMAKE_PREFIX_PATH=/ws/install/nanosaur_msgs:/ws/install/nanosaur_control:/ws/install/image_pub:/ws/install/teleop_twist_keyboard:/ws/install/rover_line_follower:/ws/install/rosboard:/ws/install/nanosaur_hardware:/ros_deep_learning/install/ros_deep_learning:/opt/ros/humble/install /usr/local/bin/cmake --install /ws/build/image_pub
[4.281s] Level 1:colcon.colcon_core.environment:create_environment_scripts_only(nanosaur_control)
[4.290s] DEBUG:colcon.colcon_core.event_handler.log_command:Invoked command in '/ws/build/nanosaur_control' returned '0': CMAKE_PREFIX_PATH=/ws/install/nanosaur_msgs:/ws/install/nanosaur_control:/ws/install/image_pub:/ws/install/teleop_twist_keyboard:/ws/install/rover_line_follower:/ws/install/rosboard:/ws/install/nanosaur_hardware:/ros_deep_learning/install/ros_deep_learning:/opt/ros/humble/install /usr/local/bin/cmake --install /ws/build/nanosaur_control
[4.333s] Level 1:colcon.colcon_core.environment:checking '/ws/install/nanosaur_control' for CMake module files
[4.335s] Level 1:colcon.colcon_core.environment:checking '/ws/install/nanosaur_control' for CMake config files
[4.337s] Level 1:colcon.colcon_core.shell:create_environment_hook('nanosaur_control', 'cmake_prefix_path')
[4.356s] INFO:colcon.colcon_core.shell:Creating environment hook '/ws/install/nanosaur_control/share/nanosaur_control/hook/cmake_prefix_path.ps1'
[4.359s] INFO:colcon.colcon_core.shell:Creating environment descriptor '/ws/install/nanosaur_control/share/nanosaur_control/hook/cmake_prefix_path.dsv'
[4.361s] INFO:colcon.colcon_core.shell:Creating environment hook '/ws/install/nanosaur_control/share/nanosaur_control/hook/cmake_prefix_path.sh'
[4.364s] Level 1:colcon.colcon_core.environment:checking '/ws/install/nanosaur_control/bin'
[4.364s] Level 1:colcon.colcon_core.environment:checking '/ws/install/nanosaur_control/lib/pkgconfig/nanosaur_control.pc'
[4.365s] Level 1:colcon.colcon_core.environment:checking '/ws/install/nanosaur_control/lib/python3.8/site-packages'
[4.367s] Level 1:colcon.colcon_core.environment:checking '/ws/install/nanosaur_control/bin'
[4.383s] INFO:colcon.colcon_core.shell:Creating package script '/ws/install/nanosaur_control/share/nanosaur_control/package.ps1'
[4.386s] INFO:colcon.colcon_core.shell:Creating package descriptor '/ws/install/nanosaur_control/share/nanosaur_control/package.dsv'
[4.389s] INFO:colcon.colcon_core.shell:Creating package script '/ws/install/nanosaur_control/share/nanosaur_control/package.sh'
[4.393s] INFO:colcon.colcon_core.shell:Creating package script '/ws/install/nanosaur_control/share/nanosaur_control/package.bash'
[4.396s] INFO:colcon.colcon_core.shell:Creating package script '/ws/install/nanosaur_control/share/nanosaur_control/package.zsh'
[4.399s] Level 1:colcon.colcon_core.environment:create_file_with_runtime_dependencies(/ws/install/nanosaur_control/share/colcon-core/packages/nanosaur_control)
[4.437s] Level 1:colcon.colcon_core.environment:create_environment_scripts_only(image_pub)
[4.438s] DEBUG:colcon.colcon_core.event_handler.log_command:Invoked command in '/ws/build/image_pub' returned '0': CMAKE_PREFIX_PATH=/ws/install/nanosaur_msgs:/ws/install/nanosaur_control:/ws/install/image_pub:/ws/install/teleop_twist_keyboard:/ws/install/rover_line_follower:/ws/install/rosboard:/ws/install/nanosaur_hardware:/ros_deep_learning/install/ros_deep_learning:/opt/ros/humble/install /usr/local/bin/cmake --install /ws/build/image_pub
[4.467s] Level 1:colcon.colcon_core.environment:checking '/ws/install/image_pub' for CMake module files
[4.474s] Level 1:colcon.colcon_core.environment:checking '/ws/install/image_pub' for CMake config files
[4.475s] Level 1:colcon.colcon_core.shell:create_environment_hook('image_pub', 'cmake_prefix_path')
[4.491s] INFO:colcon.colcon_core.shell:Creating environment hook '/ws/install/image_pub/share/image_pub/hook/cmake_prefix_path.ps1'
[4.495s] INFO:colcon.colcon_core.shell:Creating environment descriptor '/ws/install/image_pub/share/image_pub/hook/cmake_prefix_path.dsv'
[4.497s] INFO:colcon.colcon_core.shell:Creating environment hook '/ws/install/image_pub/share/image_pub/hook/cmake_prefix_path.sh'
[4.500s] Level 1:colcon.colcon_core.environment:checking '/ws/install/image_pub/lib'
[4.502s] Level 1:colcon.colcon_core.environment:checking '/ws/install/image_pub/bin'
[4.503s] Level 1:colcon.colcon_core.environment:checking '/ws/install/image_pub/lib/pkgconfig/image_pub.pc'
[4.504s] Level 1:colcon.colcon_core.environment:checking '/ws/install/image_pub/lib/python3.8/site-packages'
[4.504s] Level 1:colcon.colcon_core.environment:checking '/ws/install/image_pub/bin'
[4.521s] INFO:colcon.colcon_core.shell:Creating package script '/ws/install/image_pub/share/image_pub/package.ps1'
[4.524s] INFO:colcon.colcon_core.shell:Creating package descriptor '/ws/install/image_pub/share/image_pub/package.dsv'
[4.526s] INFO:colcon.colcon_core.shell:Creating package script '/ws/install/image_pub/share/image_pub/package.sh'
[4.527s] INFO:colcon.colcon_core.shell:Creating package script '/ws/install/image_pub/share/image_pub/package.bash'
[4.529s] INFO:colcon.colcon_core.shell:Creating package script '/ws/install/image_pub/share/image_pub/package.zsh'
[4.531s] Level 1:colcon.colcon_core.environment:create_file_with_runtime_dependencies(/ws/install/image_pub/share/colcon-core/packages/image_pub)
[4.692s] Level 1:colcon.colcon_core.environment:create_environment_scripts_only(nanosaur_control)
[4.727s] Level 1:colcon.colcon_core.environment:checking '/ws/install/nanosaur_control' for CMake module files
[4.730s] Level 1:colcon.colcon_core.environment:checking '/ws/install/nanosaur_control' for CMake config files
[4.731s] Level 1:colcon.colcon_core.shell:create_environment_hook('nanosaur_control', 'cmake_prefix_path')
[4.748s] INFO:colcon.colcon_core.shell:Creating environment hook '/ws/install/nanosaur_control/share/nanosaur_control/hook/cmake_prefix_path.ps1'
[4.752s] INFO:colcon.colcon_core.shell:Creating environment descriptor '/ws/install/nanosaur_control/share/nanosaur_control/hook/cmake_prefix_path.dsv'
[4.754s] INFO:colcon.colcon_core.shell:Creating environment hook '/ws/install/nanosaur_control/share/nanosaur_control/hook/cmake_prefix_path.sh'
[4.756s] Level 1:colcon.colcon_core.environment:checking '/ws/install/nanosaur_control/bin'
[4.756s] Level 1:colcon.colcon_core.environment:checking '/ws/install/nanosaur_control/lib/pkgconfig/nanosaur_control.pc'
[4.757s] Level 1:colcon.colcon_core.environment:checking '/ws/install/nanosaur_control/lib/python3.8/site-packages'
[4.758s] Level 1:colcon.colcon_core.environment:checking '/ws/install/nanosaur_control/bin'
[4.775s] INFO:colcon.colcon_core.shell:Creating package script '/ws/install/nanosaur_control/share/nanosaur_control/package.ps1'
[4.777s] INFO:colcon.colcon_core.shell:Creating package descriptor '/ws/install/nanosaur_control/share/nanosaur_control/package.dsv'
[4.779s] INFO:colcon.colcon_core.shell:Creating package script '/ws/install/nanosaur_control/share/nanosaur_control/package.sh'
[4.781s] INFO:colcon.colcon_core.shell:Creating package script '/ws/install/nanosaur_control/share/nanosaur_control/package.bash'
[4.783s] INFO:colcon.colcon_core.shell:Creating package script '/ws/install/nanosaur_control/share/nanosaur_control/package.zsh'
[4.785s] Level 1:colcon.colcon_core.environment:create_file_with_runtime_dependencies(/ws/install/nanosaur_control/share/colcon-core/packages/nanosaur_control)
[4.789s] INFO:colcon.colcon_ros.task.ament_python.build:Building ROS package in '/ws/src/rosboard' with build type 'ament_python'
[4.791s] Level 1:colcon.colcon_core.shell:create_environment_hook('rosboard', 'ament_prefix_path')
[4.807s] INFO:colcon.colcon_core.shell:Creating environment hook '/ws/install/rosboard/share/rosboard/hook/ament_prefix_path.ps1'
[4.815s] INFO:colcon.colcon_core.shell:Creating environment descriptor '/ws/install/rosboard/share/rosboard/hook/ament_prefix_path.dsv'
[4.817s] INFO:colcon.colcon_core.shell:Creating environment hook '/ws/install/rosboard/share/rosboard/hook/ament_prefix_path.sh'
[4.835s] INFO:colcon.colcon_core.shell:Skip shell extension 'powershell' for command environment: Not usable outside of PowerShell
[4.835s] DEBUG:colcon.colcon_core.shell:Skip shell extension 'dsv' for command environment
[4.919s] Level 1:colcon.colcon_core.environment:create_environment_scripts_only(image_pub)
[4.944s] Level 1:colcon.colcon_core.environment:checking '/ws/install/image_pub' for CMake module files
[4.946s] Level 1:colcon.colcon_core.environment:checking '/ws/install/image_pub' for CMake config files
[4.948s] Level 1:colcon.colcon_core.shell:create_environment_hook('image_pub', 'cmake_prefix_path')
[4.962s] INFO:colcon.colcon_core.shell:Creating environment hook '/ws/install/image_pub/share/image_pub/hook/cmake_prefix_path.ps1'
[4.964s] INFO:colcon.colcon_core.shell:Creating environment descriptor '/ws/install/image_pub/share/image_pub/hook/cmake_prefix_path.dsv'
[4.966s] INFO:colcon.colcon_core.shell:Creating environment hook '/ws/install/image_pub/share/image_pub/hook/cmake_prefix_path.sh'
[4.968s] Level 1:colcon.colcon_core.environment:checking '/ws/install/image_pub/lib'
[4.969s] Level 1:colcon.colcon_core.environment:checking '/ws/install/image_pub/bin'
[4.969s] Level 1:colcon.colcon_core.environment:checking '/ws/install/image_pub/lib/pkgconfig/image_pub.pc'
[4.970s] Level 1:colcon.colcon_core.environment:checking '/ws/install/image_pub/lib/python3.8/site-packages'
[4.971s] Level 1:colcon.colcon_core.environment:checking '/ws/install/image_pub/bin'
[4.986s] INFO:colcon.colcon_core.shell:Creating package script '/ws/install/image_pub/share/image_pub/package.ps1'
[4.988s] INFO:colcon.colcon_core.shell:Creating package descriptor '/ws/install/image_pub/share/image_pub/package.dsv'
[4.990s] INFO:colcon.colcon_core.shell:Creating package script '/ws/install/image_pub/share/image_pub/package.sh'
[4.992s] INFO:colcon.colcon_core.shell:Creating package script '/ws/install/image_pub/share/image_pub/package.bash'
[4.993s] INFO:colcon.colcon_core.shell:Creating package script '/ws/install/image_pub/share/image_pub/package.zsh'
[4.995s] Level 1:colcon.colcon_core.environment:create_file_with_runtime_dependencies(/ws/install/image_pub/share/colcon-core/packages/image_pub)
[4.998s] INFO:colcon.colcon_ros.task.ament_python.build:Building ROS package in '/ws/src/rover_line_follower' with build type 'ament_python'
[4.999s] Level 1:colcon.colcon_core.shell:create_environment_hook('rover_line_follower', 'ament_prefix_path')
[5.014s] INFO:colcon.colcon_core.shell:Creating environment hook '/ws/install/rover_line_follower/share/rover_line_follower/hook/ament_prefix_path.ps1'
[5.016s] INFO:colcon.colcon_core.shell:Creating environment descriptor '/ws/install/rover_line_follower/share/rover_line_follower/hook/ament_prefix_path.dsv'
[5.018s] INFO:colcon.colcon_core.shell:Creating environment hook '/ws/install/rover_line_follower/share/rover_line_follower/hook/ament_prefix_path.sh'
[5.035s] INFO:colcon.colcon_core.shell:Skip shell extension 'powershell' for command environment: Not usable outside of PowerShell
[5.036s] DEBUG:colcon.colcon_core.shell:Skip shell extension 'dsv' for command environment
[6.237s] WARNING:colcon.colcon_ros.task.ament_python.build:Package 'rosboard' doesn't explicitly install a marker in the package index (colcon-ros currently does it implicitly but that fallback will be removed in the future)
[6.238s] INFO:colcon.colcon_core.task.python.build:Building Python package in '/ws/src/rosboard'
[6.252s] INFO:colcon.colcon_core.shell:Skip shell extension 'powershell' for command environment: Not usable outside of PowerShell
[6.252s] DEBUG:colcon.colcon_core.shell:Skip shell extension 'dsv' for command environment
[6.316s] DEBUG:colcon.colcon_core.event_handler.log_command:Invoked command in '/ws/build/nanosaur_msgs' returned '0': CMAKE_PREFIX_PATH=/ws/install/nanosaur_msgs:/ws/install/nanosaur_control:/ws/install/image_pub:/ws/install/teleop_twist_keyboard:/ws/install/rover_line_follower:/ws/install/rosboard:/ws/install/nanosaur_hardware:/ros_deep_learning/install/ros_deep_learning:/opt/ros/humble/install /usr/local/bin/cmake --build /ws/build/nanosaur_msgs -- -j4 -l4
[7.403s] INFO:colcon.colcon_core.task.python.build:Building Python package in '/ws/src/rover_line_follower'
[7.417s] INFO:colcon.colcon_core.shell:Skip shell extension 'powershell' for command environment: Not usable outside of PowerShell
[7.418s] DEBUG:colcon.colcon_core.shell:Skip shell extension 'dsv' for command environment
[7.486s] DEBUG:colcon.colcon_core.event_handler.log_command:Invoking command in '/ws/build/nanosaur_hardware': PYTHONPATH=/ws/build/nanosaur_hardware/prefix_override:/ws/install/nanosaur_hardware/lib/python3.8/site-packages:${PYTHONPATH} /usr/bin/python3 setup.py develop --editable --build-directory /ws/build/nanosaur_hardware/build --no-deps install_data
[7.514s] DEBUG:colcon.colcon_core.event_handler.log_command:Invoking command in '/ws/build/nanosaur_msgs': CMAKE_PREFIX_PATH=/ws/install/nanosaur_msgs:/ws/install/nanosaur_control:/ws/install/image_pub:/ws/install/teleop_twist_keyboard:/ws/install/rover_line_follower:/ws/install/rosboard:/ws/install/nanosaur_hardware:/ros_deep_learning/install/ros_deep_learning:/opt/ros/humble/install /usr/local/bin/cmake --install /ws/build/nanosaur_msgs
[8.014s] Level 1:colcon.colcon_core.environment:create_environment_scripts_only(nanosaur_msgs)
[8.023s] DEBUG:colcon.colcon_core.event_handler.log_command:Invoked command in '/ws/build/nanosaur_msgs' returned '0': CMAKE_PREFIX_PATH=/ws/install/nanosaur_msgs:/ws/install/nanosaur_control:/ws/install/image_pub:/ws/install/teleop_twist_keyboard:/ws/install/rover_line_follower:/ws/install/rosboard:/ws/install/nanosaur_hardware:/ros_deep_learning/install/ros_deep_learning:/opt/ros/humble/install /usr/local/bin/cmake --install /ws/build/nanosaur_msgs
[8.038s] Level 1:colcon.colcon_core.environment:checking '/ws/install/nanosaur_msgs' for CMake module files
[8.046s] Level 1:colcon.colcon_core.environment:checking '/ws/install/nanosaur_msgs' for CMake config files
[8.051s] Level 1:colcon.colcon_core.shell:create_environment_hook('nanosaur_msgs', 'cmake_prefix_path')
[8.065s] INFO:colcon.colcon_core.shell:Creating environment hook '/ws/install/nanosaur_msgs/share/nanosaur_msgs/hook/cmake_prefix_path.ps1'
[8.067s] INFO:colcon.colcon_core.shell:Creating environment descriptor '/ws/install/nanosaur_msgs/share/nanosaur_msgs/hook/cmake_prefix_path.dsv'
[8.068s] INFO:colcon.colcon_core.shell:Creating environment hook '/ws/install/nanosaur_msgs/share/nanosaur_msgs/hook/cmake_prefix_path.sh'
[8.071s] Level 1:colcon.colcon_core.environment:checking '/ws/install/nanosaur_msgs/lib'
[8.071s] Level 1:colcon.colcon_core.shell:create_environment_hook('nanosaur_msgs', 'ld_library_path_lib')
[8.085s] INFO:colcon.colcon_core.shell:Creating environment hook '/ws/install/nanosaur_msgs/share/nanosaur_msgs/hook/ld_library_path_lib.ps1'
[8.087s] INFO:colcon.colcon_core.shell:Creating environment descriptor '/ws/install/nanosaur_msgs/share/nanosaur_msgs/hook/ld_library_path_lib.dsv'
[8.088s] INFO:colcon.colcon_core.shell:Creating environment hook '/ws/install/nanosaur_msgs/share/nanosaur_msgs/hook/ld_library_path_lib.sh'
[8.090s] Level 1:colcon.colcon_core.environment:checking '/ws/install/nanosaur_msgs/bin'
[8.090s] Level 1:colcon.colcon_core.environment:checking '/ws/install/nanosaur_msgs/lib/pkgconfig/nanosaur_msgs.pc'
[8.091s] Level 1:colcon.colcon_core.environment:checking '/ws/install/nanosaur_msgs/lib/python3.8/site-packages'
[8.091s] Level 1:colcon.colcon_core.shell:create_environment_hook('nanosaur_msgs', 'pythonpath')
[8.106s] INFO:colcon.colcon_core.shell:Creating environment hook '/ws/install/nanosaur_msgs/share/nanosaur_msgs/hook/pythonpath.ps1'
[8.107s] INFO:colcon.colcon_core.shell:Creating environment descriptor '/ws/install/nanosaur_msgs/share/nanosaur_msgs/hook/pythonpath.dsv'
[8.109s] INFO:colcon.colcon_core.shell:Creating environment hook '/ws/install/nanosaur_msgs/share/nanosaur_msgs/hook/pythonpath.sh'
[8.112s] Level 1:colcon.colcon_core.environment:checking '/ws/install/nanosaur_msgs/bin'
[8.127s] INFO:colcon.colcon_core.shell:Creating package script '/ws/install/nanosaur_msgs/share/nanosaur_msgs/package.ps1'
[8.129s] INFO:colcon.colcon_core.shell:Creating package descriptor '/ws/install/nanosaur_msgs/share/nanosaur_msgs/package.dsv'
[8.131s] INFO:colcon.colcon_core.shell:Creating package script '/ws/install/nanosaur_msgs/share/nanosaur_msgs/package.sh'
[8.133s] INFO:colcon.colcon_core.shell:Creating package script '/ws/install/nanosaur_msgs/share/nanosaur_msgs/package.bash'
[8.135s] INFO:colcon.colcon_core.shell:Creating package script '/ws/install/nanosaur_msgs/share/nanosaur_msgs/package.zsh'
[8.136s] Level 1:colcon.colcon_core.environment:create_file_with_runtime_dependencies(/ws/install/nanosaur_msgs/share/colcon-core/packages/nanosaur_msgs)
[8.614s] Level 1:colcon.colcon_core.environment:create_environment_scripts_only(nanosaur_msgs)
[8.636s] Level 1:colcon.colcon_core.environment:checking '/ws/install/nanosaur_msgs' for CMake module files
[8.640s] Level 1:colcon.colcon_core.environment:checking '/ws/install/nanosaur_msgs' for CMake config files
[8.645s] Level 1:colcon.colcon_core.shell:create_environment_hook('nanosaur_msgs', 'cmake_prefix_path')
[8.663s] INFO:colcon.colcon_core.shell:Creating environment hook '/ws/install/nanosaur_msgs/share/nanosaur_msgs/hook/cmake_prefix_path.ps1'
[8.666s] INFO:colcon.colcon_core.shell:Creating environment descriptor '/ws/install/nanosaur_msgs/share/nanosaur_msgs/hook/cmake_prefix_path.dsv'
[8.667s] INFO:colcon.colcon_core.shell:Creating environment hook '/ws/install/nanosaur_msgs/share/nanosaur_msgs/hook/cmake_prefix_path.sh'
[8.669s] Level 1:colcon.colcon_core.environment:checking '/ws/install/nanosaur_msgs/lib'
[8.670s] Level 1:colcon.colcon_core.shell:create_environment_hook('nanosaur_msgs', 'ld_library_path_lib')
[8.688s] INFO:colcon.colcon_core.shell:Creating environment hook '/ws/install/nanosaur_msgs/share/nanosaur_msgs/hook/ld_library_path_lib.ps1'
[8.689s] INFO:colcon.colcon_core.shell:Creating environment descriptor '/ws/install/nanosaur_msgs/share/nanosaur_msgs/hook/ld_library_path_lib.dsv'
[8.691s] INFO:colcon.colcon_core.shell:Creating environment hook '/ws/install/nanosaur_msgs/share/nanosaur_msgs/hook/ld_library_path_lib.sh'
[8.693s] Level 1:colcon.colcon_core.environment:checking '/ws/install/nanosaur_msgs/bin'
[8.693s] Level 1:colcon.colcon_core.environment:checking '/ws/install/nanosaur_msgs/lib/pkgconfig/nanosaur_msgs.pc'
[8.694s] Level 1:colcon.colcon_core.environment:checking '/ws/install/nanosaur_msgs/lib/python3.8/site-packages'
[8.694s] Level 1:colcon.colcon_core.shell:create_environment_hook('nanosaur_msgs', 'pythonpath')
[8.710s] INFO:colcon.colcon_core.shell:Creating environment hook '/ws/install/nanosaur_msgs/share/nanosaur_msgs/hook/pythonpath.ps1'
[8.713s] INFO:colcon.colcon_core.shell:Creating environment descriptor '/ws/install/nanosaur_msgs/share/nanosaur_msgs/hook/pythonpath.dsv'
[8.714s] INFO:colcon.colcon_core.shell:Creating environment hook '/ws/install/nanosaur_msgs/share/nanosaur_msgs/hook/pythonpath.sh'
[8.716s] Level 1:colcon.colcon_core.environment:checking '/ws/install/nanosaur_msgs/bin'
[8.732s] INFO:colcon.colcon_core.shell:Creating package script '/ws/install/nanosaur_msgs/share/nanosaur_msgs/package.ps1'
[8.735s] INFO:colcon.colcon_core.shell:Creating package descriptor '/ws/install/nanosaur_msgs/share/nanosaur_msgs/package.dsv'
[8.737s] INFO:colcon.colcon_core.shell:Creating package script '/ws/install/nanosaur_msgs/share/nanosaur_msgs/package.sh'
[8.739s] INFO:colcon.colcon_core.shell:Creating package script '/ws/install/nanosaur_msgs/share/nanosaur_msgs/package.bash'
[8.741s] INFO:colcon.colcon_core.shell:Creating package script '/ws/install/nanosaur_msgs/share/nanosaur_msgs/package.zsh'
[8.743s] Level 1:colcon.colcon_core.environment:create_file_with_runtime_dependencies(/ws/install/nanosaur_msgs/share/colcon-core/packages/nanosaur_msgs)
[8.748s] INFO:colcon.colcon_ros.task.ament_python.build:Building ROS package in '/ws/src/teleop_twist_keyboard' with build type 'ament_python'
[8.750s] Level 1:colcon.colcon_core.shell:create_environment_hook('teleop_twist_keyboard', 'ament_prefix_path')
[8.767s] INFO:colcon.colcon_core.shell:Creating environment hook '/ws/install/teleop_twist_keyboard/share/teleop_twist_keyboard/hook/ament_prefix_path.ps1'
[8.768s] INFO:colcon.colcon_core.shell:Creating environment descriptor '/ws/install/teleop_twist_keyboard/share/teleop_twist_keyboard/hook/ament_prefix_path.dsv'
[8.770s] INFO:colcon.colcon_core.shell:Creating environment hook '/ws/install/teleop_twist_keyboard/share/teleop_twist_keyboard/hook/ament_prefix_path.sh'
[8.787s] INFO:colcon.colcon_core.shell:Skip shell extension 'powershell' for command environment: Not usable outside of PowerShell
[8.787s] DEBUG:colcon.colcon_core.shell:Skip shell extension 'dsv' for command environment
[10.099s] INFO:colcon.colcon_core.task.python.build:Building Python package in '/ws/src/teleop_twist_keyboard'
[10.113s] INFO:colcon.colcon_core.shell:Skip shell extension 'powershell' for command environment: Not usable outside of PowerShell
[10.113s] DEBUG:colcon.colcon_core.shell:Skip shell extension 'dsv' for command environment
[10.176s] Level 1:colcon.colcon_core.shell:create_environment_hook('nanosaur_hardware', 'pythonpath_develop')
[10.191s] INFO:colcon.colcon_core.shell:Creating environment hook '/ws/build/nanosaur_hardware/share/nanosaur_hardware/hook/pythonpath_develop.ps1'
[10.192s] DEBUG:colcon.colcon_core.event_handler.log_command:Invoked command in '/ws/build/nanosaur_hardware' returned '0': PYTHONPATH=/ws/build/nanosaur_hardware/prefix_override:/ws/install/nanosaur_hardware/lib/python3.8/site-packages:${PYTHONPATH} /usr/bin/python3 setup.py develop --editable --build-directory /ws/build/nanosaur_hardware/build --no-deps install_data
[10.194s] INFO:colcon.colcon_core.shell:Creating environment descriptor '/ws/build/nanosaur_hardware/share/nanosaur_hardware/hook/pythonpath_develop.dsv'
[10.195s] INFO:colcon.colcon_core.shell:Creating environment hook '/ws/build/nanosaur_hardware/share/nanosaur_hardware/hook/pythonpath_develop.sh'
[10.216s] Level 1:colcon.colcon_core.environment:checking '/ws/install/nanosaur_hardware' for CMake module files
[10.218s] Level 1:colcon.colcon_core.environment:checking '/ws/install/nanosaur_hardware' for CMake config files
[10.220s] Level 1:colcon.colcon_core.environment:checking '/ws/install/nanosaur_hardware/lib'
[10.220s] Level 1:colcon.colcon_core.environment:checking '/ws/install/nanosaur_hardware/bin'
[10.221s] Level 1:colcon.colcon_core.environment:checking '/ws/install/nanosaur_hardware/lib/pkgconfig/nanosaur_hardware.pc'
[10.222s] Level 1:colcon.colcon_core.environment:checking '/ws/install/nanosaur_hardware/lib/python3.8/site-packages'
[10.222s] Level 1:colcon.colcon_core.shell:create_environment_hook('nanosaur_hardware', 'pythonpath')
[10.235s] INFO:colcon.colcon_core.shell:Creating environment hook '/ws/install/nanosaur_hardware/share/nanosaur_hardware/hook/pythonpath.ps1'
[10.236s] INFO:colcon.colcon_core.shell:Creating environment descriptor '/ws/install/nanosaur_hardware/share/nanosaur_hardware/hook/pythonpath.dsv'
[10.237s] INFO:colcon.colcon_core.shell:Creating environment hook '/ws/install/nanosaur_hardware/share/nanosaur_hardware/hook/pythonpath.sh'
[10.239s] Level 1:colcon.colcon_core.environment:checking '/ws/install/nanosaur_hardware/bin'
[10.239s] Level 1:colcon.colcon_core.environment:create_environment_scripts_only(nanosaur_hardware)
[10.253s] INFO:colcon.colcon_core.shell:Creating package script '/ws/install/nanosaur_hardware/share/nanosaur_hardware/package.ps1'
[10.255s] INFO:colcon.colcon_core.shell:Creating package descriptor '/ws/install/nanosaur_hardware/share/nanosaur_hardware/package.dsv'
[10.257s] INFO:colcon.colcon_core.shell:Creating package script '/ws/install/nanosaur_hardware/share/nanosaur_hardware/package.sh'
[10.258s] INFO:colcon.colcon_core.shell:Creating package script '/ws/install/nanosaur_hardware/share/nanosaur_hardware/package.bash'
[10.260s] INFO:colcon.colcon_core.shell:Creating package script '/ws/install/nanosaur_hardware/share/nanosaur_hardware/package.zsh'
[10.261s] Level 1:colcon.colcon_core.environment:create_file_with_runtime_dependencies(/ws/install/nanosaur_hardware/share/colcon-core/packages/nanosaur_hardware)
[10.273s] DEBUG:colcon.colcon_core.event_handler.log_command:Invoking command in '/ws/build/rosboard': PYTHONPATH=/ws/build/rosboard/prefix_override:/ws/install/rosboard/lib/python3.8/site-packages:${PYTHONPATH} /usr/bin/python3 setup.py develop --editable --build-directory /ws/build/rosboard/build --no-deps install_data
[10.284s] DEBUG:colcon.colcon_core.event_handler.log_command:Invoking command in '/ws/build/rover_line_follower': PYTHONPATH=/ws/build/rover_line_follower/prefix_override:/ws/install/rover_line_follower/lib/python3.8/site-packages:${PYTHONPATH} /usr/bin/python3 setup.py develop --editable --build-directory /ws/build/rover_line_follower/build --no-deps install_data
[12.232s] DEBUG:colcon.colcon_core.event_handler.log_command:Invoking command in '/ws/build/teleop_twist_keyboard': PYTHONPATH=/ws/build/teleop_twist_keyboard/prefix_override:/ws/install/teleop_twist_keyboard/lib/python3.8/site-packages:${PYTHONPATH} /usr/bin/python3 setup.py develop --editable --build-directory /ws/build/teleop_twist_keyboard/build --no-deps install_data
[12.615s] Level 1:colcon.colcon_core.shell:create_environment_hook('rover_line_follower', 'pythonpath_develop')
[12.622s] DEBUG:colcon.colcon_core.event_handler.log_command:Invoked command in '/ws/build/rover_line_follower' returned '0': PYTHONPATH=/ws/build/rover_line_follower/prefix_override:/ws/install/rover_line_follower/lib/python3.8/site-packages:${PYTHONPATH} /usr/bin/python3 setup.py develop --editable --build-directory /ws/build/rover_line_follower/build --no-deps install_data
[12.634s] INFO:colcon.colcon_core.shell:Creating environment hook '/ws/build/rover_line_follower/share/rover_line_follower/hook/pythonpath_develop.ps1'
[12.637s] INFO:colcon.colcon_core.shell:Creating environment descriptor '/ws/build/rover_line_follower/share/rover_line_follower/hook/pythonpath_develop.dsv'
[12.639s] INFO:colcon.colcon_core.shell:Creating environment hook '/ws/build/rover_line_follower/share/rover_line_follower/hook/pythonpath_develop.sh'
[12.662s] Level 1:colcon.colcon_core.environment:checking '/ws/install/rover_line_follower' for CMake module files
[12.664s] Level 1:colcon.colcon_core.environment:checking '/ws/install/rover_line_follower' for CMake config files
[12.666s] Level 1:colcon.colcon_core.environment:checking '/ws/install/rover_line_follower/lib'
[12.666s] Level 1:colcon.colcon_core.environment:checking '/ws/install/rover_line_follower/bin'
[12.667s] Level 1:colcon.colcon_core.environment:checking '/ws/install/rover_line_follower/lib/pkgconfig/rover_line_follower.pc'
[12.667s] Level 1:colcon.colcon_core.environment:checking '/ws/install/rover_line_follower/lib/python3.8/site-packages'
[12.668s] Level 1:colcon.colcon_core.shell:create_environment_hook('rover_line_follower', 'pythonpath')
[12.683s] INFO:colcon.colcon_core.shell:Creating environment hook '/ws/install/rover_line_follower/share/rover_line_follower/hook/pythonpath.ps1'
[12.684s] INFO:colcon.colcon_core.shell:Creating environment descriptor '/ws/install/rover_line_follower/share/rover_line_follower/hook/pythonpath.dsv'
[12.686s] INFO:colcon.colcon_core.shell:Creating environment hook '/ws/install/rover_line_follower/share/rover_line_follower/hook/pythonpath.sh'
[12.688s] Level 1:colcon.colcon_core.environment:checking '/ws/install/rover_line_follower/bin'
[12.688s] Level 1:colcon.colcon_core.environment:create_environment_scripts_only(rover_line_follower)
[12.703s] INFO:colcon.colcon_core.shell:Creating package script '/ws/install/rover_line_follower/share/rover_line_follower/package.ps1'
[12.706s] INFO:colcon.colcon_core.shell:Creating package descriptor '/ws/install/rover_line_follower/share/rover_line_follower/package.dsv'
[12.708s] INFO:colcon.colcon_core.shell:Creating package script '/ws/install/rover_line_follower/share/rover_line_follower/package.sh'
[12.710s] INFO:colcon.colcon_core.shell:Creating package script '/ws/install/rover_line_follower/share/rover_line_follower/package.bash'
[12.711s] INFO:colcon.colcon_core.shell:Creating package script '/ws/install/rover_line_follower/share/rover_line_follower/package.zsh'
[12.712s] Level 1:colcon.colcon_core.environment:create_file_with_runtime_dependencies(/ws/install/rover_line_follower/share/colcon-core/packages/rover_line_follower)
[12.715s] Level 1:colcon.colcon_core.shell:create_environment_hook('rosboard', 'pythonpath_develop')
[12.730s] INFO:colcon.colcon_core.shell:Creating environment hook '/ws/build/rosboard/share/rosboard/hook/pythonpath_develop.ps1'
[12.733s] INFO:colcon.colcon_core.shell:Creating environment descriptor '/ws/build/rosboard/share/rosboard/hook/pythonpath_develop.dsv'
[12.733s] DEBUG:colcon.colcon_core.event_handler.log_command:Invoked command in '/ws/build/rosboard' returned '0': PYTHONPATH=/ws/build/rosboard/prefix_override:/ws/install/rosboard/lib/python3.8/site-packages:${PYTHONPATH} /usr/bin/python3 setup.py develop --editable --build-directory /ws/build/rosboard/build --no-deps install_data
[12.734s] INFO:colcon.colcon_core.shell:Creating environment hook '/ws/build/rosboard/share/rosboard/hook/pythonpath_develop.sh'
[12.756s] Level 1:colcon.colcon_core.environment:checking '/ws/install/rosboard' for CMake module files
[12.758s] Level 1:colcon.colcon_core.environment:checking '/ws/install/rosboard' for CMake config files
[12.760s] Level 1:colcon.colcon_core.environment:checking '/ws/install/rosboard/lib'
[12.760s] Level 1:colcon.colcon_core.environment:checking '/ws/install/rosboard/bin'
[12.761s] Level 1:colcon.colcon_core.environment:checking '/ws/install/rosboard/lib/pkgconfig/rosboard.pc'
[12.761s] Level 1:colcon.colcon_core.environment:checking '/ws/install/rosboard/lib/python3.8/site-packages'
[12.762s] Level 1:colcon.colcon_core.shell:create_environment_hook('rosboard', 'pythonpath')
[12.775s] INFO:colcon.colcon_core.shell:Creating environment hook '/ws/install/rosboard/share/rosboard/hook/pythonpath.ps1'
[12.776s] INFO:colcon.colcon_core.shell:Creating environment descriptor '/ws/install/rosboard/share/rosboard/hook/pythonpath.dsv'
[12.778s] INFO:colcon.colcon_core.shell:Creating environment hook '/ws/install/rosboard/share/rosboard/hook/pythonpath.sh'
[12.779s] Level 1:colcon.colcon_core.environment:checking '/ws/install/rosboard/bin'
[12.780s] Level 1:colcon.colcon_core.environment:create_environment_scripts_only(rosboard)
[12.794s] INFO:colcon.colcon_core.shell:Creating package script '/ws/install/rosboard/share/rosboard/package.ps1'
[12.796s] INFO:colcon.colcon_core.shell:Creating package descriptor '/ws/install/rosboard/share/rosboard/package.dsv'
[12.798s] INFO:colcon.colcon_core.shell:Creating package script '/ws/install/rosboard/share/rosboard/package.sh'
[12.800s] INFO:colcon.colcon_core.shell:Creating package script '/ws/install/rosboard/share/rosboard/package.bash'
[12.801s] INFO:colcon.colcon_core.shell:Creating package script '/ws/install/rosboard/share/rosboard/package.zsh'
[12.802s] Level 1:colcon.colcon_core.environment:create_file_with_runtime_dependencies(/ws/install/rosboard/share/colcon-core/packages/rosboard)
[14.386s] Level 1:colcon.colcon_core.shell:create_environment_hook('teleop_twist_keyboard', 'pythonpath_develop')
[14.393s] DEBUG:colcon.colcon_core.event_handler.log_command:Invoked command in '/ws/build/teleop_twist_keyboard' returned '0': PYTHONPATH=/ws/build/teleop_twist_keyboard/prefix_override:/ws/install/teleop_twist_keyboard/lib/python3.8/site-packages:${PYTHONPATH} /usr/bin/python3 setup.py develop --editable --build-directory /ws/build/teleop_twist_keyboard/build --no-deps install_data
[14.401s] INFO:colcon.colcon_core.shell:Creating environment hook '/ws/build/teleop_twist_keyboard/share/teleop_twist_keyboard/hook/pythonpath_develop.ps1'
[14.403s] INFO:colcon.colcon_core.shell:Creating environment descriptor '/ws/build/teleop_twist_keyboard/share/teleop_twist_keyboard/hook/pythonpath_develop.dsv'
[14.404s] INFO:colcon.colcon_core.shell:Creating environment hook '/ws/build/teleop_twist_keyboard/share/teleop_twist_keyboard/hook/pythonpath_develop.sh'
[14.424s] Level 1:colcon.colcon_core.environment:checking '/ws/install/teleop_twist_keyboard' for CMake module files
[14.426s] Level 1:colcon.colcon_core.environment:checking '/ws/install/teleop_twist_keyboard' for CMake config files
[14.427s] Level 1:colcon.colcon_core.environment:checking '/ws/install/teleop_twist_keyboard/lib'
[14.428s] Level 1:colcon.colcon_core.environment:checking '/ws/install/teleop_twist_keyboard/bin'
[14.428s] Level 1:colcon.colcon_core.environment:checking '/ws/install/teleop_twist_keyboard/lib/pkgconfig/teleop_twist_keyboard.pc'
[14.429s] Level 1:colcon.colcon_core.environment:checking '/ws/install/teleop_twist_keyboard/lib/python3.8/site-packages'
[14.429s] Level 1:colcon.colcon_core.shell:create_environment_hook('teleop_twist_keyboard', 'pythonpath')
[14.442s] INFO:colcon.colcon_core.shell:Creating environment hook '/ws/install/teleop_twist_keyboard/share/teleop_twist_keyboard/hook/pythonpath.ps1'
[14.443s] INFO:colcon.colcon_core.shell:Creating environment descriptor '/ws/install/teleop_twist_keyboard/share/teleop_twist_keyboard/hook/pythonpath.dsv'
[14.444s] INFO:colcon.colcon_core.shell:Creating environment hook '/ws/install/teleop_twist_keyboard/share/teleop_twist_keyboard/hook/pythonpath.sh'
[14.446s] Level 1:colcon.colcon_core.environment:checking '/ws/install/teleop_twist_keyboard/bin'
[14.446s] Level 1:colcon.colcon_core.environment:create_environment_scripts_only(teleop_twist_keyboard)
[14.461s] INFO:colcon.colcon_core.shell:Creating package script '/ws/install/teleop_twist_keyboard/share/teleop_twist_keyboard/package.ps1'
[14.463s] INFO:colcon.colcon_core.shell:Creating package descriptor '/ws/install/teleop_twist_keyboard/share/teleop_twist_keyboard/package.dsv'
[14.465s] INFO:colcon.colcon_core.shell:Creating package script '/ws/install/teleop_twist_keyboard/share/teleop_twist_keyboard/package.sh'
[14.467s] INFO:colcon.colcon_core.shell:Creating package script '/ws/install/teleop_twist_keyboard/share/teleop_twist_keyboard/package.bash'
[14.468s] INFO:colcon.colcon_core.shell:Creating package script '/ws/install/teleop_twist_keyboard/share/teleop_twist_keyboard/package.zsh'
[14.469s] Level 1:colcon.colcon_core.environment:create_file_with_runtime_dependencies(/ws/install/teleop_twist_keyboard/share/colcon-core/packages/teleop_twist_keyboard)
[14.470s] DEBUG:colcon.colcon_parallel_executor.executor.parallel:closing loop
[14.471s] DEBUG:colcon.colcon_parallel_executor.executor.parallel:loop closed
[14.471s] DEBUG:colcon.colcon_parallel_executor.executor.parallel:run_until_complete finished with '0'
[14.472s] DEBUG:colcon.colcon_core.event_reactor:joining thread
[14.498s] INFO:colcon.colcon_core.plugin_system:Skipping extension 'colcon_notification.desktop_notification.notify_send': Could not find 'notify-send'
[14.498s] INFO:colcon.colcon_core.plugin_system:Skipping extension 'colcon_notification.desktop_notification.terminal_notifier': Not used on non-Darwin systems
[14.498s] INFO:colcon.colcon_core.plugin_system:Skipping extension 'colcon_notification.desktop_notification.win32': Not used on non-Windows systems
[14.499s] INFO:colcon.colcon_notification.desktop_notification:Sending desktop notification using 'notify2'
[14.499s] DEBUG:colcon.colcon_notification.desktop_notification.notify2:Failed to initialize notify2: org.freedesktop.DBus.Error.NotSupported: Unable to autolaunch a dbus-daemon without a $DISPLAY for X11
[14.499s] DEBUG:colcon.colcon_core.event_reactor:joined thread
[14.512s] INFO:colcon.colcon_core.shell:Creating prefix script '/ws/install/local_setup.ps1'
[14.516s] INFO:colcon.colcon_core.shell:Creating prefix util module '/ws/install/_local_setup_util_ps1.py'
[14.521s] INFO:colcon.colcon_core.shell:Creating prefix chain script '/ws/install/setup.ps1'
[14.530s] INFO:colcon.colcon_core.shell:Creating prefix script '/ws/install/local_setup.sh'
[14.532s] INFO:colcon.colcon_core.shell:Creating prefix util module '/ws/install/_local_setup_util_sh.py'
[14.533s] INFO:colcon.colcon_core.shell:Creating prefix chain script '/ws/install/setup.sh'
[14.542s] INFO:colcon.colcon_core.shell:Creating prefix script '/ws/install/local_setup.bash'
[14.543s] INFO:colcon.colcon_core.shell:Creating prefix chain script '/ws/install/setup.bash'
[14.551s] INFO:colcon.colcon_core.shell:Creating prefix script '/ws/install/local_setup.zsh'
[14.554s] INFO:colcon.colcon_core.shell:Creating prefix chain script '/ws/install/setup.zsh'
