[0.339s] Invoking command in '/ws/build/image_pub': CMAKE_PREFIX_PATH=/ws/install/nanosaur_msgs:/ws/install/nanosaur_control:/ws/install/image_pub:/ws/install/teleop_twist_keyboard:/ws/install/rover_line_follower:/ws/install/rosboard:/ws/install/nanosaur_hardware:/ros_deep_learning/install/ros_deep_learning:/opt/ros/humble/install /usr/local/bin/cmake --build /ws/build/image_pub -- -j4 -l4
[1.540s] [ 33%] Built target mono_image_pub
[1.544s] [ 66%] Built target camera_calibration_pub
[1.545s] [100%] Built target stereo_image_pub
[1.562s] Invoked command in '/ws/build/image_pub' returned '0': CMAKE_PREFIX_PATH=/ws/install/nanosaur_msgs:/ws/install/nanosaur_control:/ws/install/image_pub:/ws/install/teleop_twist_keyboard:/ws/install/rover_line_follower:/ws/install/rosboard:/ws/install/nanosaur_hardware:/ros_deep_learning/install/ros_deep_learning:/opt/ros/humble/install /usr/local/bin/cmake --build /ws/build/image_pub -- -j4 -l4
[2.061s] Invoking command in '/ws/build/image_pub': CMAKE_PREFIX_PATH=/ws/install/nanosaur_msgs:/ws/install/nanosaur_control:/ws/install/image_pub:/ws/install/teleop_twist_keyboard:/ws/install/rover_line_follower:/ws/install/rosboard:/ws/install/nanosaur_hardware:/ros_deep_learning/install/ros_deep_learning:/opt/ros/humble/install /usr/local/bin/cmake --install /ws/build/image_pub
[2.229s] -- Install configuration: ""
[2.230s] -- Execute custom install script
[2.232s] -- Up-to-date symlink: /ws/install/image_pub/lib/image_pub/mono_image_pub
[2.232s] -- Up-to-date symlink: /ws/install/image_pub/lib/image_pub/stereo_image_pub
[2.233s] -- Up-to-date symlink: /ws/install/image_pub/lib/image_pub/camera_calibration_pub
[2.242s] -- Up-to-date symlink: /ws/install/image_pub/share/image_pub//launch/raw_image_pub.launch.py
[2.244s] -- Up-to-date symlink: /ws/install/image_pub/share/image_pub//launch/stereo_rect_image_pub.launch.py
[2.246s] -- Up-to-date symlink: /ws/install/image_pub/share/image_pub//config/cal_results/extrinsics.yml
[2.249s] -- Up-to-date symlink: /ws/install/image_pub/share/image_pub//config/cal_results/intrinsics.yml
[2.252s] -- Up-to-date symlink: /ws/install/image_pub/share/image_pub//config/imx21983_raw_image_pub.yaml
[2.257s] -- Up-to-date symlink: /ws/install/image_pub/share/image_pub//config/imx21983_stereo_rect_image_pub.yaml
[2.261s] -- Up-to-date symlink: /ws/install/image_pub/share/ament_index/resource_index/package_run_dependencies/image_pub
[2.271s] -- Up-to-date symlink: /ws/install/image_pub/share/ament_index/resource_index/parent_prefix_path/image_pub
[2.273s] -- Up-to-date symlink: /ws/install/image_pub/share/image_pub/environment/ament_prefix_path.sh
[2.275s] -- Up-to-date symlink: /ws/install/image_pub/share/image_pub/environment/ament_prefix_path.dsv
[2.277s] -- Up-to-date symlink: /ws/install/image_pub/share/image_pub/environment/path.sh
[2.279s] -- Up-to-date symlink: /ws/install/image_pub/share/image_pub/environment/path.dsv
[2.292s] -- Up-to-date symlink: /ws/install/image_pub/share/image_pub/local_setup.bash
[2.293s] -- Up-to-date symlink: /ws/install/image_pub/share/image_pub/local_setup.sh
[2.293s] -- Up-to-date symlink: /ws/install/image_pub/share/image_pub/local_setup.zsh
[2.294s] -- Up-to-date symlink: /ws/install/image_pub/share/image_pub/local_setup.dsv
[2.302s] -- Symlinking: /ws/install/image_pub/share/image_pub/package.dsv
[2.325s] -- Up-to-date symlink: /ws/install/image_pub/share/ament_index/resource_index/packages/image_pub
[2.326s] -- Up-to-date symlink: /ws/install/image_pub/share/image_pub/cmake/image_pubConfig.cmake
[2.326s] -- Up-to-date symlink: /ws/install/image_pub/share/image_pub/cmake/image_pubConfig-version.cmake
[2.327s] -- Up-to-date symlink: /ws/install/image_pub/share/image_pub/package.xml
[2.462s] Invoked command in '/ws/build/image_pub' returned '0': CMAKE_PREFIX_PATH=/ws/install/nanosaur_msgs:/ws/install/nanosaur_control:/ws/install/image_pub:/ws/install/teleop_twist_keyboard:/ws/install/rover_line_follower:/ws/install/rosboard:/ws/install/nanosaur_hardware:/ros_deep_learning/install/ros_deep_learning:/opt/ros/humble/install /usr/local/bin/cmake --install /ws/build/image_pub
