-- The C compiler identification is GNU 9.4.0
-- The CXX compiler identification is GNU 9.4.0
-- Detecting C compiler ABI info
-- Detecting C compiler ABI info - done
-- Check for working C compiler: /usr/bin/cc - skipped
-- Detecting C compile features
-- Detecting C compile features - done
-- Detecting CXX compiler ABI info
-- Detecting CXX compiler ABI info - done
-- Check for working CXX compiler: /usr/bin/c++ - skipped
-- Detecting CXX compile features
-- Detecting CXX compile features - done
-- Found ament_cmake: 1.3.4 (/opt/ros/humble/install/share/ament_cmake/cmake)
-- Found Python3: /usr/bin/python3.8 (found version "3.8.10") found components: Interpreter 
-- Override CMake install command with custom implementation using symlinks instead of copying resources
-- Performing Test CMAKE_HAVE_LIBC_PTHREAD
-- Performing Test CMAKE_HAVE_LIBC_PTHREAD - Failed
-- Looking for pthread_create in pthreads
-- Looking for pthread_create in pthreads - not found
-- Looking for pthread_create in pthread
-- Looking for pthread_create in pthread - found
-- Found Threads: TRUE  
-- Found CUDA: /usr/local/cuda (found suitable exact version "11.4") 
-- Found OpenCV: /usr (found version "4.5.0") 
-- Found rclcpp: 16.0.4 (/opt/ros/humble/install/share/rclcpp/cmake)
-- Found rosidl_generator_c: 3.1.4 (/opt/ros/humble/install/share/rosidl_generator_c/cmake)
-- Found rosidl_adapter: 3.1.4 (/opt/ros/humble/install/share/rosidl_adapter/cmake)
-- Found rosidl_generator_cpp: 3.1.4 (/opt/ros/humble/install/share/rosidl_generator_cpp/cmake)
-- Using all available rosidl_typesupport_c: rosidl_typesupport_fastrtps_c;rosidl_typesupport_introspection_c
-- Using all available rosidl_typesupport_cpp: rosidl_typesupport_fastrtps_cpp;rosidl_typesupport_introspection_cpp
-- Found rmw_implementation_cmake: 6.1.1 (/opt/ros/humble/install/share/rmw_implementation_cmake/cmake)
-- Found rmw_cyclonedds_cpp: 1.3.4 (/opt/ros/humble/install/share/rmw_cyclonedds_cpp/cmake)
-- Using RMW implementation 'rmw_cyclonedds_cpp' as default
-- Found sensor_msgs: 4.2.3 (/opt/ros/humble/install/share/sensor_msgs/cmake)
-- Configuring done (12.6s)
-- Generating done (0.1s)
-- Build files have been written to: /ws/build/image_pub
[ 16%] [32mBuilding CXX object CMakeFiles/mono_image_pub.dir/src/mono_image_pub.cpp.o[0m
[ 33%] [32mBuilding CXX object CMakeFiles/stereo_image_pub.dir/src/stereo_image_pub.cpp.o[0m
[ 50%] [32mBuilding CXX object CMakeFiles/camera_calibration_pub.dir/src/camera_calibration_pub.cpp.o[0m
[ 66%] [32m[1mLinking CXX executable camera_calibration_pub[0m
[ 66%] Built target camera_calibration_pub
[ 83%] [32m[1mLinking CXX executable mono_image_pub[0m
[ 83%] Built target mono_image_pub
[100%] [32m[1mLinking CXX executable stereo_image_pub[0m
[100%] Built target stereo_image_pub
-- Install configuration: ""
-- Execute custom install script
-- Symlinking: /ws/install/image_pub/lib/image_pub/mono_image_pub
-- Symlinking: /ws/install/image_pub/lib/image_pub/stereo_image_pub
-- Symlinking: /ws/install/image_pub/lib/image_pub/camera_calibration_pub
-- Symlinking: /ws/install/image_pub/share/image_pub//launch/raw_image_pub.launch.py
-- Symlinking: /ws/install/image_pub/share/image_pub//launch/stereo_rect_image_pub.launch.py
-- Symlinking: /ws/install/image_pub/share/image_pub//config/cal_results/extrinsics.yml
-- Symlinking: /ws/install/image_pub/share/image_pub//config/cal_results/intrinsics.yml
-- Symlinking: /ws/install/image_pub/share/image_pub//config/imx21983_raw_image_pub.yaml
-- Symlinking: /ws/install/image_pub/share/image_pub//config/imx21983_stereo_rect_image_pub.yaml
-- Symlinking: /ws/install/image_pub/share/ament_index/resource_index/package_run_dependencies/image_pub
-- Symlinking: /ws/install/image_pub/share/ament_index/resource_index/parent_prefix_path/image_pub
-- Symlinking: /ws/install/image_pub/share/image_pub/environment/ament_prefix_path.sh
-- Symlinking: /ws/install/image_pub/share/image_pub/environment/ament_prefix_path.dsv
-- Symlinking: /ws/install/image_pub/share/image_pub/environment/path.sh
-- Symlinking: /ws/install/image_pub/share/image_pub/environment/path.dsv
-- Symlinking: /ws/install/image_pub/share/image_pub/local_setup.bash
-- Symlinking: /ws/install/image_pub/share/image_pub/local_setup.sh
-- Symlinking: /ws/install/image_pub/share/image_pub/local_setup.zsh
-- Symlinking: /ws/install/image_pub/share/image_pub/local_setup.dsv
-- Symlinking: /ws/install/image_pub/share/image_pub/package.dsv
-- Symlinking: /ws/install/image_pub/share/ament_index/resource_index/packages/image_pub
-- Symlinking: /ws/install/image_pub/share/image_pub/cmake/image_pubConfig.cmake
-- Symlinking: /ws/install/image_pub/share/image_pub/cmake/image_pubConfig-version.cmake
-- Symlinking: /ws/install/image_pub/share/image_pub/package.xml
