[0.327s] Invoking command in '/ws/build/image_pub': CMAKE_PREFIX_PATH=/ws/install/nanosaur_msgs:/ws/install/nanosaur_control:/ws/install/image_pub:/ws/install/teleop_twist_keyboard:/ws/install/rover_line_follower:/ws/install/rosboard:/ws/install/nanosaur_hardware:/ros_deep_learning/install/ros_deep_learning:/opt/ros/humble/install /usr/local/bin/cmake /ws/src/image_pub -DAMENT_CMAKE_SYMLINK_INSTALL=1 -DCMAKE_INSTALL_PREFIX=/ws/install/image_pub
[1.543s] -- The C compiler identification is GNU 9.4.0
[1.545s] -- The CXX compiler identification is GNU 9.4.0
[1.595s] -- Detecting C compiler ABI info
[1.844s] -- Detecting C compiler ABI info - done
[1.896s] -- Check for working C compiler: /usr/bin/cc - skipped
[1.901s] -- Detecting C compile features
[1.904s] -- Detecting C compile features - done
[1.924s] -- Detecting CXX compiler ABI info
[2.192s] -- Detecting CXX compiler ABI info - done
[2.245s] -- Check for working CXX compiler: /usr/bin/c++ - skipped
[2.246s] -- Detecting CXX compile features
[2.249s] -- Detecting CXX compile features - done
[2.283s] -- Found ament_cmake: 1.3.4 (/opt/ros/humble/install/share/ament_cmake/cmake)
[7.630s] -- Found Python3: /usr/bin/python3.8 (found version "3.8.10") found components: Interpreter 
[7.960s] -- Override CMake install command with custom implementation using symlinks instead of copying resources
[8.279s] -- Performing Test CMAKE_HAVE_LIBC_PTHREAD
[8.572s] -- Performing Test CMAKE_HAVE_LIBC_PTHREAD - Failed
[8.573s] -- Looking for pthread_create in pthreads
[8.794s] -- Looking for pthread_create in pthreads - not found
[8.796s] -- Looking for pthread_create in pthread
[9.029s] -- Looking for pthread_create in pthread - found
[9.035s] -- Found Threads: TRUE  
[9.137s] -- Found CUDA: /usr/local/cuda (found suitable exact version "11.4") 
[9.208s] -- Found OpenCV: /usr (found version "4.5.0") 
[9.225s] -- Found rclcpp: 16.0.4 (/opt/ros/humble/install/share/rclcpp/cmake)
[9.497s] -- Found rosidl_generator_c: 3.1.4 (/opt/ros/humble/install/share/rosidl_generator_c/cmake)
[9.534s] -- Found rosidl_adapter: 3.1.4 (/opt/ros/humble/install/share/rosidl_adapter/cmake)
[9.607s] -- Found rosidl_generator_cpp: 3.1.4 (/opt/ros/humble/install/share/rosidl_generator_cpp/cmake)
[9.699s] -- Using all available rosidl_typesupport_c: rosidl_typesupport_fastrtps_c;rosidl_typesupport_introspection_c
[9.844s] -- Using all available rosidl_typesupport_cpp: rosidl_typesupport_fastrtps_cpp;rosidl_typesupport_introspection_cpp
[10.377s] -- Found rmw_implementation_cmake: 6.1.1 (/opt/ros/humble/install/share/rmw_implementation_cmake/cmake)
[10.399s] -- Found rmw_cyclonedds_cpp: 1.3.4 (/opt/ros/humble/install/share/rmw_cyclonedds_cpp/cmake)
[10.667s] -- Using RMW implementation 'rmw_cyclonedds_cpp' as default
[11.839s] -- Found sensor_msgs: 4.2.3 (/opt/ros/humble/install/share/sensor_msgs/cmake)
[13.025s] -- Configuring done (12.6s)
[13.170s] -- Generating done (0.1s)
[13.180s] -- Build files have been written to: /ws/build/image_pub
[13.255s] Invoked command in '/ws/build/image_pub' returned '0': CMAKE_PREFIX_PATH=/ws/install/nanosaur_msgs:/ws/install/nanosaur_control:/ws/install/image_pub:/ws/install/teleop_twist_keyboard:/ws/install/rover_line_follower:/ws/install/rosboard:/ws/install/nanosaur_hardware:/ros_deep_learning/install/ros_deep_learning:/opt/ros/humble/install /usr/local/bin/cmake /ws/src/image_pub -DAMENT_CMAKE_SYMLINK_INSTALL=1 -DCMAKE_INSTALL_PREFIX=/ws/install/image_pub
[13.258s] Invoking command in '/ws/build/image_pub': CMAKE_PREFIX_PATH=/ws/install/nanosaur_msgs:/ws/install/nanosaur_control:/ws/install/image_pub:/ws/install/teleop_twist_keyboard:/ws/install/rover_line_follower:/ws/install/rosboard:/ws/install/nanosaur_hardware:/ros_deep_learning/install/ros_deep_learning:/opt/ros/humble/install /usr/local/bin/cmake --build /ws/build/image_pub -- -j4 -l4
[13.562s] [ 16%] [32mBuilding CXX object CMakeFiles/mono_image_pub.dir/src/mono_image_pub.cpp.o[0m
[13.584s] [ 33%] [32mBuilding CXX object CMakeFiles/stereo_image_pub.dir/src/stereo_image_pub.cpp.o[0m
[13.587s] [ 50%] [32mBuilding CXX object CMakeFiles/camera_calibration_pub.dir/src/camera_calibration_pub.cpp.o[0m
[64.377s] [ 66%] [32m[1mLinking CXX executable camera_calibration_pub[0m
[65.730s] [ 66%] Built target camera_calibration_pub
[73.596s] [ 83%] [32m[1mLinking CXX executable mono_image_pub[0m
[76.433s] [ 83%] Built target mono_image_pub
[83.397s] [100%] [32m[1mLinking CXX executable stereo_image_pub[0m
[85.113s] [100%] Built target stereo_image_pub
[85.173s] Invoked command in '/ws/build/image_pub' returned '0': CMAKE_PREFIX_PATH=/ws/install/nanosaur_msgs:/ws/install/nanosaur_control:/ws/install/image_pub:/ws/install/teleop_twist_keyboard:/ws/install/rover_line_follower:/ws/install/rosboard:/ws/install/nanosaur_hardware:/ros_deep_learning/install/ros_deep_learning:/opt/ros/humble/install /usr/local/bin/cmake --build /ws/build/image_pub -- -j4 -l4
[85.403s] Invoking command in '/ws/build/image_pub': CMAKE_PREFIX_PATH=/ws/install/nanosaur_msgs:/ws/install/nanosaur_control:/ws/install/image_pub:/ws/install/teleop_twist_keyboard:/ws/install/rover_line_follower:/ws/install/rosboard:/ws/install/nanosaur_hardware:/ros_deep_learning/install/ros_deep_learning:/opt/ros/humble/install /usr/local/bin/cmake --install /ws/build/image_pub
[85.540s] -- Install configuration: ""
[85.543s] -- Execute custom install script
[85.544s] -- Symlinking: /ws/install/image_pub/lib/image_pub/mono_image_pub
[85.553s] -- Symlinking: /ws/install/image_pub/lib/image_pub/stereo_image_pub
[85.562s] -- Symlinking: /ws/install/image_pub/lib/image_pub/camera_calibration_pub
[85.572s] -- Symlinking: /ws/install/image_pub/share/image_pub//launch/raw_image_pub.launch.py
[85.581s] -- Symlinking: /ws/install/image_pub/share/image_pub//launch/stereo_rect_image_pub.launch.py
[85.592s] -- Symlinking: /ws/install/image_pub/share/image_pub//config/cal_results/extrinsics.yml
[85.601s] -- Symlinking: /ws/install/image_pub/share/image_pub//config/cal_results/intrinsics.yml
[85.609s] -- Symlinking: /ws/install/image_pub/share/image_pub//config/imx21983_raw_image_pub.yaml
[85.618s] -- Symlinking: /ws/install/image_pub/share/image_pub//config/imx21983_stereo_rect_image_pub.yaml
[85.633s] -- Symlinking: /ws/install/image_pub/share/ament_index/resource_index/package_run_dependencies/image_pub
[85.643s] -- Symlinking: /ws/install/image_pub/share/ament_index/resource_index/parent_prefix_path/image_pub
[85.652s] -- Symlinking: /ws/install/image_pub/share/image_pub/environment/ament_prefix_path.sh
[85.663s] -- Symlinking: /ws/install/image_pub/share/image_pub/environment/ament_prefix_path.dsv
[85.672s] -- Symlinking: /ws/install/image_pub/share/image_pub/environment/path.sh
[85.680s] -- Symlinking: /ws/install/image_pub/share/image_pub/environment/path.dsv
[85.689s] -- Symlinking: /ws/install/image_pub/share/image_pub/local_setup.bash
[85.698s] -- Symlinking: /ws/install/image_pub/share/image_pub/local_setup.sh
[85.707s] -- Symlinking: /ws/install/image_pub/share/image_pub/local_setup.zsh
[85.715s] -- Symlinking: /ws/install/image_pub/share/image_pub/local_setup.dsv
[85.724s] -- Symlinking: /ws/install/image_pub/share/image_pub/package.dsv
[85.734s] -- Symlinking: /ws/install/image_pub/share/ament_index/resource_index/packages/image_pub
[85.744s] -- Symlinking: /ws/install/image_pub/share/image_pub/cmake/image_pubConfig.cmake
[85.753s] -- Symlinking: /ws/install/image_pub/share/image_pub/cmake/image_pubConfig-version.cmake
[85.762s] -- Symlinking: /ws/install/image_pub/share/image_pub/package.xml
[85.800s] Invoked command in '/ws/build/image_pub' returned '0': CMAKE_PREFIX_PATH=/ws/install/nanosaur_msgs:/ws/install/nanosaur_control:/ws/install/image_pub:/ws/install/teleop_twist_keyboard:/ws/install/rover_line_follower:/ws/install/rosboard:/ws/install/nanosaur_hardware:/ros_deep_learning/install/ros_deep_learning:/opt/ros/humble/install /usr/local/bin/cmake --install /ws/build/image_pub
