[1.361s] Invoking command in '/ws/build/nanosaur_msgs': CMAKE_PREFIX_PATH=/ws/install/nanosaur_msgs:/ws/install/nanosaur_control:/ws/install/image_pub:/ws/install/teleop_twist_keyboard:/ws/install/rover_line_follower:/ws/install/rosboard:/ws/install/nanosaur_hardware:/ros_deep_learning/install/ros_deep_learning:/opt/ros/humble/install /usr/local/bin/cmake --build /ws/build/nanosaur_msgs -- -j4 -l4
[1.668s] [  2%] Built target nanosaur_msgs__cpp
[1.689s] [  2%] Built target ament_cmake_python_symlink_nanosaur_msgs
[1.711s] [ 12%] Built target nanosaur_msgs__rosidl_generator_c
[1.795s] [ 23%] Built target nanosaur_msgs__rosidl_typesupport_cpp
[1.808s] [ 33%] Built target nanosaur_msgs__rosidl_typesupport_introspection_cpp
[1.822s] [ 43%] Built target nanosaur_msgs__rosidl_typesupport_fastrtps_cpp
[1.961s] [ 53%] Built target nanosaur_msgs__rosidl_typesupport_c
[1.962s] [ 64%] Built target nanosaur_msgs__rosidl_typesupport_fastrtps_c
[1.981s] [ 74%] Built target nanosaur_msgs__rosidl_typesupport_introspection_c
[2.086s] [ 74%] Built target nanosaur_msgs
[2.170s] [ 76%] Built target nanosaur_msgs__py
[2.270s] [ 84%] Built target nanosaur_msgs__rosidl_generator_py
[2.351s] [ 89%] Built target nanosaur_msgs__rosidl_typesupport_fastrtps_c__pyext
[2.375s] [ 94%] Built target nanosaur_msgs__rosidl_typesupport_introspection_c__pyext
[2.383s] [100%] Built target nanosaur_msgs__rosidl_typesupport_c__pyext
[2.954s] running egg_info
[2.955s] writing nanosaur_msgs.egg-info/PKG-INFO
[2.956s] writing dependency_links to nanosaur_msgs.egg-info/dependency_links.txt
[2.956s] writing top-level names to nanosaur_msgs.egg-info/top_level.txt
[3.105s] reading manifest file 'nanosaur_msgs.egg-info/SOURCES.txt'
[3.109s] writing manifest file 'nanosaur_msgs.egg-info/SOURCES.txt'
[3.205s] [100%] Built target ament_cmake_python_build_nanosaur_msgs_egg
[5.384s] Invoked command in '/ws/build/nanosaur_msgs' returned '0': CMAKE_PREFIX_PATH=/ws/install/nanosaur_msgs:/ws/install/nanosaur_control:/ws/install/image_pub:/ws/install/teleop_twist_keyboard:/ws/install/rover_line_follower:/ws/install/rosboard:/ws/install/nanosaur_hardware:/ros_deep_learning/install/ros_deep_learning:/opt/ros/humble/install /usr/local/bin/cmake --build /ws/build/nanosaur_msgs -- -j4 -l4
[5.861s] Invoking command in '/ws/build/nanosaur_msgs': CMAKE_PREFIX_PATH=/ws/install/nanosaur_msgs:/ws/install/nanosaur_control:/ws/install/image_pub:/ws/install/teleop_twist_keyboard:/ws/install/rover_line_follower:/ws/install/rosboard:/ws/install/nanosaur_hardware:/ros_deep_learning/install/ros_deep_learning:/opt/ros/humble/install /usr/local/bin/cmake --install /ws/build/nanosaur_msgs
[6.028s] -- Install configuration: ""
[6.030s] -- Execute custom install script
[6.032s] -- Up-to-date symlink: /ws/install/nanosaur_msgs/share/ament_index/resource_index/rosidl_interfaces/nanosaur_msgs
[6.036s] -- Up-to-date symlink: /ws/install/nanosaur_msgs/include/nanosaur_msgs/nanosaur_msgs/msg/detail/eyes__functions.h
[6.037s] -- Up-to-date symlink: /ws/install/nanosaur_msgs/include/nanosaur_msgs/nanosaur_msgs/msg/detail/eyes__struct.h
[6.038s] -- Up-to-date symlink: /ws/install/nanosaur_msgs/include/nanosaur_msgs/nanosaur_msgs/msg/detail/eyes__type_support.h
[6.039s] -- Up-to-date symlink: /ws/install/nanosaur_msgs/include/nanosaur_msgs/nanosaur_msgs/msg/eyes.h
[6.040s] -- Up-to-date symlink: /ws/install/nanosaur_msgs/include/nanosaur_msgs/nanosaur_msgs/msg/rosidl_generator_c__visibility_control.h
[6.042s] -- Up-to-date symlink: /ws/install/nanosaur_msgs/include/nanosaur_msgs/nanosaur_msgs/srv/detail/eye_message__functions.h
[6.043s] -- Up-to-date symlink: /ws/install/nanosaur_msgs/include/nanosaur_msgs/nanosaur_msgs/srv/detail/eye_message__struct.h
[6.043s] -- Up-to-date symlink: /ws/install/nanosaur_msgs/include/nanosaur_msgs/nanosaur_msgs/srv/detail/eye_message__type_support.h
[6.044s] -- Up-to-date symlink: /ws/install/nanosaur_msgs/include/nanosaur_msgs/nanosaur_msgs/srv/eye_message.h
[6.046s] -- Up-to-date symlink: /ws/install/nanosaur_msgs/share/nanosaur_msgs/environment/library_path.sh
[6.047s] -- Up-to-date symlink: /ws/install/nanosaur_msgs/share/nanosaur_msgs/environment/library_path.dsv
[6.050s] -- Up-to-date symlink: /ws/install/nanosaur_msgs/include/nanosaur_msgs/nanosaur_msgs/msg/detail/eyes__rosidl_typesupport_fastrtps_c.h
[6.051s] -- Up-to-date symlink: /ws/install/nanosaur_msgs/include/nanosaur_msgs/nanosaur_msgs/msg/rosidl_typesupport_fastrtps_c__visibility_control.h
[6.051s] -- Up-to-date symlink: /ws/install/nanosaur_msgs/include/nanosaur_msgs/nanosaur_msgs/srv/detail/eye_message__rosidl_typesupport_fastrtps_c.h
[6.054s] -- Up-to-date symlink: /ws/install/nanosaur_msgs/include/nanosaur_msgs/nanosaur_msgs/msg/detail/eyes__rosidl_typesupport_introspection_c.h
[6.055s] -- Up-to-date symlink: /ws/install/nanosaur_msgs/include/nanosaur_msgs/nanosaur_msgs/msg/rosidl_typesupport_introspection_c__visibility_control.h
[6.055s] -- Up-to-date symlink: /ws/install/nanosaur_msgs/include/nanosaur_msgs/nanosaur_msgs/srv/detail/eye_message__rosidl_typesupport_introspection_c.h
[6.058s] -- Up-to-date symlink: /ws/install/nanosaur_msgs/include/nanosaur_msgs/nanosaur_msgs/msg/detail/eyes__builder.hpp
[6.059s] -- Up-to-date symlink: /ws/install/nanosaur_msgs/include/nanosaur_msgs/nanosaur_msgs/msg/detail/eyes__struct.hpp
[6.060s] -- Up-to-date symlink: /ws/install/nanosaur_msgs/include/nanosaur_msgs/nanosaur_msgs/msg/detail/eyes__traits.hpp
[6.061s] -- Up-to-date symlink: /ws/install/nanosaur_msgs/include/nanosaur_msgs/nanosaur_msgs/msg/eyes.hpp
[6.062s] -- Up-to-date symlink: /ws/install/nanosaur_msgs/include/nanosaur_msgs/nanosaur_msgs/srv/detail/eye_message__builder.hpp
[6.063s] -- Up-to-date symlink: /ws/install/nanosaur_msgs/include/nanosaur_msgs/nanosaur_msgs/srv/detail/eye_message__struct.hpp
[6.064s] -- Up-to-date symlink: /ws/install/nanosaur_msgs/include/nanosaur_msgs/nanosaur_msgs/srv/detail/eye_message__traits.hpp
[6.065s] -- Up-to-date symlink: /ws/install/nanosaur_msgs/include/nanosaur_msgs/nanosaur_msgs/srv/eye_message.hpp
[6.068s] -- Up-to-date symlink: /ws/install/nanosaur_msgs/include/nanosaur_msgs/nanosaur_msgs/msg/detail/eyes__rosidl_typesupport_fastrtps_cpp.hpp
[6.069s] -- Up-to-date symlink: /ws/install/nanosaur_msgs/include/nanosaur_msgs/nanosaur_msgs/msg/rosidl_typesupport_fastrtps_cpp__visibility_control.h
[6.070s] -- Up-to-date symlink: /ws/install/nanosaur_msgs/include/nanosaur_msgs/nanosaur_msgs/srv/detail/eye_message__rosidl_typesupport_fastrtps_cpp.hpp
[6.072s] -- Up-to-date symlink: /ws/install/nanosaur_msgs/include/nanosaur_msgs/nanosaur_msgs/msg/detail/eyes__rosidl_typesupport_introspection_cpp.hpp
[6.073s] -- Up-to-date symlink: /ws/install/nanosaur_msgs/include/nanosaur_msgs/nanosaur_msgs/srv/detail/eye_message__rosidl_typesupport_introspection_cpp.hpp
[6.074s] -- Up-to-date symlink: /ws/install/nanosaur_msgs/share/nanosaur_msgs/environment/pythonpath.sh
[6.076s] -- Up-to-date symlink: /ws/install/nanosaur_msgs/share/nanosaur_msgs/environment/pythonpath.dsv
[6.077s] -- Up-to-date symlink: /ws/install/nanosaur_msgs/lib/python3.8/site-packages/nanosaur_msgs-2.1.0-py3.8.egg-info/PKG-INFO
[6.078s] -- Up-to-date symlink: /ws/install/nanosaur_msgs/lib/python3.8/site-packages/nanosaur_msgs-2.1.0-py3.8.egg-info/SOURCES.txt
[6.079s] -- Up-to-date symlink: /ws/install/nanosaur_msgs/lib/python3.8/site-packages/nanosaur_msgs-2.1.0-py3.8.egg-info/dependency_links.txt
[6.080s] -- Up-to-date symlink: /ws/install/nanosaur_msgs/lib/python3.8/site-packages/nanosaur_msgs-2.1.0-py3.8.egg-info/top_level.txt
[6.085s] -- Up-to-date symlink: /ws/install/nanosaur_msgs/lib/python3.8/site-packages/nanosaur_msgs/__init__.py
[6.086s] -- Up-to-date symlink: /ws/install/nanosaur_msgs/lib/python3.8/site-packages/nanosaur_msgs/_nanosaur_msgs_s.ep.rosidl_typesupport_c.c
[6.087s] -- Up-to-date symlink: /ws/install/nanosaur_msgs/lib/python3.8/site-packages/nanosaur_msgs/_nanosaur_msgs_s.ep.rosidl_typesupport_fastrtps_c.c
[6.088s] -- Up-to-date symlink: /ws/install/nanosaur_msgs/lib/python3.8/site-packages/nanosaur_msgs/_nanosaur_msgs_s.ep.rosidl_typesupport_introspection_c.c
[6.089s] -- Up-to-date symlink: /ws/install/nanosaur_msgs/lib/python3.8/site-packages/nanosaur_msgs/libnanosaur_msgs__rosidl_generator_py.so
[6.091s] -- Up-to-date symlink: /ws/install/nanosaur_msgs/lib/python3.8/site-packages/nanosaur_msgs/msg/__init__.py
[6.092s] -- Up-to-date symlink: /ws/install/nanosaur_msgs/lib/python3.8/site-packages/nanosaur_msgs/msg/_eyes.py
[6.093s] -- Up-to-date symlink: /ws/install/nanosaur_msgs/lib/python3.8/site-packages/nanosaur_msgs/msg/_eyes_s.c
[6.094s] -- Up-to-date symlink: /ws/install/nanosaur_msgs/lib/python3.8/site-packages/nanosaur_msgs/nanosaur_msgs_s__rosidl_typesupport_c.cpython-38-aarch64-linux-gnu.so
[6.096s] -- Up-to-date symlink: /ws/install/nanosaur_msgs/lib/python3.8/site-packages/nanosaur_msgs/nanosaur_msgs_s__rosidl_typesupport_fastrtps_c.cpython-38-aarch64-linux-gnu.so
[6.097s] -- Up-to-date symlink: /ws/install/nanosaur_msgs/lib/python3.8/site-packages/nanosaur_msgs/nanosaur_msgs_s__rosidl_typesupport_introspection_c.cpython-38-aarch64-linux-gnu.so
[6.098s] -- Up-to-date symlink: /ws/install/nanosaur_msgs/lib/python3.8/site-packages/nanosaur_msgs/srv/__init__.py
[6.099s] -- Up-to-date symlink: /ws/install/nanosaur_msgs/lib/python3.8/site-packages/nanosaur_msgs/srv/_eye_message.py
[6.101s] -- Up-to-date symlink: /ws/install/nanosaur_msgs/lib/python3.8/site-packages/nanosaur_msgs/srv/_eye_message_s.c
[6.102s] -- Up-to-date symlink: /ws/install/nanosaur_msgs/lib/python3.8/site-packages/nanosaur_msgs/nanosaur_msgs_s__rosidl_typesupport_fastrtps_c.cpython-38-aarch64-linux-gnu.so
[6.104s] -- Up-to-date symlink: /ws/install/nanosaur_msgs/lib/python3.8/site-packages/nanosaur_msgs/nanosaur_msgs_s__rosidl_typesupport_introspection_c.cpython-38-aarch64-linux-gnu.so
[6.106s] -- Up-to-date symlink: /ws/install/nanosaur_msgs/lib/python3.8/site-packages/nanosaur_msgs/nanosaur_msgs_s__rosidl_typesupport_c.cpython-38-aarch64-linux-gnu.so
[6.108s] -- Up-to-date symlink: /ws/install/nanosaur_msgs/share/nanosaur_msgs/msg/Eyes.idl
[6.110s] -- Up-to-date symlink: /ws/install/nanosaur_msgs/share/nanosaur_msgs/srv/EyeMessage.idl
[6.112s] -- Up-to-date symlink: /ws/install/nanosaur_msgs/share/nanosaur_msgs/msg/Eyes.msg
[6.113s] -- Up-to-date symlink: /ws/install/nanosaur_msgs/share/nanosaur_msgs/srv/EyeMessage.srv
[6.116s] -- Up-to-date symlink: /ws/install/nanosaur_msgs/share/nanosaur_msgs/srv/EyeMessage_Request.msg
[6.119s] -- Up-to-date symlink: /ws/install/nanosaur_msgs/share/nanosaur_msgs/srv/EyeMessage_Response.msg
[6.121s] -- Up-to-date symlink: /ws/install/nanosaur_msgs/share/ament_index/resource_index/package_run_dependencies/nanosaur_msgs
[6.124s] -- Up-to-date symlink: /ws/install/nanosaur_msgs/share/ament_index/resource_index/parent_prefix_path/nanosaur_msgs
[6.126s] -- Up-to-date symlink: /ws/install/nanosaur_msgs/share/nanosaur_msgs/environment/ament_prefix_path.sh
[6.128s] -- Up-to-date symlink: /ws/install/nanosaur_msgs/share/nanosaur_msgs/environment/ament_prefix_path.dsv
[6.130s] -- Up-to-date symlink: /ws/install/nanosaur_msgs/share/nanosaur_msgs/environment/path.sh
[6.132s] -- Up-to-date symlink: /ws/install/nanosaur_msgs/share/nanosaur_msgs/environment/path.dsv
[6.134s] -- Up-to-date symlink: /ws/install/nanosaur_msgs/share/nanosaur_msgs/local_setup.bash
[6.136s] -- Up-to-date symlink: /ws/install/nanosaur_msgs/share/nanosaur_msgs/local_setup.sh
[6.138s] -- Up-to-date symlink: /ws/install/nanosaur_msgs/share/nanosaur_msgs/local_setup.zsh
[6.140s] -- Up-to-date symlink: /ws/install/nanosaur_msgs/share/nanosaur_msgs/local_setup.dsv
[6.141s] -- Symlinking: /ws/install/nanosaur_msgs/share/nanosaur_msgs/package.dsv
[6.158s] -- Up-to-date symlink: /ws/install/nanosaur_msgs/share/ament_index/resource_index/packages/nanosaur_msgs
[6.161s] -- Up-to-date symlink: /ws/install/nanosaur_msgs/share/nanosaur_msgs/cmake/rosidl_cmake-extras.cmake
[6.163s] -- Up-to-date symlink: /ws/install/nanosaur_msgs/share/nanosaur_msgs/cmake/ament_cmake_export_dependencies-extras.cmake
[6.164s] -- Up-to-date symlink: /ws/install/nanosaur_msgs/share/nanosaur_msgs/cmake/ament_cmake_export_include_directories-extras.cmake
[6.166s] -- Up-to-date symlink: /ws/install/nanosaur_msgs/share/nanosaur_msgs/cmake/ament_cmake_export_libraries-extras.cmake
[6.168s] -- Up-to-date symlink: /ws/install/nanosaur_msgs/share/nanosaur_msgs/cmake/ament_cmake_export_targets-extras.cmake
[6.170s] -- Up-to-date symlink: /ws/install/nanosaur_msgs/share/nanosaur_msgs/cmake/rosidl_cmake_export_typesupport_targets-extras.cmake
[6.172s] -- Up-to-date symlink: /ws/install/nanosaur_msgs/share/nanosaur_msgs/cmake/rosidl_cmake_export_typesupport_libraries-extras.cmake
[6.174s] -- Up-to-date symlink: /ws/install/nanosaur_msgs/share/nanosaur_msgs/cmake/nanosaur_msgsConfig.cmake
[6.176s] -- Up-to-date symlink: /ws/install/nanosaur_msgs/share/nanosaur_msgs/cmake/nanosaur_msgsConfig-version.cmake
[6.178s] -- Up-to-date symlink: /ws/install/nanosaur_msgs/share/nanosaur_msgs/package.xml
[6.181s] -- Up-to-date: /ws/install/nanosaur_msgs/lib/libnanosaur_msgs__rosidl_generator_c.so
[6.184s] -- Up-to-date: /ws/install/nanosaur_msgs/lib/libnanosaur_msgs__rosidl_typesupport_fastrtps_c.so
[6.187s] -- Up-to-date: /ws/install/nanosaur_msgs/lib/libnanosaur_msgs__rosidl_typesupport_introspection_c.so
[6.189s] -- Up-to-date: /ws/install/nanosaur_msgs/lib/libnanosaur_msgs__rosidl_typesupport_c.so
[6.193s] -- Up-to-date: /ws/install/nanosaur_msgs/lib/libnanosaur_msgs__rosidl_typesupport_fastrtps_cpp.so
[6.197s] -- Up-to-date: /ws/install/nanosaur_msgs/lib/libnanosaur_msgs__rosidl_typesupport_introspection_cpp.so
[6.200s] -- Up-to-date: /ws/install/nanosaur_msgs/lib/libnanosaur_msgs__rosidl_typesupport_cpp.so
[6.376s] Listing '/ws/install/nanosaur_msgs/lib/python3.8/site-packages/nanosaur_msgs'...
[6.377s] Listing '/ws/install/nanosaur_msgs/lib/python3.8/site-packages/nanosaur_msgs/msg'...
[6.378s] Listing '/ws/install/nanosaur_msgs/lib/python3.8/site-packages/nanosaur_msgs/srv'...
[6.404s] -- Up-to-date: /ws/install/nanosaur_msgs/lib/libnanosaur_msgs__rosidl_generator_py.so
[6.408s] -- Up-to-date: /ws/install/nanosaur_msgs/share/nanosaur_msgs/cmake/export_nanosaur_msgs__rosidl_generator_cExport.cmake
[6.409s] -- Up-to-date: /ws/install/nanosaur_msgs/share/nanosaur_msgs/cmake/export_nanosaur_msgs__rosidl_generator_cExport-noconfig.cmake
[6.411s] -- Up-to-date: /ws/install/nanosaur_msgs/share/nanosaur_msgs/cmake/export_nanosaur_msgs__rosidl_typesupport_fastrtps_cExport.cmake
[6.412s] -- Up-to-date: /ws/install/nanosaur_msgs/share/nanosaur_msgs/cmake/export_nanosaur_msgs__rosidl_typesupport_fastrtps_cExport-noconfig.cmake
[6.415s] -- Up-to-date: /ws/install/nanosaur_msgs/share/nanosaur_msgs/cmake/nanosaur_msgs__rosidl_typesupport_introspection_cExport.cmake
[6.416s] -- Up-to-date: /ws/install/nanosaur_msgs/share/nanosaur_msgs/cmake/nanosaur_msgs__rosidl_typesupport_introspection_cExport-noconfig.cmake
[6.419s] -- Up-to-date: /ws/install/nanosaur_msgs/share/nanosaur_msgs/cmake/nanosaur_msgs__rosidl_typesupport_cExport.cmake
[6.420s] -- Up-to-date: /ws/install/nanosaur_msgs/share/nanosaur_msgs/cmake/nanosaur_msgs__rosidl_typesupport_cExport-noconfig.cmake
[6.423s] -- Up-to-date: /ws/install/nanosaur_msgs/share/nanosaur_msgs/cmake/export_nanosaur_msgs__rosidl_generator_cppExport.cmake
[6.424s] -- Up-to-date: /ws/install/nanosaur_msgs/share/nanosaur_msgs/cmake/export_nanosaur_msgs__rosidl_typesupport_fastrtps_cppExport.cmake
[6.425s] -- Up-to-date: /ws/install/nanosaur_msgs/share/nanosaur_msgs/cmake/export_nanosaur_msgs__rosidl_typesupport_fastrtps_cppExport-noconfig.cmake
[6.426s] -- Up-to-date: /ws/install/nanosaur_msgs/share/nanosaur_msgs/cmake/nanosaur_msgs__rosidl_typesupport_introspection_cppExport.cmake
[6.426s] -- Up-to-date: /ws/install/nanosaur_msgs/share/nanosaur_msgs/cmake/nanosaur_msgs__rosidl_typesupport_introspection_cppExport-noconfig.cmake
[6.429s] -- Up-to-date: /ws/install/nanosaur_msgs/share/nanosaur_msgs/cmake/nanosaur_msgs__rosidl_typesupport_cppExport.cmake
[6.429s] -- Up-to-date: /ws/install/nanosaur_msgs/share/nanosaur_msgs/cmake/nanosaur_msgs__rosidl_typesupport_cppExport-noconfig.cmake
[6.432s] -- Up-to-date: /ws/install/nanosaur_msgs/share/nanosaur_msgs/cmake/export_nanosaur_msgs__rosidl_generator_pyExport.cmake
[6.432s] -- Up-to-date: /ws/install/nanosaur_msgs/share/nanosaur_msgs/cmake/export_nanosaur_msgs__rosidl_generator_pyExport-noconfig.cmake
[6.468s] Invoked command in '/ws/build/nanosaur_msgs' returned '0': CMAKE_PREFIX_PATH=/ws/install/nanosaur_msgs:/ws/install/nanosaur_control:/ws/install/image_pub:/ws/install/teleop_twist_keyboard:/ws/install/rover_line_follower:/ws/install/rosboard:/ws/install/nanosaur_hardware:/ros_deep_learning/install/ros_deep_learning:/opt/ros/humble/install /usr/local/bin/cmake --install /ws/build/nanosaur_msgs
