[0.340s] Invoking command in '/ws/build/image_pub': CMAKE_PREFIX_PATH=/ws/install/nanosaur_msgs:/ws/install/nanosaur_control:/ws/install/image_pub:/ws/install/rosboard:/ws/install/rover_line_follower:/ws/install/teleop_twist_keyboard:/ws/install/nanosaur_hardware:/ros_deep_learning/install/ros_deep_learning:/opt/ros/humble/install /usr/local/bin/cmake --build /ws/build/image_pub -- -j4 -l4
[1.605s] [ 16%] [32mBuilding CXX object CMakeFiles/mono_image_pub.dir/src/mono_image_pub.cpp.o[0m
[1.605s] [ 50%] Built target stereo_image_pub
[1.606s] [ 83%] Built target camera_calibration_pub
[32.904s] [100%] [32m[1mLinking CXX executable mono_image_pub[0m
[35.698s] [100%] Built target mono_image_pub
[35.732s] Invoked command in '/ws/build/image_pub' returned '0': CMAKE_PREFIX_PATH=/ws/install/nanosaur_msgs:/ws/install/nanosaur_control:/ws/install/image_pub:/ws/install/rosboard:/ws/install/rover_line_follower:/ws/install/teleop_twist_keyboard:/ws/install/nanosaur_hardware:/ros_deep_learning/install/ros_deep_learning:/opt/ros/humble/install /usr/local/bin/cmake --build /ws/build/image_pub -- -j4 -l4
[36.014s] Invoking command in '/ws/build/image_pub': CMAKE_PREFIX_PATH=/ws/install/nanosaur_msgs:/ws/install/nanosaur_control:/ws/install/image_pub:/ws/install/rosboard:/ws/install/rover_line_follower:/ws/install/teleop_twist_keyboard:/ws/install/nanosaur_hardware:/ros_deep_learning/install/ros_deep_learning:/opt/ros/humble/install /usr/local/bin/cmake --install /ws/build/image_pub
[36.159s] -- Install configuration: ""
[36.162s] -- Execute custom install script
[36.163s] -- Up-to-date symlink: /ws/install/image_pub/lib/image_pub/mono_image_pub
[36.164s] -- Up-to-date symlink: /ws/install/image_pub/lib/image_pub/stereo_image_pub
[36.165s] -- Up-to-date symlink: /ws/install/image_pub/lib/image_pub/camera_calibration_pub
[36.167s] -- Up-to-date symlink: /ws/install/image_pub/share/image_pub//launch/raw_image_pub.launch.py
[36.168s] -- Up-to-date symlink: /ws/install/image_pub/share/image_pub//launch/stereo_rect_image_pub.launch.py
[36.170s] -- Up-to-date symlink: /ws/install/image_pub/share/image_pub//config/cal_results/extrinsics.yml
[36.175s] -- Up-to-date symlink: /ws/install/image_pub/share/image_pub//config/cal_results/intrinsics.yml
[36.175s] -- Up-to-date symlink: /ws/install/image_pub/share/image_pub//config/imx21983_raw_image_pub.yaml
[36.176s] -- Up-to-date symlink: /ws/install/image_pub/share/image_pub//config/imx21983_stereo_rect_image_pub.yaml
[36.178s] -- Up-to-date symlink: /ws/install/image_pub/share/ament_index/resource_index/package_run_dependencies/image_pub
[36.179s] -- Up-to-date symlink: /ws/install/image_pub/share/ament_index/resource_index/parent_prefix_path/image_pub
[36.192s] -- Up-to-date symlink: /ws/install/image_pub/share/image_pub/environment/ament_prefix_path.sh
[36.193s] -- Up-to-date symlink: /ws/install/image_pub/share/image_pub/environment/ament_prefix_path.dsv
[36.194s] -- Up-to-date symlink: /ws/install/image_pub/share/image_pub/environment/path.sh
[36.195s] -- Up-to-date symlink: /ws/install/image_pub/share/image_pub/environment/path.dsv
[36.196s] -- Up-to-date symlink: /ws/install/image_pub/share/image_pub/local_setup.bash
[36.197s] -- Up-to-date symlink: /ws/install/image_pub/share/image_pub/local_setup.sh
[36.197s] -- Up-to-date symlink: /ws/install/image_pub/share/image_pub/local_setup.zsh
[36.198s] -- Up-to-date symlink: /ws/install/image_pub/share/image_pub/local_setup.dsv
[36.199s] -- Symlinking: /ws/install/image_pub/share/image_pub/package.dsv
[36.210s] -- Up-to-date symlink: /ws/install/image_pub/share/ament_index/resource_index/packages/image_pub
[36.211s] -- Up-to-date symlink: /ws/install/image_pub/share/image_pub/cmake/image_pubConfig.cmake
[36.212s] -- Up-to-date symlink: /ws/install/image_pub/share/image_pub/cmake/image_pubConfig-version.cmake
[36.212s] -- Up-to-date symlink: /ws/install/image_pub/share/image_pub/package.xml
[36.243s] Invoked command in '/ws/build/image_pub' returned '0': CMAKE_PREFIX_PATH=/ws/install/nanosaur_msgs:/ws/install/nanosaur_control:/ws/install/image_pub:/ws/install/rosboard:/ws/install/rover_line_follower:/ws/install/teleop_twist_keyboard:/ws/install/nanosaur_hardware:/ros_deep_learning/install/ros_deep_learning:/opt/ros/humble/install /usr/local/bin/cmake --install /ws/build/image_pub
