[4.858s] Invoking command in '/ws/build/rosboard': PYTHONPATH=/ws/build/rosboard/prefix_override:/ws/install/rosboard/lib/python3.8/site-packages:${PYTHONPATH} /usr/bin/python3 setup.py develop --editable --build-directory /ws/build/rosboard/build --no-deps install_data
[6.013s] running develop
[6.821s] running egg_info
[6.822s] creating rosboard.egg-info
[6.822s] writing rosboard.egg-info/PKG-INFO
[6.823s] writing dependency_links to rosboard.egg-info/dependency_links.txt
[6.824s] writing entry points to rosboard.egg-info/entry_points.txt
[6.825s] writing requirements to rosboard.egg-info/requires.txt
[6.825s] writing top-level names to rosboard.egg-info/top_level.txt
[6.826s] writing manifest file 'rosboard.egg-info/SOURCES.txt'
[7.010s] reading manifest file 'rosboard.egg-info/SOURCES.txt'
[7.016s] writing manifest file 'rosboard.egg-info/SOURCES.txt'
[7.234s] running build_ext
[7.256s] Creating /ws/install/rosboard/lib/python3.8/site-packages/site.py
[7.270s] Creating /ws/install/rosboard/lib/python3.8/site-packages/rosboard.egg-link (link to .)
[7.275s] Installing rosboard_node script to /ws/install/rosboard/lib/rosboard
[7.276s] 
[7.277s] Installed /ws/build/rosboard
[7.278s] running install_data
[7.279s] copying package.xml -> /ws/install/rosboard/share/rosboard
[7.528s] Invoked command in '/ws/build/rosboard' returned '0': PYTHONPATH=/ws/build/rosboard/prefix_override:/ws/install/rosboard/lib/python3.8/site-packages:${PYTHONPATH} /usr/bin/python3 setup.py develop --editable --build-directory /ws/build/rosboard/build --no-deps install_data
