[1.321s] Invoking command in '/ws/build/nanosaur_msgs': CMAKE_PREFIX_PATH=/ws/install/nanosaur_msgs:/ws/install/nanosaur_control:/ws/install/image_pub:/ws/install/teleop_twist_keyboard:/ws/install/rover_line_follower:/ws/install/rosboard:/ws/install/nanosaur_hardware:/ros_deep_learning/install/ros_deep_learning:/opt/ros/humble/install /usr/local/bin/cmake --build /ws/build/nanosaur_msgs -- -j4 -l4
[1.625s] [  2%] Built target nanosaur_msgs__cpp
[1.646s] [  2%] Built target ament_cmake_python_symlink_nanosaur_msgs
[1.676s] [ 12%] Built target nanosaur_msgs__rosidl_generator_c
[1.736s] [ 23%] Built target nanosaur_msgs__rosidl_typesupport_fastrtps_cpp
[1.739s] [ 33%] Built target nanosaur_msgs__rosidl_typesupport_cpp
[1.743s] [ 43%] Built target nanosaur_msgs__rosidl_typesupport_introspection_cpp
[1.859s] [ 53%] Built target nanosaur_msgs__rosidl_typesupport_fastrtps_c
[1.864s] [ 64%] Built target nanosaur_msgs__rosidl_typesupport_c
[1.873s] [ 74%] Built target nanosaur_msgs__rosidl_typesupport_introspection_c
[2.006s] [ 74%] Built target nanosaur_msgs
[2.090s] [ 76%] Built target nanosaur_msgs__py
[2.193s] [ 84%] Built target nanosaur_msgs__rosidl_generator_py
[2.296s] [ 89%] Built target nanosaur_msgs__rosidl_typesupport_introspection_c__pyext
[2.301s] [ 94%] Built target nanosaur_msgs__rosidl_typesupport_fastrtps_c__pyext
[2.303s] [100%] Built target nanosaur_msgs__rosidl_typesupport_c__pyext
[2.919s] running egg_info
[2.922s] writing nanosaur_msgs.egg-info/PKG-INFO
[2.923s] writing dependency_links to nanosaur_msgs.egg-info/dependency_links.txt
[2.924s] writing top-level names to nanosaur_msgs.egg-info/top_level.txt
[3.096s] reading manifest file 'nanosaur_msgs.egg-info/SOURCES.txt'
[3.100s] writing manifest file 'nanosaur_msgs.egg-info/SOURCES.txt'
[3.197s] [100%] Built target ament_cmake_python_build_nanosaur_msgs_egg
[5.280s] Invoked command in '/ws/build/nanosaur_msgs' returned '0': CMAKE_PREFIX_PATH=/ws/install/nanosaur_msgs:/ws/install/nanosaur_control:/ws/install/image_pub:/ws/install/teleop_twist_keyboard:/ws/install/rover_line_follower:/ws/install/rosboard:/ws/install/nanosaur_hardware:/ros_deep_learning/install/ros_deep_learning:/opt/ros/humble/install /usr/local/bin/cmake --build /ws/build/nanosaur_msgs -- -j4 -l4
[5.748s] Invoking command in '/ws/build/nanosaur_msgs': CMAKE_PREFIX_PATH=/ws/install/nanosaur_msgs:/ws/install/nanosaur_control:/ws/install/image_pub:/ws/install/teleop_twist_keyboard:/ws/install/rover_line_follower:/ws/install/rosboard:/ws/install/nanosaur_hardware:/ros_deep_learning/install/ros_deep_learning:/opt/ros/humble/install /usr/local/bin/cmake --install /ws/build/nanosaur_msgs
[5.909s] -- Install configuration: ""
[5.911s] -- Execute custom install script
[5.913s] -- Up-to-date symlink: /ws/install/nanosaur_msgs/share/ament_index/resource_index/rosidl_interfaces/nanosaur_msgs
[5.918s] -- Up-to-date symlink: /ws/install/nanosaur_msgs/include/nanosaur_msgs/nanosaur_msgs/msg/detail/eyes__functions.h
[5.922s] -- Up-to-date symlink: /ws/install/nanosaur_msgs/include/nanosaur_msgs/nanosaur_msgs/msg/detail/eyes__struct.h
[5.924s] -- Up-to-date symlink: /ws/install/nanosaur_msgs/include/nanosaur_msgs/nanosaur_msgs/msg/detail/eyes__type_support.h
[5.926s] -- Up-to-date symlink: /ws/install/nanosaur_msgs/include/nanosaur_msgs/nanosaur_msgs/msg/eyes.h
[5.928s] -- Up-to-date symlink: /ws/install/nanosaur_msgs/include/nanosaur_msgs/nanosaur_msgs/msg/rosidl_generator_c__visibility_control.h
[5.931s] -- Up-to-date symlink: /ws/install/nanosaur_msgs/include/nanosaur_msgs/nanosaur_msgs/srv/detail/eye_message__functions.h
[5.932s] -- Up-to-date symlink: /ws/install/nanosaur_msgs/include/nanosaur_msgs/nanosaur_msgs/srv/detail/eye_message__struct.h
[5.934s] -- Up-to-date symlink: /ws/install/nanosaur_msgs/include/nanosaur_msgs/nanosaur_msgs/srv/detail/eye_message__type_support.h
[5.936s] -- Up-to-date symlink: /ws/install/nanosaur_msgs/include/nanosaur_msgs/nanosaur_msgs/srv/eye_message.h
[5.938s] -- Up-to-date symlink: /ws/install/nanosaur_msgs/share/nanosaur_msgs/environment/library_path.sh
[5.940s] -- Up-to-date symlink: /ws/install/nanosaur_msgs/share/nanosaur_msgs/environment/library_path.dsv
[5.944s] -- Up-to-date symlink: /ws/install/nanosaur_msgs/include/nanosaur_msgs/nanosaur_msgs/msg/detail/eyes__rosidl_typesupport_fastrtps_c.h
[5.946s] -- Up-to-date symlink: /ws/install/nanosaur_msgs/include/nanosaur_msgs/nanosaur_msgs/msg/rosidl_typesupport_fastrtps_c__visibility_control.h
[5.948s] -- Up-to-date symlink: /ws/install/nanosaur_msgs/include/nanosaur_msgs/nanosaur_msgs/srv/detail/eye_message__rosidl_typesupport_fastrtps_c.h
[5.951s] -- Up-to-date symlink: /ws/install/nanosaur_msgs/include/nanosaur_msgs/nanosaur_msgs/msg/detail/eyes__rosidl_typesupport_introspection_c.h
[5.953s] -- Up-to-date symlink: /ws/install/nanosaur_msgs/include/nanosaur_msgs/nanosaur_msgs/msg/rosidl_typesupport_introspection_c__visibility_control.h
[5.955s] -- Up-to-date symlink: /ws/install/nanosaur_msgs/include/nanosaur_msgs/nanosaur_msgs/srv/detail/eye_message__rosidl_typesupport_introspection_c.h
[5.958s] -- Up-to-date symlink: /ws/install/nanosaur_msgs/include/nanosaur_msgs/nanosaur_msgs/msg/detail/eyes__builder.hpp
[5.960s] -- Up-to-date symlink: /ws/install/nanosaur_msgs/include/nanosaur_msgs/nanosaur_msgs/msg/detail/eyes__struct.hpp
[5.962s] -- Up-to-date symlink: /ws/install/nanosaur_msgs/include/nanosaur_msgs/nanosaur_msgs/msg/detail/eyes__traits.hpp
[5.964s] -- Up-to-date symlink: /ws/install/nanosaur_msgs/include/nanosaur_msgs/nanosaur_msgs/msg/eyes.hpp
[5.965s] -- Up-to-date symlink: /ws/install/nanosaur_msgs/include/nanosaur_msgs/nanosaur_msgs/srv/detail/eye_message__builder.hpp
[5.967s] -- Up-to-date symlink: /ws/install/nanosaur_msgs/include/nanosaur_msgs/nanosaur_msgs/srv/detail/eye_message__struct.hpp
[5.969s] -- Up-to-date symlink: /ws/install/nanosaur_msgs/include/nanosaur_msgs/nanosaur_msgs/srv/detail/eye_message__traits.hpp
[5.971s] -- Up-to-date symlink: /ws/install/nanosaur_msgs/include/nanosaur_msgs/nanosaur_msgs/srv/eye_message.hpp
[5.975s] -- Up-to-date symlink: /ws/install/nanosaur_msgs/include/nanosaur_msgs/nanosaur_msgs/msg/detail/eyes__rosidl_typesupport_fastrtps_cpp.hpp
[5.977s] -- Up-to-date symlink: /ws/install/nanosaur_msgs/include/nanosaur_msgs/nanosaur_msgs/msg/rosidl_typesupport_fastrtps_cpp__visibility_control.h
[5.979s] -- Up-to-date symlink: /ws/install/nanosaur_msgs/include/nanosaur_msgs/nanosaur_msgs/srv/detail/eye_message__rosidl_typesupport_fastrtps_cpp.hpp
[5.982s] -- Up-to-date symlink: /ws/install/nanosaur_msgs/include/nanosaur_msgs/nanosaur_msgs/msg/detail/eyes__rosidl_typesupport_introspection_cpp.hpp
[5.984s] -- Up-to-date symlink: /ws/install/nanosaur_msgs/include/nanosaur_msgs/nanosaur_msgs/srv/detail/eye_message__rosidl_typesupport_introspection_cpp.hpp
[5.986s] -- Up-to-date symlink: /ws/install/nanosaur_msgs/share/nanosaur_msgs/environment/pythonpath.sh
[5.988s] -- Up-to-date symlink: /ws/install/nanosaur_msgs/share/nanosaur_msgs/environment/pythonpath.dsv
[5.990s] -- Up-to-date symlink: /ws/install/nanosaur_msgs/lib/python3.8/site-packages/nanosaur_msgs-2.1.0-py3.8.egg-info/PKG-INFO
[5.992s] -- Up-to-date symlink: /ws/install/nanosaur_msgs/lib/python3.8/site-packages/nanosaur_msgs-2.1.0-py3.8.egg-info/SOURCES.txt
[5.994s] -- Up-to-date symlink: /ws/install/nanosaur_msgs/lib/python3.8/site-packages/nanosaur_msgs-2.1.0-py3.8.egg-info/dependency_links.txt
[5.995s] -- Up-to-date symlink: /ws/install/nanosaur_msgs/lib/python3.8/site-packages/nanosaur_msgs-2.1.0-py3.8.egg-info/top_level.txt
[6.000s] -- Up-to-date symlink: /ws/install/nanosaur_msgs/lib/python3.8/site-packages/nanosaur_msgs/__init__.py
[6.002s] -- Up-to-date symlink: /ws/install/nanosaur_msgs/lib/python3.8/site-packages/nanosaur_msgs/_nanosaur_msgs_s.ep.rosidl_typesupport_c.c
[6.003s] -- Up-to-date symlink: /ws/install/nanosaur_msgs/lib/python3.8/site-packages/nanosaur_msgs/_nanosaur_msgs_s.ep.rosidl_typesupport_fastrtps_c.c
[6.005s] -- Up-to-date symlink: /ws/install/nanosaur_msgs/lib/python3.8/site-packages/nanosaur_msgs/_nanosaur_msgs_s.ep.rosidl_typesupport_introspection_c.c
[6.007s] -- Up-to-date symlink: /ws/install/nanosaur_msgs/lib/python3.8/site-packages/nanosaur_msgs/libnanosaur_msgs__rosidl_generator_py.so
[6.009s] -- Up-to-date symlink: /ws/install/nanosaur_msgs/lib/python3.8/site-packages/nanosaur_msgs/msg/__init__.py
[6.011s] -- Up-to-date symlink: /ws/install/nanosaur_msgs/lib/python3.8/site-packages/nanosaur_msgs/msg/_eyes.py
[6.012s] -- Up-to-date symlink: /ws/install/nanosaur_msgs/lib/python3.8/site-packages/nanosaur_msgs/msg/_eyes_s.c
[6.014s] -- Up-to-date symlink: /ws/install/nanosaur_msgs/lib/python3.8/site-packages/nanosaur_msgs/nanosaur_msgs_s__rosidl_typesupport_c.cpython-38-aarch64-linux-gnu.so
[6.016s] -- Up-to-date symlink: /ws/install/nanosaur_msgs/lib/python3.8/site-packages/nanosaur_msgs/nanosaur_msgs_s__rosidl_typesupport_fastrtps_c.cpython-38-aarch64-linux-gnu.so
[6.017s] -- Up-to-date symlink: /ws/install/nanosaur_msgs/lib/python3.8/site-packages/nanosaur_msgs/nanosaur_msgs_s__rosidl_typesupport_introspection_c.cpython-38-aarch64-linux-gnu.so
[6.021s] -- Up-to-date symlink: /ws/install/nanosaur_msgs/lib/python3.8/site-packages/nanosaur_msgs/srv/__init__.py
[6.023s] -- Up-to-date symlink: /ws/install/nanosaur_msgs/lib/python3.8/site-packages/nanosaur_msgs/srv/_eye_message.py
[6.025s] -- Up-to-date symlink: /ws/install/nanosaur_msgs/lib/python3.8/site-packages/nanosaur_msgs/srv/_eye_message_s.c
[6.027s] -- Up-to-date symlink: /ws/install/nanosaur_msgs/lib/python3.8/site-packages/nanosaur_msgs/nanosaur_msgs_s__rosidl_typesupport_fastrtps_c.cpython-38-aarch64-linux-gnu.so
[6.029s] -- Up-to-date symlink: /ws/install/nanosaur_msgs/lib/python3.8/site-packages/nanosaur_msgs/nanosaur_msgs_s__rosidl_typesupport_introspection_c.cpython-38-aarch64-linux-gnu.so
[6.032s] -- Up-to-date symlink: /ws/install/nanosaur_msgs/lib/python3.8/site-packages/nanosaur_msgs/nanosaur_msgs_s__rosidl_typesupport_c.cpython-38-aarch64-linux-gnu.so
[6.034s] -- Up-to-date symlink: /ws/install/nanosaur_msgs/share/nanosaur_msgs/msg/Eyes.idl
[6.036s] -- Up-to-date symlink: /ws/install/nanosaur_msgs/share/nanosaur_msgs/srv/EyeMessage.idl
[6.038s] -- Up-to-date symlink: /ws/install/nanosaur_msgs/share/nanosaur_msgs/msg/Eyes.msg
[6.039s] -- Up-to-date symlink: /ws/install/nanosaur_msgs/share/nanosaur_msgs/srv/EyeMessage.srv
[6.042s] -- Up-to-date symlink: /ws/install/nanosaur_msgs/share/nanosaur_msgs/srv/EyeMessage_Request.msg
[6.044s] -- Up-to-date symlink: /ws/install/nanosaur_msgs/share/nanosaur_msgs/srv/EyeMessage_Response.msg
[6.047s] -- Up-to-date symlink: /ws/install/nanosaur_msgs/share/ament_index/resource_index/package_run_dependencies/nanosaur_msgs
[6.049s] -- Up-to-date symlink: /ws/install/nanosaur_msgs/share/ament_index/resource_index/parent_prefix_path/nanosaur_msgs
[6.051s] -- Up-to-date symlink: /ws/install/nanosaur_msgs/share/nanosaur_msgs/environment/ament_prefix_path.sh
[6.053s] -- Up-to-date symlink: /ws/install/nanosaur_msgs/share/nanosaur_msgs/environment/ament_prefix_path.dsv
[6.055s] -- Up-to-date symlink: /ws/install/nanosaur_msgs/share/nanosaur_msgs/environment/path.sh
[6.057s] -- Up-to-date symlink: /ws/install/nanosaur_msgs/share/nanosaur_msgs/environment/path.dsv
[6.059s] -- Up-to-date symlink: /ws/install/nanosaur_msgs/share/nanosaur_msgs/local_setup.bash
[6.061s] -- Up-to-date symlink: /ws/install/nanosaur_msgs/share/nanosaur_msgs/local_setup.sh
[6.063s] -- Up-to-date symlink: /ws/install/nanosaur_msgs/share/nanosaur_msgs/local_setup.zsh
[6.065s] -- Up-to-date symlink: /ws/install/nanosaur_msgs/share/nanosaur_msgs/local_setup.dsv
[6.066s] -- Symlinking: /ws/install/nanosaur_msgs/share/nanosaur_msgs/package.dsv
[6.083s] -- Up-to-date symlink: /ws/install/nanosaur_msgs/share/ament_index/resource_index/packages/nanosaur_msgs
[6.085s] -- Up-to-date symlink: /ws/install/nanosaur_msgs/share/nanosaur_msgs/cmake/rosidl_cmake-extras.cmake
[6.087s] -- Up-to-date symlink: /ws/install/nanosaur_msgs/share/nanosaur_msgs/cmake/ament_cmake_export_dependencies-extras.cmake
[6.089s] -- Up-to-date symlink: /ws/install/nanosaur_msgs/share/nanosaur_msgs/cmake/ament_cmake_export_include_directories-extras.cmake
[6.091s] -- Up-to-date symlink: /ws/install/nanosaur_msgs/share/nanosaur_msgs/cmake/ament_cmake_export_libraries-extras.cmake
[6.093s] -- Up-to-date symlink: /ws/install/nanosaur_msgs/share/nanosaur_msgs/cmake/ament_cmake_export_targets-extras.cmake
[6.095s] -- Up-to-date symlink: /ws/install/nanosaur_msgs/share/nanosaur_msgs/cmake/rosidl_cmake_export_typesupport_targets-extras.cmake
[6.097s] -- Up-to-date symlink: /ws/install/nanosaur_msgs/share/nanosaur_msgs/cmake/rosidl_cmake_export_typesupport_libraries-extras.cmake
[6.099s] -- Up-to-date symlink: /ws/install/nanosaur_msgs/share/nanosaur_msgs/cmake/nanosaur_msgsConfig.cmake
[6.100s] -- Up-to-date symlink: /ws/install/nanosaur_msgs/share/nanosaur_msgs/cmake/nanosaur_msgsConfig-version.cmake
[6.102s] -- Up-to-date symlink: /ws/install/nanosaur_msgs/share/nanosaur_msgs/package.xml
[6.105s] -- Up-to-date: /ws/install/nanosaur_msgs/lib/libnanosaur_msgs__rosidl_generator_c.so
[6.108s] -- Up-to-date: /ws/install/nanosaur_msgs/lib/libnanosaur_msgs__rosidl_typesupport_fastrtps_c.so
[6.111s] -- Up-to-date: /ws/install/nanosaur_msgs/lib/libnanosaur_msgs__rosidl_typesupport_introspection_c.so
[6.114s] -- Up-to-date: /ws/install/nanosaur_msgs/lib/libnanosaur_msgs__rosidl_typesupport_c.so
[6.117s] -- Up-to-date: /ws/install/nanosaur_msgs/lib/libnanosaur_msgs__rosidl_typesupport_fastrtps_cpp.so
[6.123s] -- Up-to-date: /ws/install/nanosaur_msgs/lib/libnanosaur_msgs__rosidl_typesupport_introspection_cpp.so
[6.126s] -- Up-to-date: /ws/install/nanosaur_msgs/lib/libnanosaur_msgs__rosidl_typesupport_cpp.so
[6.305s] Listing '/ws/install/nanosaur_msgs/lib/python3.8/site-packages/nanosaur_msgs'...
[6.306s] Listing '/ws/install/nanosaur_msgs/lib/python3.8/site-packages/nanosaur_msgs/msg'...
[6.306s] Listing '/ws/install/nanosaur_msgs/lib/python3.8/site-packages/nanosaur_msgs/srv'...
[6.330s] -- Up-to-date: /ws/install/nanosaur_msgs/lib/libnanosaur_msgs__rosidl_generator_py.so
[6.334s] -- Up-to-date: /ws/install/nanosaur_msgs/share/nanosaur_msgs/cmake/export_nanosaur_msgs__rosidl_generator_cExport.cmake
[6.335s] -- Up-to-date: /ws/install/nanosaur_msgs/share/nanosaur_msgs/cmake/export_nanosaur_msgs__rosidl_generator_cExport-noconfig.cmake
[6.338s] -- Up-to-date: /ws/install/nanosaur_msgs/share/nanosaur_msgs/cmake/export_nanosaur_msgs__rosidl_typesupport_fastrtps_cExport.cmake
[6.339s] -- Up-to-date: /ws/install/nanosaur_msgs/share/nanosaur_msgs/cmake/export_nanosaur_msgs__rosidl_typesupport_fastrtps_cExport-noconfig.cmake
[6.342s] -- Up-to-date: /ws/install/nanosaur_msgs/share/nanosaur_msgs/cmake/nanosaur_msgs__rosidl_typesupport_introspection_cExport.cmake
[6.343s] -- Up-to-date: /ws/install/nanosaur_msgs/share/nanosaur_msgs/cmake/nanosaur_msgs__rosidl_typesupport_introspection_cExport-noconfig.cmake
[6.345s] -- Up-to-date: /ws/install/nanosaur_msgs/share/nanosaur_msgs/cmake/nanosaur_msgs__rosidl_typesupport_cExport.cmake
[6.346s] -- Up-to-date: /ws/install/nanosaur_msgs/share/nanosaur_msgs/cmake/nanosaur_msgs__rosidl_typesupport_cExport-noconfig.cmake
[6.349s] -- Up-to-date: /ws/install/nanosaur_msgs/share/nanosaur_msgs/cmake/export_nanosaur_msgs__rosidl_generator_cppExport.cmake
[6.351s] -- Up-to-date: /ws/install/nanosaur_msgs/share/nanosaur_msgs/cmake/export_nanosaur_msgs__rosidl_typesupport_fastrtps_cppExport.cmake
[6.352s] -- Up-to-date: /ws/install/nanosaur_msgs/share/nanosaur_msgs/cmake/export_nanosaur_msgs__rosidl_typesupport_fastrtps_cppExport-noconfig.cmake
[6.355s] -- Up-to-date: /ws/install/nanosaur_msgs/share/nanosaur_msgs/cmake/nanosaur_msgs__rosidl_typesupport_introspection_cppExport.cmake
[6.356s] -- Up-to-date: /ws/install/nanosaur_msgs/share/nanosaur_msgs/cmake/nanosaur_msgs__rosidl_typesupport_introspection_cppExport-noconfig.cmake
[6.358s] -- Up-to-date: /ws/install/nanosaur_msgs/share/nanosaur_msgs/cmake/nanosaur_msgs__rosidl_typesupport_cppExport.cmake
[6.360s] -- Up-to-date: /ws/install/nanosaur_msgs/share/nanosaur_msgs/cmake/nanosaur_msgs__rosidl_typesupport_cppExport-noconfig.cmake
[6.362s] -- Up-to-date: /ws/install/nanosaur_msgs/share/nanosaur_msgs/cmake/export_nanosaur_msgs__rosidl_generator_pyExport.cmake
[6.363s] -- Up-to-date: /ws/install/nanosaur_msgs/share/nanosaur_msgs/cmake/export_nanosaur_msgs__rosidl_generator_pyExport-noconfig.cmake
[6.396s] Invoked command in '/ws/build/nanosaur_msgs' returned '0': CMAKE_PREFIX_PATH=/ws/install/nanosaur_msgs:/ws/install/nanosaur_control:/ws/install/image_pub:/ws/install/teleop_twist_keyboard:/ws/install/rover_line_follower:/ws/install/rosboard:/ws/install/nanosaur_hardware:/ros_deep_learning/install/ros_deep_learning:/opt/ros/humble/install /usr/local/bin/cmake --install /ws/build/nanosaur_msgs
