[0.283s] Invoking command in '/ws/build/nanosaur_control': /usr/local/bin/cmake /ws/src/nanosaur/nanosaur_control -DAMENT_CMAKE_SYMLINK_INSTALL=1 -DCMAKE_INSTALL_PREFIX=/ws/install/nanosaur_control
[1.529s] -- The C compiler identification is GNU 9.4.0
[1.632s] -- The CXX compiler identification is GNU 9.4.0
[1.687s] -- Detecting C compiler ABI info
[1.948s] -- Detecting C compiler ABI info - done
[2.001s] -- Check for working C compiler: /usr/bin/cc - skipped
[2.003s] -- Detecting C compile features
[2.007s] -- Detecting C compile features - done
[2.026s] -- Detecting CXX compiler ABI info
[2.305s] -- Detecting CXX compiler ABI info - done
[2.363s] -- Check for working CXX compiler: /usr/bin/c++ - skipped
[2.364s] -- Detecting CXX compile features
[2.367s] -- Detecting CXX compile features - done
[2.392s] -- Found ament_cmake: 1.3.4 (/opt/ros/humble/install/share/ament_cmake/cmake)
[6.982s] -- Found Python3: /usr/bin/python3.8 (found version "3.8.10") found components: Interpreter 
[7.259s] -- Override CMake install command with custom implementation using symlinks instead of copying resources
[7.719s] -- Configuring done (7.2s)
[7.733s] -- Generating done (0.0s)
[7.737s] -- Build files have been written to: /ws/build/nanosaur_control
[7.772s] Invoked command in '/ws/build/nanosaur_control' returned '0': /usr/local/bin/cmake /ws/src/nanosaur/nanosaur_control -DAMENT_CMAKE_SYMLINK_INSTALL=1 -DCMAKE_INSTALL_PREFIX=/ws/install/nanosaur_control
[7.780s] Invoking command in '/ws/build/nanosaur_control': /usr/local/bin/cmake --build /ws/build/nanosaur_control -- -j4 -l4
[7.961s] Invoked command in '/ws/build/nanosaur_control' returned '0': /usr/local/bin/cmake --build /ws/build/nanosaur_control -- -j4 -l4
[8.282s] Invoking command in '/ws/build/nanosaur_control': /usr/local/bin/cmake --install /ws/build/nanosaur_control
[8.396s] -- Install configuration: ""
[8.398s] -- Execute custom install script
[8.400s] -- Symlinking: /ws/install/nanosaur_control/share/nanosaur_control/launch/teleop.launch.py
[8.409s] -- Symlinking: /ws/install/nanosaur_control/share/nanosaur_control/launch/twist_control.launch.py
[8.419s] -- Symlinking: /ws/install/nanosaur_control/share/nanosaur_control/config/joystick.yaml
[8.428s] -- Symlinking: /ws/install/nanosaur_control/share/nanosaur_control/config/ps3.nanosaur.yml
[8.437s] -- Symlinking: /ws/install/nanosaur_control/share/nanosaur_control/config/twist_mux_locks.yaml
[8.446s] -- Symlinking: /ws/install/nanosaur_control/share/nanosaur_control/config/twist_mux_topics.yaml
[8.456s] -- Symlinking: /ws/install/nanosaur_control/share/ament_index/resource_index/package_run_dependencies/nanosaur_control
[8.465s] -- Symlinking: /ws/install/nanosaur_control/share/ament_index/resource_index/parent_prefix_path/nanosaur_control
[8.474s] -- Symlinking: /ws/install/nanosaur_control/share/nanosaur_control/environment/ament_prefix_path.sh
[8.483s] -- Symlinking: /ws/install/nanosaur_control/share/nanosaur_control/environment/ament_prefix_path.dsv
[8.492s] -- Symlinking: /ws/install/nanosaur_control/share/nanosaur_control/environment/path.sh
[8.502s] -- Symlinking: /ws/install/nanosaur_control/share/nanosaur_control/environment/path.dsv
[8.510s] -- Symlinking: /ws/install/nanosaur_control/share/nanosaur_control/local_setup.bash
[8.520s] -- Symlinking: /ws/install/nanosaur_control/share/nanosaur_control/local_setup.sh
[8.530s] -- Symlinking: /ws/install/nanosaur_control/share/nanosaur_control/local_setup.zsh
[8.540s] -- Symlinking: /ws/install/nanosaur_control/share/nanosaur_control/local_setup.dsv
[8.549s] -- Symlinking: /ws/install/nanosaur_control/share/nanosaur_control/package.dsv
[8.559s] -- Symlinking: /ws/install/nanosaur_control/share/ament_index/resource_index/packages/nanosaur_control
[8.568s] -- Symlinking: /ws/install/nanosaur_control/share/nanosaur_control/cmake/nanosaur_controlConfig.cmake
[8.577s] -- Symlinking: /ws/install/nanosaur_control/share/nanosaur_control/cmake/nanosaur_controlConfig-version.cmake
[8.586s] -- Symlinking: /ws/install/nanosaur_control/share/nanosaur_control/package.xml
[8.626s] Invoked command in '/ws/build/nanosaur_control' returned '0': /usr/local/bin/cmake --install /ws/build/nanosaur_control
