[1.338s] Invoking command in '/ws/build/nanosaur_msgs': /usr/local/bin/cmake /ws/src/nanosaur/nanosaur_msgs -DAMENT_CMAKE_SYMLINK_INSTALL=1 -DCMAKE_INSTALL_PREFIX=/ws/install/nanosaur_msgs
[1.669s] -- The C compiler identification is GNU 9.4.0
[1.911s] -- The CXX compiler identification is GNU 9.4.0
[1.952s] -- Detecting C compiler ABI info
[2.214s] -- Detecting C compiler ABI info - done
[2.267s] -- Check for working C compiler: /usr/bin/cc - skipped
[2.269s] -- Detecting C compile features
[2.271s] -- Detecting C compile features - done
[2.287s] -- Detecting CXX compiler ABI info
[2.572s] -- Detecting CXX compiler ABI info - done
[2.625s] -- Check for working CXX compiler: /usr/bin/c++ - skipped
[2.626s] -- Detecting CXX compile features
[2.629s] -- Detecting CXX compile features - done
[2.647s] -- Found ament_cmake: 1.3.4 (/opt/ros/humble/install/share/ament_cmake/cmake)
[7.192s] -- Found Python3: /usr/bin/python3.8 (found version "3.8.10") found components: Interpreter 
[7.444s] -- Override CMake install command with custom implementation using symlinks instead of copying resources
[7.593s] -- Found rosidl_default_generators: 1.2.0 (/opt/ros/humble/install/share/rosidl_default_generators/cmake)
[7.614s] -- Using all available rosidl_typesupport_c: rosidl_typesupport_fastrtps_c;rosidl_typesupport_introspection_c
[7.709s] -- Found rosidl_adapter: 3.1.4 (/opt/ros/humble/install/share/rosidl_adapter/cmake)
[8.027s] -- Using all available rosidl_typesupport_cpp: rosidl_typesupport_fastrtps_cpp;rosidl_typesupport_introspection_cpp
[8.321s] -- Found geometry_msgs: 4.2.3 (/opt/ros/humble/install/share/geometry_msgs/cmake)
[10.227s] -- Found ament_cmake_ros: 0.10.0 (/opt/ros/humble/install/share/ament_cmake_ros/cmake)
[11.199s] -- Using all available rosidl_typesupport_c: rosidl_typesupport_fastrtps_c;rosidl_typesupport_introspection_c
[12.445s] -- Using all available rosidl_typesupport_cpp: rosidl_typesupport_fastrtps_cpp;rosidl_typesupport_introspection_cpp
[12.545s] -- Found PythonInterp: /usr/bin/python3 (found suitable version "3.8.10", minimum required is "3.6") 
[12.557s] -- Found python_cmake_module: 0.10.0 (/opt/ros/humble/install/share/python_cmake_module/cmake)
[12.677s] -- Found PythonLibs: /usr/lib/aarch64-linux-gnu/libpython3.8.so (found suitable version "3.8.10", minimum required is "3.5") 
[12.678s] -- Using PYTHON_EXECUTABLE: /usr/bin/python3
[12.678s] -- Using PYTHON_INCLUDE_DIRS: /usr/include/python3.8
[12.679s] -- Using PYTHON_LIBRARIES: /usr/lib/aarch64-linux-gnu/libpython3.8.so
[12.771s] -- Found PythonExtra: .so  
[13.149s] -- Found ament_lint_auto: 0.12.6 (/opt/ros/humble/install/share/ament_lint_auto/cmake)
[13.300s] -- Added test 'copyright' to check source files copyright and LICENSE
[13.310s] -- Added test 'lint_cmake' to check CMake code style
[13.316s] -- Added test 'xmllint' to check XML markup files
[13.334s] -- Configuring done (11.9s)
[13.521s] -- Generating done (0.1s)
[13.533s] -- Build files have been written to: /ws/build/nanosaur_msgs
[13.588s] Invoked command in '/ws/build/nanosaur_msgs' returned '0': /usr/local/bin/cmake /ws/src/nanosaur/nanosaur_msgs -DAMENT_CMAKE_SYMLINK_INSTALL=1 -DCMAKE_INSTALL_PREFIX=/ws/install/nanosaur_msgs
[13.596s] Invoking command in '/ws/build/nanosaur_msgs': /usr/local/bin/cmake --build /ws/build/nanosaur_msgs -- -j4 -l4
[13.772s] [  2%] [34m[1mGenerating C code for ROS interfaces[0m
[13.781s] [  5%] [34m[1mGenerating C++ code for ROS interfaces[0m
[13.789s] [  5%] Built target ament_cmake_python_symlink_nanosaur_msgs
[14.770s] running egg_info
[14.772s] creating nanosaur_msgs.egg-info
[14.773s] writing nanosaur_msgs.egg-info/PKG-INFO
[14.774s] writing dependency_links to nanosaur_msgs.egg-info/dependency_links.txt
[14.774s] writing top-level names to nanosaur_msgs.egg-info/top_level.txt
[14.775s] writing manifest file 'nanosaur_msgs.egg-info/SOURCES.txt'
[14.944s] reading manifest file 'nanosaur_msgs.egg-info/SOURCES.txt'
[14.946s] writing manifest file 'nanosaur_msgs.egg-info/SOURCES.txt'
[15.042s] [  5%] Built target ament_cmake_python_build_nanosaur_msgs_egg
[16.019s] [  5%] Built target nanosaur_msgs__cpp
[16.033s] [  7%] [32mBuilding C object CMakeFiles/nanosaur_msgs__rosidl_generator_c.dir/rosidl_generator_c/nanosaur_msgs/msg/detail/eyes__functions.c.o[0m
[16.036s] [ 10%] [34m[1mGenerating C++ type support for eProsima Fast-RTPS[0m
[16.037s] [ 12%] [34m[1mGenerating C++ type support dispatch for ROS interfaces[0m
[16.040s] [ 15%] [34m[1mGenerating C++ introspection for ROS interfaces[0m
[16.333s] [ 17%] [32mBuilding C object CMakeFiles/nanosaur_msgs__rosidl_generator_c.dir/rosidl_generator_c/nanosaur_msgs/srv/detail/eye_message__functions.c.o[0m
[16.606s] [ 20%] [32m[1mLinking C shared library libnanosaur_msgs__rosidl_generator_c.so[0m
[16.724s] [ 20%] Built target nanosaur_msgs__rosidl_generator_c
[16.742s] [ 23%] [34m[1mGenerating C type support for eProsima Fast-RTPS[0m
[18.022s] [ 25%] [32mBuilding CXX object CMakeFiles/nanosaur_msgs__rosidl_typesupport_cpp.dir/rosidl_typesupport_cpp/nanosaur_msgs/msg/eyes__type_support.cpp.o[0m
[18.094s] [ 28%] [32mBuilding CXX object CMakeFiles/nanosaur_msgs__rosidl_typesupport_introspection_cpp.dir/rosidl_typesupport_introspection_cpp/nanosaur_msgs/msg/detail/eyes__type_support.cpp.o[0m
[18.268s] [ 30%] [32mBuilding CXX object CMakeFiles/nanosaur_msgs__rosidl_typesupport_fastrtps_cpp.dir/rosidl_typesupport_fastrtps_cpp/nanosaur_msgs/msg/detail/dds_fastrtps/eyes__type_support.cpp.o[0m
[18.980s] [ 33%] [32mBuilding CXX object CMakeFiles/nanosaur_msgs__rosidl_typesupport_fastrtps_c.dir/rosidl_typesupport_fastrtps_c/nanosaur_msgs/msg/detail/eyes__type_support_c.cpp.o[0m
[19.658s] [ 35%] [32mBuilding CXX object CMakeFiles/nanosaur_msgs__rosidl_typesupport_cpp.dir/rosidl_typesupport_cpp/nanosaur_msgs/srv/eye_message__type_support.cpp.o[0m
[20.380s] [ 38%] [32mBuilding CXX object CMakeFiles/nanosaur_msgs__rosidl_typesupport_introspection_cpp.dir/rosidl_typesupport_introspection_cpp/nanosaur_msgs/srv/detail/eye_message__type_support.cpp.o[0m
[20.617s] [ 41%] [32mBuilding CXX object CMakeFiles/nanosaur_msgs__rosidl_typesupport_fastrtps_cpp.dir/rosidl_typesupport_fastrtps_cpp/nanosaur_msgs/srv/detail/dds_fastrtps/eye_message__type_support.cpp.o[0m
[20.922s] [ 43%] [32mBuilding CXX object CMakeFiles/nanosaur_msgs__rosidl_typesupport_fastrtps_c.dir/rosidl_typesupport_fastrtps_c/nanosaur_msgs/srv/detail/eye_message__type_support_c.cpp.o[0m
[21.172s] [ 46%] [32m[1mLinking CXX shared library libnanosaur_msgs__rosidl_typesupport_cpp.so[0m
[21.287s] [ 46%] Built target nanosaur_msgs__rosidl_typesupport_cpp
[21.305s] [ 48%] [34m[1mGenerating C introspection for ROS interfaces[0m
[22.821s] [ 51%] [32m[1mLinking CXX shared library libnanosaur_msgs__rosidl_typesupport_introspection_cpp.so[0m
[22.840s] [ 53%] [32m[1mLinking CXX shared library libnanosaur_msgs__rosidl_typesupport_fastrtps_c.so[0m
[23.069s] [ 53%] Built target nanosaur_msgs__rosidl_typesupport_introspection_cpp
[23.088s] [ 56%] [34m[1mGenerating C type support dispatch for ROS interfaces[0m
[23.121s] [ 56%] Built target nanosaur_msgs__rosidl_typesupport_fastrtps_c
[23.245s] [ 58%] [32m[1mLinking CXX shared library libnanosaur_msgs__rosidl_typesupport_fastrtps_cpp.so[0m
[23.482s] [ 58%] Built target nanosaur_msgs__rosidl_typesupport_fastrtps_cpp
[23.628s] [ 64%] [32mBuilding C object CMakeFiles/nanosaur_msgs__rosidl_typesupport_introspection_c.dir/rosidl_typesupport_introspection_c/nanosaur_msgs/srv/detail/eye_message__type_support.c.o[0m
[23.628s] [ 64%] [32mBuilding C object CMakeFiles/nanosaur_msgs__rosidl_typesupport_introspection_c.dir/rosidl_typesupport_introspection_c/nanosaur_msgs/msg/detail/eyes__type_support.c.o[0m
[23.815s] [ 66%] [32m[1mLinking C shared library libnanosaur_msgs__rosidl_typesupport_introspection_c.so[0m
[23.893s] [ 66%] Built target nanosaur_msgs__rosidl_typesupport_introspection_c
[24.927s] [ 71%] [32mBuilding CXX object CMakeFiles/nanosaur_msgs__rosidl_typesupport_c.dir/rosidl_typesupport_c/nanosaur_msgs/msg/eyes__type_support.cpp.o[0m
[24.927s] [ 71%] [32mBuilding CXX object CMakeFiles/nanosaur_msgs__rosidl_typesupport_c.dir/rosidl_typesupport_c/nanosaur_msgs/srv/eye_message__type_support.cpp.o[0m
[25.051s] [ 74%] [32m[1mLinking CXX shared library libnanosaur_msgs__rosidl_typesupport_c.so[0m
[25.149s] [ 74%] Built target nanosaur_msgs__rosidl_typesupport_c
[25.179s] [ 74%] Built target nanosaur_msgs
[25.211s] [ 76%] [34m[1mGenerating Python code for ROS interfaces[0m
[28.560s] [ 76%] Built target nanosaur_msgs__py
[28.590s] [ 82%] [32mBuilding C object CMakeFiles/nanosaur_msgs__rosidl_generator_py.dir/rosidl_generator_py/nanosaur_msgs/srv/_eye_message_s.c.o[0m
[28.590s] [ 82%] [32mBuilding C object CMakeFiles/nanosaur_msgs__rosidl_generator_py.dir/rosidl_generator_py/nanosaur_msgs/msg/_eyes_s.c.o[0m
[29.157s] [ 84%] [32m[1mLinking C shared library rosidl_generator_py/nanosaur_msgs/libnanosaur_msgs__rosidl_generator_py.so[0m
[29.279s] [ 84%] Built target nanosaur_msgs__rosidl_generator_py
[29.311s] [ 87%] [32mBuilding C object CMakeFiles/nanosaur_msgs__rosidl_typesupport_c__pyext.dir/rosidl_generator_py/nanosaur_msgs/_nanosaur_msgs_s.ep.rosidl_typesupport_c.c.o[0m
[29.311s] [ 89%] [32mBuilding C object CMakeFiles/nanosaur_msgs__rosidl_typesupport_introspection_c__pyext.dir/rosidl_generator_py/nanosaur_msgs/_nanosaur_msgs_s.ep.rosidl_typesupport_introspection_c.c.o[0m
[29.317s] [ 92%] [32mBuilding C object CMakeFiles/nanosaur_msgs__rosidl_typesupport_fastrtps_c__pyext.dir/rosidl_generator_py/nanosaur_msgs/_nanosaur_msgs_s.ep.rosidl_typesupport_fastrtps_c.c.o[0m
[29.800s] [ 94%] [32m[1mLinking C shared library rosidl_generator_py/nanosaur_msgs/nanosaur_msgs_s__rosidl_typesupport_c.cpython-38-aarch64-linux-gnu.so[0m
[29.802s] [ 97%] [32m[1mLinking C shared library rosidl_generator_py/nanosaur_msgs/nanosaur_msgs_s__rosidl_typesupport_introspection_c.cpython-38-aarch64-linux-gnu.so[0m
[29.816s] [100%] [32m[1mLinking C shared library rosidl_generator_py/nanosaur_msgs/nanosaur_msgs_s__rosidl_typesupport_fastrtps_c.cpython-38-aarch64-linux-gnu.so[0m
[29.944s] [100%] Built target nanosaur_msgs__rosidl_typesupport_c__pyext
[29.952s] [100%] Built target nanosaur_msgs__rosidl_typesupport_introspection_c__pyext
[29.961s] [100%] Built target nanosaur_msgs__rosidl_typesupport_fastrtps_c__pyext
[29.995s] Invoked command in '/ws/build/nanosaur_msgs' returned '0': /usr/local/bin/cmake --build /ws/build/nanosaur_msgs -- -j4 -l4
[30.353s] Invoking command in '/ws/build/nanosaur_msgs': /usr/local/bin/cmake --install /ws/build/nanosaur_msgs
[30.468s] -- Install configuration: ""
[30.470s] -- Execute custom install script
[30.471s] -- Symlinking: /ws/install/nanosaur_msgs/share/ament_index/resource_index/rosidl_interfaces/nanosaur_msgs
[30.482s] -- Symlinking: /ws/install/nanosaur_msgs/include/nanosaur_msgs/nanosaur_msgs/msg/detail/eyes__functions.h
[30.490s] -- Symlinking: /ws/install/nanosaur_msgs/include/nanosaur_msgs/nanosaur_msgs/msg/detail/eyes__struct.h
[30.499s] -- Symlinking: /ws/install/nanosaur_msgs/include/nanosaur_msgs/nanosaur_msgs/msg/detail/eyes__type_support.h
[30.508s] -- Symlinking: /ws/install/nanosaur_msgs/include/nanosaur_msgs/nanosaur_msgs/msg/eyes.h
[30.516s] -- Symlinking: /ws/install/nanosaur_msgs/include/nanosaur_msgs/nanosaur_msgs/msg/rosidl_generator_c__visibility_control.h
[30.526s] -- Symlinking: /ws/install/nanosaur_msgs/include/nanosaur_msgs/nanosaur_msgs/srv/detail/eye_message__functions.h
[30.535s] -- Symlinking: /ws/install/nanosaur_msgs/include/nanosaur_msgs/nanosaur_msgs/srv/detail/eye_message__struct.h
[30.544s] -- Symlinking: /ws/install/nanosaur_msgs/include/nanosaur_msgs/nanosaur_msgs/srv/detail/eye_message__type_support.h
[30.553s] -- Symlinking: /ws/install/nanosaur_msgs/include/nanosaur_msgs/nanosaur_msgs/srv/eye_message.h
[30.562s] -- Symlinking: /ws/install/nanosaur_msgs/share/nanosaur_msgs/environment/library_path.sh
[30.571s] -- Symlinking: /ws/install/nanosaur_msgs/share/nanosaur_msgs/environment/library_path.dsv
[30.582s] -- Symlinking: /ws/install/nanosaur_msgs/include/nanosaur_msgs/nanosaur_msgs/msg/detail/eyes__rosidl_typesupport_fastrtps_c.h
[30.590s] -- Symlinking: /ws/install/nanosaur_msgs/include/nanosaur_msgs/nanosaur_msgs/msg/rosidl_typesupport_fastrtps_c__visibility_control.h
[30.599s] -- Symlinking: /ws/install/nanosaur_msgs/include/nanosaur_msgs/nanosaur_msgs/srv/detail/eye_message__rosidl_typesupport_fastrtps_c.h
[30.609s] -- Symlinking: /ws/install/nanosaur_msgs/include/nanosaur_msgs/nanosaur_msgs/msg/detail/eyes__rosidl_typesupport_introspection_c.h
[30.618s] -- Symlinking: /ws/install/nanosaur_msgs/include/nanosaur_msgs/nanosaur_msgs/msg/rosidl_typesupport_introspection_c__visibility_control.h
[30.627s] -- Symlinking: /ws/install/nanosaur_msgs/include/nanosaur_msgs/nanosaur_msgs/srv/detail/eye_message__rosidl_typesupport_introspection_c.h
[30.637s] -- Symlinking: /ws/install/nanosaur_msgs/include/nanosaur_msgs/nanosaur_msgs/msg/detail/eyes__builder.hpp
[30.646s] -- Symlinking: /ws/install/nanosaur_msgs/include/nanosaur_msgs/nanosaur_msgs/msg/detail/eyes__struct.hpp
[30.655s] -- Symlinking: /ws/install/nanosaur_msgs/include/nanosaur_msgs/nanosaur_msgs/msg/detail/eyes__traits.hpp
[30.664s] -- Symlinking: /ws/install/nanosaur_msgs/include/nanosaur_msgs/nanosaur_msgs/msg/eyes.hpp
[30.673s] -- Symlinking: /ws/install/nanosaur_msgs/include/nanosaur_msgs/nanosaur_msgs/srv/detail/eye_message__builder.hpp
[30.681s] -- Symlinking: /ws/install/nanosaur_msgs/include/nanosaur_msgs/nanosaur_msgs/srv/detail/eye_message__struct.hpp
[30.690s] -- Symlinking: /ws/install/nanosaur_msgs/include/nanosaur_msgs/nanosaur_msgs/srv/detail/eye_message__traits.hpp
[30.698s] -- Symlinking: /ws/install/nanosaur_msgs/include/nanosaur_msgs/nanosaur_msgs/srv/eye_message.hpp
[30.709s] -- Symlinking: /ws/install/nanosaur_msgs/include/nanosaur_msgs/nanosaur_msgs/msg/detail/eyes__rosidl_typesupport_fastrtps_cpp.hpp
[30.718s] -- Symlinking: /ws/install/nanosaur_msgs/include/nanosaur_msgs/nanosaur_msgs/msg/rosidl_typesupport_fastrtps_cpp__visibility_control.h
[30.727s] -- Symlinking: /ws/install/nanosaur_msgs/include/nanosaur_msgs/nanosaur_msgs/srv/detail/eye_message__rosidl_typesupport_fastrtps_cpp.hpp
[30.737s] -- Symlinking: /ws/install/nanosaur_msgs/include/nanosaur_msgs/nanosaur_msgs/msg/detail/eyes__rosidl_typesupport_introspection_cpp.hpp
[30.746s] -- Symlinking: /ws/install/nanosaur_msgs/include/nanosaur_msgs/nanosaur_msgs/srv/detail/eye_message__rosidl_typesupport_introspection_cpp.hpp
[30.755s] -- Symlinking: /ws/install/nanosaur_msgs/share/nanosaur_msgs/environment/pythonpath.sh
[30.764s] -- Symlinking: /ws/install/nanosaur_msgs/share/nanosaur_msgs/environment/pythonpath.dsv
[30.774s] -- Symlinking: /ws/install/nanosaur_msgs/lib/python3.8/site-packages/nanosaur_msgs-2.1.0-py3.8.egg-info/PKG-INFO
[30.782s] -- Symlinking: /ws/install/nanosaur_msgs/lib/python3.8/site-packages/nanosaur_msgs-2.1.0-py3.8.egg-info/SOURCES.txt
[30.791s] -- Symlinking: /ws/install/nanosaur_msgs/lib/python3.8/site-packages/nanosaur_msgs-2.1.0-py3.8.egg-info/dependency_links.txt
[30.800s] -- Symlinking: /ws/install/nanosaur_msgs/lib/python3.8/site-packages/nanosaur_msgs-2.1.0-py3.8.egg-info/top_level.txt
[30.811s] -- Symlinking: /ws/install/nanosaur_msgs/lib/python3.8/site-packages/nanosaur_msgs/__init__.py
[30.820s] -- Symlinking: /ws/install/nanosaur_msgs/lib/python3.8/site-packages/nanosaur_msgs/_nanosaur_msgs_s.ep.rosidl_typesupport_c.c
[30.829s] -- Symlinking: /ws/install/nanosaur_msgs/lib/python3.8/site-packages/nanosaur_msgs/_nanosaur_msgs_s.ep.rosidl_typesupport_fastrtps_c.c
[30.838s] -- Symlinking: /ws/install/nanosaur_msgs/lib/python3.8/site-packages/nanosaur_msgs/_nanosaur_msgs_s.ep.rosidl_typesupport_introspection_c.c
[30.847s] -- Symlinking: /ws/install/nanosaur_msgs/lib/python3.8/site-packages/nanosaur_msgs/libnanosaur_msgs__rosidl_generator_py.so
[30.856s] -- Symlinking: /ws/install/nanosaur_msgs/lib/python3.8/site-packages/nanosaur_msgs/msg/__init__.py
[30.864s] -- Symlinking: /ws/install/nanosaur_msgs/lib/python3.8/site-packages/nanosaur_msgs/msg/_eyes.py
[30.873s] -- Symlinking: /ws/install/nanosaur_msgs/lib/python3.8/site-packages/nanosaur_msgs/msg/_eyes_s.c
[30.881s] -- Symlinking: /ws/install/nanosaur_msgs/lib/python3.8/site-packages/nanosaur_msgs/nanosaur_msgs_s__rosidl_typesupport_c.cpython-38-aarch64-linux-gnu.so
[30.890s] -- Symlinking: /ws/install/nanosaur_msgs/lib/python3.8/site-packages/nanosaur_msgs/nanosaur_msgs_s__rosidl_typesupport_fastrtps_c.cpython-38-aarch64-linux-gnu.so
[30.898s] -- Symlinking: /ws/install/nanosaur_msgs/lib/python3.8/site-packages/nanosaur_msgs/nanosaur_msgs_s__rosidl_typesupport_introspection_c.cpython-38-aarch64-linux-gnu.so
[30.908s] -- Symlinking: /ws/install/nanosaur_msgs/lib/python3.8/site-packages/nanosaur_msgs/srv/__init__.py
[30.916s] -- Symlinking: /ws/install/nanosaur_msgs/lib/python3.8/site-packages/nanosaur_msgs/srv/_eye_message.py
[30.925s] -- Symlinking: /ws/install/nanosaur_msgs/lib/python3.8/site-packages/nanosaur_msgs/srv/_eye_message_s.c
[30.935s] -- Up-to-date symlink: /ws/install/nanosaur_msgs/lib/python3.8/site-packages/nanosaur_msgs/nanosaur_msgs_s__rosidl_typesupport_fastrtps_c.cpython-38-aarch64-linux-gnu.so
[30.936s] -- Up-to-date symlink: /ws/install/nanosaur_msgs/lib/python3.8/site-packages/nanosaur_msgs/nanosaur_msgs_s__rosidl_typesupport_introspection_c.cpython-38-aarch64-linux-gnu.so
[30.938s] -- Up-to-date symlink: /ws/install/nanosaur_msgs/lib/python3.8/site-packages/nanosaur_msgs/nanosaur_msgs_s__rosidl_typesupport_c.cpython-38-aarch64-linux-gnu.so
[30.938s] -- Symlinking: /ws/install/nanosaur_msgs/share/nanosaur_msgs/msg/Eyes.idl
[30.948s] -- Symlinking: /ws/install/nanosaur_msgs/share/nanosaur_msgs/srv/EyeMessage.idl
[30.957s] -- Symlinking: /ws/install/nanosaur_msgs/share/nanosaur_msgs/msg/Eyes.msg
[30.965s] -- Symlinking: /ws/install/nanosaur_msgs/share/nanosaur_msgs/srv/EyeMessage.srv
[30.974s] -- Symlinking: /ws/install/nanosaur_msgs/share/nanosaur_msgs/srv/EyeMessage_Request.msg
[30.983s] -- Symlinking: /ws/install/nanosaur_msgs/share/nanosaur_msgs/srv/EyeMessage_Response.msg
[30.993s] -- Symlinking: /ws/install/nanosaur_msgs/share/ament_index/resource_index/package_run_dependencies/nanosaur_msgs
[31.002s] -- Symlinking: /ws/install/nanosaur_msgs/share/ament_index/resource_index/parent_prefix_path/nanosaur_msgs
[31.011s] -- Symlinking: /ws/install/nanosaur_msgs/share/nanosaur_msgs/environment/ament_prefix_path.sh
[31.020s] -- Symlinking: /ws/install/nanosaur_msgs/share/nanosaur_msgs/environment/ament_prefix_path.dsv
[31.030s] -- Symlinking: /ws/install/nanosaur_msgs/share/nanosaur_msgs/environment/path.sh
[31.039s] -- Symlinking: /ws/install/nanosaur_msgs/share/nanosaur_msgs/environment/path.dsv
[31.048s] -- Symlinking: /ws/install/nanosaur_msgs/share/nanosaur_msgs/local_setup.bash
[31.057s] -- Symlinking: /ws/install/nanosaur_msgs/share/nanosaur_msgs/local_setup.sh
[31.066s] -- Symlinking: /ws/install/nanosaur_msgs/share/nanosaur_msgs/local_setup.zsh
[31.075s] -- Symlinking: /ws/install/nanosaur_msgs/share/nanosaur_msgs/local_setup.dsv
[31.084s] -- Symlinking: /ws/install/nanosaur_msgs/share/nanosaur_msgs/package.dsv
[31.093s] -- Symlinking: /ws/install/nanosaur_msgs/share/ament_index/resource_index/packages/nanosaur_msgs
[31.102s] -- Symlinking: /ws/install/nanosaur_msgs/share/nanosaur_msgs/cmake/rosidl_cmake-extras.cmake
[31.111s] -- Symlinking: /ws/install/nanosaur_msgs/share/nanosaur_msgs/cmake/ament_cmake_export_dependencies-extras.cmake
[31.121s] -- Symlinking: /ws/install/nanosaur_msgs/share/nanosaur_msgs/cmake/ament_cmake_export_include_directories-extras.cmake
[31.131s] -- Symlinking: /ws/install/nanosaur_msgs/share/nanosaur_msgs/cmake/ament_cmake_export_libraries-extras.cmake
[31.140s] -- Symlinking: /ws/install/nanosaur_msgs/share/nanosaur_msgs/cmake/ament_cmake_export_targets-extras.cmake
[31.149s] -- Symlinking: /ws/install/nanosaur_msgs/share/nanosaur_msgs/cmake/rosidl_cmake_export_typesupport_targets-extras.cmake
[31.158s] -- Symlinking: /ws/install/nanosaur_msgs/share/nanosaur_msgs/cmake/rosidl_cmake_export_typesupport_libraries-extras.cmake
[31.167s] -- Symlinking: /ws/install/nanosaur_msgs/share/nanosaur_msgs/cmake/nanosaur_msgsConfig.cmake
[31.176s] -- Symlinking: /ws/install/nanosaur_msgs/share/nanosaur_msgs/cmake/nanosaur_msgsConfig-version.cmake
[31.185s] -- Symlinking: /ws/install/nanosaur_msgs/share/nanosaur_msgs/package.xml
[31.197s] -- Installing: /ws/install/nanosaur_msgs/lib/libnanosaur_msgs__rosidl_generator_c.so
[31.199s] -- Set runtime path of "/ws/install/nanosaur_msgs/lib/libnanosaur_msgs__rosidl_generator_c.so" to ""
[31.199s] -- Installing: /ws/install/nanosaur_msgs/lib/libnanosaur_msgs__rosidl_typesupport_fastrtps_c.so
[31.200s] -- Set runtime path of "/ws/install/nanosaur_msgs/lib/libnanosaur_msgs__rosidl_typesupport_fastrtps_c.so" to ""
[31.201s] -- Installing: /ws/install/nanosaur_msgs/lib/libnanosaur_msgs__rosidl_typesupport_introspection_c.so
[31.202s] -- Set runtime path of "/ws/install/nanosaur_msgs/lib/libnanosaur_msgs__rosidl_typesupport_introspection_c.so" to ""
[31.202s] -- Installing: /ws/install/nanosaur_msgs/lib/libnanosaur_msgs__rosidl_typesupport_c.so
[31.203s] -- Set runtime path of "/ws/install/nanosaur_msgs/lib/libnanosaur_msgs__rosidl_typesupport_c.so" to ""
[31.204s] -- Installing: /ws/install/nanosaur_msgs/lib/libnanosaur_msgs__rosidl_typesupport_fastrtps_cpp.so
[31.205s] -- Set runtime path of "/ws/install/nanosaur_msgs/lib/libnanosaur_msgs__rosidl_typesupport_fastrtps_cpp.so" to ""
[31.206s] -- Installing: /ws/install/nanosaur_msgs/lib/libnanosaur_msgs__rosidl_typesupport_introspection_cpp.so
[31.207s] -- Set runtime path of "/ws/install/nanosaur_msgs/lib/libnanosaur_msgs__rosidl_typesupport_introspection_cpp.so" to ""
[31.207s] -- Installing: /ws/install/nanosaur_msgs/lib/libnanosaur_msgs__rosidl_typesupport_cpp.so
[31.208s] -- Set runtime path of "/ws/install/nanosaur_msgs/lib/libnanosaur_msgs__rosidl_typesupport_cpp.so" to ""
[31.344s] Listing '/ws/install/nanosaur_msgs/lib/python3.8/site-packages/nanosaur_msgs'...
[31.345s] Compiling '/ws/install/nanosaur_msgs/lib/python3.8/site-packages/nanosaur_msgs/__init__.py'...
[31.345s] Listing '/ws/install/nanosaur_msgs/lib/python3.8/site-packages/nanosaur_msgs/msg'...
[31.346s] Compiling '/ws/install/nanosaur_msgs/lib/python3.8/site-packages/nanosaur_msgs/msg/__init__.py'...
[31.346s] Compiling '/ws/install/nanosaur_msgs/lib/python3.8/site-packages/nanosaur_msgs/msg/_eyes.py'...
[31.347s] Listing '/ws/install/nanosaur_msgs/lib/python3.8/site-packages/nanosaur_msgs/srv'...
[31.347s] Compiling '/ws/install/nanosaur_msgs/lib/python3.8/site-packages/nanosaur_msgs/srv/__init__.py'...
[31.347s] Compiling '/ws/install/nanosaur_msgs/lib/python3.8/site-packages/nanosaur_msgs/srv/_eye_message.py'...
[31.365s] -- Installing: /ws/install/nanosaur_msgs/lib/libnanosaur_msgs__rosidl_generator_py.so
[31.366s] -- Set runtime path of "/ws/install/nanosaur_msgs/lib/libnanosaur_msgs__rosidl_generator_py.so" to ""
[31.366s] -- Installing: /ws/install/nanosaur_msgs/share/nanosaur_msgs/cmake/export_nanosaur_msgs__rosidl_generator_cExport.cmake
[31.367s] -- Installing: /ws/install/nanosaur_msgs/share/nanosaur_msgs/cmake/export_nanosaur_msgs__rosidl_generator_cExport-noconfig.cmake
[31.367s] -- Installing: /ws/install/nanosaur_msgs/share/nanosaur_msgs/cmake/export_nanosaur_msgs__rosidl_typesupport_fastrtps_cExport.cmake
[31.368s] -- Installing: /ws/install/nanosaur_msgs/share/nanosaur_msgs/cmake/export_nanosaur_msgs__rosidl_typesupport_fastrtps_cExport-noconfig.cmake
[31.369s] -- Installing: /ws/install/nanosaur_msgs/share/nanosaur_msgs/cmake/nanosaur_msgs__rosidl_typesupport_introspection_cExport.cmake
[31.370s] -- Installing: /ws/install/nanosaur_msgs/share/nanosaur_msgs/cmake/nanosaur_msgs__rosidl_typesupport_introspection_cExport-noconfig.cmake
[31.370s] -- Installing: /ws/install/nanosaur_msgs/share/nanosaur_msgs/cmake/nanosaur_msgs__rosidl_typesupport_cExport.cmake
[31.371s] -- Installing: /ws/install/nanosaur_msgs/share/nanosaur_msgs/cmake/nanosaur_msgs__rosidl_typesupport_cExport-noconfig.cmake
[31.371s] -- Installing: /ws/install/nanosaur_msgs/share/nanosaur_msgs/cmake/export_nanosaur_msgs__rosidl_generator_cppExport.cmake
[31.372s] -- Installing: /ws/install/nanosaur_msgs/share/nanosaur_msgs/cmake/export_nanosaur_msgs__rosidl_typesupport_fastrtps_cppExport.cmake
[31.373s] -- Installing: /ws/install/nanosaur_msgs/share/nanosaur_msgs/cmake/export_nanosaur_msgs__rosidl_typesupport_fastrtps_cppExport-noconfig.cmake
[31.373s] -- Installing: /ws/install/nanosaur_msgs/share/nanosaur_msgs/cmake/nanosaur_msgs__rosidl_typesupport_introspection_cppExport.cmake
[31.374s] -- Installing: /ws/install/nanosaur_msgs/share/nanosaur_msgs/cmake/nanosaur_msgs__rosidl_typesupport_introspection_cppExport-noconfig.cmake
[31.375s] -- Installing: /ws/install/nanosaur_msgs/share/nanosaur_msgs/cmake/nanosaur_msgs__rosidl_typesupport_cppExport.cmake
[31.375s] -- Installing: /ws/install/nanosaur_msgs/share/nanosaur_msgs/cmake/nanosaur_msgs__rosidl_typesupport_cppExport-noconfig.cmake
[31.376s] -- Installing: /ws/install/nanosaur_msgs/share/nanosaur_msgs/cmake/export_nanosaur_msgs__rosidl_generator_pyExport.cmake
[31.377s] -- Installing: /ws/install/nanosaur_msgs/share/nanosaur_msgs/cmake/export_nanosaur_msgs__rosidl_generator_pyExport-noconfig.cmake
[31.398s] Invoked command in '/ws/build/nanosaur_msgs' returned '0': /usr/local/bin/cmake --install /ws/build/nanosaur_msgs
