[0.352s] Invoking command in '/ws/build/image_pub': CMAKE_PREFIX_PATH=/ws/install/nanosaur_msgs:/ws/install/nanosaur_control:/ws/install/image_pub:/ws/install/rover_line_follower:/ws/install/teleop_twist_keyboard:/ws/install/nanosaur_hardware:/ros_deep_learning/install/ros_deep_learning:/opt/ros/humble/install /usr/local/bin/cmake --build /ws/build/image_pub -- -j4 -l4
[1.566s] [ 66%] Built target camera_calibration_pub
[1.567s] [ 66%] Built target stereo_image_pub
[1.568s] [100%] Built target mono_image_pub
[1.591s] Invoked command in '/ws/build/image_pub' returned '0': CMAKE_PREFIX_PATH=/ws/install/nanosaur_msgs:/ws/install/nanosaur_control:/ws/install/image_pub:/ws/install/rover_line_follower:/ws/install/teleop_twist_keyboard:/ws/install/nanosaur_hardware:/ros_deep_learning/install/ros_deep_learning:/opt/ros/humble/install /usr/local/bin/cmake --build /ws/build/image_pub -- -j4 -l4
[2.180s] Invoking command in '/ws/build/image_pub': CMAKE_PREFIX_PATH=/ws/install/nanosaur_msgs:/ws/install/nanosaur_control:/ws/install/image_pub:/ws/install/rover_line_follower:/ws/install/teleop_twist_keyboard:/ws/install/nanosaur_hardware:/ros_deep_learning/install/ros_deep_learning:/opt/ros/humble/install /usr/local/bin/cmake --install /ws/build/image_pub
[2.360s] -- Install configuration: ""
[2.362s] -- Execute custom install script
[2.364s] -- Up-to-date symlink: /ws/install/image_pub/lib/image_pub/mono_image_pub
[2.365s] -- Up-to-date symlink: /ws/install/image_pub/lib/image_pub/stereo_image_pub
[2.366s] -- Up-to-date symlink: /ws/install/image_pub/lib/image_pub/camera_calibration_pub
[2.369s] -- Up-to-date symlink: /ws/install/image_pub/share/image_pub//launch/raw_image_pub.launch.py
[2.370s] -- Up-to-date symlink: /ws/install/image_pub/share/image_pub//launch/stereo_rect_image_pub.launch.py
[2.375s] -- Up-to-date symlink: /ws/install/image_pub/share/image_pub//config/cal_results/extrinsics.yml
[2.383s] -- Up-to-date symlink: /ws/install/image_pub/share/image_pub//config/cal_results/intrinsics.yml
[2.383s] -- Up-to-date symlink: /ws/install/image_pub/share/image_pub//config/imx21983_raw_image_pub.yaml
[2.384s] -- Up-to-date symlink: /ws/install/image_pub/share/image_pub//config/imx21983_stereo_rect_image_pub.yaml
[2.387s] -- Up-to-date symlink: /ws/install/image_pub/share/ament_index/resource_index/package_run_dependencies/image_pub
[2.389s] -- Up-to-date symlink: /ws/install/image_pub/share/ament_index/resource_index/parent_prefix_path/image_pub
[2.391s] -- Up-to-date symlink: /ws/install/image_pub/share/image_pub/environment/ament_prefix_path.sh
[2.392s] -- Up-to-date symlink: /ws/install/image_pub/share/image_pub/environment/ament_prefix_path.dsv
[2.394s] -- Up-to-date symlink: /ws/install/image_pub/share/image_pub/environment/path.sh
[2.395s] -- Up-to-date symlink: /ws/install/image_pub/share/image_pub/environment/path.dsv
[2.396s] -- Up-to-date symlink: /ws/install/image_pub/share/image_pub/local_setup.bash
[2.397s] -- Up-to-date symlink: /ws/install/image_pub/share/image_pub/local_setup.sh
[2.398s] -- Up-to-date symlink: /ws/install/image_pub/share/image_pub/local_setup.zsh
[2.400s] -- Up-to-date symlink: /ws/install/image_pub/share/image_pub/local_setup.dsv
[2.401s] -- Symlinking: /ws/install/image_pub/share/image_pub/package.dsv
[2.413s] -- Up-to-date symlink: /ws/install/image_pub/share/ament_index/resource_index/packages/image_pub
[2.416s] -- Up-to-date symlink: /ws/install/image_pub/share/image_pub/cmake/image_pubConfig.cmake
[2.417s] -- Up-to-date symlink: /ws/install/image_pub/share/image_pub/cmake/image_pubConfig-version.cmake
[2.418s] -- Up-to-date symlink: /ws/install/image_pub/share/image_pub/package.xml
[2.447s] Invoked command in '/ws/build/image_pub' returned '0': CMAKE_PREFIX_PATH=/ws/install/nanosaur_msgs:/ws/install/nanosaur_control:/ws/install/image_pub:/ws/install/rover_line_follower:/ws/install/teleop_twist_keyboard:/ws/install/nanosaur_hardware:/ros_deep_learning/install/ros_deep_learning:/opt/ros/humble/install /usr/local/bin/cmake --install /ws/build/image_pub
