-- The C compiler identification is GNU 9.4.0
-- The CXX compiler identification is GNU 9.4.0
-- Detecting C compiler ABI info
-- Detecting C compiler ABI info - done
-- Check for working C compiler: /usr/bin/cc - skipped
-- Detecting C compile features
-- Detecting C compile features - done
-- Detecting CXX compiler ABI info
-- Detecting CXX compiler ABI info - done
-- Check for working CXX compiler: /usr/bin/c++ - skipped
-- Detecting CXX compile features
-- Detecting CXX compile features - done
-- Found ament_cmake: 1.3.4 (/opt/ros/humble/install/share/ament_cmake/cmake)
-- Found Python3: /usr/bin/python3.8 (found version "3.8.10") found components: Interpreter 
-- Override CMake install command with custom implementation using symlinks instead of copying resources
-- Configuring done (8.0s)
-- Generating done (0.0s)
-- Build files have been written to: /ws/build/nanosaur_control
-- Install configuration: ""
-- Execute custom install script
-- Symlinking: /ws/install/nanosaur_control/share/nanosaur_control/launch/nanosaur_bringup.launch.py
-- Symlinking: /ws/install/nanosaur_control/share/nanosaur_control/launch/teleop.launch.py
-- Symlinking: /ws/install/nanosaur_control/share/nanosaur_control/launch/twist_control.launch.py
-- Symlinking: /ws/install/nanosaur_control/share/nanosaur_control/config/joystick.yaml
-- Symlinking: /ws/install/nanosaur_control/share/nanosaur_control/config/ps3.nanosaur.yml
-- Symlinking: /ws/install/nanosaur_control/share/nanosaur_control/config/twist_mux_locks.yaml
-- Symlinking: /ws/install/nanosaur_control/share/nanosaur_control/config/twist_mux_topics.yaml
-- Symlinking: /ws/install/nanosaur_control/share/ament_index/resource_index/package_run_dependencies/nanosaur_control
-- Symlinking: /ws/install/nanosaur_control/share/ament_index/resource_index/parent_prefix_path/nanosaur_control
-- Symlinking: /ws/install/nanosaur_control/share/nanosaur_control/environment/ament_prefix_path.sh
-- Symlinking: /ws/install/nanosaur_control/share/nanosaur_control/environment/ament_prefix_path.dsv
-- Symlinking: /ws/install/nanosaur_control/share/nanosaur_control/environment/path.sh
-- Symlinking: /ws/install/nanosaur_control/share/nanosaur_control/environment/path.dsv
-- Symlinking: /ws/install/nanosaur_control/share/nanosaur_control/local_setup.bash
-- Symlinking: /ws/install/nanosaur_control/share/nanosaur_control/local_setup.sh
-- Symlinking: /ws/install/nanosaur_control/share/nanosaur_control/local_setup.zsh
-- Symlinking: /ws/install/nanosaur_control/share/nanosaur_control/local_setup.dsv
-- Symlinking: /ws/install/nanosaur_control/share/nanosaur_control/package.dsv
-- Symlinking: /ws/install/nanosaur_control/share/ament_index/resource_index/packages/nanosaur_control
-- Symlinking: /ws/install/nanosaur_control/share/nanosaur_control/cmake/nanosaur_controlConfig.cmake
-- Symlinking: /ws/install/nanosaur_control/share/nanosaur_control/cmake/nanosaur_controlConfig-version.cmake
-- Symlinking: /ws/install/nanosaur_control/share/nanosaur_control/package.xml
