running develop
running egg_info
creating rover_line_follower.egg-info
writing rover_line_follower.egg-info/PKG-INFO
writing dependency_links to rover_line_follower.egg-info/dependency_links.txt
writing entry points to rover_line_follower.egg-info/entry_points.txt
writing requirements to rover_line_follower.egg-info/requires.txt
writing top-level names to rover_line_follower.egg-info/top_level.txt
writing manifest file 'rover_line_follower.egg-info/SOURCES.txt'
reading manifest file 'rover_line_follower.egg-info/SOURCES.txt'
writing manifest file 'rover_line_follower.egg-info/SOURCES.txt'
running build_ext
Creating /ws/install/rover_line_follower/lib/python3.8/site-packages/site.py
Creating /ws/install/rover_line_follower/lib/python3.8/site-packages/rover-line-follower.egg-link (link to .)
Installing rover_line_follower script to /ws/install/rover_line_follower/lib/rover_line_follower

Installed /ws/build/rover_line_follower
running install_data
creating /ws/install/rover_line_follower/share/ament_index
creating /ws/install/rover_line_follower/share/ament_index/resource_index
creating /ws/install/rover_line_follower/share/ament_index/resource_index/packages
copying resource/rover_line_follower -> /ws/install/rover_line_follower/share/ament_index/resource_index/packages
copying package.xml -> /ws/install/rover_line_follower/share/rover_line_follower
