[3.389s] Invoking command in '/ws/build/rover_line_follower': PYTHONPATH=/ws/build/rover_line_follower/prefix_override:/ws/install/rover_line_follower/lib/python3.8/site-packages:${PYTHONPATH} /usr/bin/python3 setup.py develop --editable --build-directory /ws/build/rover_line_follower/build --no-deps install_data
[4.830s] running develop
[5.991s] running egg_info
[5.992s] creating rover_line_follower.egg-info
[5.993s] writing rover_line_follower.egg-info/PKG-INFO
[6.000s] writing dependency_links to rover_line_follower.egg-info/dependency_links.txt
[6.001s] writing entry points to rover_line_follower.egg-info/entry_points.txt
[6.001s] writing requirements to rover_line_follower.egg-info/requires.txt
[6.002s] writing top-level names to rover_line_follower.egg-info/top_level.txt
[6.003s] writing manifest file 'rover_line_follower.egg-info/SOURCES.txt'
[6.221s] reading manifest file 'rover_line_follower.egg-info/SOURCES.txt'
[6.225s] writing manifest file 'rover_line_follower.egg-info/SOURCES.txt'
[6.440s] running build_ext
[6.441s] Creating /ws/install/rover_line_follower/lib/python3.8/site-packages/site.py
[6.450s] Creating /ws/install/rover_line_follower/lib/python3.8/site-packages/rover-line-follower.egg-link (link to .)
[6.454s] Installing rover_line_follower script to /ws/install/rover_line_follower/lib/rover_line_follower
[6.455s] 
[6.456s] Installed /ws/build/rover_line_follower
[6.456s] running install_data
[6.457s] creating /ws/install/rover_line_follower/share/ament_index
[6.457s] creating /ws/install/rover_line_follower/share/ament_index/resource_index
[6.458s] creating /ws/install/rover_line_follower/share/ament_index/resource_index/packages
[6.458s] copying resource/rover_line_follower -> /ws/install/rover_line_follower/share/ament_index/resource_index/packages
[6.459s] copying package.xml -> /ws/install/rover_line_follower/share/rover_line_follower
[6.746s] Invoked command in '/ws/build/rover_line_follower' returned '0': PYTHONPATH=/ws/build/rover_line_follower/prefix_override:/ws/install/rover_line_follower/lib/python3.8/site-packages:${PYTHONPATH} /usr/bin/python3 setup.py develop --editable --build-directory /ws/build/rover_line_follower/build --no-deps install_data
