[0.119s] Invoking command in '/ws/build/nanosaur_control': /usr/local/bin/cmake --build /ws/build/nanosaur_control -- -j4 -l4
[0.507s] Invoked command in '/ws/build/nanosaur_control' returned '0': /usr/local/bin/cmake --build /ws/build/nanosaur_control -- -j4 -l4
[0.790s] Invoking command in '/ws/build/nanosaur_control': /usr/local/bin/cmake --install /ws/build/nanosaur_control
[0.893s] -- Install configuration: ""
[0.896s] -- Execute custom install script
[0.898s] -- Symlinking: /ws/install/nanosaur_control/share/nanosaur_control/launch/nanosaur_bringup.launch.py
[0.907s] -- Up-to-date symlink: /ws/install/nanosaur_control/share/nanosaur_control/launch/teleop.launch.py
[0.909s] -- Up-to-date symlink: /ws/install/nanosaur_control/share/nanosaur_control/launch/twist_control.launch.py
[0.911s] -- Up-to-date symlink: /ws/install/nanosaur_control/share/nanosaur_control/config/joystick.yaml
[0.911s] -- Up-to-date symlink: /ws/install/nanosaur_control/share/nanosaur_control/config/ps3.nanosaur.yml
[0.912s] -- Up-to-date symlink: /ws/install/nanosaur_control/share/nanosaur_control/config/twist_mux_locks.yaml
[0.913s] -- Up-to-date symlink: /ws/install/nanosaur_control/share/nanosaur_control/config/twist_mux_topics.yaml
[0.915s] -- Up-to-date symlink: /ws/install/nanosaur_control/share/ament_index/resource_index/package_run_dependencies/nanosaur_control
[0.916s] -- Up-to-date symlink: /ws/install/nanosaur_control/share/ament_index/resource_index/parent_prefix_path/nanosaur_control
[0.918s] -- Up-to-date symlink: /ws/install/nanosaur_control/share/nanosaur_control/environment/ament_prefix_path.sh
[0.919s] -- Up-to-date symlink: /ws/install/nanosaur_control/share/nanosaur_control/environment/ament_prefix_path.dsv
[0.920s] -- Up-to-date symlink: /ws/install/nanosaur_control/share/nanosaur_control/environment/path.sh
[0.920s] -- Up-to-date symlink: /ws/install/nanosaur_control/share/nanosaur_control/environment/path.dsv
[0.922s] -- Up-to-date symlink: /ws/install/nanosaur_control/share/nanosaur_control/local_setup.bash
[0.923s] -- Up-to-date symlink: /ws/install/nanosaur_control/share/nanosaur_control/local_setup.sh
[0.924s] -- Up-to-date symlink: /ws/install/nanosaur_control/share/nanosaur_control/local_setup.zsh
[0.925s] -- Up-to-date symlink: /ws/install/nanosaur_control/share/nanosaur_control/local_setup.dsv
[0.925s] -- Symlinking: /ws/install/nanosaur_control/share/nanosaur_control/package.dsv
[0.935s] -- Up-to-date symlink: /ws/install/nanosaur_control/share/ament_index/resource_index/packages/nanosaur_control
[0.936s] -- Up-to-date symlink: /ws/install/nanosaur_control/share/nanosaur_control/cmake/nanosaur_controlConfig.cmake
[0.937s] -- Up-to-date symlink: /ws/install/nanosaur_control/share/nanosaur_control/cmake/nanosaur_controlConfig-version.cmake
[0.938s] -- Up-to-date symlink: /ws/install/nanosaur_control/share/nanosaur_control/package.xml
[0.958s] Invoked command in '/ws/build/nanosaur_control' returned '0': /usr/local/bin/cmake --install /ws/build/nanosaur_control
