[5.919s] Invoking command in '/ws/build/rosboard': PYTHONPATH=/ws/build/rosboard/prefix_override:/ws/install/rosboard/lib/python3.8/site-packages:${PYTHONPATH} /usr/bin/python3 setup.py develop --editable --build-directory /ws/build/rosboard/build --no-deps install_data
[7.017s] running develop
[7.718s] running egg_info
[7.719s] creating rosboard.egg-info
[7.720s] writing rosboard.egg-info/PKG-INFO
[7.721s] writing dependency_links to rosboard.egg-info/dependency_links.txt
[7.721s] writing entry points to rosboard.egg-info/entry_points.txt
[7.722s] writing requirements to rosboard.egg-info/requires.txt
[7.723s] writing top-level names to rosboard.egg-info/top_level.txt
[7.723s] writing manifest file 'rosboard.egg-info/SOURCES.txt'
[7.912s] reading manifest file 'rosboard.egg-info/SOURCES.txt'
[7.918s] writing manifest file 'rosboard.egg-info/SOURCES.txt'
[8.093s] running build_ext
[8.095s] Creating /ws/install/rosboard/lib/python3.8/site-packages/site.py
[8.103s] Creating /ws/install/rosboard/lib/python3.8/site-packages/rosboard.egg-link (link to .)
[8.106s] Installing rosboard_node script to /ws/install/rosboard/lib/rosboard
[8.107s] 
[8.108s] Installed /ws/build/rosboard
[8.108s] running install_data
[8.109s] copying package.xml -> /ws/install/rosboard/share/rosboard
[8.263s] Invoked command in '/ws/build/rosboard' returned '0': PYTHONPATH=/ws/build/rosboard/prefix_override:/ws/install/rosboard/lib/python3.8/site-packages:${PYTHONPATH} /usr/bin/python3 setup.py develop --editable --build-directory /ws/build/rosboard/build --no-deps install_data
