[0.340s] Invoking command in '/ws/build/image_pub': CMAKE_PREFIX_PATH=/ws/install/nanosaur_msgs:/ws/install/nanosaur_control:/ws/install/image_pub:/ws/install/teleop_twist_keyboard:/ws/install/rover_line_follower:/ws/install/rosboard:/ws/install/nanosaur_hardware:/ros_deep_learning/install/ros_deep_learning:/opt/ros/humble/install /usr/local/bin/cmake --build /ws/build/image_pub -- -j4 -l4
[1.529s] [ 33%] Built target mono_image_pub
[1.530s] [ 66%] Built target stereo_image_pub
[1.532s] [100%] Built target camera_calibration_pub
[1.549s] Invoked command in '/ws/build/image_pub' returned '0': CMAKE_PREFIX_PATH=/ws/install/nanosaur_msgs:/ws/install/nanosaur_control:/ws/install/image_pub:/ws/install/teleop_twist_keyboard:/ws/install/rover_line_follower:/ws/install/rosboard:/ws/install/nanosaur_hardware:/ros_deep_learning/install/ros_deep_learning:/opt/ros/humble/install /usr/local/bin/cmake --build /ws/build/image_pub -- -j4 -l4
[2.053s] Invoking command in '/ws/build/image_pub': CMAKE_PREFIX_PATH=/ws/install/nanosaur_msgs:/ws/install/nanosaur_control:/ws/install/image_pub:/ws/install/teleop_twist_keyboard:/ws/install/rover_line_follower:/ws/install/rosboard:/ws/install/nanosaur_hardware:/ros_deep_learning/install/ros_deep_learning:/opt/ros/humble/install /usr/local/bin/cmake --install /ws/build/image_pub
[2.275s] -- Install configuration: ""
[2.289s] -- Execute custom install script
[2.306s] -- Up-to-date symlink: /ws/install/image_pub/lib/image_pub/mono_image_pub
[2.307s] -- Up-to-date symlink: /ws/install/image_pub/lib/image_pub/stereo_image_pub
[2.308s] -- Up-to-date symlink: /ws/install/image_pub/lib/image_pub/camera_calibration_pub
[2.308s] -- Up-to-date symlink: /ws/install/image_pub/share/image_pub//launch/raw_image_pub.launch.py
[2.308s] -- Up-to-date symlink: /ws/install/image_pub/share/image_pub//launch/stereo_rect_image_pub.launch.py
[2.323s] -- Up-to-date symlink: /ws/install/image_pub/share/image_pub//config/cal_results/extrinsics.yml
[2.324s] -- Up-to-date symlink: /ws/install/image_pub/share/image_pub//config/cal_results/intrinsics.yml
[2.324s] -- Up-to-date symlink: /ws/install/image_pub/share/image_pub//config/imx21983_raw_image_pub.yaml
[2.324s] -- Up-to-date symlink: /ws/install/image_pub/share/image_pub//config/imx21983_stereo_rect_image_pub.yaml
[2.325s] -- Up-to-date symlink: /ws/install/image_pub/share/ament_index/resource_index/package_run_dependencies/image_pub
[2.325s] -- Up-to-date symlink: /ws/install/image_pub/share/ament_index/resource_index/parent_prefix_path/image_pub
[2.326s] -- Up-to-date symlink: /ws/install/image_pub/share/image_pub/environment/ament_prefix_path.sh
[2.326s] -- Up-to-date symlink: /ws/install/image_pub/share/image_pub/environment/ament_prefix_path.dsv
[2.341s] -- Up-to-date symlink: /ws/install/image_pub/share/image_pub/environment/path.sh
[2.342s] -- Up-to-date symlink: /ws/install/image_pub/share/image_pub/environment/path.dsv
[2.342s] -- Up-to-date symlink: /ws/install/image_pub/share/image_pub/local_setup.bash
[2.342s] -- Up-to-date symlink: /ws/install/image_pub/share/image_pub/local_setup.sh
[2.343s] -- Up-to-date symlink: /ws/install/image_pub/share/image_pub/local_setup.zsh
[2.343s] -- Up-to-date symlink: /ws/install/image_pub/share/image_pub/local_setup.dsv
[2.344s] -- Symlinking: /ws/install/image_pub/share/image_pub/package.dsv
[2.393s] -- Up-to-date symlink: /ws/install/image_pub/share/ament_index/resource_index/packages/image_pub
[2.394s] -- Up-to-date symlink: /ws/install/image_pub/share/image_pub/cmake/image_pubConfig.cmake
[2.394s] -- Up-to-date symlink: /ws/install/image_pub/share/image_pub/cmake/image_pubConfig-version.cmake
[2.395s] -- Up-to-date symlink: /ws/install/image_pub/share/image_pub/package.xml
[2.463s] Invoked command in '/ws/build/image_pub' returned '0': CMAKE_PREFIX_PATH=/ws/install/nanosaur_msgs:/ws/install/nanosaur_control:/ws/install/image_pub:/ws/install/teleop_twist_keyboard:/ws/install/rover_line_follower:/ws/install/rosboard:/ws/install/nanosaur_hardware:/ros_deep_learning/install/ros_deep_learning:/opt/ros/humble/install /usr/local/bin/cmake --install /ws/build/image_pub
