In file included from [01m[K/opt/ros/humble/include/rclcpp/rclcpp/logging.hpp:24[m[K,
                 from [01m[K/opt/ros/humble/include/rclcpp/rclcpp/client.hpp:40[m[K,
                 from [01m[K/opt/ros/humble/include/rclcpp/rclcpp/callback_group.hpp:24[m[K,
                 from [01m[K/opt/ros/humble/include/rclcpp/rclcpp/any_executable.hpp:20[m[K,
                 from [01m[K/opt/ros/humble/include/rclcpp/rclcpp/memory_strategy.hpp:25[m[K,
                 from [01m[K/opt/ros/humble/include/rclcpp/rclcpp/memory_strategies.hpp:18[m[K,
                 from [01m[K/opt/ros/humble/include/rclcpp/rclcpp/executor_options.hpp:20[m[K,
                 from [01m[K/opt/ros/humble/include/rclcpp/rclcpp/executor.hpp:37[m[K,
                 from [01m[K/opt/ros/humble/include/rclcpp/rclcpp/executors/multi_threaded_executor.hpp:25[m[K,
                 from [01m[K/opt/ros/humble/include/rclcpp/rclcpp/executors.hpp:21[m[K,
                 from [01m[K/opt/ros/humble/include/rclcpp/rclcpp/rclcpp.hpp:155[m[K,
                 from [01m[K/ws/src/rb_nanosaur/cpp_first_pkg/src/lifecycle.cpp:1[m[K:
[01m[K/ws/src/rb_nanosaur/cpp_first_pkg/src/lifecycle.cpp:[m[K In member function ‘[01m[Kvoid Talker::timer_callback()[m[K’:
[01m[K/ws/src/rb_nanosaur/cpp_first_pkg/src/lifecycle.cpp:12:37:[m[K [01;35m[Kwarning: [m[Kformat ‘[01m[K%d[m[K’ expects argument of type ‘[01m[Kint[m[K’, but argument 5 has type ‘[01m[Ksize_t[m[K’ {aka ‘[01m[Klong unsigned int[m[K’} [[01;35m[K-Wformat=[m[K]
   12 |     RCLCPP_INFO(this->get_logger(), [01;35m[K"I am Simple OOP Example, count : %d"[m[K, [32m[Km_count[m[K);
      |                                     [01;35m[K^~~~~~~~~~~~~~~~~~~~~~~~~~~~~~~~~~~~~[m[K  [32m[K~~~~~~~[m[K
      |                                                                            [32m[K|[m[K
      |                                                                            [32m[Ksize_t {aka long unsigned int}[m[K
[01m[K/ws/src/rb_nanosaur/cpp_first_pkg/src/lifecycle.cpp:12:72:[m[K [01;36m[Knote: [m[Kformat string is defined here
   12 |     RCLCPP_INFO(this->get_logger(), "I am Simple OOP Example, count : [01;36m[K%d[m[K", m_count);
      |                                                                       [01;36m[K~^[m[K
      |                                                                        [01;36m[K|[m[K
      |                                                                        [01;36m[Kint[m[K
      |                                                                       [32m[K%ld[m[K
In file included from [01m[K/opt/ros/humble/include/rclcpp/rclcpp/logging.hpp:24[m[K,
                 from [01m[K/opt/ros/humble/include/rclcpp/rclcpp/client.hpp:40[m[K,
                 from [01m[K/opt/ros/humble/include/rclcpp/rclcpp/callback_group.hpp:24[m[K,
                 from [01m[K/opt/ros/humble/include/rclcpp/rclcpp/any_executable.hpp:20[m[K,
                 from [01m[K/opt/ros/humble/include/rclcpp/rclcpp/memory_strategy.hpp:25[m[K,
                 from [01m[K/opt/ros/humble/include/rclcpp/rclcpp/memory_strategies.hpp:18[m[K,
                 from [01m[K/opt/ros/humble/include/rclcpp/rclcpp/executor_options.hpp:20[m[K,
                 from [01m[K/opt/ros/humble/include/rclcpp/rclcpp/executor.hpp:37[m[K,
                 from [01m[K/opt/ros/humble/include/rclcpp/rclcpp/executors/multi_threaded_executor.hpp:25[m[K,
                 from [01m[K/opt/ros/humble/include/rclcpp/rclcpp/executors.hpp:21[m[K,
                 from [01m[K/opt/ros/humble/include/rclcpp/rclcpp/rclcpp.hpp:155[m[K,
                 from [01m[K/ws/src/rb_nanosaur/cpp_first_pkg/src/simple_oop.cpp:1[m[K:
[01m[K/ws/src/rb_nanosaur/cpp_first_pkg/src/simple_oop.cpp:[m[K In member function ‘[01m[Kvoid Talker::timer_callback()[m[K’:
[01m[K/ws/src/rb_nanosaur/cpp_first_pkg/src/simple_oop.cpp:12:37:[m[K [01;35m[Kwarning: [m[Kformat ‘[01m[K%d[m[K’ expects argument of type ‘[01m[Kint[m[K’, but argument 5 has type ‘[01m[Ksize_t[m[K’ {aka ‘[01m[Klong unsigned int[m[K’} [[01;35m[K-Wformat=[m[K]
   12 |     RCLCPP_INFO(this->get_logger(), [01;35m[K"I am Simple OOP Example, count : %d"[m[K, [32m[Km_count[m[K);
      |                                     [01;35m[K^~~~~~~~~~~~~~~~~~~~~~~~~~~~~~~~~~~~~[m[K  [32m[K~~~~~~~[m[K
      |                                                                            [32m[K|[m[K
      |                                                                            [32m[Ksize_t {aka long unsigned int}[m[K
[01m[K/ws/src/rb_nanosaur/cpp_first_pkg/src/simple_oop.cpp:12:72:[m[K [01;36m[Knote: [m[Kformat string is defined here
   12 |     RCLCPP_INFO(this->get_logger(), "I am Simple OOP Example, count : [01;36m[K%d[m[K", m_count);
      |                                                                       [01;36m[K~^[m[K
      |                                                                        [01;36m[K|[m[K
      |                                                                        [01;36m[Kint[m[K
      |                                                                       [32m[K%ld[m[K
