-- The C compiler identification is GNU 11.3.0
-- The CXX compiler identification is GNU 11.3.0
-- Detecting C compiler ABI info
-- Detecting C compiler ABI info - done
-- Check for working C compiler: /usr/bin/cc - skipped
-- Detecting C compile features
-- Detecting C compile features - done
-- Detecting CXX compiler ABI info
-- Detecting CXX compiler ABI info - done
-- Check for working CXX compiler: /usr/bin/c++ - skipped
-- Detecting CXX compile features
-- Detecting CXX compile features - done
-- Found ament_cmake: 1.3.4 (/opt/ros/humble/share/ament_cmake/cmake)
-- Found Python3: /usr/bin/python3.10 (found version "3.10.6") found components: Interpreter 
-- Override CMake install command with custom implementation using symlinks instead of copying resources
-- Found rclcpp: 16.0.4 (/opt/ros/humble/share/rclcpp/cmake)
-- Found rosidl_generator_c: 3.1.4 (/opt/ros/humble/share/rosidl_generator_c/cmake)
-- Found rosidl_adapter: 3.1.4 (/opt/ros/humble/share/rosidl_adapter/cmake)
-- Found rosidl_generator_cpp: 3.1.4 (/opt/ros/humble/share/rosidl_generator_cpp/cmake)
-- Using all available rosidl_typesupport_c: rosidl_typesupport_fastrtps_c;rosidl_typesupport_introspection_c
-- Using all available rosidl_typesupport_cpp: rosidl_typesupport_fastrtps_cpp;rosidl_typesupport_introspection_cpp
-- Found rmw_implementation_cmake: 6.1.1 (/opt/ros/humble/share/rmw_implementation_cmake/cmake)
-- Found rmw_fastrtps_cpp: 6.2.2 (/opt/ros/humble/share/rmw_fastrtps_cpp/cmake)
-- Found OpenSSL: /usr/lib/aarch64-linux-gnu/libcrypto.so (found version "3.0.2")  
-- Found FastRTPS: /opt/ros/humble/include  
-- Using RMW implementation 'rmw_fastrtps_cpp' as default
-- Looking for pthread.h
-- Looking for pthread.h - found
-- Performing Test CMAKE_HAVE_LIBC_PTHREAD
-- Performing Test CMAKE_HAVE_LIBC_PTHREAD - Success
-- Found Threads: TRUE  
-- Found ament_lint_auto: 0.12.6 (/opt/ros/humble/share/ament_lint_auto/cmake)
-- Added test 'copyright' to check source files copyright and LICENSE
-- Added test 'cppcheck' to perform static code analysis on C / C++ code
-- Configured cppcheck include dirs: 
-- Configured cppcheck exclude dirs and/or files: 
-- Added test 'cpplint' to check C / C++ code against the Google style
-- Configured cpplint exclude dirs and/or files: 
-- Added test 'flake8' to check Python code syntax and style conventions
-- Added test 'lint_cmake' to check CMake code style
-- Added test 'pep257' to check Python code against some of the docstring style conventions in PEP 257
-- Added test 'uncrustify' to check C / C++ code style
-- Configured uncrustify additional arguments: 
-- Added test 'xmllint' to check XML markup files
-- Configuring done
-- Generating done
-- Build files have been written to: /ws/build/cpp_first_pkg
[ 20%] [32mBuilding CXX object CMakeFiles/simple_loop_node.dir/src/simple_loop.cpp.o[0m
[ 20%] [32mBuilding CXX object CMakeFiles/lifecycle_node.dir/src/lifecycle.cpp.o[0m
[ 30%] [32mBuilding CXX object CMakeFiles/simple_without_oop_node.dir/src/simple_without_oop.cpp.o[0m
[ 40%] [32mBuilding CXX object CMakeFiles/simple_oop_node.dir/src/simple_oop.cpp.o[0m
[ 80%] [32m[1mLinking CXX executable simple_loop_node[0m
[ 80%] [32m[1mLinking CXX executable simple_oop_node[0m
[ 80%] [32m[1mLinking CXX executable lifecycle_node[0m
[ 80%] [32m[1mLinking CXX executable simple_without_oop_node[0m
[ 80%] Built target simple_loop_node
[ 80%] Built target simple_without_oop_node
[ 80%] Built target simple_oop_node
[ 80%] Built target lifecycle_node
[ 90%] [32mBuilding CXX object CMakeFiles/simple_node.dir/src/simple.cpp.o[0m
[100%] [32m[1mLinking CXX executable simple_node[0m
[100%] Built target simple_node
-- Install configuration: ""
-- Execute custom install script
-- Symlinking: /ws/install/cpp_first_pkg/lib/cpp_first_pkg/lifecycle_node
-- Symlinking: /ws/install/cpp_first_pkg/lib/cpp_first_pkg/simple_loop_node
-- Symlinking: /ws/install/cpp_first_pkg/lib/cpp_first_pkg/simple_oop_node
-- Symlinking: /ws/install/cpp_first_pkg/lib/cpp_first_pkg/simple_without_oop_node
-- Symlinking: /ws/install/cpp_first_pkg/lib/cpp_first_pkg/simple_node
-- Symlinking: /ws/install/cpp_first_pkg/share/ament_index/resource_index/package_run_dependencies/cpp_first_pkg
-- Symlinking: /ws/install/cpp_first_pkg/share/ament_index/resource_index/parent_prefix_path/cpp_first_pkg
-- Symlinking: /ws/install/cpp_first_pkg/share/cpp_first_pkg/environment/ament_prefix_path.sh
-- Symlinking: /ws/install/cpp_first_pkg/share/cpp_first_pkg/environment/ament_prefix_path.dsv
-- Symlinking: /ws/install/cpp_first_pkg/share/cpp_first_pkg/environment/path.sh
-- Symlinking: /ws/install/cpp_first_pkg/share/cpp_first_pkg/environment/path.dsv
-- Symlinking: /ws/install/cpp_first_pkg/share/cpp_first_pkg/local_setup.bash
-- Symlinking: /ws/install/cpp_first_pkg/share/cpp_first_pkg/local_setup.sh
-- Symlinking: /ws/install/cpp_first_pkg/share/cpp_first_pkg/local_setup.zsh
-- Symlinking: /ws/install/cpp_first_pkg/share/cpp_first_pkg/local_setup.dsv
-- Symlinking: /ws/install/cpp_first_pkg/share/cpp_first_pkg/package.dsv
-- Symlinking: /ws/install/cpp_first_pkg/share/ament_index/resource_index/packages/cpp_first_pkg
-- Symlinking: /ws/install/cpp_first_pkg/share/cpp_first_pkg/cmake/cpp_first_pkgConfig.cmake
-- Symlinking: /ws/install/cpp_first_pkg/share/cpp_first_pkg/cmake/cpp_first_pkgConfig-version.cmake
-- Symlinking: /ws/install/cpp_first_pkg/share/cpp_first_pkg/package.xml
-- Symlinking: /ws/install/cpp_first_pkg/share/cpp_first_pkg//launch/simple_node.launch.py
