[0.054s] Invoking command in '/ws/build/cpp_first_pkg': CMAKE_PREFIX_PATH=${CMAKE_PREFIX_PATH}:/ws/install/nanosaur_hardware:/opt/ros/humble /usr/bin/cmake /ws/src/rb_nanosaur/cpp_first_pkg -DAMENT_CMAKE_SYMLINK_INSTALL=1 -DCMAKE_INSTALL_PREFIX=/ws/install/cpp_first_pkg
[1.004s] -- The C compiler identification is GNU 11.3.0
[1.457s] -- The CXX compiler identification is GNU 11.3.0
[1.489s] -- Detecting C compiler ABI info
[1.713s] -- Detecting C compiler ABI info - done
[1.745s] -- Check for working C compiler: /usr/bin/cc - skipped
[1.748s] -- Detecting C compile features
[1.750s] -- Detecting C compile features - done
[1.763s] -- Detecting CXX compiler ABI info
[2.029s] -- Detecting CXX compiler ABI info - done
[2.062s] -- Check for working CXX compiler: /usr/bin/c++ - skipped
[2.063s] -- Detecting CXX compile features
[2.065s] -- Detecting CXX compile features - done
[2.100s] -- Found ament_cmake: 1.3.4 (/opt/ros/humble/share/ament_cmake/cmake)
[2.779s] -- Found Python3: /usr/bin/python3.10 (found version "3.10.6") found components: Interpreter 
[3.046s] -- Override CMake install command with custom implementation using symlinks instead of copying resources
[3.248s] -- Found rclcpp: 16.0.4 (/opt/ros/humble/share/rclcpp/cmake)
[3.520s] -- Found rosidl_generator_c: 3.1.4 (/opt/ros/humble/share/rosidl_generator_c/cmake)
[3.557s] -- Found rosidl_adapter: 3.1.4 (/opt/ros/humble/share/rosidl_adapter/cmake)
[3.612s] -- Found rosidl_generator_cpp: 3.1.4 (/opt/ros/humble/share/rosidl_generator_cpp/cmake)
[3.700s] -- Using all available rosidl_typesupport_c: rosidl_typesupport_fastrtps_c;rosidl_typesupport_introspection_c
[3.818s] -- Using all available rosidl_typesupport_cpp: rosidl_typesupport_fastrtps_cpp;rosidl_typesupport_introspection_cpp
[4.215s] -- Found rmw_implementation_cmake: 6.1.1 (/opt/ros/humble/share/rmw_implementation_cmake/cmake)
[4.234s] -- Found rmw_fastrtps_cpp: 6.2.2 (/opt/ros/humble/share/rmw_fastrtps_cpp/cmake)
[4.728s] -- Found OpenSSL: /usr/lib/aarch64-linux-gnu/libcrypto.so (found version "3.0.2")  
[4.874s] -- Found FastRTPS: /opt/ros/humble/include  
[5.124s] -- Using RMW implementation 'rmw_fastrtps_cpp' as default
[5.187s] -- Looking for pthread.h
[5.441s] -- Looking for pthread.h - found
[5.442s] -- Performing Test CMAKE_HAVE_LIBC_PTHREAD
[5.670s] -- Performing Test CMAKE_HAVE_LIBC_PTHREAD - Success
[5.674s] -- Found Threads: TRUE  
[6.469s] -- Found ament_lint_auto: 0.12.6 (/opt/ros/humble/share/ament_lint_auto/cmake)
[6.880s] -- Added test 'copyright' to check source files copyright and LICENSE
[6.890s] -- Added test 'cppcheck' to perform static code analysis on C / C++ code
[6.890s] -- Configured cppcheck include dirs: 
[6.891s] -- Configured cppcheck exclude dirs and/or files: 
[6.897s] -- Added test 'cpplint' to check C / C++ code against the Google style
[6.897s] -- Configured cpplint exclude dirs and/or files: 
[6.901s] -- Added test 'flake8' to check Python code syntax and style conventions
[6.904s] -- Added test 'lint_cmake' to check CMake code style
[6.907s] -- Added test 'pep257' to check Python code against some of the docstring style conventions in PEP 257
[6.912s] -- Added test 'uncrustify' to check C / C++ code style
[6.912s] -- Configured uncrustify additional arguments: 
[6.916s] -- Added test 'xmllint' to check XML markup files
[6.924s] -- Configuring done
[7.000s] -- Generating done
[7.006s] -- Build files have been written to: /ws/build/cpp_first_pkg
[7.039s] Invoked command in '/ws/build/cpp_first_pkg' returned '0': CMAKE_PREFIX_PATH=${CMAKE_PREFIX_PATH}:/ws/install/nanosaur_hardware:/opt/ros/humble /usr/bin/cmake /ws/src/rb_nanosaur/cpp_first_pkg -DAMENT_CMAKE_SYMLINK_INSTALL=1 -DCMAKE_INSTALL_PREFIX=/ws/install/cpp_first_pkg
[7.046s] Invoking command in '/ws/build/cpp_first_pkg': CMAKE_PREFIX_PATH=${CMAKE_PREFIX_PATH}:/ws/install/nanosaur_hardware:/opt/ros/humble /usr/bin/cmake --build /ws/build/cpp_first_pkg -- -j4 -l4
[7.196s] [ 20%] [32mBuilding CXX object CMakeFiles/simple_loop_node.dir/src/simple_loop.cpp.o[0m
[7.197s] [ 20%] [32mBuilding CXX object CMakeFiles/lifecycle_node.dir/src/lifecycle.cpp.o[0m
[7.200s] [ 30%] [32mBuilding CXX object CMakeFiles/simple_without_oop_node.dir/src/simple_without_oop.cpp.o[0m
[7.201s] [ 40%] [32mBuilding CXX object CMakeFiles/simple_oop_node.dir/src/simple_oop.cpp.o[0m
[20.778s] In file included from [01m[K/opt/ros/humble/include/rclcpp/rclcpp/logging.hpp:24[m[K,
[20.785s]                  from [01m[K/opt/ros/humble/include/rclcpp/rclcpp/client.hpp:40[m[K,
[20.785s]                  from [01m[K/opt/ros/humble/include/rclcpp/rclcpp/callback_group.hpp:24[m[K,
[20.786s]                  from [01m[K/opt/ros/humble/include/rclcpp/rclcpp/any_executable.hpp:20[m[K,
[20.786s]                  from [01m[K/opt/ros/humble/include/rclcpp/rclcpp/memory_strategy.hpp:25[m[K,
[20.786s]                  from [01m[K/opt/ros/humble/include/rclcpp/rclcpp/memory_strategies.hpp:18[m[K,
[20.787s]                  from [01m[K/opt/ros/humble/include/rclcpp/rclcpp/executor_options.hpp:20[m[K,
[20.787s]                  from [01m[K/opt/ros/humble/include/rclcpp/rclcpp/executor.hpp:37[m[K,
[20.788s]                  from [01m[K/opt/ros/humble/include/rclcpp/rclcpp/executors/multi_threaded_executor.hpp:25[m[K,
[20.788s]                  from [01m[K/opt/ros/humble/include/rclcpp/rclcpp/executors.hpp:21[m[K,
[20.788s]                  from [01m[K/opt/ros/humble/include/rclcpp/rclcpp/rclcpp.hpp:155[m[K,
[20.789s]                  from [01m[K/ws/src/rb_nanosaur/cpp_first_pkg/src/lifecycle.cpp:1[m[K:
[20.789s] [01m[K/ws/src/rb_nanosaur/cpp_first_pkg/src/lifecycle.cpp:[m[K In member function ‘[01m[Kvoid Talker::timer_callback()[m[K’:
[20.789s] [01m[K/ws/src/rb_nanosaur/cpp_first_pkg/src/lifecycle.cpp:12:37:[m[K [01;35m[Kwarning: [m[Kformat ‘[01m[K%d[m[K’ expects argument of type ‘[01m[Kint[m[K’, but argument 5 has type ‘[01m[Ksize_t[m[K’ {aka ‘[01m[Klong unsigned int[m[K’} [[01;35m[K-Wformat=[m[K]
[20.790s]    12 |     RCLCPP_INFO(this->get_logger(), [01;35m[K"I am Simple OOP Example, count : %d"[m[K, [32m[Km_count[m[K);
[20.790s]       |                                     [01;35m[K^~~~~~~~~~~~~~~~~~~~~~~~~~~~~~~~~~~~~[m[K  [32m[K~~~~~~~[m[K
[20.790s]       |                                                                            [32m[K|[m[K
[20.791s]       |                                                                            [32m[Ksize_t {aka long unsigned int}[m[K
[20.791s] [01m[K/ws/src/rb_nanosaur/cpp_first_pkg/src/lifecycle.cpp:12:72:[m[K [01;36m[Knote: [m[Kformat string is defined here
[20.791s]    12 |     RCLCPP_INFO(this->get_logger(), "I am Simple OOP Example, count : [01;36m[K%d[m[K", m_count);
[20.792s]       |                                                                       [01;36m[K~^[m[K
[20.792s]       |                                                                        [01;36m[K|[m[K
[20.792s]       |                                                                        [01;36m[Kint[m[K
[20.793s]       |                                                                       [32m[K%ld[m[K
[20.793s] In file included from [01m[K/opt/ros/humble/include/rclcpp/rclcpp/logging.hpp:24[m[K,
[20.793s]                  from [01m[K/opt/ros/humble/include/rclcpp/rclcpp/client.hpp:40[m[K,
[20.794s]                  from [01m[K/opt/ros/humble/include/rclcpp/rclcpp/callback_group.hpp:24[m[K,
[20.794s]                  from [01m[K/opt/ros/humble/include/rclcpp/rclcpp/any_executable.hpp:20[m[K,
[20.794s]                  from [01m[K/opt/ros/humble/include/rclcpp/rclcpp/memory_strategy.hpp:25[m[K,
[20.795s]                  from [01m[K/opt/ros/humble/include/rclcpp/rclcpp/memory_strategies.hpp:18[m[K,
[20.795s]                  from [01m[K/opt/ros/humble/include/rclcpp/rclcpp/executor_options.hpp:20[m[K,
[20.795s]                  from [01m[K/opt/ros/humble/include/rclcpp/rclcpp/executor.hpp:37[m[K,
[20.796s]                  from [01m[K/opt/ros/humble/include/rclcpp/rclcpp/executors/multi_threaded_executor.hpp:25[m[K,
[20.796s]                  from [01m[K/opt/ros/humble/include/rclcpp/rclcpp/executors.hpp:21[m[K,
[20.796s]                  from [01m[K/opt/ros/humble/include/rclcpp/rclcpp/rclcpp.hpp:155[m[K,
[20.797s]                  from [01m[K/ws/src/rb_nanosaur/cpp_first_pkg/src/simple_oop.cpp:1[m[K:
[20.797s] [01m[K/ws/src/rb_nanosaur/cpp_first_pkg/src/simple_oop.cpp:[m[K In member function ‘[01m[Kvoid Talker::timer_callback()[m[K’:
[20.797s] [01m[K/ws/src/rb_nanosaur/cpp_first_pkg/src/simple_oop.cpp:12:37:[m[K [01;35m[Kwarning: [m[Kformat ‘[01m[K%d[m[K’ expects argument of type ‘[01m[Kint[m[K’, but argument 5 has type ‘[01m[Ksize_t[m[K’ {aka ‘[01m[Klong unsigned int[m[K’} [[01;35m[K-Wformat=[m[K]
[20.798s]    12 |     RCLCPP_INFO(this->get_logger(), [01;35m[K"I am Simple OOP Example, count : %d"[m[K, [32m[Km_count[m[K);
[20.798s]       |                                     [01;35m[K^~~~~~~~~~~~~~~~~~~~~~~~~~~~~~~~~~~~~[m[K  [32m[K~~~~~~~[m[K
[20.798s]       |                                                                            [32m[K|[m[K
[20.799s]       |                                                                            [32m[Ksize_t {aka long unsigned int}[m[K
[20.799s] [01m[K/ws/src/rb_nanosaur/cpp_first_pkg/src/simple_oop.cpp:12:72:[m[K [01;36m[Knote: [m[Kformat string is defined here
[20.799s]    12 |     RCLCPP_INFO(this->get_logger(), "I am Simple OOP Example, count : [01;36m[K%d[m[K", m_count);
[20.800s]       |                                                                       [01;36m[K~^[m[K
[20.806s]       |                                                                        [01;36m[K|[m[K
[20.807s]       |                                                                        [01;36m[Kint[m[K
[20.807s]       |                                                                       [32m[K%ld[m[K
[26.380s] [ 80%] [32m[1mLinking CXX executable simple_loop_node[0m
[26.386s] [ 80%] [32m[1mLinking CXX executable simple_oop_node[0m
[26.387s] [ 80%] [32m[1mLinking CXX executable lifecycle_node[0m
[26.387s] [ 80%] [32m[1mLinking CXX executable simple_without_oop_node[0m
[27.019s] [ 80%] Built target simple_loop_node
[27.048s] [ 80%] Built target simple_without_oop_node
[27.048s] [ 80%] Built target simple_oop_node
[27.049s] [ 80%] Built target lifecycle_node
[27.155s] [ 90%] [32mBuilding CXX object CMakeFiles/simple_node.dir/src/simple.cpp.o[0m
[38.982s] [100%] [32m[1mLinking CXX executable simple_node[0m
[39.354s] [100%] Built target simple_node
[39.403s] Invoked command in '/ws/build/cpp_first_pkg' returned '0': CMAKE_PREFIX_PATH=${CMAKE_PREFIX_PATH}:/ws/install/nanosaur_hardware:/opt/ros/humble /usr/bin/cmake --build /ws/build/cpp_first_pkg -- -j4 -l4
[39.532s] Invoking command in '/ws/build/cpp_first_pkg': CMAKE_PREFIX_PATH=${CMAKE_PREFIX_PATH}:/ws/install/nanosaur_hardware:/opt/ros/humble /usr/bin/cmake --install /ws/build/cpp_first_pkg
[39.552s] -- Install configuration: ""
[39.556s] -- Execute custom install script
[39.558s] -- Symlinking: /ws/install/cpp_first_pkg/lib/cpp_first_pkg/lifecycle_node
[39.583s] -- Symlinking: /ws/install/cpp_first_pkg/lib/cpp_first_pkg/simple_loop_node
[39.608s] -- Symlinking: /ws/install/cpp_first_pkg/lib/cpp_first_pkg/simple_oop_node
[39.632s] -- Symlinking: /ws/install/cpp_first_pkg/lib/cpp_first_pkg/simple_without_oop_node
[39.656s] -- Symlinking: /ws/install/cpp_first_pkg/lib/cpp_first_pkg/simple_node
[39.684s] -- Symlinking: /ws/install/cpp_first_pkg/share/ament_index/resource_index/package_run_dependencies/cpp_first_pkg
[39.710s] -- Symlinking: /ws/install/cpp_first_pkg/share/ament_index/resource_index/parent_prefix_path/cpp_first_pkg
[39.746s] -- Symlinking: /ws/install/cpp_first_pkg/share/cpp_first_pkg/environment/ament_prefix_path.sh
[39.772s] -- Symlinking: /ws/install/cpp_first_pkg/share/cpp_first_pkg/environment/ament_prefix_path.dsv
[39.797s] -- Symlinking: /ws/install/cpp_first_pkg/share/cpp_first_pkg/environment/path.sh
[39.821s] -- Symlinking: /ws/install/cpp_first_pkg/share/cpp_first_pkg/environment/path.dsv
[39.844s] -- Symlinking: /ws/install/cpp_first_pkg/share/cpp_first_pkg/local_setup.bash
[39.868s] -- Symlinking: /ws/install/cpp_first_pkg/share/cpp_first_pkg/local_setup.sh
[39.893s] -- Symlinking: /ws/install/cpp_first_pkg/share/cpp_first_pkg/local_setup.zsh
[39.917s] -- Symlinking: /ws/install/cpp_first_pkg/share/cpp_first_pkg/local_setup.dsv
[39.941s] -- Symlinking: /ws/install/cpp_first_pkg/share/cpp_first_pkg/package.dsv
[39.967s] -- Symlinking: /ws/install/cpp_first_pkg/share/ament_index/resource_index/packages/cpp_first_pkg
[39.994s] -- Symlinking: /ws/install/cpp_first_pkg/share/cpp_first_pkg/cmake/cpp_first_pkgConfig.cmake
[40.018s] -- Symlinking: /ws/install/cpp_first_pkg/share/cpp_first_pkg/cmake/cpp_first_pkgConfig-version.cmake
[40.043s] -- Symlinking: /ws/install/cpp_first_pkg/share/cpp_first_pkg/package.xml
[40.071s] -- Symlinking: /ws/install/cpp_first_pkg/share/cpp_first_pkg//launch/simple_node.launch.py
[40.111s] Invoked command in '/ws/build/cpp_first_pkg' returned '0': CMAKE_PREFIX_PATH=${CMAKE_PREFIX_PATH}:/ws/install/nanosaur_hardware:/opt/ros/humble /usr/bin/cmake --install /ws/build/cpp_first_pkg
