[0.276s] Invoking command in '/ws/build/nanosaur_control': CMAKE_PREFIX_PATH=/ws/install/nanosaur_msgs:/ws/install/nanosaur_control:/ws/install/image_pub:/ws/install/teleop_twist_keyboard:/ws/install/rover_line_follower:/ws/install/rosboard:/ws/install/nanosaur_hardware:/ros_deep_learning/install/ros_deep_learning:/opt/ros/humble/install /usr/local/bin/cmake --build /ws/build/nanosaur_control -- -j4 -l4
[1.534s] Invoked command in '/ws/build/nanosaur_control' returned '0': CMAKE_PREFIX_PATH=/ws/install/nanosaur_msgs:/ws/install/nanosaur_control:/ws/install/image_pub:/ws/install/teleop_twist_keyboard:/ws/install/rover_line_follower:/ws/install/rosboard:/ws/install/nanosaur_hardware:/ros_deep_learning/install/ros_deep_learning:/opt/ros/humble/install /usr/local/bin/cmake --build /ws/build/nanosaur_control -- -j4 -l4
[1.972s] Invoking command in '/ws/build/nanosaur_control': CMAKE_PREFIX_PATH=/ws/install/nanosaur_msgs:/ws/install/nanosaur_control:/ws/install/image_pub:/ws/install/teleop_twist_keyboard:/ws/install/rover_line_follower:/ws/install/rosboard:/ws/install/nanosaur_hardware:/ros_deep_learning/install/ros_deep_learning:/opt/ros/humble/install /usr/local/bin/cmake --install /ws/build/nanosaur_control
[2.262s] -- Install configuration: ""
[2.264s] -- Execute custom install script
[2.269s] -- Up-to-date symlink: /ws/install/nanosaur_control/share/nanosaur_control/launch/nanosaur_bringup.launch.py
[2.270s] -- Up-to-date symlink: /ws/install/nanosaur_control/share/nanosaur_control/launch/teleop.launch.py
[2.272s] -- Up-to-date symlink: /ws/install/nanosaur_control/share/nanosaur_control/launch/twist_control.launch.py
[2.273s] -- Up-to-date symlink: /ws/install/nanosaur_control/share/nanosaur_control/config/joystick.yaml
[2.274s] -- Up-to-date symlink: /ws/install/nanosaur_control/share/nanosaur_control/config/ps3.nanosaur.yml
[2.277s] -- Up-to-date symlink: /ws/install/nanosaur_control/share/nanosaur_control/config/twist_mux_locks.yaml
[2.280s] -- Up-to-date symlink: /ws/install/nanosaur_control/share/nanosaur_control/config/twist_mux_topics.yaml
[2.284s] -- Up-to-date symlink: /ws/install/nanosaur_control/share/ament_index/resource_index/package_run_dependencies/nanosaur_control
[2.290s] -- Up-to-date symlink: /ws/install/nanosaur_control/share/ament_index/resource_index/parent_prefix_path/nanosaur_control
[2.291s] -- Up-to-date symlink: /ws/install/nanosaur_control/share/nanosaur_control/environment/ament_prefix_path.sh
[2.293s] -- Up-to-date symlink: /ws/install/nanosaur_control/share/nanosaur_control/environment/ament_prefix_path.dsv
[2.300s] -- Up-to-date symlink: /ws/install/nanosaur_control/share/nanosaur_control/environment/path.sh
[2.302s] -- Up-to-date symlink: /ws/install/nanosaur_control/share/nanosaur_control/environment/path.dsv
[2.304s] -- Up-to-date symlink: /ws/install/nanosaur_control/share/nanosaur_control/local_setup.bash
[2.305s] -- Up-to-date symlink: /ws/install/nanosaur_control/share/nanosaur_control/local_setup.sh
[2.307s] -- Up-to-date symlink: /ws/install/nanosaur_control/share/nanosaur_control/local_setup.zsh
[2.310s] -- Up-to-date symlink: /ws/install/nanosaur_control/share/nanosaur_control/local_setup.dsv
[2.311s] -- Symlinking: /ws/install/nanosaur_control/share/nanosaur_control/package.dsv
[2.340s] -- Up-to-date symlink: /ws/install/nanosaur_control/share/ament_index/resource_index/packages/nanosaur_control
[2.340s] -- Up-to-date symlink: /ws/install/nanosaur_control/share/nanosaur_control/cmake/nanosaur_controlConfig.cmake
[2.341s] -- Up-to-date symlink: /ws/install/nanosaur_control/share/nanosaur_control/cmake/nanosaur_controlConfig-version.cmake
[2.344s] -- Up-to-date symlink: /ws/install/nanosaur_control/share/nanosaur_control/package.xml
[2.491s] Invoked command in '/ws/build/nanosaur_control' returned '0': CMAKE_PREFIX_PATH=/ws/install/nanosaur_msgs:/ws/install/nanosaur_control:/ws/install/image_pub:/ws/install/teleop_twist_keyboard:/ws/install/rover_line_follower:/ws/install/rosboard:/ws/install/nanosaur_hardware:/ros_deep_learning/install/ros_deep_learning:/opt/ros/humble/install /usr/local/bin/cmake --install /ws/build/nanosaur_control
