[3.185s] Invoking command in '/ws/build/rover_line_follower': PYTHONPATH=/ws/build/rover_line_follower/prefix_override:/ws/install/rover_line_follower/lib/python3.8/site-packages:${PYTHONPATH} /usr/bin/python3 setup.py develop --editable --build-directory /ws/build/rover_line_follower/build --no-deps install_data
[4.192s] running develop
[4.805s] running egg_info
[4.806s] creating rover_line_follower.egg-info
[4.806s] writing rover_line_follower.egg-info/PKG-INFO
[4.807s] writing dependency_links to rover_line_follower.egg-info/dependency_links.txt
[4.808s] writing entry points to rover_line_follower.egg-info/entry_points.txt
[4.808s] writing requirements to rover_line_follower.egg-info/requires.txt
[4.809s] writing top-level names to rover_line_follower.egg-info/top_level.txt
[4.809s] writing manifest file 'rover_line_follower.egg-info/SOURCES.txt'
[4.953s] reading manifest file 'rover_line_follower.egg-info/SOURCES.txt'
[4.955s] writing manifest file 'rover_line_follower.egg-info/SOURCES.txt'
[5.112s] running build_ext
[5.115s] Creating /ws/install/rover_line_follower/lib/python3.8/site-packages/site.py
[5.123s] Creating /ws/install/rover_line_follower/lib/python3.8/site-packages/rover-line-follower.egg-link (link to .)
[5.126s] Installing rover_line_follower script to /ws/install/rover_line_follower/lib/rover_line_follower
[5.127s] 
[5.127s] Installed /ws/build/rover_line_follower
[5.128s] running install_data
[5.128s] creating /ws/install/rover_line_follower/share/ament_index
[5.128s] creating /ws/install/rover_line_follower/share/ament_index/resource_index
[5.129s] creating /ws/install/rover_line_follower/share/ament_index/resource_index/packages
[5.129s] copying resource/rover_line_follower -> /ws/install/rover_line_follower/share/ament_index/resource_index/packages
[5.130s] copying package.xml -> /ws/install/rover_line_follower/share/rover_line_follower
[5.261s] Invoked command in '/ws/build/rover_line_follower' returned '0': PYTHONPATH=/ws/build/rover_line_follower/prefix_override:/ws/install/rover_line_follower/lib/python3.8/site-packages:${PYTHONPATH} /usr/bin/python3 setup.py develop --editable --build-directory /ws/build/rover_line_follower/build --no-deps install_data
