[1.304s] Invoking command in '/ws/build/nanosaur_msgs': CMAKE_PREFIX_PATH=/ws/install/nanosaur_msgs:/ws/install/nanosaur_control:/ws/install/image_pub:/ws/install/teleop_twist_keyboard:/ws/install/rover_line_follower:/ws/install/rosboard:/ws/install/nanosaur_hardware:/ros_deep_learning/install/ros_deep_learning:/opt/ros/humble/install /usr/local/bin/cmake --build /ws/build/nanosaur_msgs -- -j4 -l4
[1.558s] [  0%] Built target ament_cmake_python_symlink_nanosaur_msgs
[1.565s] [  5%] Built target nanosaur_msgs__cpp
[1.567s] [ 12%] Built target nanosaur_msgs__rosidl_generator_c
[1.667s] [ 23%] Built target nanosaur_msgs__rosidl_typesupport_cpp
[1.675s] [ 33%] Built target nanosaur_msgs__rosidl_typesupport_introspection_cpp
[1.691s] [ 43%] Built target nanosaur_msgs__rosidl_typesupport_fastrtps_cpp
[1.780s] [ 53%] Built target nanosaur_msgs__rosidl_typesupport_introspection_c
[1.791s] [ 64%] Built target nanosaur_msgs__rosidl_typesupport_fastrtps_c
[1.798s] [ 74%] Built target nanosaur_msgs__rosidl_typesupport_c
[1.835s] [ 74%] Built target nanosaur_msgs
[1.921s] [ 76%] Built target nanosaur_msgs__py
[2.039s] [ 84%] Built target nanosaur_msgs__rosidl_generator_py
[2.171s] [ 89%] Built target nanosaur_msgs__rosidl_typesupport_fastrtps_c__pyext
[2.187s] [ 94%] Built target nanosaur_msgs__rosidl_typesupport_introspection_c__pyext
[2.208s] [100%] Built target nanosaur_msgs__rosidl_typesupport_c__pyext
[2.802s] running egg_info
[2.807s] writing nanosaur_msgs.egg-info/PKG-INFO
[2.808s] writing dependency_links to nanosaur_msgs.egg-info/dependency_links.txt
[2.809s] writing top-level names to nanosaur_msgs.egg-info/top_level.txt
[2.962s] reading manifest file 'nanosaur_msgs.egg-info/SOURCES.txt'
[2.964s] writing manifest file 'nanosaur_msgs.egg-info/SOURCES.txt'
[3.061s] [100%] Built target ament_cmake_python_build_nanosaur_msgs_egg
[4.083s] Invoked command in '/ws/build/nanosaur_msgs' returned '0': CMAKE_PREFIX_PATH=/ws/install/nanosaur_msgs:/ws/install/nanosaur_control:/ws/install/image_pub:/ws/install/teleop_twist_keyboard:/ws/install/rover_line_follower:/ws/install/rosboard:/ws/install/nanosaur_hardware:/ros_deep_learning/install/ros_deep_learning:/opt/ros/humble/install /usr/local/bin/cmake --build /ws/build/nanosaur_msgs -- -j4 -l4
[5.276s] Invoking command in '/ws/build/nanosaur_msgs': CMAKE_PREFIX_PATH=/ws/install/nanosaur_msgs:/ws/install/nanosaur_control:/ws/install/image_pub:/ws/install/teleop_twist_keyboard:/ws/install/rover_line_follower:/ws/install/rosboard:/ws/install/nanosaur_hardware:/ros_deep_learning/install/ros_deep_learning:/opt/ros/humble/install /usr/local/bin/cmake --install /ws/build/nanosaur_msgs
[5.437s] -- Install configuration: ""
[5.438s] -- Execute custom install script
[5.439s] -- Up-to-date symlink: /ws/install/nanosaur_msgs/share/ament_index/resource_index/rosidl_interfaces/nanosaur_msgs
[5.442s] -- Up-to-date symlink: /ws/install/nanosaur_msgs/include/nanosaur_msgs/nanosaur_msgs/msg/detail/eyes__functions.h
[5.442s] -- Up-to-date symlink: /ws/install/nanosaur_msgs/include/nanosaur_msgs/nanosaur_msgs/msg/detail/eyes__struct.h
[5.443s] -- Up-to-date symlink: /ws/install/nanosaur_msgs/include/nanosaur_msgs/nanosaur_msgs/msg/detail/eyes__type_support.h
[5.444s] -- Up-to-date symlink: /ws/install/nanosaur_msgs/include/nanosaur_msgs/nanosaur_msgs/msg/eyes.h
[5.444s] -- Up-to-date symlink: /ws/install/nanosaur_msgs/include/nanosaur_msgs/nanosaur_msgs/msg/rosidl_generator_c__visibility_control.h
[5.445s] -- Up-to-date symlink: /ws/install/nanosaur_msgs/include/nanosaur_msgs/nanosaur_msgs/srv/detail/eye_message__functions.h
[5.445s] -- Up-to-date symlink: /ws/install/nanosaur_msgs/include/nanosaur_msgs/nanosaur_msgs/srv/detail/eye_message__struct.h
[5.446s] -- Up-to-date symlink: /ws/install/nanosaur_msgs/include/nanosaur_msgs/nanosaur_msgs/srv/detail/eye_message__type_support.h
[5.447s] -- Up-to-date symlink: /ws/install/nanosaur_msgs/include/nanosaur_msgs/nanosaur_msgs/srv/eye_message.h
[5.448s] -- Up-to-date symlink: /ws/install/nanosaur_msgs/share/nanosaur_msgs/environment/library_path.sh
[5.448s] -- Up-to-date symlink: /ws/install/nanosaur_msgs/share/nanosaur_msgs/environment/library_path.dsv
[5.451s] -- Up-to-date symlink: /ws/install/nanosaur_msgs/include/nanosaur_msgs/nanosaur_msgs/msg/detail/eyes__rosidl_typesupport_fastrtps_c.h
[5.452s] -- Up-to-date symlink: /ws/install/nanosaur_msgs/include/nanosaur_msgs/nanosaur_msgs/msg/rosidl_typesupport_fastrtps_c__visibility_control.h
[5.452s] -- Up-to-date symlink: /ws/install/nanosaur_msgs/include/nanosaur_msgs/nanosaur_msgs/srv/detail/eye_message__rosidl_typesupport_fastrtps_c.h
[5.454s] -- Up-to-date symlink: /ws/install/nanosaur_msgs/include/nanosaur_msgs/nanosaur_msgs/msg/detail/eyes__rosidl_typesupport_introspection_c.h
[5.455s] -- Up-to-date symlink: /ws/install/nanosaur_msgs/include/nanosaur_msgs/nanosaur_msgs/msg/rosidl_typesupport_introspection_c__visibility_control.h
[5.455s] -- Up-to-date symlink: /ws/install/nanosaur_msgs/include/nanosaur_msgs/nanosaur_msgs/srv/detail/eye_message__rosidl_typesupport_introspection_c.h
[5.458s] -- Up-to-date symlink: /ws/install/nanosaur_msgs/include/nanosaur_msgs/nanosaur_msgs/msg/detail/eyes__builder.hpp
[5.459s] -- Up-to-date symlink: /ws/install/nanosaur_msgs/include/nanosaur_msgs/nanosaur_msgs/msg/detail/eyes__struct.hpp
[5.459s] -- Up-to-date symlink: /ws/install/nanosaur_msgs/include/nanosaur_msgs/nanosaur_msgs/msg/detail/eyes__traits.hpp
[5.460s] -- Up-to-date symlink: /ws/install/nanosaur_msgs/include/nanosaur_msgs/nanosaur_msgs/msg/eyes.hpp
[5.460s] -- Up-to-date symlink: /ws/install/nanosaur_msgs/include/nanosaur_msgs/nanosaur_msgs/srv/detail/eye_message__builder.hpp
[5.461s] -- Up-to-date symlink: /ws/install/nanosaur_msgs/include/nanosaur_msgs/nanosaur_msgs/srv/detail/eye_message__struct.hpp
[5.461s] -- Up-to-date symlink: /ws/install/nanosaur_msgs/include/nanosaur_msgs/nanosaur_msgs/srv/detail/eye_message__traits.hpp
[5.462s] -- Up-to-date symlink: /ws/install/nanosaur_msgs/include/nanosaur_msgs/nanosaur_msgs/srv/eye_message.hpp
[5.465s] -- Up-to-date symlink: /ws/install/nanosaur_msgs/include/nanosaur_msgs/nanosaur_msgs/msg/detail/eyes__rosidl_typesupport_fastrtps_cpp.hpp
[5.466s] -- Up-to-date symlink: /ws/install/nanosaur_msgs/include/nanosaur_msgs/nanosaur_msgs/msg/rosidl_typesupport_fastrtps_cpp__visibility_control.h
[5.466s] -- Up-to-date symlink: /ws/install/nanosaur_msgs/include/nanosaur_msgs/nanosaur_msgs/srv/detail/eye_message__rosidl_typesupport_fastrtps_cpp.hpp
[5.468s] -- Up-to-date symlink: /ws/install/nanosaur_msgs/include/nanosaur_msgs/nanosaur_msgs/msg/detail/eyes__rosidl_typesupport_introspection_cpp.hpp
[5.469s] -- Up-to-date symlink: /ws/install/nanosaur_msgs/include/nanosaur_msgs/nanosaur_msgs/srv/detail/eye_message__rosidl_typesupport_introspection_cpp.hpp
[5.469s] -- Up-to-date symlink: /ws/install/nanosaur_msgs/share/nanosaur_msgs/environment/pythonpath.sh
[5.470s] -- Up-to-date symlink: /ws/install/nanosaur_msgs/share/nanosaur_msgs/environment/pythonpath.dsv
[5.472s] -- Up-to-date symlink: /ws/install/nanosaur_msgs/lib/python3.8/site-packages/nanosaur_msgs-2.1.0-py3.8.egg-info/PKG-INFO
[5.472s] -- Up-to-date symlink: /ws/install/nanosaur_msgs/lib/python3.8/site-packages/nanosaur_msgs-2.1.0-py3.8.egg-info/SOURCES.txt
[5.473s] -- Up-to-date symlink: /ws/install/nanosaur_msgs/lib/python3.8/site-packages/nanosaur_msgs-2.1.0-py3.8.egg-info/dependency_links.txt
[5.477s] -- Up-to-date symlink: /ws/install/nanosaur_msgs/lib/python3.8/site-packages/nanosaur_msgs-2.1.0-py3.8.egg-info/top_level.txt
[5.478s] -- Up-to-date symlink: /ws/install/nanosaur_msgs/lib/python3.8/site-packages/nanosaur_msgs/__init__.py
[5.479s] -- Up-to-date symlink: /ws/install/nanosaur_msgs/lib/python3.8/site-packages/nanosaur_msgs/_nanosaur_msgs_s.ep.rosidl_typesupport_c.c
[5.479s] -- Up-to-date symlink: /ws/install/nanosaur_msgs/lib/python3.8/site-packages/nanosaur_msgs/_nanosaur_msgs_s.ep.rosidl_typesupport_fastrtps_c.c
[5.480s] -- Up-to-date symlink: /ws/install/nanosaur_msgs/lib/python3.8/site-packages/nanosaur_msgs/_nanosaur_msgs_s.ep.rosidl_typesupport_introspection_c.c
[5.480s] -- Up-to-date symlink: /ws/install/nanosaur_msgs/lib/python3.8/site-packages/nanosaur_msgs/libnanosaur_msgs__rosidl_generator_py.so
[5.482s] -- Up-to-date symlink: /ws/install/nanosaur_msgs/lib/python3.8/site-packages/nanosaur_msgs/msg/__init__.py
[5.483s] -- Up-to-date symlink: /ws/install/nanosaur_msgs/lib/python3.8/site-packages/nanosaur_msgs/msg/_eyes.py
[5.488s] -- Up-to-date symlink: /ws/install/nanosaur_msgs/lib/python3.8/site-packages/nanosaur_msgs/msg/_eyes_s.c
[5.489s] -- Up-to-date symlink: /ws/install/nanosaur_msgs/lib/python3.8/site-packages/nanosaur_msgs/nanosaur_msgs_s__rosidl_typesupport_c.cpython-38-aarch64-linux-gnu.so
[5.489s] -- Up-to-date symlink: /ws/install/nanosaur_msgs/lib/python3.8/site-packages/nanosaur_msgs/nanosaur_msgs_s__rosidl_typesupport_fastrtps_c.cpython-38-aarch64-linux-gnu.so
[5.490s] -- Up-to-date symlink: /ws/install/nanosaur_msgs/lib/python3.8/site-packages/nanosaur_msgs/nanosaur_msgs_s__rosidl_typesupport_introspection_c.cpython-38-aarch64-linux-gnu.so
[5.490s] -- Up-to-date symlink: /ws/install/nanosaur_msgs/lib/python3.8/site-packages/nanosaur_msgs/srv/__init__.py
[5.497s] -- Up-to-date symlink: /ws/install/nanosaur_msgs/lib/python3.8/site-packages/nanosaur_msgs/srv/_eye_message.py
[5.497s] -- Up-to-date symlink: /ws/install/nanosaur_msgs/lib/python3.8/site-packages/nanosaur_msgs/srv/_eye_message_s.c
[5.498s] -- Up-to-date symlink: /ws/install/nanosaur_msgs/lib/python3.8/site-packages/nanosaur_msgs/nanosaur_msgs_s__rosidl_typesupport_fastrtps_c.cpython-38-aarch64-linux-gnu.so
[5.498s] -- Up-to-date symlink: /ws/install/nanosaur_msgs/lib/python3.8/site-packages/nanosaur_msgs/nanosaur_msgs_s__rosidl_typesupport_introspection_c.cpython-38-aarch64-linux-gnu.so
[5.499s] -- Up-to-date symlink: /ws/install/nanosaur_msgs/lib/python3.8/site-packages/nanosaur_msgs/nanosaur_msgs_s__rosidl_typesupport_c.cpython-38-aarch64-linux-gnu.so
[5.499s] -- Up-to-date symlink: /ws/install/nanosaur_msgs/share/nanosaur_msgs/msg/Eyes.idl
[5.500s] -- Up-to-date symlink: /ws/install/nanosaur_msgs/share/nanosaur_msgs/srv/EyeMessage.idl
[5.500s] -- Up-to-date symlink: /ws/install/nanosaur_msgs/share/nanosaur_msgs/msg/Eyes.msg
[5.501s] -- Up-to-date symlink: /ws/install/nanosaur_msgs/share/nanosaur_msgs/srv/EyeMessage.srv
[5.501s] -- Up-to-date symlink: /ws/install/nanosaur_msgs/share/nanosaur_msgs/srv/EyeMessage_Request.msg
[5.502s] -- Up-to-date symlink: /ws/install/nanosaur_msgs/share/nanosaur_msgs/srv/EyeMessage_Response.msg
[5.502s] -- Up-to-date symlink: /ws/install/nanosaur_msgs/share/ament_index/resource_index/package_run_dependencies/nanosaur_msgs
[5.505s] -- Up-to-date symlink: /ws/install/nanosaur_msgs/share/ament_index/resource_index/parent_prefix_path/nanosaur_msgs
[5.505s] -- Up-to-date symlink: /ws/install/nanosaur_msgs/share/nanosaur_msgs/environment/ament_prefix_path.sh
[5.509s] -- Up-to-date symlink: /ws/install/nanosaur_msgs/share/nanosaur_msgs/environment/ament_prefix_path.dsv
[5.509s] -- Up-to-date symlink: /ws/install/nanosaur_msgs/share/nanosaur_msgs/environment/path.sh
[5.510s] -- Up-to-date symlink: /ws/install/nanosaur_msgs/share/nanosaur_msgs/environment/path.dsv
[5.510s] -- Up-to-date symlink: /ws/install/nanosaur_msgs/share/nanosaur_msgs/local_setup.bash
[5.511s] -- Up-to-date symlink: /ws/install/nanosaur_msgs/share/nanosaur_msgs/local_setup.sh
[5.511s] -- Up-to-date symlink: /ws/install/nanosaur_msgs/share/nanosaur_msgs/local_setup.zsh
[5.511s] -- Up-to-date symlink: /ws/install/nanosaur_msgs/share/nanosaur_msgs/local_setup.dsv
[5.512s] -- Symlinking: /ws/install/nanosaur_msgs/share/nanosaur_msgs/package.dsv
[5.522s] -- Up-to-date symlink: /ws/install/nanosaur_msgs/share/ament_index/resource_index/packages/nanosaur_msgs
[5.524s] -- Up-to-date symlink: /ws/install/nanosaur_msgs/share/nanosaur_msgs/cmake/rosidl_cmake-extras.cmake
[5.527s] -- Up-to-date symlink: /ws/install/nanosaur_msgs/share/nanosaur_msgs/cmake/ament_cmake_export_dependencies-extras.cmake
[5.529s] -- Up-to-date symlink: /ws/install/nanosaur_msgs/share/nanosaur_msgs/cmake/ament_cmake_export_include_directories-extras.cmake
[5.530s] -- Up-to-date symlink: /ws/install/nanosaur_msgs/share/nanosaur_msgs/cmake/ament_cmake_export_libraries-extras.cmake
[5.532s] -- Up-to-date symlink: /ws/install/nanosaur_msgs/share/nanosaur_msgs/cmake/ament_cmake_export_targets-extras.cmake
[5.534s] -- Up-to-date symlink: /ws/install/nanosaur_msgs/share/nanosaur_msgs/cmake/rosidl_cmake_export_typesupport_targets-extras.cmake
[5.536s] -- Up-to-date symlink: /ws/install/nanosaur_msgs/share/nanosaur_msgs/cmake/rosidl_cmake_export_typesupport_libraries-extras.cmake
[5.538s] -- Up-to-date symlink: /ws/install/nanosaur_msgs/share/nanosaur_msgs/cmake/nanosaur_msgsConfig.cmake
[5.539s] -- Up-to-date symlink: /ws/install/nanosaur_msgs/share/nanosaur_msgs/cmake/nanosaur_msgsConfig-version.cmake
[5.541s] -- Up-to-date symlink: /ws/install/nanosaur_msgs/share/nanosaur_msgs/package.xml
[5.543s] -- Up-to-date: /ws/install/nanosaur_msgs/lib/libnanosaur_msgs__rosidl_generator_c.so
[5.545s] -- Up-to-date: /ws/install/nanosaur_msgs/lib/libnanosaur_msgs__rosidl_typesupport_fastrtps_c.so
[5.547s] -- Up-to-date: /ws/install/nanosaur_msgs/lib/libnanosaur_msgs__rosidl_typesupport_introspection_c.so
[5.549s] -- Up-to-date: /ws/install/nanosaur_msgs/lib/libnanosaur_msgs__rosidl_typesupport_c.so
[5.551s] -- Up-to-date: /ws/install/nanosaur_msgs/lib/libnanosaur_msgs__rosidl_typesupport_fastrtps_cpp.so
[5.553s] -- Up-to-date: /ws/install/nanosaur_msgs/lib/libnanosaur_msgs__rosidl_typesupport_introspection_cpp.so
[5.555s] -- Up-to-date: /ws/install/nanosaur_msgs/lib/libnanosaur_msgs__rosidl_typesupport_cpp.so
[5.733s] Listing '/ws/install/nanosaur_msgs/lib/python3.8/site-packages/nanosaur_msgs'...
[5.733s] Listing '/ws/install/nanosaur_msgs/lib/python3.8/site-packages/nanosaur_msgs/msg'...
[5.734s] Listing '/ws/install/nanosaur_msgs/lib/python3.8/site-packages/nanosaur_msgs/srv'...
[5.757s] -- Up-to-date: /ws/install/nanosaur_msgs/lib/libnanosaur_msgs__rosidl_generator_py.so
[5.759s] -- Up-to-date: /ws/install/nanosaur_msgs/share/nanosaur_msgs/cmake/export_nanosaur_msgs__rosidl_generator_cExport.cmake
[5.760s] -- Up-to-date: /ws/install/nanosaur_msgs/share/nanosaur_msgs/cmake/export_nanosaur_msgs__rosidl_generator_cExport-noconfig.cmake
[5.762s] -- Up-to-date: /ws/install/nanosaur_msgs/share/nanosaur_msgs/cmake/export_nanosaur_msgs__rosidl_typesupport_fastrtps_cExport.cmake
[5.763s] -- Up-to-date: /ws/install/nanosaur_msgs/share/nanosaur_msgs/cmake/export_nanosaur_msgs__rosidl_typesupport_fastrtps_cExport-noconfig.cmake
[5.764s] -- Up-to-date: /ws/install/nanosaur_msgs/share/nanosaur_msgs/cmake/nanosaur_msgs__rosidl_typesupport_introspection_cExport.cmake
[5.765s] -- Up-to-date: /ws/install/nanosaur_msgs/share/nanosaur_msgs/cmake/nanosaur_msgs__rosidl_typesupport_introspection_cExport-noconfig.cmake
[5.766s] -- Up-to-date: /ws/install/nanosaur_msgs/share/nanosaur_msgs/cmake/nanosaur_msgs__rosidl_typesupport_cExport.cmake
[5.767s] -- Up-to-date: /ws/install/nanosaur_msgs/share/nanosaur_msgs/cmake/nanosaur_msgs__rosidl_typesupport_cExport-noconfig.cmake
[5.768s] -- Up-to-date: /ws/install/nanosaur_msgs/share/nanosaur_msgs/cmake/export_nanosaur_msgs__rosidl_generator_cppExport.cmake
[5.770s] -- Up-to-date: /ws/install/nanosaur_msgs/share/nanosaur_msgs/cmake/export_nanosaur_msgs__rosidl_typesupport_fastrtps_cppExport.cmake
[5.771s] -- Up-to-date: /ws/install/nanosaur_msgs/share/nanosaur_msgs/cmake/export_nanosaur_msgs__rosidl_typesupport_fastrtps_cppExport-noconfig.cmake
[5.772s] -- Up-to-date: /ws/install/nanosaur_msgs/share/nanosaur_msgs/cmake/nanosaur_msgs__rosidl_typesupport_introspection_cppExport.cmake
[5.773s] -- Up-to-date: /ws/install/nanosaur_msgs/share/nanosaur_msgs/cmake/nanosaur_msgs__rosidl_typesupport_introspection_cppExport-noconfig.cmake
[5.775s] -- Up-to-date: /ws/install/nanosaur_msgs/share/nanosaur_msgs/cmake/nanosaur_msgs__rosidl_typesupport_cppExport.cmake
[5.777s] -- Up-to-date: /ws/install/nanosaur_msgs/share/nanosaur_msgs/cmake/nanosaur_msgs__rosidl_typesupport_cppExport-noconfig.cmake
[5.778s] -- Up-to-date: /ws/install/nanosaur_msgs/share/nanosaur_msgs/cmake/export_nanosaur_msgs__rosidl_generator_pyExport.cmake
[5.793s] -- Up-to-date: /ws/install/nanosaur_msgs/share/nanosaur_msgs/cmake/export_nanosaur_msgs__rosidl_generator_pyExport-noconfig.cmake
[5.810s] Invoked command in '/ws/build/nanosaur_msgs' returned '0': CMAKE_PREFIX_PATH=/ws/install/nanosaur_msgs:/ws/install/nanosaur_control:/ws/install/image_pub:/ws/install/teleop_twist_keyboard:/ws/install/rover_line_follower:/ws/install/rosboard:/ws/install/nanosaur_hardware:/ros_deep_learning/install/ros_deep_learning:/opt/ros/humble/install /usr/local/bin/cmake --install /ws/build/nanosaur_msgs
