[1.287s] Invoking command in '/ws/build/nanosaur_msgs': CMAKE_PREFIX_PATH=/ws/install/nanosaur_msgs:/ws/install/nanosaur_control:/ws/install/image_pub:/ws/install/teleop_twist_keyboard:/ws/install/rover_line_follower:/ws/install/rosboard:/ws/install/nanosaur_hardware:/ros_deep_learning/install/ros_deep_learning:/opt/ros/humble/install /usr/local/bin/cmake --build /ws/build/nanosaur_msgs -- -j4 -l4
[1.554s] [  2%] Built target nanosaur_msgs__cpp
[1.565s] [  2%] Built target ament_cmake_python_symlink_nanosaur_msgs
[1.592s] [ 12%] Built target nanosaur_msgs__rosidl_generator_c
[1.618s] [ 23%] Built target nanosaur_msgs__rosidl_typesupport_fastrtps_cpp
[1.627s] [ 33%] Built target nanosaur_msgs__rosidl_typesupport_cpp
[1.675s] [ 43%] Built target nanosaur_msgs__rosidl_typesupport_introspection_cpp
[1.708s] [ 53%] Built target nanosaur_msgs__rosidl_typesupport_introspection_c
[1.715s] [ 64%] Built target nanosaur_msgs__rosidl_typesupport_fastrtps_c
[1.741s] [ 74%] Built target nanosaur_msgs__rosidl_typesupport_c
[1.779s] [ 74%] Built target nanosaur_msgs
[1.901s] [ 76%] Built target nanosaur_msgs__py
[2.010s] [ 84%] Built target nanosaur_msgs__rosidl_generator_py
[2.119s] [ 89%] Built target nanosaur_msgs__rosidl_typesupport_introspection_c__pyext
[2.138s] [ 94%] Built target nanosaur_msgs__rosidl_typesupport_fastrtps_c__pyext
[2.139s] [100%] Built target nanosaur_msgs__rosidl_typesupport_c__pyext
[2.794s] running egg_info
[2.797s] writing nanosaur_msgs.egg-info/PKG-INFO
[2.798s] writing dependency_links to nanosaur_msgs.egg-info/dependency_links.txt
[2.799s] writing top-level names to nanosaur_msgs.egg-info/top_level.txt
[2.967s] reading manifest file 'nanosaur_msgs.egg-info/SOURCES.txt'
[2.969s] writing manifest file 'nanosaur_msgs.egg-info/SOURCES.txt'
[3.067s] [100%] Built target ament_cmake_python_build_nanosaur_msgs_egg
[5.164s] Invoked command in '/ws/build/nanosaur_msgs' returned '0': CMAKE_PREFIX_PATH=/ws/install/nanosaur_msgs:/ws/install/nanosaur_control:/ws/install/image_pub:/ws/install/teleop_twist_keyboard:/ws/install/rover_line_follower:/ws/install/rosboard:/ws/install/nanosaur_hardware:/ros_deep_learning/install/ros_deep_learning:/opt/ros/humble/install /usr/local/bin/cmake --build /ws/build/nanosaur_msgs -- -j4 -l4
[5.649s] Invoking command in '/ws/build/nanosaur_msgs': CMAKE_PREFIX_PATH=/ws/install/nanosaur_msgs:/ws/install/nanosaur_control:/ws/install/image_pub:/ws/install/teleop_twist_keyboard:/ws/install/rover_line_follower:/ws/install/rosboard:/ws/install/nanosaur_hardware:/ros_deep_learning/install/ros_deep_learning:/opt/ros/humble/install /usr/local/bin/cmake --install /ws/build/nanosaur_msgs
[5.811s] -- Install configuration: ""
[5.814s] -- Execute custom install script
[5.816s] -- Up-to-date symlink: /ws/install/nanosaur_msgs/share/ament_index/resource_index/rosidl_interfaces/nanosaur_msgs
[5.819s] -- Up-to-date symlink: /ws/install/nanosaur_msgs/include/nanosaur_msgs/nanosaur_msgs/msg/detail/eyes__functions.h
[5.820s] -- Up-to-date symlink: /ws/install/nanosaur_msgs/include/nanosaur_msgs/nanosaur_msgs/msg/detail/eyes__struct.h
[5.822s] -- Up-to-date symlink: /ws/install/nanosaur_msgs/include/nanosaur_msgs/nanosaur_msgs/msg/detail/eyes__type_support.h
[5.825s] -- Up-to-date symlink: /ws/install/nanosaur_msgs/include/nanosaur_msgs/nanosaur_msgs/msg/eyes.h
[5.827s] -- Up-to-date symlink: /ws/install/nanosaur_msgs/include/nanosaur_msgs/nanosaur_msgs/msg/rosidl_generator_c__visibility_control.h
[5.829s] -- Up-to-date symlink: /ws/install/nanosaur_msgs/include/nanosaur_msgs/nanosaur_msgs/srv/detail/eye_message__functions.h
[5.830s] -- Up-to-date symlink: /ws/install/nanosaur_msgs/include/nanosaur_msgs/nanosaur_msgs/srv/detail/eye_message__struct.h
[5.832s] -- Up-to-date symlink: /ws/install/nanosaur_msgs/include/nanosaur_msgs/nanosaur_msgs/srv/detail/eye_message__type_support.h
[5.833s] -- Up-to-date symlink: /ws/install/nanosaur_msgs/include/nanosaur_msgs/nanosaur_msgs/srv/eye_message.h
[5.835s] -- Up-to-date symlink: /ws/install/nanosaur_msgs/share/nanosaur_msgs/environment/library_path.sh
[5.836s] -- Up-to-date symlink: /ws/install/nanosaur_msgs/share/nanosaur_msgs/environment/library_path.dsv
[5.840s] -- Up-to-date symlink: /ws/install/nanosaur_msgs/include/nanosaur_msgs/nanosaur_msgs/msg/detail/eyes__rosidl_typesupport_fastrtps_c.h
[5.841s] -- Up-to-date symlink: /ws/install/nanosaur_msgs/include/nanosaur_msgs/nanosaur_msgs/msg/rosidl_typesupport_fastrtps_c__visibility_control.h
[5.843s] -- Up-to-date symlink: /ws/install/nanosaur_msgs/include/nanosaur_msgs/nanosaur_msgs/srv/detail/eye_message__rosidl_typesupport_fastrtps_c.h
[5.846s] -- Up-to-date symlink: /ws/install/nanosaur_msgs/include/nanosaur_msgs/nanosaur_msgs/msg/detail/eyes__rosidl_typesupport_introspection_c.h
[5.847s] -- Up-to-date symlink: /ws/install/nanosaur_msgs/include/nanosaur_msgs/nanosaur_msgs/msg/rosidl_typesupport_introspection_c__visibility_control.h
[5.849s] -- Up-to-date symlink: /ws/install/nanosaur_msgs/include/nanosaur_msgs/nanosaur_msgs/srv/detail/eye_message__rosidl_typesupport_introspection_c.h
[5.851s] -- Up-to-date symlink: /ws/install/nanosaur_msgs/include/nanosaur_msgs/nanosaur_msgs/msg/detail/eyes__builder.hpp
[5.853s] -- Up-to-date symlink: /ws/install/nanosaur_msgs/include/nanosaur_msgs/nanosaur_msgs/msg/detail/eyes__struct.hpp
[5.854s] -- Up-to-date symlink: /ws/install/nanosaur_msgs/include/nanosaur_msgs/nanosaur_msgs/msg/detail/eyes__traits.hpp
[5.856s] -- Up-to-date symlink: /ws/install/nanosaur_msgs/include/nanosaur_msgs/nanosaur_msgs/msg/eyes.hpp
[5.857s] -- Up-to-date symlink: /ws/install/nanosaur_msgs/include/nanosaur_msgs/nanosaur_msgs/srv/detail/eye_message__builder.hpp
[5.858s] -- Up-to-date symlink: /ws/install/nanosaur_msgs/include/nanosaur_msgs/nanosaur_msgs/srv/detail/eye_message__struct.hpp
[5.860s] -- Up-to-date symlink: /ws/install/nanosaur_msgs/include/nanosaur_msgs/nanosaur_msgs/srv/detail/eye_message__traits.hpp
[5.861s] -- Up-to-date symlink: /ws/install/nanosaur_msgs/include/nanosaur_msgs/nanosaur_msgs/srv/eye_message.hpp
[5.864s] -- Up-to-date symlink: /ws/install/nanosaur_msgs/include/nanosaur_msgs/nanosaur_msgs/msg/detail/eyes__rosidl_typesupport_fastrtps_cpp.hpp
[5.866s] -- Up-to-date symlink: /ws/install/nanosaur_msgs/include/nanosaur_msgs/nanosaur_msgs/msg/rosidl_typesupport_fastrtps_cpp__visibility_control.h
[5.867s] -- Up-to-date symlink: /ws/install/nanosaur_msgs/include/nanosaur_msgs/nanosaur_msgs/srv/detail/eye_message__rosidl_typesupport_fastrtps_cpp.hpp
[5.870s] -- Up-to-date symlink: /ws/install/nanosaur_msgs/include/nanosaur_msgs/nanosaur_msgs/msg/detail/eyes__rosidl_typesupport_introspection_cpp.hpp
[5.871s] -- Up-to-date symlink: /ws/install/nanosaur_msgs/include/nanosaur_msgs/nanosaur_msgs/srv/detail/eye_message__rosidl_typesupport_introspection_cpp.hpp
[5.873s] -- Up-to-date symlink: /ws/install/nanosaur_msgs/share/nanosaur_msgs/environment/pythonpath.sh
[5.874s] -- Up-to-date symlink: /ws/install/nanosaur_msgs/share/nanosaur_msgs/environment/pythonpath.dsv
[5.876s] -- Up-to-date symlink: /ws/install/nanosaur_msgs/lib/python3.8/site-packages/nanosaur_msgs-2.1.0-py3.8.egg-info/PKG-INFO
[5.878s] -- Up-to-date symlink: /ws/install/nanosaur_msgs/lib/python3.8/site-packages/nanosaur_msgs-2.1.0-py3.8.egg-info/SOURCES.txt
[5.879s] -- Up-to-date symlink: /ws/install/nanosaur_msgs/lib/python3.8/site-packages/nanosaur_msgs-2.1.0-py3.8.egg-info/dependency_links.txt
[5.881s] -- Up-to-date symlink: /ws/install/nanosaur_msgs/lib/python3.8/site-packages/nanosaur_msgs-2.1.0-py3.8.egg-info/top_level.txt
[5.884s] -- Up-to-date symlink: /ws/install/nanosaur_msgs/lib/python3.8/site-packages/nanosaur_msgs/__init__.py
[5.886s] -- Up-to-date symlink: /ws/install/nanosaur_msgs/lib/python3.8/site-packages/nanosaur_msgs/_nanosaur_msgs_s.ep.rosidl_typesupport_c.c
[5.887s] -- Up-to-date symlink: /ws/install/nanosaur_msgs/lib/python3.8/site-packages/nanosaur_msgs/_nanosaur_msgs_s.ep.rosidl_typesupport_fastrtps_c.c
[5.888s] -- Up-to-date symlink: /ws/install/nanosaur_msgs/lib/python3.8/site-packages/nanosaur_msgs/_nanosaur_msgs_s.ep.rosidl_typesupport_introspection_c.c
[5.889s] -- Up-to-date symlink: /ws/install/nanosaur_msgs/lib/python3.8/site-packages/nanosaur_msgs/libnanosaur_msgs__rosidl_generator_py.so
[5.891s] -- Up-to-date symlink: /ws/install/nanosaur_msgs/lib/python3.8/site-packages/nanosaur_msgs/msg/__init__.py
[5.892s] -- Up-to-date symlink: /ws/install/nanosaur_msgs/lib/python3.8/site-packages/nanosaur_msgs/msg/_eyes.py
[5.893s] -- Up-to-date symlink: /ws/install/nanosaur_msgs/lib/python3.8/site-packages/nanosaur_msgs/msg/_eyes_s.c
[5.894s] -- Up-to-date symlink: /ws/install/nanosaur_msgs/lib/python3.8/site-packages/nanosaur_msgs/nanosaur_msgs_s__rosidl_typesupport_c.cpython-38-aarch64-linux-gnu.so
[5.896s] -- Up-to-date symlink: /ws/install/nanosaur_msgs/lib/python3.8/site-packages/nanosaur_msgs/nanosaur_msgs_s__rosidl_typesupport_fastrtps_c.cpython-38-aarch64-linux-gnu.so
[5.897s] -- Up-to-date symlink: /ws/install/nanosaur_msgs/lib/python3.8/site-packages/nanosaur_msgs/nanosaur_msgs_s__rosidl_typesupport_introspection_c.cpython-38-aarch64-linux-gnu.so
[5.898s] -- Up-to-date symlink: /ws/install/nanosaur_msgs/lib/python3.8/site-packages/nanosaur_msgs/srv/__init__.py
[5.899s] -- Up-to-date symlink: /ws/install/nanosaur_msgs/lib/python3.8/site-packages/nanosaur_msgs/srv/_eye_message.py
[5.900s] -- Up-to-date symlink: /ws/install/nanosaur_msgs/lib/python3.8/site-packages/nanosaur_msgs/srv/_eye_message_s.c
[5.902s] -- Up-to-date symlink: /ws/install/nanosaur_msgs/lib/python3.8/site-packages/nanosaur_msgs/nanosaur_msgs_s__rosidl_typesupport_fastrtps_c.cpython-38-aarch64-linux-gnu.so
[5.904s] -- Up-to-date symlink: /ws/install/nanosaur_msgs/lib/python3.8/site-packages/nanosaur_msgs/nanosaur_msgs_s__rosidl_typesupport_introspection_c.cpython-38-aarch64-linux-gnu.so
[5.906s] -- Up-to-date symlink: /ws/install/nanosaur_msgs/lib/python3.8/site-packages/nanosaur_msgs/nanosaur_msgs_s__rosidl_typesupport_c.cpython-38-aarch64-linux-gnu.so
[5.908s] -- Up-to-date symlink: /ws/install/nanosaur_msgs/share/nanosaur_msgs/msg/Eyes.idl
[5.909s] -- Up-to-date symlink: /ws/install/nanosaur_msgs/share/nanosaur_msgs/srv/EyeMessage.idl
[5.911s] -- Up-to-date symlink: /ws/install/nanosaur_msgs/share/nanosaur_msgs/msg/Eyes.msg
[5.912s] -- Up-to-date symlink: /ws/install/nanosaur_msgs/share/nanosaur_msgs/srv/EyeMessage.srv
[5.914s] -- Up-to-date symlink: /ws/install/nanosaur_msgs/share/nanosaur_msgs/srv/EyeMessage_Request.msg
[5.915s] -- Up-to-date symlink: /ws/install/nanosaur_msgs/share/nanosaur_msgs/srv/EyeMessage_Response.msg
[5.917s] -- Up-to-date symlink: /ws/install/nanosaur_msgs/share/ament_index/resource_index/package_run_dependencies/nanosaur_msgs
[5.919s] -- Up-to-date symlink: /ws/install/nanosaur_msgs/share/ament_index/resource_index/parent_prefix_path/nanosaur_msgs
[5.920s] -- Up-to-date symlink: /ws/install/nanosaur_msgs/share/nanosaur_msgs/environment/ament_prefix_path.sh
[5.922s] -- Up-to-date symlink: /ws/install/nanosaur_msgs/share/nanosaur_msgs/environment/ament_prefix_path.dsv
[5.925s] -- Up-to-date symlink: /ws/install/nanosaur_msgs/share/nanosaur_msgs/environment/path.sh
[5.928s] -- Up-to-date symlink: /ws/install/nanosaur_msgs/share/nanosaur_msgs/environment/path.dsv
[5.930s] -- Up-to-date symlink: /ws/install/nanosaur_msgs/share/nanosaur_msgs/local_setup.bash
[5.931s] -- Up-to-date symlink: /ws/install/nanosaur_msgs/share/nanosaur_msgs/local_setup.sh
[5.933s] -- Up-to-date symlink: /ws/install/nanosaur_msgs/share/nanosaur_msgs/local_setup.zsh
[5.935s] -- Up-to-date symlink: /ws/install/nanosaur_msgs/share/nanosaur_msgs/local_setup.dsv
[5.936s] -- Symlinking: /ws/install/nanosaur_msgs/share/nanosaur_msgs/package.dsv
[5.947s] -- Up-to-date symlink: /ws/install/nanosaur_msgs/share/ament_index/resource_index/packages/nanosaur_msgs
[5.948s] -- Up-to-date symlink: /ws/install/nanosaur_msgs/share/nanosaur_msgs/cmake/rosidl_cmake-extras.cmake
[5.950s] -- Up-to-date symlink: /ws/install/nanosaur_msgs/share/nanosaur_msgs/cmake/ament_cmake_export_dependencies-extras.cmake
[5.952s] -- Up-to-date symlink: /ws/install/nanosaur_msgs/share/nanosaur_msgs/cmake/ament_cmake_export_include_directories-extras.cmake
[5.953s] -- Up-to-date symlink: /ws/install/nanosaur_msgs/share/nanosaur_msgs/cmake/ament_cmake_export_libraries-extras.cmake
[5.955s] -- Up-to-date symlink: /ws/install/nanosaur_msgs/share/nanosaur_msgs/cmake/ament_cmake_export_targets-extras.cmake
[5.956s] -- Up-to-date symlink: /ws/install/nanosaur_msgs/share/nanosaur_msgs/cmake/rosidl_cmake_export_typesupport_targets-extras.cmake
[5.958s] -- Up-to-date symlink: /ws/install/nanosaur_msgs/share/nanosaur_msgs/cmake/rosidl_cmake_export_typesupport_libraries-extras.cmake
[5.959s] -- Up-to-date symlink: /ws/install/nanosaur_msgs/share/nanosaur_msgs/cmake/nanosaur_msgsConfig.cmake
[5.961s] -- Up-to-date symlink: /ws/install/nanosaur_msgs/share/nanosaur_msgs/cmake/nanosaur_msgsConfig-version.cmake
[5.962s] -- Up-to-date symlink: /ws/install/nanosaur_msgs/share/nanosaur_msgs/package.xml
[5.964s] -- Up-to-date: /ws/install/nanosaur_msgs/lib/libnanosaur_msgs__rosidl_generator_c.so
[5.966s] -- Up-to-date: /ws/install/nanosaur_msgs/lib/libnanosaur_msgs__rosidl_typesupport_fastrtps_c.so
[5.968s] -- Up-to-date: /ws/install/nanosaur_msgs/lib/libnanosaur_msgs__rosidl_typesupport_introspection_c.so
[5.970s] -- Up-to-date: /ws/install/nanosaur_msgs/lib/libnanosaur_msgs__rosidl_typesupport_c.so
[5.972s] -- Up-to-date: /ws/install/nanosaur_msgs/lib/libnanosaur_msgs__rosidl_typesupport_fastrtps_cpp.so
[5.974s] -- Up-to-date: /ws/install/nanosaur_msgs/lib/libnanosaur_msgs__rosidl_typesupport_introspection_cpp.so
[5.976s] -- Up-to-date: /ws/install/nanosaur_msgs/lib/libnanosaur_msgs__rosidl_typesupport_cpp.so
[6.148s] Listing '/ws/install/nanosaur_msgs/lib/python3.8/site-packages/nanosaur_msgs'...
[6.149s] Listing '/ws/install/nanosaur_msgs/lib/python3.8/site-packages/nanosaur_msgs/msg'...
[6.150s] Listing '/ws/install/nanosaur_msgs/lib/python3.8/site-packages/nanosaur_msgs/srv'...
[6.174s] -- Up-to-date: /ws/install/nanosaur_msgs/lib/libnanosaur_msgs__rosidl_generator_py.so
[6.176s] -- Up-to-date: /ws/install/nanosaur_msgs/share/nanosaur_msgs/cmake/export_nanosaur_msgs__rosidl_generator_cExport.cmake
[6.177s] -- Up-to-date: /ws/install/nanosaur_msgs/share/nanosaur_msgs/cmake/export_nanosaur_msgs__rosidl_generator_cExport-noconfig.cmake
[6.179s] -- Up-to-date: /ws/install/nanosaur_msgs/share/nanosaur_msgs/cmake/export_nanosaur_msgs__rosidl_typesupport_fastrtps_cExport.cmake
[6.180s] -- Up-to-date: /ws/install/nanosaur_msgs/share/nanosaur_msgs/cmake/export_nanosaur_msgs__rosidl_typesupport_fastrtps_cExport-noconfig.cmake
[6.181s] -- Up-to-date: /ws/install/nanosaur_msgs/share/nanosaur_msgs/cmake/nanosaur_msgs__rosidl_typesupport_introspection_cExport.cmake
[6.182s] -- Up-to-date: /ws/install/nanosaur_msgs/share/nanosaur_msgs/cmake/nanosaur_msgs__rosidl_typesupport_introspection_cExport-noconfig.cmake
[6.184s] -- Up-to-date: /ws/install/nanosaur_msgs/share/nanosaur_msgs/cmake/nanosaur_msgs__rosidl_typesupport_cExport.cmake
[6.185s] -- Up-to-date: /ws/install/nanosaur_msgs/share/nanosaur_msgs/cmake/nanosaur_msgs__rosidl_typesupport_cExport-noconfig.cmake
[6.187s] -- Up-to-date: /ws/install/nanosaur_msgs/share/nanosaur_msgs/cmake/export_nanosaur_msgs__rosidl_generator_cppExport.cmake
[6.188s] -- Up-to-date: /ws/install/nanosaur_msgs/share/nanosaur_msgs/cmake/export_nanosaur_msgs__rosidl_typesupport_fastrtps_cppExport.cmake
[6.189s] -- Up-to-date: /ws/install/nanosaur_msgs/share/nanosaur_msgs/cmake/export_nanosaur_msgs__rosidl_typesupport_fastrtps_cppExport-noconfig.cmake
[6.190s] -- Up-to-date: /ws/install/nanosaur_msgs/share/nanosaur_msgs/cmake/nanosaur_msgs__rosidl_typesupport_introspection_cppExport.cmake
[6.191s] -- Up-to-date: /ws/install/nanosaur_msgs/share/nanosaur_msgs/cmake/nanosaur_msgs__rosidl_typesupport_introspection_cppExport-noconfig.cmake
[6.193s] -- Up-to-date: /ws/install/nanosaur_msgs/share/nanosaur_msgs/cmake/nanosaur_msgs__rosidl_typesupport_cppExport.cmake
[6.194s] -- Up-to-date: /ws/install/nanosaur_msgs/share/nanosaur_msgs/cmake/nanosaur_msgs__rosidl_typesupport_cppExport-noconfig.cmake
[6.195s] -- Up-to-date: /ws/install/nanosaur_msgs/share/nanosaur_msgs/cmake/export_nanosaur_msgs__rosidl_generator_pyExport.cmake
[6.196s] -- Up-to-date: /ws/install/nanosaur_msgs/share/nanosaur_msgs/cmake/export_nanosaur_msgs__rosidl_generator_pyExport-noconfig.cmake
[6.232s] Invoked command in '/ws/build/nanosaur_msgs' returned '0': CMAKE_PREFIX_PATH=/ws/install/nanosaur_msgs:/ws/install/nanosaur_control:/ws/install/image_pub:/ws/install/teleop_twist_keyboard:/ws/install/rover_line_follower:/ws/install/rosboard:/ws/install/nanosaur_hardware:/ros_deep_learning/install/ros_deep_learning:/opt/ros/humble/install /usr/local/bin/cmake --install /ws/build/nanosaur_msgs
