[0.276s] Invoking command in '/ws/build/nanosaur_control': CMAKE_PREFIX_PATH=/ws/install/nanosaur_msgs:/ws/install/nanosaur_control:/ws/install/image_pub:/ws/install/teleop_twist_keyboard:/ws/install/rover_line_follower:/ws/install/rosboard:/ws/install/nanosaur_hardware:/ros_deep_learning/install/ros_deep_learning:/opt/ros/humble/install /usr/local/bin/cmake --build /ws/build/nanosaur_control -- -j4 -l4
[1.512s] Invoked command in '/ws/build/nanosaur_control' returned '0': CMAKE_PREFIX_PATH=/ws/install/nanosaur_msgs:/ws/install/nanosaur_control:/ws/install/image_pub:/ws/install/teleop_twist_keyboard:/ws/install/rover_line_follower:/ws/install/rosboard:/ws/install/nanosaur_hardware:/ros_deep_learning/install/ros_deep_learning:/opt/ros/humble/install /usr/local/bin/cmake --build /ws/build/nanosaur_control -- -j4 -l4
[1.971s] Invoking command in '/ws/build/nanosaur_control': CMAKE_PREFIX_PATH=/ws/install/nanosaur_msgs:/ws/install/nanosaur_control:/ws/install/image_pub:/ws/install/teleop_twist_keyboard:/ws/install/rover_line_follower:/ws/install/rosboard:/ws/install/nanosaur_hardware:/ros_deep_learning/install/ros_deep_learning:/opt/ros/humble/install /usr/local/bin/cmake --install /ws/build/nanosaur_control
[2.197s] -- Install configuration: ""
[2.200s] -- Execute custom install script
[2.203s] -- Up-to-date symlink: /ws/install/nanosaur_control/share/nanosaur_control/launch/nanosaur_bringup.launch.py
[2.204s] -- Up-to-date symlink: /ws/install/nanosaur_control/share/nanosaur_control/launch/teleop.launch.py
[2.206s] -- Up-to-date symlink: /ws/install/nanosaur_control/share/nanosaur_control/launch/twist_control.launch.py
[2.209s] -- Up-to-date symlink: /ws/install/nanosaur_control/share/nanosaur_control/config/joystick.yaml
[2.210s] -- Up-to-date symlink: /ws/install/nanosaur_control/share/nanosaur_control/config/ps3.nanosaur.yml
[2.216s] -- Up-to-date symlink: /ws/install/nanosaur_control/share/nanosaur_control/config/twist_mux_locks.yaml
[2.218s] -- Up-to-date symlink: /ws/install/nanosaur_control/share/nanosaur_control/config/twist_mux_topics.yaml
[2.222s] -- Up-to-date symlink: /ws/install/nanosaur_control/share/ament_index/resource_index/package_run_dependencies/nanosaur_control
[2.227s] -- Up-to-date symlink: /ws/install/nanosaur_control/share/ament_index/resource_index/parent_prefix_path/nanosaur_control
[2.228s] -- Up-to-date symlink: /ws/install/nanosaur_control/share/nanosaur_control/environment/ament_prefix_path.sh
[2.229s] -- Up-to-date symlink: /ws/install/nanosaur_control/share/nanosaur_control/environment/ament_prefix_path.dsv
[2.232s] -- Up-to-date symlink: /ws/install/nanosaur_control/share/nanosaur_control/environment/path.sh
[2.233s] -- Up-to-date symlink: /ws/install/nanosaur_control/share/nanosaur_control/environment/path.dsv
[2.234s] -- Up-to-date symlink: /ws/install/nanosaur_control/share/nanosaur_control/local_setup.bash
[2.235s] -- Up-to-date symlink: /ws/install/nanosaur_control/share/nanosaur_control/local_setup.sh
[2.237s] -- Up-to-date symlink: /ws/install/nanosaur_control/share/nanosaur_control/local_setup.zsh
[2.241s] -- Up-to-date symlink: /ws/install/nanosaur_control/share/nanosaur_control/local_setup.dsv
[2.241s] -- Symlinking: /ws/install/nanosaur_control/share/nanosaur_control/package.dsv
[2.269s] -- Up-to-date symlink: /ws/install/nanosaur_control/share/ament_index/resource_index/packages/nanosaur_control
[2.270s] -- Up-to-date symlink: /ws/install/nanosaur_control/share/nanosaur_control/cmake/nanosaur_controlConfig.cmake
[2.271s] -- Up-to-date symlink: /ws/install/nanosaur_control/share/nanosaur_control/cmake/nanosaur_controlConfig-version.cmake
[2.272s] -- Up-to-date symlink: /ws/install/nanosaur_control/share/nanosaur_control/package.xml
[2.297s] Invoked command in '/ws/build/nanosaur_control' returned '0': CMAKE_PREFIX_PATH=/ws/install/nanosaur_msgs:/ws/install/nanosaur_control:/ws/install/image_pub:/ws/install/teleop_twist_keyboard:/ws/install/rover_line_follower:/ws/install/rosboard:/ws/install/nanosaur_hardware:/ros_deep_learning/install/ros_deep_learning:/opt/ros/humble/install /usr/local/bin/cmake --install /ws/build/nanosaur_control
