[1.470s] DEBUG:colcon:Command line arguments: ['/usr/bin/colcon', 'build', '--symlink-install', '--packages-select', 'image_pub']
[1.470s] DEBUG:colcon:Parsed command line arguments: Namespace(ament_cmake_args=None, base_paths=['.'], build_base='build', catkin_cmake_args=None, catkin_skip_building_tests=False, cmake_args=None, cmake_clean_cache=False, cmake_clean_first=False, cmake_force_configure=False, cmake_target=None, cmake_target_skip_unavailable=False, continue_on_error=False, event_handlers=None, executor='parallel', ignore_user_meta=False, install_base='install', log_base=None, log_level=None, main=<bound method BuildVerb.main of <colcon_core.verb.build.BuildVerb object at 0x7f8a9dcb20>>, merge_install=False, metas=['./colcon.meta'], packages_above=None, packages_above_and_dependencies=None, packages_above_depth=None, packages_end=None, packages_ignore=None, packages_ignore_regex=None, packages_select=['image_pub'], packages_select_build_failed=False, packages_select_by_dep=None, packages_select_regex=None, packages_select_test_failures=False, packages_skip=None, packages_skip_build_finished=False, packages_skip_by_dep=None, packages_skip_regex=None, packages_skip_test_passed=False, packages_skip_up_to=None, packages_start=None, packages_up_to=None, packages_up_to_regex=None, parallel_workers=4, paths=None, symlink_install=True, test_result_base=None, verb_extension=<colcon_core.verb.build.BuildVerb object at 0x7f8a9dcb20>, verb_name='build', verb_parser=<colcon_defaults.argument_parser.defaults.DefaultArgumentsDecorator object at 0x7f8a9e80d0>)
[1.652s] Level 1:colcon.colcon_core.package_discovery:discover_packages(colcon_meta) check parameters
[1.652s] Level 1:colcon.colcon_core.package_discovery:discover_packages(recursive) check parameters
[1.653s] Level 1:colcon.colcon_core.package_discovery:discover_packages(ignore) check parameters
[1.653s] Level 1:colcon.colcon_core.package_discovery:discover_packages(path) check parameters
[1.653s] Level 1:colcon.colcon_core.package_discovery:discover_packages(colcon_meta) discover
[1.653s] Level 1:colcon.colcon_core.package_discovery:discover_packages(recursive) discover
[1.653s] INFO:colcon.colcon_core.package_discovery:Crawling recursively for packages in '/ws'
[1.654s] Level 1:colcon.colcon_core.package_identification:_identify(.) by extensions ['ignore', 'ignore_ament_install']
[1.654s] Level 1:colcon.colcon_core.package_identification:_identify(.) by extension 'ignore'
[1.654s] Level 1:colcon.colcon_core.package_identification:_identify(.) by extension 'ignore_ament_install'
[1.655s] Level 1:colcon.colcon_core.package_identification:_identify(.) by extensions ['colcon_pkg']
[1.655s] Level 1:colcon.colcon_core.package_identification:_identify(.) by extension 'colcon_pkg'
[1.655s] Level 1:colcon.colcon_core.package_identification:_identify(.) by extensions ['colcon_meta']
[1.655s] Level 1:colcon.colcon_core.package_identification:_identify(.) by extension 'colcon_meta'
[1.655s] Level 1:colcon.colcon_core.package_identification:_identify(.) by extensions ['ros']
[1.655s] Level 1:colcon.colcon_core.package_identification:_identify(.) by extension 'ros'
[1.758s] Level 1:colcon.colcon_core.package_identification:_identify(.) by extensions ['cmake', 'python']
[1.758s] Level 1:colcon.colcon_core.package_identification:_identify(.) by extension 'cmake'
[1.758s] Level 1:colcon.colcon_core.package_identification:_identify(.) by extension 'python'
[1.759s] Level 1:colcon.colcon_core.package_identification:_identify(.) by extensions ['python_setup_py']
[1.759s] Level 1:colcon.colcon_core.package_identification:_identify(.) by extension 'python_setup_py'
[1.759s] Level 1:colcon.colcon_core.package_identification:_identify(build) by extensions ['ignore', 'ignore_ament_install']
[1.760s] Level 1:colcon.colcon_core.package_identification:_identify(build) by extension 'ignore'
[1.760s] Level 1:colcon.colcon_core.package_identification:_identify(build) ignored
[1.760s] Level 1:colcon.colcon_core.package_identification:_identify(install) by extensions ['ignore', 'ignore_ament_install']
[1.761s] Level 1:colcon.colcon_core.package_identification:_identify(install) by extension 'ignore'
[1.761s] Level 1:colcon.colcon_core.package_identification:_identify(install) ignored
[1.761s] Level 1:colcon.colcon_core.package_identification:_identify(log) by extensions ['ignore', 'ignore_ament_install']
[1.761s] Level 1:colcon.colcon_core.package_identification:_identify(log) by extension 'ignore'
[1.762s] Level 1:colcon.colcon_core.package_identification:_identify(log) ignored
[1.762s] Level 1:colcon.colcon_core.package_identification:_identify(src) by extensions ['ignore', 'ignore_ament_install']
[1.762s] Level 1:colcon.colcon_core.package_identification:_identify(src) by extension 'ignore'
[1.763s] Level 1:colcon.colcon_core.package_identification:_identify(src) by extension 'ignore_ament_install'
[1.763s] Level 1:colcon.colcon_core.package_identification:_identify(src) by extensions ['colcon_pkg']
[1.763s] Level 1:colcon.colcon_core.package_identification:_identify(src) by extension 'colcon_pkg'
[1.763s] Level 1:colcon.colcon_core.package_identification:_identify(src) by extensions ['colcon_meta']
[1.763s] Level 1:colcon.colcon_core.package_identification:_identify(src) by extension 'colcon_meta'
[1.764s] Level 1:colcon.colcon_core.package_identification:_identify(src) by extensions ['ros']
[1.764s] Level 1:colcon.colcon_core.package_identification:_identify(src) by extension 'ros'
[1.764s] Level 1:colcon.colcon_core.package_identification:_identify(src) by extensions ['cmake', 'python']
[1.764s] Level 1:colcon.colcon_core.package_identification:_identify(src) by extension 'cmake'
[1.764s] Level 1:colcon.colcon_core.package_identification:_identify(src) by extension 'python'
[1.765s] Level 1:colcon.colcon_core.package_identification:_identify(src) by extensions ['python_setup_py']
[1.765s] Level 1:colcon.colcon_core.package_identification:_identify(src) by extension 'python_setup_py'
[1.765s] Level 1:colcon.colcon_core.package_identification:_identify(src/image_pub) by extensions ['ignore', 'ignore_ament_install']
[1.765s] Level 1:colcon.colcon_core.package_identification:_identify(src/image_pub) by extension 'ignore'
[1.766s] Level 1:colcon.colcon_core.package_identification:_identify(src/image_pub) by extension 'ignore_ament_install'
[1.766s] Level 1:colcon.colcon_core.package_identification:_identify(src/image_pub) by extensions ['colcon_pkg']
[1.766s] Level 1:colcon.colcon_core.package_identification:_identify(src/image_pub) by extension 'colcon_pkg'
[1.766s] Level 1:colcon.colcon_core.package_identification:_identify(src/image_pub) by extensions ['colcon_meta']
[1.766s] Level 1:colcon.colcon_core.package_identification:_identify(src/image_pub) by extension 'colcon_meta'
[1.767s] Level 1:colcon.colcon_core.package_identification:_identify(src/image_pub) by extensions ['ros']
[1.767s] Level 1:colcon.colcon_core.package_identification:_identify(src/image_pub) by extension 'ros'
[1.782s] DEBUG:colcon.colcon_core.package_identification:Package 'src/image_pub' with type 'ros.ament_cmake' and name 'image_pub'
[1.784s] Level 1:colcon.colcon_core.package_identification:_identify(src/nanosaur) by extensions ['ignore', 'ignore_ament_install']
[1.784s] Level 1:colcon.colcon_core.package_identification:_identify(src/nanosaur) by extension 'ignore'
[1.784s] Level 1:colcon.colcon_core.package_identification:_identify(src/nanosaur) by extension 'ignore_ament_install'
[1.784s] Level 1:colcon.colcon_core.package_identification:_identify(src/nanosaur) by extensions ['colcon_pkg']
[1.785s] Level 1:colcon.colcon_core.package_identification:_identify(src/nanosaur) by extension 'colcon_pkg'
[1.785s] Level 1:colcon.colcon_core.package_identification:_identify(src/nanosaur) by extensions ['colcon_meta']
[1.785s] Level 1:colcon.colcon_core.package_identification:_identify(src/nanosaur) by extension 'colcon_meta'
[1.785s] Level 1:colcon.colcon_core.package_identification:_identify(src/nanosaur) by extensions ['ros']
[1.785s] Level 1:colcon.colcon_core.package_identification:_identify(src/nanosaur) by extension 'ros'
[1.786s] Level 1:colcon.colcon_core.package_identification:_identify(src/nanosaur) by extensions ['cmake', 'python']
[1.786s] Level 1:colcon.colcon_core.package_identification:_identify(src/nanosaur) by extension 'cmake'
[1.786s] Level 1:colcon.colcon_core.package_identification:_identify(src/nanosaur) by extension 'python'
[1.786s] Level 1:colcon.colcon_core.package_identification:_identify(src/nanosaur) by extensions ['python_setup_py']
[1.786s] Level 1:colcon.colcon_core.package_identification:_identify(src/nanosaur) by extension 'python_setup_py'
[1.787s] Level 1:colcon.colcon_core.package_identification:_identify(src/nanosaur/nanosaur_control) by extensions ['ignore', 'ignore_ament_install']
[1.787s] Level 1:colcon.colcon_core.package_identification:_identify(src/nanosaur/nanosaur_control) by extension 'ignore'
[1.787s] Level 1:colcon.colcon_core.package_identification:_identify(src/nanosaur/nanosaur_control) by extension 'ignore_ament_install'
[1.788s] Level 1:colcon.colcon_core.package_identification:_identify(src/nanosaur/nanosaur_control) by extensions ['colcon_pkg']
[1.788s] Level 1:colcon.colcon_core.package_identification:_identify(src/nanosaur/nanosaur_control) by extension 'colcon_pkg'
[1.788s] Level 1:colcon.colcon_core.package_identification:_identify(src/nanosaur/nanosaur_control) by extensions ['colcon_meta']
[1.788s] Level 1:colcon.colcon_core.package_identification:_identify(src/nanosaur/nanosaur_control) by extension 'colcon_meta'
[1.788s] Level 1:colcon.colcon_core.package_identification:_identify(src/nanosaur/nanosaur_control) by extensions ['ros']
[1.788s] Level 1:colcon.colcon_core.package_identification:_identify(src/nanosaur/nanosaur_control) by extension 'ros'
[1.792s] DEBUG:colcon.colcon_core.package_identification:Package 'src/nanosaur/nanosaur_control' with type 'ros.ament_cmake' and name 'nanosaur_control'
[1.793s] Level 1:colcon.colcon_core.package_identification:_identify(src/nanosaur/nanosaur_msgs) by extensions ['ignore', 'ignore_ament_install']
[1.793s] Level 1:colcon.colcon_core.package_identification:_identify(src/nanosaur/nanosaur_msgs) by extension 'ignore'
[1.793s] Level 1:colcon.colcon_core.package_identification:_identify(src/nanosaur/nanosaur_msgs) by extension 'ignore_ament_install'
[1.794s] Level 1:colcon.colcon_core.package_identification:_identify(src/nanosaur/nanosaur_msgs) by extensions ['colcon_pkg']
[1.794s] Level 1:colcon.colcon_core.package_identification:_identify(src/nanosaur/nanosaur_msgs) by extension 'colcon_pkg'
[1.794s] Level 1:colcon.colcon_core.package_identification:_identify(src/nanosaur/nanosaur_msgs) by extensions ['colcon_meta']
[1.794s] Level 1:colcon.colcon_core.package_identification:_identify(src/nanosaur/nanosaur_msgs) by extension 'colcon_meta'
[1.794s] Level 1:colcon.colcon_core.package_identification:_identify(src/nanosaur/nanosaur_msgs) by extensions ['ros']
[1.795s] Level 1:colcon.colcon_core.package_identification:_identify(src/nanosaur/nanosaur_msgs) by extension 'ros'
[1.798s] DEBUG:colcon.colcon_core.package_identification:Package 'src/nanosaur/nanosaur_msgs' with type 'ros.ament_cmake' and name 'nanosaur_msgs'
[1.798s] Level 1:colcon.colcon_core.package_identification:_identify(src/nanosaur_hardware) by extensions ['ignore', 'ignore_ament_install']
[1.799s] Level 1:colcon.colcon_core.package_identification:_identify(src/nanosaur_hardware) by extension 'ignore'
[1.799s] Level 1:colcon.colcon_core.package_identification:_identify(src/nanosaur_hardware) by extension 'ignore_ament_install'
[1.799s] Level 1:colcon.colcon_core.package_identification:_identify(src/nanosaur_hardware) by extensions ['colcon_pkg']
[1.799s] Level 1:colcon.colcon_core.package_identification:_identify(src/nanosaur_hardware) by extension 'colcon_pkg'
[1.800s] Level 1:colcon.colcon_core.package_identification:_identify(src/nanosaur_hardware) by extensions ['colcon_meta']
[1.800s] Level 1:colcon.colcon_core.package_identification:_identify(src/nanosaur_hardware) by extension 'colcon_meta'
[1.800s] Level 1:colcon.colcon_core.package_identification:_identify(src/nanosaur_hardware) by extensions ['ros']
[1.800s] Level 1:colcon.colcon_core.package_identification:_identify(src/nanosaur_hardware) by extension 'ros'
[1.803s] DEBUG:colcon.colcon_core.package_identification:Package 'src/nanosaur_hardware' with type 'ros.ament_python' and name 'nanosaur_hardware'
[1.803s] Level 1:colcon.colcon_core.package_discovery:discover_packages(recursive) using defaults
[1.804s] Level 1:colcon.colcon_core.package_discovery:discover_packages(ignore) discover
[1.804s] Level 1:colcon.colcon_core.package_discovery:discover_packages(ignore) using defaults
[1.804s] Level 1:colcon.colcon_core.package_discovery:discover_packages(path) discover
[1.804s] Level 1:colcon.colcon_core.package_discovery:discover_packages(path) using defaults
[1.927s] INFO:colcon.colcon_core.package_selection:Skipping not selected package 'nanosaur_control' in 'src/nanosaur/nanosaur_control'
[1.927s] INFO:colcon.colcon_core.package_selection:Skipping not selected package 'nanosaur_hardware' in 'src/nanosaur_hardware'
[1.928s] INFO:colcon.colcon_core.package_selection:Skipping not selected package 'nanosaur_msgs' in 'src/nanosaur/nanosaur_msgs'
[1.935s] Level 5:colcon.colcon_core.verb:set package 'image_pub' build argument 'cmake_args' from command line to 'None'
[1.935s] Level 5:colcon.colcon_core.verb:set package 'image_pub' build argument 'cmake_target' from command line to 'None'
[1.935s] Level 5:colcon.colcon_core.verb:set package 'image_pub' build argument 'cmake_target_skip_unavailable' from command line to 'False'
[1.936s] Level 5:colcon.colcon_core.verb:set package 'image_pub' build argument 'cmake_clean_cache' from command line to 'False'
[1.936s] Level 5:colcon.colcon_core.verb:set package 'image_pub' build argument 'cmake_clean_first' from command line to 'False'
[1.936s] Level 5:colcon.colcon_core.verb:set package 'image_pub' build argument 'cmake_force_configure' from command line to 'False'
[1.936s] Level 5:colcon.colcon_core.verb:set package 'image_pub' build argument 'ament_cmake_args' from command line to 'None'
[1.936s] Level 5:colcon.colcon_core.verb:set package 'image_pub' build argument 'catkin_cmake_args' from command line to 'None'
[1.936s] Level 5:colcon.colcon_core.verb:set package 'image_pub' build argument 'catkin_skip_building_tests' from command line to 'False'
[1.936s] DEBUG:colcon.colcon_core.verb:Building package 'image_pub' with the following arguments: {'ament_cmake_args': None, 'build_base': '/ws/build/image_pub', 'catkin_cmake_args': None, 'catkin_skip_building_tests': False, 'cmake_args': None, 'cmake_clean_cache': False, 'cmake_clean_first': False, 'cmake_force_configure': False, 'cmake_target': None, 'cmake_target_skip_unavailable': False, 'install_base': '/ws/install/image_pub', 'merge_install': False, 'path': '/ws/src/image_pub', 'symlink_install': True, 'test_result_base': None}
[1.942s] INFO:colcon.colcon_core.executor:Executing jobs using 'parallel' executor
[1.971s] DEBUG:colcon.colcon_parallel_executor.executor.parallel:run_until_complete
[1.972s] INFO:colcon.colcon_ros.task.ament_cmake.build:Building ROS package in '/ws/src/image_pub' with build type 'ament_cmake'
[1.972s] INFO:colcon.colcon_cmake.task.cmake.build:Building CMake package in '/ws/src/image_pub'
[2.009s] INFO:colcon.colcon_core.plugin_system:Skipping extension 'colcon_core.shell.bat': Not used on non-Windows systems
[2.009s] INFO:colcon.colcon_core.shell:Skip shell extension 'powershell' for command environment: Not usable outside of PowerShell
[2.010s] DEBUG:colcon.colcon_core.shell:Skip shell extension 'dsv' for command environment
[2.108s] DEBUG:colcon.colcon_core.event_handler.log_command:Invoking command in '/ws/build/image_pub': CMAKE_PREFIX_PATH=/ws/install/nanosaur_msgs:/ws/install/nanosaur_control:/ws/install/image_pub:/ws/install/nanosaur_hardware:/ros_deep_learning/install/ros_deep_learning:/opt/ros/humble/install /usr/local/bin/cmake --build /ws/build/image_pub -- -j4 -l4
[36.799s] DEBUG:colcon.colcon_core.event_handler.log_command:Invoked command in '/ws/build/image_pub' returned '0': CMAKE_PREFIX_PATH=/ws/install/nanosaur_msgs:/ws/install/nanosaur_control:/ws/install/image_pub:/ws/install/nanosaur_hardware:/ros_deep_learning/install/ros_deep_learning:/opt/ros/humble/install /usr/local/bin/cmake --build /ws/build/image_pub -- -j4 -l4
[37.260s] DEBUG:colcon.colcon_core.event_handler.log_command:Invoking command in '/ws/build/image_pub': CMAKE_PREFIX_PATH=/ws/install/nanosaur_msgs:/ws/install/nanosaur_control:/ws/install/image_pub:/ws/install/nanosaur_hardware:/ros_deep_learning/install/ros_deep_learning:/opt/ros/humble/install /usr/local/bin/cmake --install /ws/build/image_pub
[37.464s] Level 1:colcon.colcon_core.environment:create_environment_scripts_only(image_pub)
[37.467s] DEBUG:colcon.colcon_core.event_handler.log_command:Invoked command in '/ws/build/image_pub' returned '0': CMAKE_PREFIX_PATH=/ws/install/nanosaur_msgs:/ws/install/nanosaur_control:/ws/install/image_pub:/ws/install/nanosaur_hardware:/ros_deep_learning/install/ros_deep_learning:/opt/ros/humble/install /usr/local/bin/cmake --install /ws/build/image_pub
[37.506s] Level 1:colcon.colcon_core.environment:checking '/ws/install/image_pub' for CMake module files
[37.509s] Level 1:colcon.colcon_core.environment:checking '/ws/install/image_pub' for CMake config files
[37.510s] Level 1:colcon.colcon_core.shell:create_environment_hook('image_pub', 'cmake_prefix_path')
[37.523s] INFO:colcon.colcon_core.shell:Creating environment hook '/ws/install/image_pub/share/image_pub/hook/cmake_prefix_path.ps1'
[37.529s] INFO:colcon.colcon_core.shell:Creating environment descriptor '/ws/install/image_pub/share/image_pub/hook/cmake_prefix_path.dsv'
[37.534s] INFO:colcon.colcon_core.shell:Creating environment hook '/ws/install/image_pub/share/image_pub/hook/cmake_prefix_path.sh'
[37.540s] Level 1:colcon.colcon_core.environment:checking '/ws/install/image_pub/lib'
[37.541s] Level 1:colcon.colcon_core.environment:checking '/ws/install/image_pub/bin'
[37.541s] Level 1:colcon.colcon_core.environment:checking '/ws/install/image_pub/lib/pkgconfig/image_pub.pc'
[37.547s] Level 1:colcon.colcon_core.environment:checking '/ws/install/image_pub/lib/python3.8/site-packages'
[37.548s] Level 1:colcon.colcon_core.environment:checking '/ws/install/image_pub/bin'
[37.562s] INFO:colcon.colcon_core.shell:Creating package script '/ws/install/image_pub/share/image_pub/package.ps1'
[37.567s] INFO:colcon.colcon_core.shell:Creating package descriptor '/ws/install/image_pub/share/image_pub/package.dsv'
[37.572s] INFO:colcon.colcon_core.shell:Creating package script '/ws/install/image_pub/share/image_pub/package.sh'
[37.576s] INFO:colcon.colcon_core.shell:Creating package script '/ws/install/image_pub/share/image_pub/package.bash'
[37.583s] INFO:colcon.colcon_core.shell:Creating package script '/ws/install/image_pub/share/image_pub/package.zsh'
[37.589s] Level 1:colcon.colcon_core.environment:create_file_with_runtime_dependencies(/ws/install/image_pub/share/colcon-core/packages/image_pub)
[37.820s] Level 1:colcon.colcon_core.environment:create_environment_scripts_only(image_pub)
[37.839s] Level 1:colcon.colcon_core.environment:checking '/ws/install/image_pub' for CMake module files
[37.842s] Level 1:colcon.colcon_core.environment:checking '/ws/install/image_pub' for CMake config files
[37.843s] Level 1:colcon.colcon_core.shell:create_environment_hook('image_pub', 'cmake_prefix_path')
[37.856s] INFO:colcon.colcon_core.shell:Creating environment hook '/ws/install/image_pub/share/image_pub/hook/cmake_prefix_path.ps1'
[37.858s] INFO:colcon.colcon_core.shell:Creating environment descriptor '/ws/install/image_pub/share/image_pub/hook/cmake_prefix_path.dsv'
[37.859s] INFO:colcon.colcon_core.shell:Creating environment hook '/ws/install/image_pub/share/image_pub/hook/cmake_prefix_path.sh'
[37.862s] Level 1:colcon.colcon_core.environment:checking '/ws/install/image_pub/lib'
[37.862s] Level 1:colcon.colcon_core.environment:checking '/ws/install/image_pub/bin'
[37.862s] Level 1:colcon.colcon_core.environment:checking '/ws/install/image_pub/lib/pkgconfig/image_pub.pc'
[37.863s] Level 1:colcon.colcon_core.environment:checking '/ws/install/image_pub/lib/python3.8/site-packages'
[37.864s] Level 1:colcon.colcon_core.environment:checking '/ws/install/image_pub/bin'
[37.878s] INFO:colcon.colcon_core.shell:Creating package script '/ws/install/image_pub/share/image_pub/package.ps1'
[37.881s] INFO:colcon.colcon_core.shell:Creating package descriptor '/ws/install/image_pub/share/image_pub/package.dsv'
[37.883s] INFO:colcon.colcon_core.shell:Creating package script '/ws/install/image_pub/share/image_pub/package.sh'
[37.885s] INFO:colcon.colcon_core.shell:Creating package script '/ws/install/image_pub/share/image_pub/package.bash'
[37.886s] INFO:colcon.colcon_core.shell:Creating package script '/ws/install/image_pub/share/image_pub/package.zsh'
[37.887s] Level 1:colcon.colcon_core.environment:create_file_with_runtime_dependencies(/ws/install/image_pub/share/colcon-core/packages/image_pub)
[37.889s] DEBUG:colcon.colcon_parallel_executor.executor.parallel:closing loop
[37.890s] DEBUG:colcon.colcon_parallel_executor.executor.parallel:loop closed
[37.890s] DEBUG:colcon.colcon_parallel_executor.executor.parallel:run_until_complete finished with '0'
[37.891s] DEBUG:colcon.colcon_core.event_reactor:joining thread
[38.004s] INFO:colcon.colcon_core.plugin_system:Skipping extension 'colcon_notification.desktop_notification.notify_send': Could not find 'notify-send'
[38.004s] INFO:colcon.colcon_core.plugin_system:Skipping extension 'colcon_notification.desktop_notification.terminal_notifier': Not used on non-Darwin systems
[38.005s] INFO:colcon.colcon_core.plugin_system:Skipping extension 'colcon_notification.desktop_notification.win32': Not used on non-Windows systems
[38.005s] INFO:colcon.colcon_notification.desktop_notification:Sending desktop notification using 'notify2'
[38.030s] DEBUG:colcon.colcon_notification.desktop_notification.notify2:Failed to initialize notify2: org.freedesktop.DBus.Error.Spawn.ExecFailed: /usr/bin/dbus-launch terminated abnormally without any error message
[38.031s] DEBUG:colcon.colcon_core.event_reactor:joined thread
[38.048s] INFO:colcon.colcon_core.shell:Creating prefix script '/ws/install/local_setup.ps1'
[38.055s] INFO:colcon.colcon_core.shell:Creating prefix util module '/ws/install/_local_setup_util_ps1.py'
[38.062s] INFO:colcon.colcon_core.shell:Creating prefix chain script '/ws/install/setup.ps1'
[38.072s] INFO:colcon.colcon_core.shell:Creating prefix script '/ws/install/local_setup.sh'
[38.078s] INFO:colcon.colcon_core.shell:Creating prefix util module '/ws/install/_local_setup_util_sh.py'
[38.079s] INFO:colcon.colcon_core.shell:Creating prefix chain script '/ws/install/setup.sh'
[38.089s] INFO:colcon.colcon_core.shell:Creating prefix script '/ws/install/local_setup.bash'
[38.091s] INFO:colcon.colcon_core.shell:Creating prefix chain script '/ws/install/setup.bash'
[38.100s] INFO:colcon.colcon_core.shell:Creating prefix script '/ws/install/local_setup.zsh'
[38.102s] INFO:colcon.colcon_core.shell:Creating prefix chain script '/ws/install/setup.zsh'
