[1.650s] DEBUG:colcon:Command line arguments: ['/usr/bin/colcon', 'build', '--symlink-install']
[1.650s] DEBUG:colcon:Parsed command line arguments: Namespace(ament_cmake_args=None, base_paths=['.'], build_base='build', catkin_cmake_args=None, catkin_skip_building_tests=False, cmake_args=None, cmake_clean_cache=False, cmake_clean_first=False, cmake_force_configure=False, cmake_target=None, cmake_target_skip_unavailable=False, continue_on_error=False, event_handlers=None, executor='parallel', ignore_user_meta=False, install_base='install', log_base=None, log_level=None, main=<bound method BuildVerb.main of <colcon_core.verb.build.BuildVerb object at 0x7fa3722910>>, merge_install=False, metas=['./colcon.meta'], packages_above=None, packages_above_and_dependencies=None, packages_above_depth=None, packages_end=None, packages_ignore=None, packages_ignore_regex=None, packages_select=None, packages_select_build_failed=False, packages_select_by_dep=None, packages_select_regex=None, packages_select_test_failures=False, packages_skip=None, packages_skip_build_finished=False, packages_skip_by_dep=None, packages_skip_regex=None, packages_skip_test_passed=False, packages_skip_up_to=None, packages_start=None, packages_up_to=None, packages_up_to_regex=None, parallel_workers=4, paths=None, symlink_install=True, test_result_base=None, verb_extension=<colcon_core.verb.build.BuildVerb object at 0x7fa3722910>, verb_name='build', verb_parser=<colcon_defaults.argument_parser.defaults.DefaultArgumentsDecorator object at 0x7fa3722e80>)
[1.823s] Level 1:colcon.colcon_core.package_discovery:discover_packages(colcon_meta) check parameters
[1.824s] Level 1:colcon.colcon_core.package_discovery:discover_packages(recursive) check parameters
[1.824s] Level 1:colcon.colcon_core.package_discovery:discover_packages(ignore) check parameters
[1.824s] Level 1:colcon.colcon_core.package_discovery:discover_packages(path) check parameters
[1.824s] Level 1:colcon.colcon_core.package_discovery:discover_packages(colcon_meta) discover
[1.824s] Level 1:colcon.colcon_core.package_discovery:discover_packages(recursive) discover
[1.825s] INFO:colcon.colcon_core.package_discovery:Crawling recursively for packages in '/ws'
[1.825s] Level 1:colcon.colcon_core.package_identification:_identify(.) by extensions ['ignore', 'ignore_ament_install']
[1.825s] Level 1:colcon.colcon_core.package_identification:_identify(.) by extension 'ignore'
[1.826s] Level 1:colcon.colcon_core.package_identification:_identify(.) by extension 'ignore_ament_install'
[1.826s] Level 1:colcon.colcon_core.package_identification:_identify(.) by extensions ['colcon_pkg']
[1.826s] Level 1:colcon.colcon_core.package_identification:_identify(.) by extension 'colcon_pkg'
[1.826s] Level 1:colcon.colcon_core.package_identification:_identify(.) by extensions ['colcon_meta']
[1.826s] Level 1:colcon.colcon_core.package_identification:_identify(.) by extension 'colcon_meta'
[1.827s] Level 1:colcon.colcon_core.package_identification:_identify(.) by extensions ['ros']
[1.827s] Level 1:colcon.colcon_core.package_identification:_identify(.) by extension 'ros'
[1.926s] Level 1:colcon.colcon_core.package_identification:_identify(.) by extensions ['cmake', 'python']
[1.926s] Level 1:colcon.colcon_core.package_identification:_identify(.) by extension 'cmake'
[1.927s] Level 1:colcon.colcon_core.package_identification:_identify(.) by extension 'python'
[1.927s] Level 1:colcon.colcon_core.package_identification:_identify(.) by extensions ['python_setup_py']
[1.927s] Level 1:colcon.colcon_core.package_identification:_identify(.) by extension 'python_setup_py'
[1.927s] Level 1:colcon.colcon_core.package_identification:_identify(build) by extensions ['ignore', 'ignore_ament_install']
[1.928s] Level 1:colcon.colcon_core.package_identification:_identify(build) by extension 'ignore'
[1.928s] Level 1:colcon.colcon_core.package_identification:_identify(build) ignored
[1.928s] Level 1:colcon.colcon_core.package_identification:_identify(install) by extensions ['ignore', 'ignore_ament_install']
[1.929s] Level 1:colcon.colcon_core.package_identification:_identify(install) by extension 'ignore'
[1.929s] Level 1:colcon.colcon_core.package_identification:_identify(install) ignored
[1.929s] Level 1:colcon.colcon_core.package_identification:_identify(log) by extensions ['ignore', 'ignore_ament_install']
[1.930s] Level 1:colcon.colcon_core.package_identification:_identify(log) by extension 'ignore'
[1.930s] Level 1:colcon.colcon_core.package_identification:_identify(log) ignored
[1.930s] Level 1:colcon.colcon_core.package_identification:_identify(src) by extensions ['ignore', 'ignore_ament_install']
[1.931s] Level 1:colcon.colcon_core.package_identification:_identify(src) by extension 'ignore'
[1.931s] Level 1:colcon.colcon_core.package_identification:_identify(src) by extension 'ignore_ament_install'
[1.931s] Level 1:colcon.colcon_core.package_identification:_identify(src) by extensions ['colcon_pkg']
[1.931s] Level 1:colcon.colcon_core.package_identification:_identify(src) by extension 'colcon_pkg'
[1.931s] Level 1:colcon.colcon_core.package_identification:_identify(src) by extensions ['colcon_meta']
[1.931s] Level 1:colcon.colcon_core.package_identification:_identify(src) by extension 'colcon_meta'
[1.932s] Level 1:colcon.colcon_core.package_identification:_identify(src) by extensions ['ros']
[1.932s] Level 1:colcon.colcon_core.package_identification:_identify(src) by extension 'ros'
[1.932s] Level 1:colcon.colcon_core.package_identification:_identify(src) by extensions ['cmake', 'python']
[1.932s] Level 1:colcon.colcon_core.package_identification:_identify(src) by extension 'cmake'
[1.932s] Level 1:colcon.colcon_core.package_identification:_identify(src) by extension 'python'
[1.933s] Level 1:colcon.colcon_core.package_identification:_identify(src) by extensions ['python_setup_py']
[1.933s] Level 1:colcon.colcon_core.package_identification:_identify(src) by extension 'python_setup_py'
[1.933s] Level 1:colcon.colcon_core.package_identification:_identify(src/image_pub) by extensions ['ignore', 'ignore_ament_install']
[1.933s] Level 1:colcon.colcon_core.package_identification:_identify(src/image_pub) by extension 'ignore'
[1.934s] Level 1:colcon.colcon_core.package_identification:_identify(src/image_pub) by extension 'ignore_ament_install'
[1.934s] Level 1:colcon.colcon_core.package_identification:_identify(src/image_pub) by extensions ['colcon_pkg']
[1.934s] Level 1:colcon.colcon_core.package_identification:_identify(src/image_pub) by extension 'colcon_pkg'
[1.934s] Level 1:colcon.colcon_core.package_identification:_identify(src/image_pub) by extensions ['colcon_meta']
[1.934s] Level 1:colcon.colcon_core.package_identification:_identify(src/image_pub) by extension 'colcon_meta'
[1.935s] Level 1:colcon.colcon_core.package_identification:_identify(src/image_pub) by extensions ['ros']
[1.935s] Level 1:colcon.colcon_core.package_identification:_identify(src/image_pub) by extension 'ros'
[1.950s] DEBUG:colcon.colcon_core.package_identification:Package 'src/image_pub' with type 'ros.ament_cmake' and name 'image_pub'
[1.951s] Level 1:colcon.colcon_core.package_identification:_identify(src/nanosaur) by extensions ['ignore', 'ignore_ament_install']
[1.951s] Level 1:colcon.colcon_core.package_identification:_identify(src/nanosaur) by extension 'ignore'
[1.951s] Level 1:colcon.colcon_core.package_identification:_identify(src/nanosaur) by extension 'ignore_ament_install'
[1.951s] Level 1:colcon.colcon_core.package_identification:_identify(src/nanosaur) by extensions ['colcon_pkg']
[1.952s] Level 1:colcon.colcon_core.package_identification:_identify(src/nanosaur) by extension 'colcon_pkg'
[1.952s] Level 1:colcon.colcon_core.package_identification:_identify(src/nanosaur) by extensions ['colcon_meta']
[1.952s] Level 1:colcon.colcon_core.package_identification:_identify(src/nanosaur) by extension 'colcon_meta'
[1.952s] Level 1:colcon.colcon_core.package_identification:_identify(src/nanosaur) by extensions ['ros']
[1.952s] Level 1:colcon.colcon_core.package_identification:_identify(src/nanosaur) by extension 'ros'
[1.953s] Level 1:colcon.colcon_core.package_identification:_identify(src/nanosaur) by extensions ['cmake', 'python']
[1.953s] Level 1:colcon.colcon_core.package_identification:_identify(src/nanosaur) by extension 'cmake'
[1.953s] Level 1:colcon.colcon_core.package_identification:_identify(src/nanosaur) by extension 'python'
[1.953s] Level 1:colcon.colcon_core.package_identification:_identify(src/nanosaur) by extensions ['python_setup_py']
[1.953s] Level 1:colcon.colcon_core.package_identification:_identify(src/nanosaur) by extension 'python_setup_py'
[1.954s] Level 1:colcon.colcon_core.package_identification:_identify(src/nanosaur/nanosaur_control) by extensions ['ignore', 'ignore_ament_install']
[1.954s] Level 1:colcon.colcon_core.package_identification:_identify(src/nanosaur/nanosaur_control) by extension 'ignore'
[1.954s] Level 1:colcon.colcon_core.package_identification:_identify(src/nanosaur/nanosaur_control) by extension 'ignore_ament_install'
[1.955s] Level 1:colcon.colcon_core.package_identification:_identify(src/nanosaur/nanosaur_control) by extensions ['colcon_pkg']
[1.955s] Level 1:colcon.colcon_core.package_identification:_identify(src/nanosaur/nanosaur_control) by extension 'colcon_pkg'
[1.955s] Level 1:colcon.colcon_core.package_identification:_identify(src/nanosaur/nanosaur_control) by extensions ['colcon_meta']
[1.955s] Level 1:colcon.colcon_core.package_identification:_identify(src/nanosaur/nanosaur_control) by extension 'colcon_meta'
[1.955s] Level 1:colcon.colcon_core.package_identification:_identify(src/nanosaur/nanosaur_control) by extensions ['ros']
[1.955s] Level 1:colcon.colcon_core.package_identification:_identify(src/nanosaur/nanosaur_control) by extension 'ros'
[1.959s] DEBUG:colcon.colcon_core.package_identification:Package 'src/nanosaur/nanosaur_control' with type 'ros.ament_cmake' and name 'nanosaur_control'
[1.960s] Level 1:colcon.colcon_core.package_identification:_identify(src/nanosaur/nanosaur_msgs) by extensions ['ignore', 'ignore_ament_install']
[1.961s] Level 1:colcon.colcon_core.package_identification:_identify(src/nanosaur/nanosaur_msgs) by extension 'ignore'
[1.961s] Level 1:colcon.colcon_core.package_identification:_identify(src/nanosaur/nanosaur_msgs) by extension 'ignore_ament_install'
[1.961s] Level 1:colcon.colcon_core.package_identification:_identify(src/nanosaur/nanosaur_msgs) by extensions ['colcon_pkg']
[1.961s] Level 1:colcon.colcon_core.package_identification:_identify(src/nanosaur/nanosaur_msgs) by extension 'colcon_pkg'
[1.961s] Level 1:colcon.colcon_core.package_identification:_identify(src/nanosaur/nanosaur_msgs) by extensions ['colcon_meta']
[1.962s] Level 1:colcon.colcon_core.package_identification:_identify(src/nanosaur/nanosaur_msgs) by extension 'colcon_meta'
[1.962s] Level 1:colcon.colcon_core.package_identification:_identify(src/nanosaur/nanosaur_msgs) by extensions ['ros']
[1.962s] Level 1:colcon.colcon_core.package_identification:_identify(src/nanosaur/nanosaur_msgs) by extension 'ros'
[1.965s] DEBUG:colcon.colcon_core.package_identification:Package 'src/nanosaur/nanosaur_msgs' with type 'ros.ament_cmake' and name 'nanosaur_msgs'
[1.965s] Level 1:colcon.colcon_core.package_identification:_identify(src/nanosaur_hardware) by extensions ['ignore', 'ignore_ament_install']
[1.966s] Level 1:colcon.colcon_core.package_identification:_identify(src/nanosaur_hardware) by extension 'ignore'
[1.966s] Level 1:colcon.colcon_core.package_identification:_identify(src/nanosaur_hardware) by extension 'ignore_ament_install'
[1.966s] Level 1:colcon.colcon_core.package_identification:_identify(src/nanosaur_hardware) by extensions ['colcon_pkg']
[1.966s] Level 1:colcon.colcon_core.package_identification:_identify(src/nanosaur_hardware) by extension 'colcon_pkg'
[1.966s] Level 1:colcon.colcon_core.package_identification:_identify(src/nanosaur_hardware) by extensions ['colcon_meta']
[1.967s] Level 1:colcon.colcon_core.package_identification:_identify(src/nanosaur_hardware) by extension 'colcon_meta'
[1.967s] Level 1:colcon.colcon_core.package_identification:_identify(src/nanosaur_hardware) by extensions ['ros']
[1.967s] Level 1:colcon.colcon_core.package_identification:_identify(src/nanosaur_hardware) by extension 'ros'
[1.971s] DEBUG:colcon.colcon_core.package_identification:Package 'src/nanosaur_hardware' with type 'ros.ament_python' and name 'nanosaur_hardware'
[1.971s] Level 1:colcon.colcon_core.package_identification:_identify(src/rosboard) by extensions ['ignore', 'ignore_ament_install']
[1.972s] Level 1:colcon.colcon_core.package_identification:_identify(src/rosboard) by extension 'ignore'
[1.972s] Level 1:colcon.colcon_core.package_identification:_identify(src/rosboard) by extension 'ignore_ament_install'
[1.972s] Level 1:colcon.colcon_core.package_identification:_identify(src/rosboard) by extensions ['colcon_pkg']
[1.972s] Level 1:colcon.colcon_core.package_identification:_identify(src/rosboard) by extension 'colcon_pkg'
[1.973s] Level 1:colcon.colcon_core.package_identification:_identify(src/rosboard) by extensions ['colcon_meta']
[1.973s] Level 1:colcon.colcon_core.package_identification:_identify(src/rosboard) by extension 'colcon_meta'
[1.973s] Level 1:colcon.colcon_core.package_identification:_identify(src/rosboard) by extensions ['ros']
[1.973s] Level 1:colcon.colcon_core.package_identification:_identify(src/rosboard) by extension 'ros'
[1.986s] DEBUG:colcon.colcon_core.package_identification:Package 'src/rosboard' with type 'ros.ament_python' and name 'rosboard'
[1.986s] Level 1:colcon.colcon_core.package_identification:_identify(src/rover_line_follower) by extensions ['ignore', 'ignore_ament_install']
[1.987s] Level 1:colcon.colcon_core.package_identification:_identify(src/rover_line_follower) by extension 'ignore'
[1.987s] Level 1:colcon.colcon_core.package_identification:_identify(src/rover_line_follower) by extension 'ignore_ament_install'
[1.987s] Level 1:colcon.colcon_core.package_identification:_identify(src/rover_line_follower) by extensions ['colcon_pkg']
[1.987s] Level 1:colcon.colcon_core.package_identification:_identify(src/rover_line_follower) by extension 'colcon_pkg'
[1.988s] Level 1:colcon.colcon_core.package_identification:_identify(src/rover_line_follower) by extensions ['colcon_meta']
[1.988s] Level 1:colcon.colcon_core.package_identification:_identify(src/rover_line_follower) by extension 'colcon_meta'
[1.988s] Level 1:colcon.colcon_core.package_identification:_identify(src/rover_line_follower) by extensions ['ros']
[1.988s] Level 1:colcon.colcon_core.package_identification:_identify(src/rover_line_follower) by extension 'ros'
[1.991s] DEBUG:colcon.colcon_core.package_identification:Package 'src/rover_line_follower' with type 'ros.ament_python' and name 'rover_line_follower'
[1.992s] Level 1:colcon.colcon_core.package_identification:_identify(src/teleop_twist_keyboard) by extensions ['ignore', 'ignore_ament_install']
[1.993s] Level 1:colcon.colcon_core.package_identification:_identify(src/teleop_twist_keyboard) by extension 'ignore'
[1.993s] Level 1:colcon.colcon_core.package_identification:_identify(src/teleop_twist_keyboard) by extension 'ignore_ament_install'
[1.993s] Level 1:colcon.colcon_core.package_identification:_identify(src/teleop_twist_keyboard) by extensions ['colcon_pkg']
[1.993s] Level 1:colcon.colcon_core.package_identification:_identify(src/teleop_twist_keyboard) by extension 'colcon_pkg'
[1.994s] Level 1:colcon.colcon_core.package_identification:_identify(src/teleop_twist_keyboard) by extensions ['colcon_meta']
[1.994s] Level 1:colcon.colcon_core.package_identification:_identify(src/teleop_twist_keyboard) by extension 'colcon_meta'
[1.994s] Level 1:colcon.colcon_core.package_identification:_identify(src/teleop_twist_keyboard) by extensions ['ros']
[1.994s] Level 1:colcon.colcon_core.package_identification:_identify(src/teleop_twist_keyboard) by extension 'ros'
[1.997s] DEBUG:colcon.colcon_core.package_identification:Package 'src/teleop_twist_keyboard' with type 'ros.ament_python' and name 'teleop_twist_keyboard'
[1.997s] Level 1:colcon.colcon_core.package_discovery:discover_packages(recursive) using defaults
[1.997s] Level 1:colcon.colcon_core.package_discovery:discover_packages(ignore) discover
[1.997s] Level 1:colcon.colcon_core.package_discovery:discover_packages(ignore) using defaults
[1.997s] Level 1:colcon.colcon_core.package_discovery:discover_packages(path) discover
[1.997s] Level 1:colcon.colcon_core.package_discovery:discover_packages(path) using defaults
[2.133s] Level 5:colcon.colcon_core.verb:set package 'image_pub' build argument 'cmake_args' from command line to 'None'
[2.133s] Level 5:colcon.colcon_core.verb:set package 'image_pub' build argument 'cmake_target' from command line to 'None'
[2.133s] Level 5:colcon.colcon_core.verb:set package 'image_pub' build argument 'cmake_target_skip_unavailable' from command line to 'False'
[2.133s] Level 5:colcon.colcon_core.verb:set package 'image_pub' build argument 'cmake_clean_cache' from command line to 'False'
[2.134s] Level 5:colcon.colcon_core.verb:set package 'image_pub' build argument 'cmake_clean_first' from command line to 'False'
[2.134s] Level 5:colcon.colcon_core.verb:set package 'image_pub' build argument 'cmake_force_configure' from command line to 'False'
[2.134s] Level 5:colcon.colcon_core.verb:set package 'image_pub' build argument 'ament_cmake_args' from command line to 'None'
[2.134s] Level 5:colcon.colcon_core.verb:set package 'image_pub' build argument 'catkin_cmake_args' from command line to 'None'
[2.134s] Level 5:colcon.colcon_core.verb:set package 'image_pub' build argument 'catkin_skip_building_tests' from command line to 'False'
[2.134s] DEBUG:colcon.colcon_core.verb:Building package 'image_pub' with the following arguments: {'ament_cmake_args': None, 'build_base': '/ws/build/image_pub', 'catkin_cmake_args': None, 'catkin_skip_building_tests': False, 'cmake_args': None, 'cmake_clean_cache': False, 'cmake_clean_first': False, 'cmake_force_configure': False, 'cmake_target': None, 'cmake_target_skip_unavailable': False, 'install_base': '/ws/install/image_pub', 'merge_install': False, 'path': '/ws/src/image_pub', 'symlink_install': True, 'test_result_base': None}
[2.142s] Level 5:colcon.colcon_core.verb:set package 'nanosaur_control' build argument 'cmake_args' from command line to 'None'
[2.142s] Level 5:colcon.colcon_core.verb:set package 'nanosaur_control' build argument 'cmake_target' from command line to 'None'
[2.142s] Level 5:colcon.colcon_core.verb:set package 'nanosaur_control' build argument 'cmake_target_skip_unavailable' from command line to 'False'
[2.142s] Level 5:colcon.colcon_core.verb:set package 'nanosaur_control' build argument 'cmake_clean_cache' from command line to 'False'
[2.142s] Level 5:colcon.colcon_core.verb:set package 'nanosaur_control' build argument 'cmake_clean_first' from command line to 'False'
[2.142s] Level 5:colcon.colcon_core.verb:set package 'nanosaur_control' build argument 'cmake_force_configure' from command line to 'False'
[2.142s] Level 5:colcon.colcon_core.verb:set package 'nanosaur_control' build argument 'ament_cmake_args' from command line to 'None'
[2.143s] Level 5:colcon.colcon_core.verb:set package 'nanosaur_control' build argument 'catkin_cmake_args' from command line to 'None'
[2.143s] Level 5:colcon.colcon_core.verb:set package 'nanosaur_control' build argument 'catkin_skip_building_tests' from command line to 'False'
[2.143s] DEBUG:colcon.colcon_core.verb:Building package 'nanosaur_control' with the following arguments: {'ament_cmake_args': None, 'build_base': '/ws/build/nanosaur_control', 'catkin_cmake_args': None, 'catkin_skip_building_tests': False, 'cmake_args': None, 'cmake_clean_cache': False, 'cmake_clean_first': False, 'cmake_force_configure': False, 'cmake_target': None, 'cmake_target_skip_unavailable': False, 'install_base': '/ws/install/nanosaur_control', 'merge_install': False, 'path': '/ws/src/nanosaur/nanosaur_control', 'symlink_install': True, 'test_result_base': None}
[2.150s] Level 5:colcon.colcon_core.verb:set package 'nanosaur_hardware' build argument 'cmake_args' from command line to 'None'
[2.150s] Level 5:colcon.colcon_core.verb:set package 'nanosaur_hardware' build argument 'cmake_target' from command line to 'None'
[2.150s] Level 5:colcon.colcon_core.verb:set package 'nanosaur_hardware' build argument 'cmake_target_skip_unavailable' from command line to 'False'
[2.151s] Level 5:colcon.colcon_core.verb:set package 'nanosaur_hardware' build argument 'cmake_clean_cache' from command line to 'False'
[2.151s] Level 5:colcon.colcon_core.verb:set package 'nanosaur_hardware' build argument 'cmake_clean_first' from command line to 'False'
[2.151s] Level 5:colcon.colcon_core.verb:set package 'nanosaur_hardware' build argument 'cmake_force_configure' from command line to 'False'
[2.151s] Level 5:colcon.colcon_core.verb:set package 'nanosaur_hardware' build argument 'ament_cmake_args' from command line to 'None'
[2.151s] Level 5:colcon.colcon_core.verb:set package 'nanosaur_hardware' build argument 'catkin_cmake_args' from command line to 'None'
[2.151s] Level 5:colcon.colcon_core.verb:set package 'nanosaur_hardware' build argument 'catkin_skip_building_tests' from command line to 'False'
[2.151s] DEBUG:colcon.colcon_core.verb:Building package 'nanosaur_hardware' with the following arguments: {'ament_cmake_args': None, 'build_base': '/ws/build/nanosaur_hardware', 'catkin_cmake_args': None, 'catkin_skip_building_tests': False, 'cmake_args': None, 'cmake_clean_cache': False, 'cmake_clean_first': False, 'cmake_force_configure': False, 'cmake_target': None, 'cmake_target_skip_unavailable': False, 'install_base': '/ws/install/nanosaur_hardware', 'merge_install': False, 'path': '/ws/src/nanosaur_hardware', 'symlink_install': True, 'test_result_base': None}
[2.159s] Level 5:colcon.colcon_core.verb:set package 'nanosaur_msgs' build argument 'cmake_args' from command line to 'None'
[2.159s] Level 5:colcon.colcon_core.verb:set package 'nanosaur_msgs' build argument 'cmake_target' from command line to 'None'
[2.159s] Level 5:colcon.colcon_core.verb:set package 'nanosaur_msgs' build argument 'cmake_target_skip_unavailable' from command line to 'False'
[2.159s] Level 5:colcon.colcon_core.verb:set package 'nanosaur_msgs' build argument 'cmake_clean_cache' from command line to 'False'
[2.159s] Level 5:colcon.colcon_core.verb:set package 'nanosaur_msgs' build argument 'cmake_clean_first' from command line to 'False'
[2.159s] Level 5:colcon.colcon_core.verb:set package 'nanosaur_msgs' build argument 'cmake_force_configure' from command line to 'False'
[2.159s] Level 5:colcon.colcon_core.verb:set package 'nanosaur_msgs' build argument 'ament_cmake_args' from command line to 'None'
[2.159s] Level 5:colcon.colcon_core.verb:set package 'nanosaur_msgs' build argument 'catkin_cmake_args' from command line to 'None'
[2.160s] Level 5:colcon.colcon_core.verb:set package 'nanosaur_msgs' build argument 'catkin_skip_building_tests' from command line to 'False'
[2.160s] DEBUG:colcon.colcon_core.verb:Building package 'nanosaur_msgs' with the following arguments: {'ament_cmake_args': None, 'build_base': '/ws/build/nanosaur_msgs', 'catkin_cmake_args': None, 'catkin_skip_building_tests': False, 'cmake_args': None, 'cmake_clean_cache': False, 'cmake_clean_first': False, 'cmake_force_configure': False, 'cmake_target': None, 'cmake_target_skip_unavailable': False, 'install_base': '/ws/install/nanosaur_msgs', 'merge_install': False, 'path': '/ws/src/nanosaur/nanosaur_msgs', 'symlink_install': True, 'test_result_base': None}
[2.167s] Level 5:colcon.colcon_core.verb:set package 'rosboard' build argument 'cmake_args' from command line to 'None'
[2.167s] Level 5:colcon.colcon_core.verb:set package 'rosboard' build argument 'cmake_target' from command line to 'None'
[2.167s] Level 5:colcon.colcon_core.verb:set package 'rosboard' build argument 'cmake_target_skip_unavailable' from command line to 'False'
[2.167s] Level 5:colcon.colcon_core.verb:set package 'rosboard' build argument 'cmake_clean_cache' from command line to 'False'
[2.167s] Level 5:colcon.colcon_core.verb:set package 'rosboard' build argument 'cmake_clean_first' from command line to 'False'
[2.168s] Level 5:colcon.colcon_core.verb:set package 'rosboard' build argument 'cmake_force_configure' from command line to 'False'
[2.168s] Level 5:colcon.colcon_core.verb:set package 'rosboard' build argument 'ament_cmake_args' from command line to 'None'
[2.168s] Level 5:colcon.colcon_core.verb:set package 'rosboard' build argument 'catkin_cmake_args' from command line to 'None'
[2.168s] Level 5:colcon.colcon_core.verb:set package 'rosboard' build argument 'catkin_skip_building_tests' from command line to 'False'
[2.168s] DEBUG:colcon.colcon_core.verb:Building package 'rosboard' with the following arguments: {'ament_cmake_args': None, 'build_base': '/ws/build/rosboard', 'catkin_cmake_args': None, 'catkin_skip_building_tests': False, 'cmake_args': None, 'cmake_clean_cache': False, 'cmake_clean_first': False, 'cmake_force_configure': False, 'cmake_target': None, 'cmake_target_skip_unavailable': False, 'install_base': '/ws/install/rosboard', 'merge_install': False, 'path': '/ws/src/rosboard', 'symlink_install': True, 'test_result_base': None}
[2.175s] Level 5:colcon.colcon_core.verb:set package 'rover_line_follower' build argument 'cmake_args' from command line to 'None'
[2.175s] Level 5:colcon.colcon_core.verb:set package 'rover_line_follower' build argument 'cmake_target' from command line to 'None'
[2.176s] Level 5:colcon.colcon_core.verb:set package 'rover_line_follower' build argument 'cmake_target_skip_unavailable' from command line to 'False'
[2.176s] Level 5:colcon.colcon_core.verb:set package 'rover_line_follower' build argument 'cmake_clean_cache' from command line to 'False'
[2.176s] Level 5:colcon.colcon_core.verb:set package 'rover_line_follower' build argument 'cmake_clean_first' from command line to 'False'
[2.176s] Level 5:colcon.colcon_core.verb:set package 'rover_line_follower' build argument 'cmake_force_configure' from command line to 'False'
[2.176s] Level 5:colcon.colcon_core.verb:set package 'rover_line_follower' build argument 'ament_cmake_args' from command line to 'None'
[2.176s] Level 5:colcon.colcon_core.verb:set package 'rover_line_follower' build argument 'catkin_cmake_args' from command line to 'None'
[2.176s] Level 5:colcon.colcon_core.verb:set package 'rover_line_follower' build argument 'catkin_skip_building_tests' from command line to 'False'
[2.176s] DEBUG:colcon.colcon_core.verb:Building package 'rover_line_follower' with the following arguments: {'ament_cmake_args': None, 'build_base': '/ws/build/rover_line_follower', 'catkin_cmake_args': None, 'catkin_skip_building_tests': False, 'cmake_args': None, 'cmake_clean_cache': False, 'cmake_clean_first': False, 'cmake_force_configure': False, 'cmake_target': None, 'cmake_target_skip_unavailable': False, 'install_base': '/ws/install/rover_line_follower', 'merge_install': False, 'path': '/ws/src/rover_line_follower', 'symlink_install': True, 'test_result_base': None}
[2.184s] Level 5:colcon.colcon_core.verb:set package 'teleop_twist_keyboard' build argument 'cmake_args' from command line to 'None'
[2.184s] Level 5:colcon.colcon_core.verb:set package 'teleop_twist_keyboard' build argument 'cmake_target' from command line to 'None'
[2.184s] Level 5:colcon.colcon_core.verb:set package 'teleop_twist_keyboard' build argument 'cmake_target_skip_unavailable' from command line to 'False'
[2.184s] Level 5:colcon.colcon_core.verb:set package 'teleop_twist_keyboard' build argument 'cmake_clean_cache' from command line to 'False'
[2.184s] Level 5:colcon.colcon_core.verb:set package 'teleop_twist_keyboard' build argument 'cmake_clean_first' from command line to 'False'
[2.184s] Level 5:colcon.colcon_core.verb:set package 'teleop_twist_keyboard' build argument 'cmake_force_configure' from command line to 'False'
[2.185s] Level 5:colcon.colcon_core.verb:set package 'teleop_twist_keyboard' build argument 'ament_cmake_args' from command line to 'None'
[2.185s] Level 5:colcon.colcon_core.verb:set package 'teleop_twist_keyboard' build argument 'catkin_cmake_args' from command line to 'None'
[2.185s] Level 5:colcon.colcon_core.verb:set package 'teleop_twist_keyboard' build argument 'catkin_skip_building_tests' from command line to 'False'
[2.185s] DEBUG:colcon.colcon_core.verb:Building package 'teleop_twist_keyboard' with the following arguments: {'ament_cmake_args': None, 'build_base': '/ws/build/teleop_twist_keyboard', 'catkin_cmake_args': None, 'catkin_skip_building_tests': False, 'cmake_args': None, 'cmake_clean_cache': False, 'cmake_clean_first': False, 'cmake_force_configure': False, 'cmake_target': None, 'cmake_target_skip_unavailable': False, 'install_base': '/ws/install/teleop_twist_keyboard', 'merge_install': False, 'path': '/ws/src/teleop_twist_keyboard', 'symlink_install': True, 'test_result_base': None}
[2.190s] INFO:colcon.colcon_core.executor:Executing jobs using 'parallel' executor
[2.220s] DEBUG:colcon.colcon_parallel_executor.executor.parallel:run_until_complete
[2.221s] INFO:colcon.colcon_ros.task.ament_cmake.build:Building ROS package in '/ws/src/image_pub' with build type 'ament_cmake'
[2.221s] INFO:colcon.colcon_cmake.task.cmake.build:Building CMake package in '/ws/src/image_pub'
[2.256s] INFO:colcon.colcon_core.plugin_system:Skipping extension 'colcon_core.shell.bat': Not used on non-Windows systems
[2.257s] INFO:colcon.colcon_core.shell:Skip shell extension 'powershell' for command environment: Not usable outside of PowerShell
[2.257s] DEBUG:colcon.colcon_core.shell:Skip shell extension 'dsv' for command environment
[2.347s] INFO:colcon.colcon_ros.task.ament_cmake.build:Building ROS package in '/ws/src/nanosaur/nanosaur_control' with build type 'ament_cmake'
[2.348s] INFO:colcon.colcon_cmake.task.cmake.build:Building CMake package in '/ws/src/nanosaur/nanosaur_control'
[2.364s] INFO:colcon.colcon_core.shell:Skip shell extension 'powershell' for command environment: Not usable outside of PowerShell
[2.365s] DEBUG:colcon.colcon_core.shell:Skip shell extension 'dsv' for command environment
[2.421s] INFO:colcon.colcon_ros.task.ament_python.build:Building ROS package in '/ws/src/nanosaur_hardware' with build type 'ament_python'
[2.422s] Level 1:colcon.colcon_core.shell:create_environment_hook('nanosaur_hardware', 'ament_prefix_path')
[2.438s] INFO:colcon.colcon_core.shell:Creating environment hook '/ws/install/nanosaur_hardware/share/nanosaur_hardware/hook/ament_prefix_path.ps1'
[2.443s] INFO:colcon.colcon_core.shell:Creating environment descriptor '/ws/install/nanosaur_hardware/share/nanosaur_hardware/hook/ament_prefix_path.dsv'
[2.445s] INFO:colcon.colcon_core.shell:Creating environment hook '/ws/install/nanosaur_hardware/share/nanosaur_hardware/hook/ament_prefix_path.sh'
[2.461s] INFO:colcon.colcon_core.shell:Skip shell extension 'powershell' for command environment: Not usable outside of PowerShell
[2.461s] DEBUG:colcon.colcon_core.shell:Skip shell extension 'dsv' for command environment
[2.516s] INFO:colcon.colcon_ros.task.ament_cmake.build:Building ROS package in '/ws/src/nanosaur/nanosaur_msgs' with build type 'ament_cmake'
[2.517s] INFO:colcon.colcon_cmake.task.cmake.build:Building CMake package in '/ws/src/nanosaur/nanosaur_msgs'
[2.532s] INFO:colcon.colcon_core.shell:Skip shell extension 'powershell' for command environment: Not usable outside of PowerShell
[2.533s] DEBUG:colcon.colcon_core.shell:Skip shell extension 'dsv' for command environment
[2.608s] DEBUG:colcon.colcon_core.event_handler.log_command:Invoking command in '/ws/build/image_pub': CMAKE_PREFIX_PATH=/ws/install/nanosaur_msgs:/ws/install/nanosaur_control:/ws/install/image_pub:/ws/install/teleop_twist_keyboard:/ws/install/rover_line_follower:/ws/install/rosboard:/ws/install/nanosaur_hardware:/ros_deep_learning/install/ros_deep_learning:/opt/ros/humble/install /usr/local/bin/cmake --build /ws/build/image_pub -- -j4 -l4
[2.635s] DEBUG:colcon.colcon_core.event_handler.log_command:Invoking command in '/ws/build/nanosaur_control': CMAKE_PREFIX_PATH=/ws/install/nanosaur_msgs:/ws/install/nanosaur_control:/ws/install/image_pub:/ws/install/teleop_twist_keyboard:/ws/install/rover_line_follower:/ws/install/rosboard:/ws/install/nanosaur_hardware:/ros_deep_learning/install/ros_deep_learning:/opt/ros/humble/install /usr/local/bin/cmake --build /ws/build/nanosaur_control -- -j4 -l4
[3.759s] INFO:colcon.colcon_core.task.python.build:Building Python package in '/ws/src/nanosaur_hardware'
[3.775s] INFO:colcon.colcon_core.shell:Skip shell extension 'powershell' for command environment: Not usable outside of PowerShell
[3.775s] DEBUG:colcon.colcon_core.shell:Skip shell extension 'dsv' for command environment
[3.865s] DEBUG:colcon.colcon_core.event_handler.log_command:Invoking command in '/ws/build/nanosaur_msgs': CMAKE_PREFIX_PATH=/ws/install/nanosaur_msgs:/ws/install/nanosaur_control:/ws/install/image_pub:/ws/install/teleop_twist_keyboard:/ws/install/rover_line_follower:/ws/install/rosboard:/ws/install/nanosaur_hardware:/ros_deep_learning/install/ros_deep_learning:/opt/ros/humble/install /usr/local/bin/cmake --build /ws/build/nanosaur_msgs -- -j4 -l4
[3.871s] DEBUG:colcon.colcon_core.event_handler.log_command:Invoked command in '/ws/build/nanosaur_control' returned '0': CMAKE_PREFIX_PATH=/ws/install/nanosaur_msgs:/ws/install/nanosaur_control:/ws/install/image_pub:/ws/install/teleop_twist_keyboard:/ws/install/rover_line_follower:/ws/install/rosboard:/ws/install/nanosaur_hardware:/ros_deep_learning/install/ros_deep_learning:/opt/ros/humble/install /usr/local/bin/cmake --build /ws/build/nanosaur_control -- -j4 -l4
[4.331s] DEBUG:colcon.colcon_core.event_handler.log_command:Invoking command in '/ws/build/nanosaur_control': CMAKE_PREFIX_PATH=/ws/install/nanosaur_msgs:/ws/install/nanosaur_control:/ws/install/image_pub:/ws/install/teleop_twist_keyboard:/ws/install/rover_line_follower:/ws/install/rosboard:/ws/install/nanosaur_hardware:/ros_deep_learning/install/ros_deep_learning:/opt/ros/humble/install /usr/local/bin/cmake --install /ws/build/nanosaur_control
[4.655s] Level 1:colcon.colcon_core.environment:create_environment_scripts_only(nanosaur_control)
[4.657s] DEBUG:colcon.colcon_core.event_handler.log_command:Invoked command in '/ws/build/nanosaur_control' returned '0': CMAKE_PREFIX_PATH=/ws/install/nanosaur_msgs:/ws/install/nanosaur_control:/ws/install/image_pub:/ws/install/teleop_twist_keyboard:/ws/install/rover_line_follower:/ws/install/rosboard:/ws/install/nanosaur_hardware:/ros_deep_learning/install/ros_deep_learning:/opt/ros/humble/install /usr/local/bin/cmake --install /ws/build/nanosaur_control
[4.709s] Level 1:colcon.colcon_core.environment:checking '/ws/install/nanosaur_control' for CMake module files
[4.712s] Level 1:colcon.colcon_core.environment:checking '/ws/install/nanosaur_control' for CMake config files
[4.714s] Level 1:colcon.colcon_core.shell:create_environment_hook('nanosaur_control', 'cmake_prefix_path')
[4.737s] INFO:colcon.colcon_core.shell:Creating environment hook '/ws/install/nanosaur_control/share/nanosaur_control/hook/cmake_prefix_path.ps1'
[4.739s] INFO:colcon.colcon_core.shell:Creating environment descriptor '/ws/install/nanosaur_control/share/nanosaur_control/hook/cmake_prefix_path.dsv'
[4.741s] INFO:colcon.colcon_core.shell:Creating environment hook '/ws/install/nanosaur_control/share/nanosaur_control/hook/cmake_prefix_path.sh'
[4.745s] Level 1:colcon.colcon_core.environment:checking '/ws/install/nanosaur_control/bin'
[4.746s] Level 1:colcon.colcon_core.environment:checking '/ws/install/nanosaur_control/lib/pkgconfig/nanosaur_control.pc'
[4.747s] Level 1:colcon.colcon_core.environment:checking '/ws/install/nanosaur_control/lib/python3.8/site-packages'
[4.747s] Level 1:colcon.colcon_core.environment:checking '/ws/install/nanosaur_control/bin'
[4.766s] INFO:colcon.colcon_core.shell:Creating package script '/ws/install/nanosaur_control/share/nanosaur_control/package.ps1'
[4.772s] INFO:colcon.colcon_core.shell:Creating package descriptor '/ws/install/nanosaur_control/share/nanosaur_control/package.dsv'
[4.775s] INFO:colcon.colcon_core.shell:Creating package script '/ws/install/nanosaur_control/share/nanosaur_control/package.sh'
[4.779s] INFO:colcon.colcon_core.shell:Creating package script '/ws/install/nanosaur_control/share/nanosaur_control/package.bash'
[4.783s] INFO:colcon.colcon_core.shell:Creating package script '/ws/install/nanosaur_control/share/nanosaur_control/package.zsh'
[4.787s] Level 1:colcon.colcon_core.environment:create_file_with_runtime_dependencies(/ws/install/nanosaur_control/share/colcon-core/packages/nanosaur_control)
[5.114s] Level 1:colcon.colcon_core.environment:create_environment_scripts_only(nanosaur_control)
[5.142s] Level 1:colcon.colcon_core.environment:checking '/ws/install/nanosaur_control' for CMake module files
[5.145s] Level 1:colcon.colcon_core.environment:checking '/ws/install/nanosaur_control' for CMake config files
[5.147s] Level 1:colcon.colcon_core.shell:create_environment_hook('nanosaur_control', 'cmake_prefix_path')
[5.164s] INFO:colcon.colcon_core.shell:Creating environment hook '/ws/install/nanosaur_control/share/nanosaur_control/hook/cmake_prefix_path.ps1'
[5.168s] INFO:colcon.colcon_core.shell:Creating environment descriptor '/ws/install/nanosaur_control/share/nanosaur_control/hook/cmake_prefix_path.dsv'
[5.170s] INFO:colcon.colcon_core.shell:Creating environment hook '/ws/install/nanosaur_control/share/nanosaur_control/hook/cmake_prefix_path.sh'
[5.172s] Level 1:colcon.colcon_core.environment:checking '/ws/install/nanosaur_control/bin'
[5.173s] Level 1:colcon.colcon_core.environment:checking '/ws/install/nanosaur_control/lib/pkgconfig/nanosaur_control.pc'
[5.174s] Level 1:colcon.colcon_core.environment:checking '/ws/install/nanosaur_control/lib/python3.8/site-packages'
[5.175s] Level 1:colcon.colcon_core.environment:checking '/ws/install/nanosaur_control/bin'
[5.192s] INFO:colcon.colcon_core.shell:Creating package script '/ws/install/nanosaur_control/share/nanosaur_control/package.ps1'
[5.195s] INFO:colcon.colcon_core.shell:Creating package descriptor '/ws/install/nanosaur_control/share/nanosaur_control/package.dsv'
[5.197s] INFO:colcon.colcon_core.shell:Creating package script '/ws/install/nanosaur_control/share/nanosaur_control/package.sh'
[5.200s] INFO:colcon.colcon_core.shell:Creating package script '/ws/install/nanosaur_control/share/nanosaur_control/package.bash'
[5.202s] INFO:colcon.colcon_core.shell:Creating package script '/ws/install/nanosaur_control/share/nanosaur_control/package.zsh'
[5.204s] Level 1:colcon.colcon_core.environment:create_file_with_runtime_dependencies(/ws/install/nanosaur_control/share/colcon-core/packages/nanosaur_control)
[5.206s] INFO:colcon.colcon_ros.task.ament_python.build:Building ROS package in '/ws/src/rosboard' with build type 'ament_python'
[5.207s] Level 1:colcon.colcon_core.shell:create_environment_hook('rosboard', 'ament_prefix_path')
[5.225s] INFO:colcon.colcon_core.shell:Creating environment hook '/ws/install/rosboard/share/rosboard/hook/ament_prefix_path.ps1'
[5.230s] INFO:colcon.colcon_core.shell:Creating environment descriptor '/ws/install/rosboard/share/rosboard/hook/ament_prefix_path.dsv'
[5.233s] INFO:colcon.colcon_core.shell:Creating environment hook '/ws/install/rosboard/share/rosboard/hook/ament_prefix_path.sh'
[5.252s] INFO:colcon.colcon_core.shell:Skip shell extension 'powershell' for command environment: Not usable outside of PowerShell
[5.252s] DEBUG:colcon.colcon_core.shell:Skip shell extension 'dsv' for command environment
[6.626s] WARNING:colcon.colcon_ros.task.ament_python.build:Package 'rosboard' doesn't explicitly install a marker in the package index (colcon-ros currently does it implicitly but that fallback will be removed in the future)
[6.627s] INFO:colcon.colcon_core.task.python.build:Building Python package in '/ws/src/rosboard'
[6.642s] INFO:colcon.colcon_core.shell:Skip shell extension 'powershell' for command environment: Not usable outside of PowerShell
[6.643s] DEBUG:colcon.colcon_core.shell:Skip shell extension 'dsv' for command environment
[6.723s] DEBUG:colcon.colcon_core.event_handler.log_command:Invoking command in '/ws/build/nanosaur_hardware': PYTHONPATH=/ws/build/nanosaur_hardware/prefix_override:/ws/install/nanosaur_hardware/lib/python3.8/site-packages:${PYTHONPATH} /usr/bin/python3 setup.py develop --editable --build-directory /ws/build/nanosaur_hardware/build --no-deps install_data
[6.731s] DEBUG:colcon.colcon_core.event_handler.log_command:Invoked command in '/ws/build/nanosaur_msgs' returned '0': CMAKE_PREFIX_PATH=/ws/install/nanosaur_msgs:/ws/install/nanosaur_control:/ws/install/image_pub:/ws/install/teleop_twist_keyboard:/ws/install/rover_line_follower:/ws/install/rosboard:/ws/install/nanosaur_hardware:/ros_deep_learning/install/ros_deep_learning:/opt/ros/humble/install /usr/local/bin/cmake --build /ws/build/nanosaur_msgs -- -j4 -l4
[7.238s] DEBUG:colcon.colcon_core.event_handler.log_command:Invoking command in '/ws/build/nanosaur_msgs': CMAKE_PREFIX_PATH=/ws/install/nanosaur_msgs:/ws/install/nanosaur_control:/ws/install/image_pub:/ws/install/teleop_twist_keyboard:/ws/install/rover_line_follower:/ws/install/rosboard:/ws/install/nanosaur_hardware:/ros_deep_learning/install/ros_deep_learning:/opt/ros/humble/install /usr/local/bin/cmake --install /ws/build/nanosaur_msgs
[7.995s] Level 1:colcon.colcon_core.environment:create_environment_scripts_only(nanosaur_msgs)
[7.997s] DEBUG:colcon.colcon_core.event_handler.log_command:Invoked command in '/ws/build/nanosaur_msgs' returned '0': CMAKE_PREFIX_PATH=/ws/install/nanosaur_msgs:/ws/install/nanosaur_control:/ws/install/image_pub:/ws/install/teleop_twist_keyboard:/ws/install/rover_line_follower:/ws/install/rosboard:/ws/install/nanosaur_hardware:/ros_deep_learning/install/ros_deep_learning:/opt/ros/humble/install /usr/local/bin/cmake --install /ws/build/nanosaur_msgs
[8.027s] Level 1:colcon.colcon_core.environment:checking '/ws/install/nanosaur_msgs' for CMake module files
[8.031s] Level 1:colcon.colcon_core.environment:checking '/ws/install/nanosaur_msgs' for CMake config files
[8.038s] Level 1:colcon.colcon_core.shell:create_environment_hook('nanosaur_msgs', 'cmake_prefix_path')
[8.056s] INFO:colcon.colcon_core.shell:Creating environment hook '/ws/install/nanosaur_msgs/share/nanosaur_msgs/hook/cmake_prefix_path.ps1'
[8.058s] INFO:colcon.colcon_core.shell:Creating environment descriptor '/ws/install/nanosaur_msgs/share/nanosaur_msgs/hook/cmake_prefix_path.dsv'
[8.060s] INFO:colcon.colcon_core.shell:Creating environment hook '/ws/install/nanosaur_msgs/share/nanosaur_msgs/hook/cmake_prefix_path.sh'
[8.063s] Level 1:colcon.colcon_core.environment:checking '/ws/install/nanosaur_msgs/lib'
[8.064s] Level 1:colcon.colcon_core.shell:create_environment_hook('nanosaur_msgs', 'ld_library_path_lib')
[8.082s] INFO:colcon.colcon_core.shell:Creating environment hook '/ws/install/nanosaur_msgs/share/nanosaur_msgs/hook/ld_library_path_lib.ps1'
[8.085s] INFO:colcon.colcon_core.shell:Creating environment descriptor '/ws/install/nanosaur_msgs/share/nanosaur_msgs/hook/ld_library_path_lib.dsv'
[8.086s] INFO:colcon.colcon_core.shell:Creating environment hook '/ws/install/nanosaur_msgs/share/nanosaur_msgs/hook/ld_library_path_lib.sh'
[8.088s] Level 1:colcon.colcon_core.environment:checking '/ws/install/nanosaur_msgs/bin'
[8.089s] Level 1:colcon.colcon_core.environment:checking '/ws/install/nanosaur_msgs/lib/pkgconfig/nanosaur_msgs.pc'
[8.090s] Level 1:colcon.colcon_core.environment:checking '/ws/install/nanosaur_msgs/lib/python3.8/site-packages'
[8.090s] Level 1:colcon.colcon_core.shell:create_environment_hook('nanosaur_msgs', 'pythonpath')
[8.106s] INFO:colcon.colcon_core.shell:Creating environment hook '/ws/install/nanosaur_msgs/share/nanosaur_msgs/hook/pythonpath.ps1'
[8.109s] INFO:colcon.colcon_core.shell:Creating environment descriptor '/ws/install/nanosaur_msgs/share/nanosaur_msgs/hook/pythonpath.dsv'
[8.113s] INFO:colcon.colcon_core.shell:Creating environment hook '/ws/install/nanosaur_msgs/share/nanosaur_msgs/hook/pythonpath.sh'
[8.116s] Level 1:colcon.colcon_core.environment:checking '/ws/install/nanosaur_msgs/bin'
[8.131s] INFO:colcon.colcon_core.shell:Creating package script '/ws/install/nanosaur_msgs/share/nanosaur_msgs/package.ps1'
[8.134s] INFO:colcon.colcon_core.shell:Creating package descriptor '/ws/install/nanosaur_msgs/share/nanosaur_msgs/package.dsv'
[8.136s] INFO:colcon.colcon_core.shell:Creating package script '/ws/install/nanosaur_msgs/share/nanosaur_msgs/package.sh'
[8.138s] INFO:colcon.colcon_core.shell:Creating package script '/ws/install/nanosaur_msgs/share/nanosaur_msgs/package.bash'
[8.140s] INFO:colcon.colcon_core.shell:Creating package script '/ws/install/nanosaur_msgs/share/nanosaur_msgs/package.zsh'
[8.142s] Level 1:colcon.colcon_core.environment:create_file_with_runtime_dependencies(/ws/install/nanosaur_msgs/share/colcon-core/packages/nanosaur_msgs)
[8.679s] Level 1:colcon.colcon_core.environment:create_environment_scripts_only(nanosaur_msgs)
[8.703s] Level 1:colcon.colcon_core.environment:checking '/ws/install/nanosaur_msgs' for CMake module files
[8.706s] Level 1:colcon.colcon_core.environment:checking '/ws/install/nanosaur_msgs' for CMake config files
[8.711s] Level 1:colcon.colcon_core.shell:create_environment_hook('nanosaur_msgs', 'cmake_prefix_path')
[8.727s] INFO:colcon.colcon_core.shell:Creating environment hook '/ws/install/nanosaur_msgs/share/nanosaur_msgs/hook/cmake_prefix_path.ps1'
[8.732s] INFO:colcon.colcon_core.shell:Creating environment descriptor '/ws/install/nanosaur_msgs/share/nanosaur_msgs/hook/cmake_prefix_path.dsv'
[8.733s] INFO:colcon.colcon_core.shell:Creating environment hook '/ws/install/nanosaur_msgs/share/nanosaur_msgs/hook/cmake_prefix_path.sh'
[8.736s] Level 1:colcon.colcon_core.environment:checking '/ws/install/nanosaur_msgs/lib'
[8.736s] Level 1:colcon.colcon_core.shell:create_environment_hook('nanosaur_msgs', 'ld_library_path_lib')
[8.752s] INFO:colcon.colcon_core.shell:Creating environment hook '/ws/install/nanosaur_msgs/share/nanosaur_msgs/hook/ld_library_path_lib.ps1'
[8.754s] INFO:colcon.colcon_core.shell:Creating environment descriptor '/ws/install/nanosaur_msgs/share/nanosaur_msgs/hook/ld_library_path_lib.dsv'
[8.756s] INFO:colcon.colcon_core.shell:Creating environment hook '/ws/install/nanosaur_msgs/share/nanosaur_msgs/hook/ld_library_path_lib.sh'
[8.757s] Level 1:colcon.colcon_core.environment:checking '/ws/install/nanosaur_msgs/bin'
[8.758s] Level 1:colcon.colcon_core.environment:checking '/ws/install/nanosaur_msgs/lib/pkgconfig/nanosaur_msgs.pc'
[8.759s] Level 1:colcon.colcon_core.environment:checking '/ws/install/nanosaur_msgs/lib/python3.8/site-packages'
[8.759s] Level 1:colcon.colcon_core.shell:create_environment_hook('nanosaur_msgs', 'pythonpath')
[8.775s] INFO:colcon.colcon_core.shell:Creating environment hook '/ws/install/nanosaur_msgs/share/nanosaur_msgs/hook/pythonpath.ps1'
[8.777s] INFO:colcon.colcon_core.shell:Creating environment descriptor '/ws/install/nanosaur_msgs/share/nanosaur_msgs/hook/pythonpath.dsv'
[8.779s] INFO:colcon.colcon_core.shell:Creating environment hook '/ws/install/nanosaur_msgs/share/nanosaur_msgs/hook/pythonpath.sh'
[8.783s] Level 1:colcon.colcon_core.environment:checking '/ws/install/nanosaur_msgs/bin'
[8.801s] INFO:colcon.colcon_core.shell:Creating package script '/ws/install/nanosaur_msgs/share/nanosaur_msgs/package.ps1'
[8.804s] INFO:colcon.colcon_core.shell:Creating package descriptor '/ws/install/nanosaur_msgs/share/nanosaur_msgs/package.dsv'
[8.807s] INFO:colcon.colcon_core.shell:Creating package script '/ws/install/nanosaur_msgs/share/nanosaur_msgs/package.sh'
[8.810s] INFO:colcon.colcon_core.shell:Creating package script '/ws/install/nanosaur_msgs/share/nanosaur_msgs/package.bash'
[8.813s] INFO:colcon.colcon_core.shell:Creating package script '/ws/install/nanosaur_msgs/share/nanosaur_msgs/package.zsh'
[8.815s] Level 1:colcon.colcon_core.environment:create_file_with_runtime_dependencies(/ws/install/nanosaur_msgs/share/colcon-core/packages/nanosaur_msgs)
[8.821s] INFO:colcon.colcon_ros.task.ament_python.build:Building ROS package in '/ws/src/rover_line_follower' with build type 'ament_python'
[8.823s] Level 1:colcon.colcon_core.shell:create_environment_hook('rover_line_follower', 'ament_prefix_path')
[8.841s] INFO:colcon.colcon_core.shell:Creating environment hook '/ws/install/rover_line_follower/share/rover_line_follower/hook/ament_prefix_path.ps1'
[8.846s] INFO:colcon.colcon_core.shell:Creating environment descriptor '/ws/install/rover_line_follower/share/rover_line_follower/hook/ament_prefix_path.dsv'
[8.848s] INFO:colcon.colcon_core.shell:Creating environment hook '/ws/install/rover_line_follower/share/rover_line_follower/hook/ament_prefix_path.sh'
[8.866s] INFO:colcon.colcon_core.shell:Skip shell extension 'powershell' for command environment: Not usable outside of PowerShell
[8.866s] DEBUG:colcon.colcon_core.shell:Skip shell extension 'dsv' for command environment
[10.167s] INFO:colcon.colcon_core.task.python.build:Building Python package in '/ws/src/rover_line_follower'
[10.182s] INFO:colcon.colcon_core.shell:Skip shell extension 'powershell' for command environment: Not usable outside of PowerShell
[10.183s] DEBUG:colcon.colcon_core.shell:Skip shell extension 'dsv' for command environment
[10.260s] DEBUG:colcon.colcon_core.event_handler.log_command:Invoking command in '/ws/build/rosboard': PYTHONPATH=/ws/build/rosboard/prefix_override:/ws/install/rosboard/lib/python3.8/site-packages:${PYTHONPATH} /usr/bin/python3 setup.py develop --editable --build-directory /ws/build/rosboard/build --no-deps install_data
[10.265s] Level 1:colcon.colcon_core.shell:create_environment_hook('nanosaur_hardware', 'pythonpath_develop')
[10.272s] DEBUG:colcon.colcon_core.event_handler.log_command:Invoked command in '/ws/build/nanosaur_hardware' returned '0': PYTHONPATH=/ws/build/nanosaur_hardware/prefix_override:/ws/install/nanosaur_hardware/lib/python3.8/site-packages:${PYTHONPATH} /usr/bin/python3 setup.py develop --editable --build-directory /ws/build/nanosaur_hardware/build --no-deps install_data
[10.285s] INFO:colcon.colcon_core.shell:Creating environment hook '/ws/build/nanosaur_hardware/share/nanosaur_hardware/hook/pythonpath_develop.ps1'
[10.289s] INFO:colcon.colcon_core.shell:Creating environment descriptor '/ws/build/nanosaur_hardware/share/nanosaur_hardware/hook/pythonpath_develop.dsv'
[10.291s] INFO:colcon.colcon_core.shell:Creating environment hook '/ws/build/nanosaur_hardware/share/nanosaur_hardware/hook/pythonpath_develop.sh'
[10.315s] Level 1:colcon.colcon_core.environment:checking '/ws/install/nanosaur_hardware' for CMake module files
[10.317s] Level 1:colcon.colcon_core.environment:checking '/ws/install/nanosaur_hardware' for CMake config files
[10.320s] Level 1:colcon.colcon_core.environment:checking '/ws/install/nanosaur_hardware/lib'
[10.320s] Level 1:colcon.colcon_core.environment:checking '/ws/install/nanosaur_hardware/bin'
[10.321s] Level 1:colcon.colcon_core.environment:checking '/ws/install/nanosaur_hardware/lib/pkgconfig/nanosaur_hardware.pc'
[10.322s] Level 1:colcon.colcon_core.environment:checking '/ws/install/nanosaur_hardware/lib/python3.8/site-packages'
[10.322s] Level 1:colcon.colcon_core.shell:create_environment_hook('nanosaur_hardware', 'pythonpath')
[10.338s] INFO:colcon.colcon_core.shell:Creating environment hook '/ws/install/nanosaur_hardware/share/nanosaur_hardware/hook/pythonpath.ps1'
[10.339s] INFO:colcon.colcon_core.shell:Creating environment descriptor '/ws/install/nanosaur_hardware/share/nanosaur_hardware/hook/pythonpath.dsv'
[10.341s] INFO:colcon.colcon_core.shell:Creating environment hook '/ws/install/nanosaur_hardware/share/nanosaur_hardware/hook/pythonpath.sh'
[10.343s] Level 1:colcon.colcon_core.environment:checking '/ws/install/nanosaur_hardware/bin'
[10.344s] Level 1:colcon.colcon_core.environment:create_environment_scripts_only(nanosaur_hardware)
[10.361s] INFO:colcon.colcon_core.shell:Creating package script '/ws/install/nanosaur_hardware/share/nanosaur_hardware/package.ps1'
[10.364s] INFO:colcon.colcon_core.shell:Creating package descriptor '/ws/install/nanosaur_hardware/share/nanosaur_hardware/package.dsv'
[10.367s] INFO:colcon.colcon_core.shell:Creating package script '/ws/install/nanosaur_hardware/share/nanosaur_hardware/package.sh'
[10.369s] INFO:colcon.colcon_core.shell:Creating package script '/ws/install/nanosaur_hardware/share/nanosaur_hardware/package.bash'
[10.371s] INFO:colcon.colcon_core.shell:Creating package script '/ws/install/nanosaur_hardware/share/nanosaur_hardware/package.zsh'
[10.372s] Level 1:colcon.colcon_core.environment:create_file_with_runtime_dependencies(/ws/install/nanosaur_hardware/share/colcon-core/packages/nanosaur_hardware)
[10.374s] INFO:colcon.colcon_ros.task.ament_python.build:Building ROS package in '/ws/src/teleop_twist_keyboard' with build type 'ament_python'
[10.375s] Level 1:colcon.colcon_core.shell:create_environment_hook('teleop_twist_keyboard', 'ament_prefix_path')
[10.391s] INFO:colcon.colcon_core.shell:Creating environment hook '/ws/install/teleop_twist_keyboard/share/teleop_twist_keyboard/hook/ament_prefix_path.ps1'
[10.395s] INFO:colcon.colcon_core.shell:Creating environment descriptor '/ws/install/teleop_twist_keyboard/share/teleop_twist_keyboard/hook/ament_prefix_path.dsv'
[10.397s] INFO:colcon.colcon_core.shell:Creating environment hook '/ws/install/teleop_twist_keyboard/share/teleop_twist_keyboard/hook/ament_prefix_path.sh'
[10.415s] INFO:colcon.colcon_core.shell:Skip shell extension 'powershell' for command environment: Not usable outside of PowerShell
[10.415s] DEBUG:colcon.colcon_core.shell:Skip shell extension 'dsv' for command environment
[11.778s] INFO:colcon.colcon_core.task.python.build:Building Python package in '/ws/src/teleop_twist_keyboard'
[11.796s] INFO:colcon.colcon_core.shell:Skip shell extension 'powershell' for command environment: Not usable outside of PowerShell
[11.797s] DEBUG:colcon.colcon_core.shell:Skip shell extension 'dsv' for command environment
[12.879s] DEBUG:colcon.colcon_core.event_handler.log_command:Invoking command in '/ws/build/rover_line_follower': PYTHONPATH=/ws/build/rover_line_follower/prefix_override:/ws/install/rover_line_follower/lib/python3.8/site-packages:${PYTHONPATH} /usr/bin/python3 setup.py develop --editable --build-directory /ws/build/rover_line_follower/build --no-deps install_data
[12.970s] Level 1:colcon.colcon_core.shell:create_environment_hook('rosboard', 'pythonpath_develop')
[12.982s] DEBUG:colcon.colcon_core.event_handler.log_command:Invoked command in '/ws/build/rosboard' returned '0': PYTHONPATH=/ws/build/rosboard/prefix_override:/ws/install/rosboard/lib/python3.8/site-packages:${PYTHONPATH} /usr/bin/python3 setup.py develop --editable --build-directory /ws/build/rosboard/build --no-deps install_data
[12.990s] INFO:colcon.colcon_core.shell:Creating environment hook '/ws/build/rosboard/share/rosboard/hook/pythonpath_develop.ps1'
[12.994s] INFO:colcon.colcon_core.shell:Creating environment descriptor '/ws/build/rosboard/share/rosboard/hook/pythonpath_develop.dsv'
[12.996s] INFO:colcon.colcon_core.shell:Creating environment hook '/ws/build/rosboard/share/rosboard/hook/pythonpath_develop.sh'
[13.024s] Level 1:colcon.colcon_core.environment:checking '/ws/install/rosboard' for CMake module files
[13.027s] Level 1:colcon.colcon_core.environment:checking '/ws/install/rosboard' for CMake config files
[13.029s] Level 1:colcon.colcon_core.environment:checking '/ws/install/rosboard/lib'
[13.030s] Level 1:colcon.colcon_core.environment:checking '/ws/install/rosboard/bin'
[13.030s] Level 1:colcon.colcon_core.environment:checking '/ws/install/rosboard/lib/pkgconfig/rosboard.pc'
[13.031s] Level 1:colcon.colcon_core.environment:checking '/ws/install/rosboard/lib/python3.8/site-packages'
[13.031s] Level 1:colcon.colcon_core.shell:create_environment_hook('rosboard', 'pythonpath')
[13.048s] INFO:colcon.colcon_core.shell:Creating environment hook '/ws/install/rosboard/share/rosboard/hook/pythonpath.ps1'
[13.050s] INFO:colcon.colcon_core.shell:Creating environment descriptor '/ws/install/rosboard/share/rosboard/hook/pythonpath.dsv'
[13.051s] INFO:colcon.colcon_core.shell:Creating environment hook '/ws/install/rosboard/share/rosboard/hook/pythonpath.sh'
[13.053s] Level 1:colcon.colcon_core.environment:checking '/ws/install/rosboard/bin'
[13.054s] Level 1:colcon.colcon_core.environment:create_environment_scripts_only(rosboard)
[13.071s] INFO:colcon.colcon_core.shell:Creating package script '/ws/install/rosboard/share/rosboard/package.ps1'
[13.073s] INFO:colcon.colcon_core.shell:Creating package descriptor '/ws/install/rosboard/share/rosboard/package.dsv'
[13.076s] INFO:colcon.colcon_core.shell:Creating package script '/ws/install/rosboard/share/rosboard/package.sh'
[13.078s] INFO:colcon.colcon_core.shell:Creating package script '/ws/install/rosboard/share/rosboard/package.bash'
[13.080s] INFO:colcon.colcon_core.shell:Creating package script '/ws/install/rosboard/share/rosboard/package.zsh'
[13.081s] Level 1:colcon.colcon_core.environment:create_file_with_runtime_dependencies(/ws/install/rosboard/share/colcon-core/packages/rosboard)
[14.117s] DEBUG:colcon.colcon_core.event_handler.log_command:Invoking command in '/ws/build/teleop_twist_keyboard': PYTHONPATH=/ws/build/teleop_twist_keyboard/prefix_override:/ws/install/teleop_twist_keyboard/lib/python3.8/site-packages:${PYTHONPATH} /usr/bin/python3 setup.py develop --editable --build-directory /ws/build/teleop_twist_keyboard/build --no-deps install_data
[15.401s] Level 1:colcon.colcon_core.shell:create_environment_hook('rover_line_follower', 'pythonpath_develop')
[15.418s] DEBUG:colcon.colcon_core.event_handler.log_command:Invoked command in '/ws/build/rover_line_follower' returned '0': PYTHONPATH=/ws/build/rover_line_follower/prefix_override:/ws/install/rover_line_follower/lib/python3.8/site-packages:${PYTHONPATH} /usr/bin/python3 setup.py develop --editable --build-directory /ws/build/rover_line_follower/build --no-deps install_data
[15.420s] INFO:colcon.colcon_core.shell:Creating environment hook '/ws/build/rover_line_follower/share/rover_line_follower/hook/pythonpath_develop.ps1'
[15.426s] INFO:colcon.colcon_core.shell:Creating environment descriptor '/ws/build/rover_line_follower/share/rover_line_follower/hook/pythonpath_develop.dsv'
[15.427s] INFO:colcon.colcon_core.shell:Creating environment hook '/ws/build/rover_line_follower/share/rover_line_follower/hook/pythonpath_develop.sh'
[15.451s] Level 1:colcon.colcon_core.environment:checking '/ws/install/rover_line_follower' for CMake module files
[15.454s] Level 1:colcon.colcon_core.environment:checking '/ws/install/rover_line_follower' for CMake config files
[15.456s] Level 1:colcon.colcon_core.environment:checking '/ws/install/rover_line_follower/lib'
[15.456s] Level 1:colcon.colcon_core.environment:checking '/ws/install/rover_line_follower/bin'
[15.457s] Level 1:colcon.colcon_core.environment:checking '/ws/install/rover_line_follower/lib/pkgconfig/rover_line_follower.pc'
[15.458s] Level 1:colcon.colcon_core.environment:checking '/ws/install/rover_line_follower/lib/python3.8/site-packages'
[15.458s] Level 1:colcon.colcon_core.shell:create_environment_hook('rover_line_follower', 'pythonpath')
[15.474s] INFO:colcon.colcon_core.shell:Creating environment hook '/ws/install/rover_line_follower/share/rover_line_follower/hook/pythonpath.ps1'
[15.476s] INFO:colcon.colcon_core.shell:Creating environment descriptor '/ws/install/rover_line_follower/share/rover_line_follower/hook/pythonpath.dsv'
[15.477s] INFO:colcon.colcon_core.shell:Creating environment hook '/ws/install/rover_line_follower/share/rover_line_follower/hook/pythonpath.sh'
[15.479s] Level 1:colcon.colcon_core.environment:checking '/ws/install/rover_line_follower/bin'
[15.480s] Level 1:colcon.colcon_core.environment:create_environment_scripts_only(rover_line_follower)
[15.497s] INFO:colcon.colcon_core.shell:Creating package script '/ws/install/rover_line_follower/share/rover_line_follower/package.ps1'
[15.499s] INFO:colcon.colcon_core.shell:Creating package descriptor '/ws/install/rover_line_follower/share/rover_line_follower/package.dsv'
[15.501s] INFO:colcon.colcon_core.shell:Creating package script '/ws/install/rover_line_follower/share/rover_line_follower/package.sh'
[15.504s] INFO:colcon.colcon_core.shell:Creating package script '/ws/install/rover_line_follower/share/rover_line_follower/package.bash'
[15.505s] INFO:colcon.colcon_core.shell:Creating package script '/ws/install/rover_line_follower/share/rover_line_follower/package.zsh'
[15.507s] Level 1:colcon.colcon_core.environment:create_file_with_runtime_dependencies(/ws/install/rover_line_follower/share/colcon-core/packages/rover_line_follower)
[16.542s] Level 1:colcon.colcon_core.shell:create_environment_hook('teleop_twist_keyboard', 'pythonpath_develop')
[16.553s] DEBUG:colcon.colcon_core.event_handler.log_command:Invoked command in '/ws/build/teleop_twist_keyboard' returned '0': PYTHONPATH=/ws/build/teleop_twist_keyboard/prefix_override:/ws/install/teleop_twist_keyboard/lib/python3.8/site-packages:${PYTHONPATH} /usr/bin/python3 setup.py develop --editable --build-directory /ws/build/teleop_twist_keyboard/build --no-deps install_data
[16.558s] INFO:colcon.colcon_core.shell:Creating environment hook '/ws/build/teleop_twist_keyboard/share/teleop_twist_keyboard/hook/pythonpath_develop.ps1'
[16.563s] INFO:colcon.colcon_core.shell:Creating environment descriptor '/ws/build/teleop_twist_keyboard/share/teleop_twist_keyboard/hook/pythonpath_develop.dsv'
[16.565s] INFO:colcon.colcon_core.shell:Creating environment hook '/ws/build/teleop_twist_keyboard/share/teleop_twist_keyboard/hook/pythonpath_develop.sh'
[16.588s] Level 1:colcon.colcon_core.environment:checking '/ws/install/teleop_twist_keyboard' for CMake module files
[16.590s] Level 1:colcon.colcon_core.environment:checking '/ws/install/teleop_twist_keyboard' for CMake config files
[16.593s] Level 1:colcon.colcon_core.environment:checking '/ws/install/teleop_twist_keyboard/lib'
[16.593s] Level 1:colcon.colcon_core.environment:checking '/ws/install/teleop_twist_keyboard/bin'
[16.593s] Level 1:colcon.colcon_core.environment:checking '/ws/install/teleop_twist_keyboard/lib/pkgconfig/teleop_twist_keyboard.pc'
[16.594s] Level 1:colcon.colcon_core.environment:checking '/ws/install/teleop_twist_keyboard/lib/python3.8/site-packages'
[16.594s] Level 1:colcon.colcon_core.shell:create_environment_hook('teleop_twist_keyboard', 'pythonpath')
[16.608s] INFO:colcon.colcon_core.shell:Creating environment hook '/ws/install/teleop_twist_keyboard/share/teleop_twist_keyboard/hook/pythonpath.ps1'
[16.610s] INFO:colcon.colcon_core.shell:Creating environment descriptor '/ws/install/teleop_twist_keyboard/share/teleop_twist_keyboard/hook/pythonpath.dsv'
[16.612s] INFO:colcon.colcon_core.shell:Creating environment hook '/ws/install/teleop_twist_keyboard/share/teleop_twist_keyboard/hook/pythonpath.sh'
[16.614s] Level 1:colcon.colcon_core.environment:checking '/ws/install/teleop_twist_keyboard/bin'
[16.614s] Level 1:colcon.colcon_core.environment:create_environment_scripts_only(teleop_twist_keyboard)
[16.629s] INFO:colcon.colcon_core.shell:Creating package script '/ws/install/teleop_twist_keyboard/share/teleop_twist_keyboard/package.ps1'
[16.632s] INFO:colcon.colcon_core.shell:Creating package descriptor '/ws/install/teleop_twist_keyboard/share/teleop_twist_keyboard/package.dsv'
[16.634s] INFO:colcon.colcon_core.shell:Creating package script '/ws/install/teleop_twist_keyboard/share/teleop_twist_keyboard/package.sh'
[16.636s] INFO:colcon.colcon_core.shell:Creating package script '/ws/install/teleop_twist_keyboard/share/teleop_twist_keyboard/package.bash'
[16.637s] INFO:colcon.colcon_core.shell:Creating package script '/ws/install/teleop_twist_keyboard/share/teleop_twist_keyboard/package.zsh'
[16.638s] Level 1:colcon.colcon_core.environment:create_file_with_runtime_dependencies(/ws/install/teleop_twist_keyboard/share/colcon-core/packages/teleop_twist_keyboard)
[38.694s] DEBUG:colcon.colcon_core.event_handler.log_command:Invoked command in '/ws/build/image_pub' returned '0': CMAKE_PREFIX_PATH=/ws/install/nanosaur_msgs:/ws/install/nanosaur_control:/ws/install/image_pub:/ws/install/teleop_twist_keyboard:/ws/install/rover_line_follower:/ws/install/rosboard:/ws/install/nanosaur_hardware:/ros_deep_learning/install/ros_deep_learning:/opt/ros/humble/install /usr/local/bin/cmake --build /ws/build/image_pub -- -j4 -l4
[38.947s] DEBUG:colcon.colcon_core.event_handler.log_command:Invoking command in '/ws/build/image_pub': CMAKE_PREFIX_PATH=/ws/install/nanosaur_msgs:/ws/install/nanosaur_control:/ws/install/image_pub:/ws/install/teleop_twist_keyboard:/ws/install/rover_line_follower:/ws/install/rosboard:/ws/install/nanosaur_hardware:/ros_deep_learning/install/ros_deep_learning:/opt/ros/humble/install /usr/local/bin/cmake --install /ws/build/image_pub
[39.162s] Level 1:colcon.colcon_core.environment:create_environment_scripts_only(image_pub)
[39.179s] DEBUG:colcon.colcon_core.event_handler.log_command:Invoked command in '/ws/build/image_pub' returned '0': CMAKE_PREFIX_PATH=/ws/install/nanosaur_msgs:/ws/install/nanosaur_control:/ws/install/image_pub:/ws/install/teleop_twist_keyboard:/ws/install/rover_line_follower:/ws/install/rosboard:/ws/install/nanosaur_hardware:/ros_deep_learning/install/ros_deep_learning:/opt/ros/humble/install /usr/local/bin/cmake --install /ws/build/image_pub
[39.184s] Level 1:colcon.colcon_core.environment:checking '/ws/install/image_pub' for CMake module files
[39.187s] Level 1:colcon.colcon_core.environment:checking '/ws/install/image_pub' for CMake config files
[39.191s] Level 1:colcon.colcon_core.shell:create_environment_hook('image_pub', 'cmake_prefix_path')
[39.204s] INFO:colcon.colcon_core.shell:Creating environment hook '/ws/install/image_pub/share/image_pub/hook/cmake_prefix_path.ps1'
[39.206s] INFO:colcon.colcon_core.shell:Creating environment descriptor '/ws/install/image_pub/share/image_pub/hook/cmake_prefix_path.dsv'
[39.207s] INFO:colcon.colcon_core.shell:Creating environment hook '/ws/install/image_pub/share/image_pub/hook/cmake_prefix_path.sh'
[39.209s] Level 1:colcon.colcon_core.environment:checking '/ws/install/image_pub/lib'
[39.209s] Level 1:colcon.colcon_core.environment:checking '/ws/install/image_pub/bin'
[39.209s] Level 1:colcon.colcon_core.environment:checking '/ws/install/image_pub/lib/pkgconfig/image_pub.pc'
[39.210s] Level 1:colcon.colcon_core.environment:checking '/ws/install/image_pub/lib/python3.8/site-packages'
[39.211s] Level 1:colcon.colcon_core.environment:checking '/ws/install/image_pub/bin'
[39.224s] INFO:colcon.colcon_core.shell:Creating package script '/ws/install/image_pub/share/image_pub/package.ps1'
[39.226s] INFO:colcon.colcon_core.shell:Creating package descriptor '/ws/install/image_pub/share/image_pub/package.dsv'
[39.227s] INFO:colcon.colcon_core.shell:Creating package script '/ws/install/image_pub/share/image_pub/package.sh'
[39.229s] INFO:colcon.colcon_core.shell:Creating package script '/ws/install/image_pub/share/image_pub/package.bash'
[39.233s] INFO:colcon.colcon_core.shell:Creating package script '/ws/install/image_pub/share/image_pub/package.zsh'
[39.237s] Level 1:colcon.colcon_core.environment:create_file_with_runtime_dependencies(/ws/install/image_pub/share/colcon-core/packages/image_pub)
[39.475s] Level 1:colcon.colcon_core.environment:create_environment_scripts_only(image_pub)
[39.494s] Level 1:colcon.colcon_core.environment:checking '/ws/install/image_pub' for CMake module files
[39.496s] Level 1:colcon.colcon_core.environment:checking '/ws/install/image_pub' for CMake config files
[39.498s] Level 1:colcon.colcon_core.shell:create_environment_hook('image_pub', 'cmake_prefix_path')
[39.510s] INFO:colcon.colcon_core.shell:Creating environment hook '/ws/install/image_pub/share/image_pub/hook/cmake_prefix_path.ps1'
[39.512s] INFO:colcon.colcon_core.shell:Creating environment descriptor '/ws/install/image_pub/share/image_pub/hook/cmake_prefix_path.dsv'
[39.513s] INFO:colcon.colcon_core.shell:Creating environment hook '/ws/install/image_pub/share/image_pub/hook/cmake_prefix_path.sh'
[39.515s] Level 1:colcon.colcon_core.environment:checking '/ws/install/image_pub/lib'
[39.515s] Level 1:colcon.colcon_core.environment:checking '/ws/install/image_pub/bin'
[39.515s] Level 1:colcon.colcon_core.environment:checking '/ws/install/image_pub/lib/pkgconfig/image_pub.pc'
[39.516s] Level 1:colcon.colcon_core.environment:checking '/ws/install/image_pub/lib/python3.8/site-packages'
[39.517s] Level 1:colcon.colcon_core.environment:checking '/ws/install/image_pub/bin'
[39.530s] INFO:colcon.colcon_core.shell:Creating package script '/ws/install/image_pub/share/image_pub/package.ps1'
[39.532s] INFO:colcon.colcon_core.shell:Creating package descriptor '/ws/install/image_pub/share/image_pub/package.dsv'
[39.534s] INFO:colcon.colcon_core.shell:Creating package script '/ws/install/image_pub/share/image_pub/package.sh'
[39.535s] INFO:colcon.colcon_core.shell:Creating package script '/ws/install/image_pub/share/image_pub/package.bash'
[39.537s] INFO:colcon.colcon_core.shell:Creating package script '/ws/install/image_pub/share/image_pub/package.zsh'
[39.538s] Level 1:colcon.colcon_core.environment:create_file_with_runtime_dependencies(/ws/install/image_pub/share/colcon-core/packages/image_pub)
[39.539s] DEBUG:colcon.colcon_parallel_executor.executor.parallel:closing loop
[39.540s] DEBUG:colcon.colcon_parallel_executor.executor.parallel:loop closed
[39.540s] DEBUG:colcon.colcon_parallel_executor.executor.parallel:run_until_complete finished with '0'
[39.542s] DEBUG:colcon.colcon_core.event_reactor:joining thread
[39.614s] INFO:colcon.colcon_core.plugin_system:Skipping extension 'colcon_notification.desktop_notification.notify_send': Could not find 'notify-send'
[39.615s] INFO:colcon.colcon_core.plugin_system:Skipping extension 'colcon_notification.desktop_notification.terminal_notifier': Not used on non-Darwin systems
[39.615s] INFO:colcon.colcon_core.plugin_system:Skipping extension 'colcon_notification.desktop_notification.win32': Not used on non-Windows systems
[39.615s] INFO:colcon.colcon_notification.desktop_notification:Sending desktop notification using 'notify2'
[39.615s] DEBUG:colcon.colcon_notification.desktop_notification.notify2:Failed to initialize notify2: org.freedesktop.DBus.Error.NotSupported: Unable to autolaunch a dbus-daemon without a $DISPLAY for X11
[39.616s] DEBUG:colcon.colcon_core.event_reactor:joined thread
[39.629s] INFO:colcon.colcon_core.shell:Creating prefix script '/ws/install/local_setup.ps1'
[39.635s] INFO:colcon.colcon_core.shell:Creating prefix util module '/ws/install/_local_setup_util_ps1.py'
[39.642s] INFO:colcon.colcon_core.shell:Creating prefix chain script '/ws/install/setup.ps1'
[39.653s] INFO:colcon.colcon_core.shell:Creating prefix script '/ws/install/local_setup.sh'
[39.655s] INFO:colcon.colcon_core.shell:Creating prefix util module '/ws/install/_local_setup_util_sh.py'
[39.657s] INFO:colcon.colcon_core.shell:Creating prefix chain script '/ws/install/setup.sh'
[39.667s] INFO:colcon.colcon_core.shell:Creating prefix script '/ws/install/local_setup.bash'
[39.669s] INFO:colcon.colcon_core.shell:Creating prefix chain script '/ws/install/setup.bash'
[39.679s] INFO:colcon.colcon_core.shell:Creating prefix script '/ws/install/local_setup.zsh'
[39.682s] INFO:colcon.colcon_core.shell:Creating prefix chain script '/ws/install/setup.zsh'
