[1.478s] DEBUG:colcon:Command line arguments: ['/usr/bin/colcon', 'build', '--symlink-install', '--packages-select', 'rover_line_follower']
[1.479s] DEBUG:colcon:Parsed command line arguments: Namespace(ament_cmake_args=None, base_paths=['.'], build_base='build', catkin_cmake_args=None, catkin_skip_building_tests=False, cmake_args=None, cmake_clean_cache=False, cmake_clean_first=False, cmake_force_configure=False, cmake_target=None, cmake_target_skip_unavailable=False, continue_on_error=False, event_handlers=None, executor='parallel', ignore_user_meta=False, install_base='install', log_base=None, log_level=None, main=<bound method BuildVerb.main of <colcon_core.verb.build.BuildVerb object at 0x7fafb21bb0>>, merge_install=False, metas=['./colcon.meta'], packages_above=None, packages_above_and_dependencies=None, packages_above_depth=None, packages_end=None, packages_ignore=None, packages_ignore_regex=None, packages_select=['rover_line_follower'], packages_select_build_failed=False, packages_select_by_dep=None, packages_select_regex=None, packages_select_test_failures=False, packages_skip=None, packages_skip_build_finished=False, packages_skip_by_dep=None, packages_skip_regex=None, packages_skip_test_passed=False, packages_skip_up_to=None, packages_start=None, packages_up_to=None, packages_up_to_regex=None, parallel_workers=4, paths=None, symlink_install=True, test_result_base=None, verb_extension=<colcon_core.verb.build.BuildVerb object at 0x7fafb21bb0>, verb_name='build', verb_parser=<colcon_defaults.argument_parser.defaults.DefaultArgumentsDecorator object at 0x7fafb2f160>)
[1.605s] Level 1:colcon.colcon_core.package_discovery:discover_packages(colcon_meta) check parameters
[1.605s] Level 1:colcon.colcon_core.package_discovery:discover_packages(recursive) check parameters
[1.605s] Level 1:colcon.colcon_core.package_discovery:discover_packages(ignore) check parameters
[1.605s] Level 1:colcon.colcon_core.package_discovery:discover_packages(path) check parameters
[1.605s] Level 1:colcon.colcon_core.package_discovery:discover_packages(colcon_meta) discover
[1.606s] Level 1:colcon.colcon_core.package_discovery:discover_packages(recursive) discover
[1.606s] INFO:colcon.colcon_core.package_discovery:Crawling recursively for packages in '/ws'
[1.606s] Level 1:colcon.colcon_core.package_identification:_identify(.) by extensions ['ignore', 'ignore_ament_install']
[1.607s] Level 1:colcon.colcon_core.package_identification:_identify(.) by extension 'ignore'
[1.607s] Level 1:colcon.colcon_core.package_identification:_identify(.) by extension 'ignore_ament_install'
[1.607s] Level 1:colcon.colcon_core.package_identification:_identify(.) by extensions ['colcon_pkg']
[1.607s] Level 1:colcon.colcon_core.package_identification:_identify(.) by extension 'colcon_pkg'
[1.607s] Level 1:colcon.colcon_core.package_identification:_identify(.) by extensions ['colcon_meta']
[1.608s] Level 1:colcon.colcon_core.package_identification:_identify(.) by extension 'colcon_meta'
[1.608s] Level 1:colcon.colcon_core.package_identification:_identify(.) by extensions ['ros']
[1.608s] Level 1:colcon.colcon_core.package_identification:_identify(.) by extension 'ros'
[1.691s] Level 1:colcon.colcon_core.package_identification:_identify(.) by extensions ['cmake', 'python']
[1.692s] Level 1:colcon.colcon_core.package_identification:_identify(.) by extension 'cmake'
[1.692s] Level 1:colcon.colcon_core.package_identification:_identify(.) by extension 'python'
[1.692s] Level 1:colcon.colcon_core.package_identification:_identify(.) by extensions ['python_setup_py']
[1.692s] Level 1:colcon.colcon_core.package_identification:_identify(.) by extension 'python_setup_py'
[1.693s] Level 1:colcon.colcon_core.package_identification:_identify(build) by extensions ['ignore', 'ignore_ament_install']
[1.693s] Level 1:colcon.colcon_core.package_identification:_identify(build) by extension 'ignore'
[1.693s] Level 1:colcon.colcon_core.package_identification:_identify(build) ignored
[1.694s] Level 1:colcon.colcon_core.package_identification:_identify(install) by extensions ['ignore', 'ignore_ament_install']
[1.694s] Level 1:colcon.colcon_core.package_identification:_identify(install) by extension 'ignore'
[1.694s] Level 1:colcon.colcon_core.package_identification:_identify(install) ignored
[1.695s] Level 1:colcon.colcon_core.package_identification:_identify(log) by extensions ['ignore', 'ignore_ament_install']
[1.696s] Level 1:colcon.colcon_core.package_identification:_identify(log) by extension 'ignore'
[1.696s] Level 1:colcon.colcon_core.package_identification:_identify(log) ignored
[1.696s] Level 1:colcon.colcon_core.package_identification:_identify(src) by extensions ['ignore', 'ignore_ament_install']
[1.696s] Level 1:colcon.colcon_core.package_identification:_identify(src) by extension 'ignore'
[1.697s] Level 1:colcon.colcon_core.package_identification:_identify(src) by extension 'ignore_ament_install'
[1.697s] Level 1:colcon.colcon_core.package_identification:_identify(src) by extensions ['colcon_pkg']
[1.697s] Level 1:colcon.colcon_core.package_identification:_identify(src) by extension 'colcon_pkg'
[1.697s] Level 1:colcon.colcon_core.package_identification:_identify(src) by extensions ['colcon_meta']
[1.697s] Level 1:colcon.colcon_core.package_identification:_identify(src) by extension 'colcon_meta'
[1.698s] Level 1:colcon.colcon_core.package_identification:_identify(src) by extensions ['ros']
[1.698s] Level 1:colcon.colcon_core.package_identification:_identify(src) by extension 'ros'
[1.698s] Level 1:colcon.colcon_core.package_identification:_identify(src) by extensions ['cmake', 'python']
[1.698s] Level 1:colcon.colcon_core.package_identification:_identify(src) by extension 'cmake'
[1.698s] Level 1:colcon.colcon_core.package_identification:_identify(src) by extension 'python'
[1.698s] Level 1:colcon.colcon_core.package_identification:_identify(src) by extensions ['python_setup_py']
[1.699s] Level 1:colcon.colcon_core.package_identification:_identify(src) by extension 'python_setup_py'
[1.699s] Level 1:colcon.colcon_core.package_identification:_identify(src/image_pub) by extensions ['ignore', 'ignore_ament_install']
[1.699s] Level 1:colcon.colcon_core.package_identification:_identify(src/image_pub) by extension 'ignore'
[1.700s] Level 1:colcon.colcon_core.package_identification:_identify(src/image_pub) by extension 'ignore_ament_install'
[1.700s] Level 1:colcon.colcon_core.package_identification:_identify(src/image_pub) by extensions ['colcon_pkg']
[1.700s] Level 1:colcon.colcon_core.package_identification:_identify(src/image_pub) by extension 'colcon_pkg'
[1.700s] Level 1:colcon.colcon_core.package_identification:_identify(src/image_pub) by extensions ['colcon_meta']
[1.700s] Level 1:colcon.colcon_core.package_identification:_identify(src/image_pub) by extension 'colcon_meta'
[1.700s] Level 1:colcon.colcon_core.package_identification:_identify(src/image_pub) by extensions ['ros']
[1.701s] Level 1:colcon.colcon_core.package_identification:_identify(src/image_pub) by extension 'ros'
[1.711s] DEBUG:colcon.colcon_core.package_identification:Package 'src/image_pub' with type 'ros.ament_cmake' and name 'image_pub'
[1.711s] Level 1:colcon.colcon_core.package_identification:_identify(src/nanosaur) by extensions ['ignore', 'ignore_ament_install']
[1.712s] Level 1:colcon.colcon_core.package_identification:_identify(src/nanosaur) by extension 'ignore'
[1.712s] Level 1:colcon.colcon_core.package_identification:_identify(src/nanosaur) by extension 'ignore_ament_install'
[1.712s] Level 1:colcon.colcon_core.package_identification:_identify(src/nanosaur) by extensions ['colcon_pkg']
[1.712s] Level 1:colcon.colcon_core.package_identification:_identify(src/nanosaur) by extension 'colcon_pkg'
[1.713s] Level 1:colcon.colcon_core.package_identification:_identify(src/nanosaur) by extensions ['colcon_meta']
[1.713s] Level 1:colcon.colcon_core.package_identification:_identify(src/nanosaur) by extension 'colcon_meta'
[1.713s] Level 1:colcon.colcon_core.package_identification:_identify(src/nanosaur) by extensions ['ros']
[1.713s] Level 1:colcon.colcon_core.package_identification:_identify(src/nanosaur) by extension 'ros'
[1.713s] Level 1:colcon.colcon_core.package_identification:_identify(src/nanosaur) by extensions ['cmake', 'python']
[1.714s] Level 1:colcon.colcon_core.package_identification:_identify(src/nanosaur) by extension 'cmake'
[1.714s] Level 1:colcon.colcon_core.package_identification:_identify(src/nanosaur) by extension 'python'
[1.714s] Level 1:colcon.colcon_core.package_identification:_identify(src/nanosaur) by extensions ['python_setup_py']
[1.714s] Level 1:colcon.colcon_core.package_identification:_identify(src/nanosaur) by extension 'python_setup_py'
[1.714s] Level 1:colcon.colcon_core.package_identification:_identify(src/nanosaur/nanosaur_control) by extensions ['ignore', 'ignore_ament_install']
[1.715s] Level 1:colcon.colcon_core.package_identification:_identify(src/nanosaur/nanosaur_control) by extension 'ignore'
[1.715s] Level 1:colcon.colcon_core.package_identification:_identify(src/nanosaur/nanosaur_control) by extension 'ignore_ament_install'
[1.715s] Level 1:colcon.colcon_core.package_identification:_identify(src/nanosaur/nanosaur_control) by extensions ['colcon_pkg']
[1.715s] Level 1:colcon.colcon_core.package_identification:_identify(src/nanosaur/nanosaur_control) by extension 'colcon_pkg'
[1.716s] Level 1:colcon.colcon_core.package_identification:_identify(src/nanosaur/nanosaur_control) by extensions ['colcon_meta']
[1.716s] Level 1:colcon.colcon_core.package_identification:_identify(src/nanosaur/nanosaur_control) by extension 'colcon_meta'
[1.716s] Level 1:colcon.colcon_core.package_identification:_identify(src/nanosaur/nanosaur_control) by extensions ['ros']
[1.716s] Level 1:colcon.colcon_core.package_identification:_identify(src/nanosaur/nanosaur_control) by extension 'ros'
[1.718s] DEBUG:colcon.colcon_core.package_identification:Package 'src/nanosaur/nanosaur_control' with type 'ros.ament_cmake' and name 'nanosaur_control'
[1.719s] Level 1:colcon.colcon_core.package_identification:_identify(src/nanosaur/nanosaur_msgs) by extensions ['ignore', 'ignore_ament_install']
[1.719s] Level 1:colcon.colcon_core.package_identification:_identify(src/nanosaur/nanosaur_msgs) by extension 'ignore'
[1.719s] Level 1:colcon.colcon_core.package_identification:_identify(src/nanosaur/nanosaur_msgs) by extension 'ignore_ament_install'
[1.720s] Level 1:colcon.colcon_core.package_identification:_identify(src/nanosaur/nanosaur_msgs) by extensions ['colcon_pkg']
[1.720s] Level 1:colcon.colcon_core.package_identification:_identify(src/nanosaur/nanosaur_msgs) by extension 'colcon_pkg'
[1.720s] Level 1:colcon.colcon_core.package_identification:_identify(src/nanosaur/nanosaur_msgs) by extensions ['colcon_meta']
[1.720s] Level 1:colcon.colcon_core.package_identification:_identify(src/nanosaur/nanosaur_msgs) by extension 'colcon_meta'
[1.720s] Level 1:colcon.colcon_core.package_identification:_identify(src/nanosaur/nanosaur_msgs) by extensions ['ros']
[1.720s] Level 1:colcon.colcon_core.package_identification:_identify(src/nanosaur/nanosaur_msgs) by extension 'ros'
[1.723s] DEBUG:colcon.colcon_core.package_identification:Package 'src/nanosaur/nanosaur_msgs' with type 'ros.ament_cmake' and name 'nanosaur_msgs'
[1.723s] Level 1:colcon.colcon_core.package_identification:_identify(src/nanosaur_hardware) by extensions ['ignore', 'ignore_ament_install']
[1.723s] Level 1:colcon.colcon_core.package_identification:_identify(src/nanosaur_hardware) by extension 'ignore'
[1.724s] Level 1:colcon.colcon_core.package_identification:_identify(src/nanosaur_hardware) by extension 'ignore_ament_install'
[1.724s] Level 1:colcon.colcon_core.package_identification:_identify(src/nanosaur_hardware) by extensions ['colcon_pkg']
[1.724s] Level 1:colcon.colcon_core.package_identification:_identify(src/nanosaur_hardware) by extension 'colcon_pkg'
[1.724s] Level 1:colcon.colcon_core.package_identification:_identify(src/nanosaur_hardware) by extensions ['colcon_meta']
[1.724s] Level 1:colcon.colcon_core.package_identification:_identify(src/nanosaur_hardware) by extension 'colcon_meta'
[1.725s] Level 1:colcon.colcon_core.package_identification:_identify(src/nanosaur_hardware) by extensions ['ros']
[1.725s] Level 1:colcon.colcon_core.package_identification:_identify(src/nanosaur_hardware) by extension 'ros'
[1.728s] DEBUG:colcon.colcon_core.package_identification:Package 'src/nanosaur_hardware' with type 'ros.ament_python' and name 'nanosaur_hardware'
[1.728s] Level 1:colcon.colcon_core.package_identification:_identify(src/rosboard) by extensions ['ignore', 'ignore_ament_install']
[1.728s] Level 1:colcon.colcon_core.package_identification:_identify(src/rosboard) by extension 'ignore'
[1.729s] Level 1:colcon.colcon_core.package_identification:_identify(src/rosboard) by extension 'ignore_ament_install'
[1.729s] Level 1:colcon.colcon_core.package_identification:_identify(src/rosboard) by extensions ['colcon_pkg']
[1.729s] Level 1:colcon.colcon_core.package_identification:_identify(src/rosboard) by extension 'colcon_pkg'
[1.729s] Level 1:colcon.colcon_core.package_identification:_identify(src/rosboard) by extensions ['colcon_meta']
[1.729s] Level 1:colcon.colcon_core.package_identification:_identify(src/rosboard) by extension 'colcon_meta'
[1.730s] Level 1:colcon.colcon_core.package_identification:_identify(src/rosboard) by extensions ['ros']
[1.730s] Level 1:colcon.colcon_core.package_identification:_identify(src/rosboard) by extension 'ros'
[1.740s] DEBUG:colcon.colcon_core.package_identification:Package 'src/rosboard' with type 'ros.ament_python' and name 'rosboard'
[1.741s] Level 1:colcon.colcon_core.package_identification:_identify(src/rover_line_follower) by extensions ['ignore', 'ignore_ament_install']
[1.741s] Level 1:colcon.colcon_core.package_identification:_identify(src/rover_line_follower) by extension 'ignore'
[1.742s] Level 1:colcon.colcon_core.package_identification:_identify(src/rover_line_follower) by extension 'ignore_ament_install'
[1.742s] Level 1:colcon.colcon_core.package_identification:_identify(src/rover_line_follower) by extensions ['colcon_pkg']
[1.742s] Level 1:colcon.colcon_core.package_identification:_identify(src/rover_line_follower) by extension 'colcon_pkg'
[1.742s] Level 1:colcon.colcon_core.package_identification:_identify(src/rover_line_follower) by extensions ['colcon_meta']
[1.742s] Level 1:colcon.colcon_core.package_identification:_identify(src/rover_line_follower) by extension 'colcon_meta'
[1.742s] Level 1:colcon.colcon_core.package_identification:_identify(src/rover_line_follower) by extensions ['ros']
[1.743s] Level 1:colcon.colcon_core.package_identification:_identify(src/rover_line_follower) by extension 'ros'
[1.745s] DEBUG:colcon.colcon_core.package_identification:Package 'src/rover_line_follower' with type 'ros.ament_python' and name 'rover_line_follower'
[1.745s] Level 1:colcon.colcon_core.package_identification:_identify(src/teleop_twist_keyboard) by extensions ['ignore', 'ignore_ament_install']
[1.745s] Level 1:colcon.colcon_core.package_identification:_identify(src/teleop_twist_keyboard) by extension 'ignore'
[1.746s] Level 1:colcon.colcon_core.package_identification:_identify(src/teleop_twist_keyboard) by extension 'ignore_ament_install'
[1.746s] Level 1:colcon.colcon_core.package_identification:_identify(src/teleop_twist_keyboard) by extensions ['colcon_pkg']
[1.746s] Level 1:colcon.colcon_core.package_identification:_identify(src/teleop_twist_keyboard) by extension 'colcon_pkg'
[1.746s] Level 1:colcon.colcon_core.package_identification:_identify(src/teleop_twist_keyboard) by extensions ['colcon_meta']
[1.746s] Level 1:colcon.colcon_core.package_identification:_identify(src/teleop_twist_keyboard) by extension 'colcon_meta'
[1.746s] Level 1:colcon.colcon_core.package_identification:_identify(src/teleop_twist_keyboard) by extensions ['ros']
[1.747s] Level 1:colcon.colcon_core.package_identification:_identify(src/teleop_twist_keyboard) by extension 'ros'
[1.749s] DEBUG:colcon.colcon_core.package_identification:Package 'src/teleop_twist_keyboard' with type 'ros.ament_python' and name 'teleop_twist_keyboard'
[1.749s] Level 1:colcon.colcon_core.package_discovery:discover_packages(recursive) using defaults
[1.749s] Level 1:colcon.colcon_core.package_discovery:discover_packages(ignore) discover
[1.749s] Level 1:colcon.colcon_core.package_discovery:discover_packages(ignore) using defaults
[1.749s] Level 1:colcon.colcon_core.package_discovery:discover_packages(path) discover
[1.749s] Level 1:colcon.colcon_core.package_discovery:discover_packages(path) using defaults
[1.854s] INFO:colcon.colcon_core.package_selection:Skipping not selected package 'image_pub' in 'src/image_pub'
[1.855s] INFO:colcon.colcon_core.package_selection:Skipping not selected package 'nanosaur_control' in 'src/nanosaur/nanosaur_control'
[1.855s] INFO:colcon.colcon_core.package_selection:Skipping not selected package 'nanosaur_hardware' in 'src/nanosaur_hardware'
[1.855s] INFO:colcon.colcon_core.package_selection:Skipping not selected package 'nanosaur_msgs' in 'src/nanosaur/nanosaur_msgs'
[1.855s] INFO:colcon.colcon_core.package_selection:Skipping not selected package 'rosboard' in 'src/rosboard'
[1.855s] INFO:colcon.colcon_core.package_selection:Skipping not selected package 'teleop_twist_keyboard' in 'src/teleop_twist_keyboard'
[1.863s] Level 5:colcon.colcon_core.verb:set package 'rover_line_follower' build argument 'cmake_args' from command line to 'None'
[1.863s] Level 5:colcon.colcon_core.verb:set package 'rover_line_follower' build argument 'cmake_target' from command line to 'None'
[1.863s] Level 5:colcon.colcon_core.verb:set package 'rover_line_follower' build argument 'cmake_target_skip_unavailable' from command line to 'False'
[1.863s] Level 5:colcon.colcon_core.verb:set package 'rover_line_follower' build argument 'cmake_clean_cache' from command line to 'False'
[1.863s] Level 5:colcon.colcon_core.verb:set package 'rover_line_follower' build argument 'cmake_clean_first' from command line to 'False'
[1.863s] Level 5:colcon.colcon_core.verb:set package 'rover_line_follower' build argument 'cmake_force_configure' from command line to 'False'
[1.864s] Level 5:colcon.colcon_core.verb:set package 'rover_line_follower' build argument 'ament_cmake_args' from command line to 'None'
[1.864s] Level 5:colcon.colcon_core.verb:set package 'rover_line_follower' build argument 'catkin_cmake_args' from command line to 'None'
[1.864s] Level 5:colcon.colcon_core.verb:set package 'rover_line_follower' build argument 'catkin_skip_building_tests' from command line to 'False'
[1.864s] DEBUG:colcon.colcon_core.verb:Building package 'rover_line_follower' with the following arguments: {'ament_cmake_args': None, 'build_base': '/ws/build/rover_line_follower', 'catkin_cmake_args': None, 'catkin_skip_building_tests': False, 'cmake_args': None, 'cmake_clean_cache': False, 'cmake_clean_first': False, 'cmake_force_configure': False, 'cmake_target': None, 'cmake_target_skip_unavailable': False, 'install_base': '/ws/install/rover_line_follower', 'merge_install': False, 'path': '/ws/src/rover_line_follower', 'symlink_install': True, 'test_result_base': None}
[1.870s] INFO:colcon.colcon_core.executor:Executing jobs using 'parallel' executor
[1.900s] DEBUG:colcon.colcon_parallel_executor.executor.parallel:run_until_complete
[1.902s] INFO:colcon.colcon_ros.task.ament_python.build:Building ROS package in '/ws/src/rover_line_follower' with build type 'ament_python'
[1.902s] Level 1:colcon.colcon_core.shell:create_environment_hook('rover_line_follower', 'ament_prefix_path')
[1.929s] INFO:colcon.colcon_core.plugin_system:Skipping extension 'colcon_core.shell.bat': Not used on non-Windows systems
[1.930s] INFO:colcon.colcon_core.shell:Creating environment hook '/ws/install/rover_line_follower/share/rover_line_follower/hook/ament_prefix_path.ps1'
[1.933s] INFO:colcon.colcon_core.shell:Creating environment descriptor '/ws/install/rover_line_follower/share/rover_line_follower/hook/ament_prefix_path.dsv'
[1.934s] INFO:colcon.colcon_core.shell:Creating environment hook '/ws/install/rover_line_follower/share/rover_line_follower/hook/ament_prefix_path.sh'
[1.949s] INFO:colcon.colcon_core.shell:Skip shell extension 'powershell' for command environment: Not usable outside of PowerShell
[1.950s] DEBUG:colcon.colcon_core.shell:Skip shell extension 'dsv' for command environment
[3.059s] INFO:colcon.colcon_core.task.python.build:Building Python package in '/ws/src/rover_line_follower'
[3.074s] INFO:colcon.colcon_core.shell:Skip shell extension 'powershell' for command environment: Not usable outside of PowerShell
[3.074s] DEBUG:colcon.colcon_core.shell:Skip shell extension 'dsv' for command environment
[4.910s] DEBUG:colcon.colcon_core.event_handler.log_command:Invoking command in '/ws/build/rover_line_follower': PYTHONPATH=/ws/build/rover_line_follower/prefix_override:/ws/install/rover_line_follower/lib/python3.8/site-packages:${PYTHONPATH} /usr/bin/python3 setup.py develop --editable --build-directory /ws/build/rover_line_follower/build --no-deps install_data
[6.992s] Level 1:colcon.colcon_core.shell:create_environment_hook('rover_line_follower', 'pythonpath_develop')
[6.993s] DEBUG:colcon.colcon_core.event_handler.log_command:Invoked command in '/ws/build/rover_line_follower' returned '0': PYTHONPATH=/ws/build/rover_line_follower/prefix_override:/ws/install/rover_line_follower/lib/python3.8/site-packages:${PYTHONPATH} /usr/bin/python3 setup.py develop --editable --build-directory /ws/build/rover_line_follower/build --no-deps install_data
[7.008s] INFO:colcon.colcon_core.shell:Creating environment hook '/ws/build/rover_line_follower/share/rover_line_follower/hook/pythonpath_develop.ps1'
[7.009s] INFO:colcon.colcon_core.shell:Creating environment descriptor '/ws/build/rover_line_follower/share/rover_line_follower/hook/pythonpath_develop.dsv'
[7.011s] INFO:colcon.colcon_core.shell:Creating environment hook '/ws/build/rover_line_follower/share/rover_line_follower/hook/pythonpath_develop.sh'
[7.044s] Level 1:colcon.colcon_core.environment:checking '/ws/install/rover_line_follower' for CMake module files
[7.046s] Level 1:colcon.colcon_core.environment:checking '/ws/install/rover_line_follower' for CMake config files
[7.049s] Level 1:colcon.colcon_core.environment:checking '/ws/install/rover_line_follower/lib'
[7.049s] Level 1:colcon.colcon_core.environment:checking '/ws/install/rover_line_follower/bin'
[7.050s] Level 1:colcon.colcon_core.environment:checking '/ws/install/rover_line_follower/lib/pkgconfig/rover_line_follower.pc'
[7.051s] Level 1:colcon.colcon_core.environment:checking '/ws/install/rover_line_follower/lib/python3.8/site-packages'
[7.051s] Level 1:colcon.colcon_core.shell:create_environment_hook('rover_line_follower', 'pythonpath')
[7.064s] INFO:colcon.colcon_core.shell:Creating environment hook '/ws/install/rover_line_follower/share/rover_line_follower/hook/pythonpath.ps1'
[7.065s] INFO:colcon.colcon_core.shell:Creating environment descriptor '/ws/install/rover_line_follower/share/rover_line_follower/hook/pythonpath.dsv'
[7.066s] INFO:colcon.colcon_core.shell:Creating environment hook '/ws/install/rover_line_follower/share/rover_line_follower/hook/pythonpath.sh'
[7.068s] Level 1:colcon.colcon_core.environment:checking '/ws/install/rover_line_follower/bin'
[7.068s] Level 1:colcon.colcon_core.environment:create_environment_scripts_only(rover_line_follower)
[7.083s] INFO:colcon.colcon_core.shell:Creating package script '/ws/install/rover_line_follower/share/rover_line_follower/package.ps1'
[7.086s] INFO:colcon.colcon_core.shell:Creating package descriptor '/ws/install/rover_line_follower/share/rover_line_follower/package.dsv'
[7.088s] INFO:colcon.colcon_core.shell:Creating package script '/ws/install/rover_line_follower/share/rover_line_follower/package.sh'
[7.091s] INFO:colcon.colcon_core.shell:Creating package script '/ws/install/rover_line_follower/share/rover_line_follower/package.bash'
[7.094s] INFO:colcon.colcon_core.shell:Creating package script '/ws/install/rover_line_follower/share/rover_line_follower/package.zsh'
[7.097s] Level 1:colcon.colcon_core.environment:create_file_with_runtime_dependencies(/ws/install/rover_line_follower/share/colcon-core/packages/rover_line_follower)
[7.098s] DEBUG:colcon.colcon_parallel_executor.executor.parallel:closing loop
[7.099s] DEBUG:colcon.colcon_parallel_executor.executor.parallel:loop closed
[7.099s] DEBUG:colcon.colcon_parallel_executor.executor.parallel:run_until_complete finished with '0'
[7.100s] DEBUG:colcon.colcon_core.event_reactor:joining thread
[7.119s] INFO:colcon.colcon_core.plugin_system:Skipping extension 'colcon_notification.desktop_notification.notify_send': Could not find 'notify-send'
[7.120s] INFO:colcon.colcon_core.plugin_system:Skipping extension 'colcon_notification.desktop_notification.terminal_notifier': Not used on non-Darwin systems
[7.120s] INFO:colcon.colcon_core.plugin_system:Skipping extension 'colcon_notification.desktop_notification.win32': Not used on non-Windows systems
[7.120s] INFO:colcon.colcon_notification.desktop_notification:Sending desktop notification using 'notify2'
[7.121s] DEBUG:colcon.colcon_notification.desktop_notification.notify2:Failed to initialize notify2: org.freedesktop.DBus.Error.NotSupported: Unable to autolaunch a dbus-daemon without a $DISPLAY for X11
[7.121s] DEBUG:colcon.colcon_core.event_reactor:joined thread
[7.135s] INFO:colcon.colcon_core.shell:Creating prefix script '/ws/install/local_setup.ps1'
[7.138s] INFO:colcon.colcon_core.shell:Creating prefix util module '/ws/install/_local_setup_util_ps1.py'
[7.143s] INFO:colcon.colcon_core.shell:Creating prefix chain script '/ws/install/setup.ps1'
[7.152s] INFO:colcon.colcon_core.shell:Creating prefix script '/ws/install/local_setup.sh'
[7.154s] INFO:colcon.colcon_core.shell:Creating prefix util module '/ws/install/_local_setup_util_sh.py'
[7.155s] INFO:colcon.colcon_core.shell:Creating prefix chain script '/ws/install/setup.sh'
[7.164s] INFO:colcon.colcon_core.shell:Creating prefix script '/ws/install/local_setup.bash'
[7.166s] INFO:colcon.colcon_core.shell:Creating prefix chain script '/ws/install/setup.bash'
[7.174s] INFO:colcon.colcon_core.shell:Creating prefix script '/ws/install/local_setup.zsh'
[7.175s] INFO:colcon.colcon_core.shell:Creating prefix chain script '/ws/install/setup.zsh'
