[0.137s] Invoking command in '/ws/build/image_pub': /usr/local/bin/cmake /ws/src/image_pub -DAMENT_CMAKE_SYMLINK_INSTALL=1 -DCMAKE_INSTALL_PREFIX=/ws/install/image_pub
[0.992s] -- The C compiler identification is GNU 9.4.0
[1.466s] -- The CXX compiler identification is GNU 9.4.0
[1.514s] -- Detecting C compiler ABI info
[1.731s] -- Detecting C compiler ABI info - done
[1.780s] -- Check for working C compiler: /usr/bin/cc - skipped
[1.784s] -- Detecting C compile features
[1.786s] -- Detecting C compile features - done
[1.803s] -- Detecting CXX compiler ABI info
[2.040s] -- Detecting CXX compiler ABI info - done
[2.090s] -- Check for working CXX compiler: /usr/bin/c++ - skipped
[2.091s] -- Detecting CXX compile features
[2.093s] -- Detecting CXX compile features - done
[2.123s] -- Found ament_cmake: 1.3.4 (/opt/ros/humble/install/share/ament_cmake/cmake)
[6.100s] -- Found Python3: /usr/bin/python3.8 (found version "3.8.10") found components: Interpreter 
[6.359s] -- Override CMake install command with custom implementation using symlinks instead of copying resources
[6.664s] -- Performing Test CMAKE_HAVE_LIBC_PTHREAD
[6.911s] -- Performing Test CMAKE_HAVE_LIBC_PTHREAD - Failed
[6.912s] -- Looking for pthread_create in pthreads
[7.080s] -- Looking for pthread_create in pthreads - not found
[7.080s] -- Looking for pthread_create in pthread
[7.289s] -- Looking for pthread_create in pthread - found
[7.294s] -- Found Threads: TRUE  
[7.382s] -- Found CUDA: /usr/local/cuda (found suitable exact version "11.4") 
[7.440s] -- Found OpenCV: /usr (found version "4.5.0") 
[7.457s] -- Found rclcpp: 16.0.4 (/opt/ros/humble/install/share/rclcpp/cmake)
[7.744s] -- Found rosidl_generator_c: 3.1.4 (/opt/ros/humble/install/share/rosidl_generator_c/cmake)
[7.781s] -- Found rosidl_adapter: 3.1.4 (/opt/ros/humble/install/share/rosidl_adapter/cmake)
[7.844s] -- Found rosidl_generator_cpp: 3.1.4 (/opt/ros/humble/install/share/rosidl_generator_cpp/cmake)
[7.955s] -- Using all available rosidl_typesupport_c: rosidl_typesupport_fastrtps_c;rosidl_typesupport_introspection_c
[8.106s] -- Using all available rosidl_typesupport_cpp: rosidl_typesupport_fastrtps_cpp;rosidl_typesupport_introspection_cpp
[8.597s] -- Found rmw_implementation_cmake: 6.1.1 (/opt/ros/humble/install/share/rmw_implementation_cmake/cmake)
[8.616s] -- Found rmw_cyclonedds_cpp: 1.3.4 (/opt/ros/humble/install/share/rmw_cyclonedds_cpp/cmake)
[8.859s] -- Using RMW implementation 'rmw_cyclonedds_cpp' as default
[9.951s] -- Found sensor_msgs: 4.2.3 (/opt/ros/humble/install/share/sensor_msgs/cmake)
[11.041s] -- Configuring done (10.6s)
[11.184s] -- Generating done (0.1s)
[11.193s] -- Build files have been written to: /ws/build/image_pub
[11.252s] Invoked command in '/ws/build/image_pub' returned '0': /usr/local/bin/cmake /ws/src/image_pub -DAMENT_CMAKE_SYMLINK_INSTALL=1 -DCMAKE_INSTALL_PREFIX=/ws/install/image_pub
[11.262s] Invoking command in '/ws/build/image_pub': /usr/local/bin/cmake --build /ws/build/image_pub -- -j4 -l4
[11.445s] [ 33%] [32mBuilding CXX object CMakeFiles/stereo_image_pub.dir/src/stereo_image_pub.cpp.o[0m
[11.445s] [ 33%] [32mBuilding CXX object CMakeFiles/mono_image_pub.dir/src/mono_image_pub.cpp.o[0m
[11.454s] [ 50%] [32mBuilding CXX object CMakeFiles/camera_calibration_pub.dir/src/camera_calibration_pub.cpp.o[0m
[87.171s] [ 66%] [32m[1mLinking CXX executable camera_calibration_pub[0m
[88.513s] [ 66%] Built target camera_calibration_pub
[134.853s] [ 83%] [32m[1mLinking CXX executable mono_image_pub[0m
[135.868s] [100%] [32m[1mLinking CXX executable stereo_image_pub[0m
[137.945s] [100%] Built target stereo_image_pub
[137.979s] [100%] Built target mono_image_pub
[138.050s] Invoked command in '/ws/build/image_pub' returned '0': /usr/local/bin/cmake --build /ws/build/image_pub -- -j4 -l4
[138.526s] Invoking command in '/ws/build/image_pub': /usr/local/bin/cmake --install /ws/build/image_pub
[138.645s] -- Install configuration: ""
[138.648s] -- Execute custom install script
[138.650s] -- Symlinking: /ws/install/image_pub/lib/image_pub/mono_image_pub
[138.659s] -- Symlinking: /ws/install/image_pub/lib/image_pub/stereo_image_pub
[138.668s] -- Symlinking: /ws/install/image_pub/lib/image_pub/camera_calibration_pub
[138.680s] -- Symlinking: /ws/install/image_pub/share/image_pub//launch/raw_image_pub.launch.py
[138.689s] -- Symlinking: /ws/install/image_pub/share/image_pub//launch/stereo_rect_image_pub.launch.py
[138.700s] -- Symlinking: /ws/install/image_pub/share/image_pub//config/cal_results/extrinsics.yml
[138.710s] -- Symlinking: /ws/install/image_pub/share/image_pub//config/cal_results/intrinsics.yml
[138.725s] -- Symlinking: /ws/install/image_pub/share/image_pub//config/imx21983_raw_image_pub.yaml
[138.734s] -- Symlinking: /ws/install/image_pub/share/image_pub//config/imx21983_stereo_rect_image_pub.yaml
[138.747s] -- Symlinking: /ws/install/image_pub/share/ament_index/resource_index/package_run_dependencies/image_pub
[138.758s] -- Symlinking: /ws/install/image_pub/share/ament_index/resource_index/parent_prefix_path/image_pub
[138.777s] -- Symlinking: /ws/install/image_pub/share/image_pub/environment/ament_prefix_path.sh
[138.788s] -- Symlinking: /ws/install/image_pub/share/image_pub/environment/ament_prefix_path.dsv
[138.798s] -- Symlinking: /ws/install/image_pub/share/image_pub/environment/path.sh
[138.807s] -- Symlinking: /ws/install/image_pub/share/image_pub/environment/path.dsv
[138.816s] -- Symlinking: /ws/install/image_pub/share/image_pub/local_setup.bash
[138.825s] -- Symlinking: /ws/install/image_pub/share/image_pub/local_setup.sh
[138.834s] -- Symlinking: /ws/install/image_pub/share/image_pub/local_setup.zsh
[138.843s] -- Symlinking: /ws/install/image_pub/share/image_pub/local_setup.dsv
[138.852s] -- Symlinking: /ws/install/image_pub/share/image_pub/package.dsv
[138.864s] -- Symlinking: /ws/install/image_pub/share/ament_index/resource_index/packages/image_pub
[138.875s] -- Symlinking: /ws/install/image_pub/share/image_pub/cmake/image_pubConfig.cmake
[138.884s] -- Symlinking: /ws/install/image_pub/share/image_pub/cmake/image_pubConfig-version.cmake
[138.894s] -- Symlinking: /ws/install/image_pub/share/image_pub/package.xml
[138.929s] Invoked command in '/ws/build/image_pub' returned '0': /usr/local/bin/cmake --install /ws/build/image_pub
