[1.491s] DEBUG:colcon:Command line arguments: ['/usr/bin/colcon', 'build', '--symlink-install']
[1.491s] DEBUG:colcon:Parsed command line arguments: Namespace(ament_cmake_args=None, base_paths=['.'], build_base='build', catkin_cmake_args=None, catkin_skip_building_tests=False, cmake_args=None, cmake_clean_cache=False, cmake_clean_first=False, cmake_force_configure=False, cmake_target=None, cmake_target_skip_unavailable=False, continue_on_error=False, event_handlers=None, executor='parallel', ignore_user_meta=False, install_base='install', log_base=None, log_level=None, main=<bound method BuildVerb.main of <colcon_core.verb.build.BuildVerb object at 0x7f9a752a00>>, merge_install=False, metas=['./colcon.meta'], packages_above=None, packages_above_and_dependencies=None, packages_above_depth=None, packages_end=None, packages_ignore=None, packages_ignore_regex=None, packages_select=None, packages_select_build_failed=False, packages_select_by_dep=None, packages_select_regex=None, packages_select_test_failures=False, packages_skip=None, packages_skip_build_finished=False, packages_skip_by_dep=None, packages_skip_regex=None, packages_skip_test_passed=False, packages_skip_up_to=None, packages_start=None, packages_up_to=None, packages_up_to_regex=None, parallel_workers=4, paths=None, symlink_install=True, test_result_base=None, verb_extension=<colcon_core.verb.build.BuildVerb object at 0x7f9a752a00>, verb_name='build', verb_parser=<colcon_defaults.argument_parser.defaults.DefaultArgumentsDecorator object at 0x7f9a752f70>)
[1.620s] Level 1:colcon.colcon_core.package_discovery:discover_packages(colcon_meta) check parameters
[1.621s] Level 1:colcon.colcon_core.package_discovery:discover_packages(recursive) check parameters
[1.621s] Level 1:colcon.colcon_core.package_discovery:discover_packages(ignore) check parameters
[1.621s] Level 1:colcon.colcon_core.package_discovery:discover_packages(path) check parameters
[1.621s] Level 1:colcon.colcon_core.package_discovery:discover_packages(colcon_meta) discover
[1.621s] Level 1:colcon.colcon_core.package_discovery:discover_packages(recursive) discover
[1.621s] INFO:colcon.colcon_core.package_discovery:Crawling recursively for packages in '/ws'
[1.622s] Level 1:colcon.colcon_core.package_identification:_identify(.) by extensions ['ignore', 'ignore_ament_install']
[1.622s] Level 1:colcon.colcon_core.package_identification:_identify(.) by extension 'ignore'
[1.622s] Level 1:colcon.colcon_core.package_identification:_identify(.) by extension 'ignore_ament_install'
[1.623s] Level 1:colcon.colcon_core.package_identification:_identify(.) by extensions ['colcon_pkg']
[1.623s] Level 1:colcon.colcon_core.package_identification:_identify(.) by extension 'colcon_pkg'
[1.623s] Level 1:colcon.colcon_core.package_identification:_identify(.) by extensions ['colcon_meta']
[1.623s] Level 1:colcon.colcon_core.package_identification:_identify(.) by extension 'colcon_meta'
[1.623s] Level 1:colcon.colcon_core.package_identification:_identify(.) by extensions ['ros']
[1.623s] Level 1:colcon.colcon_core.package_identification:_identify(.) by extension 'ros'
[1.706s] Level 1:colcon.colcon_core.package_identification:_identify(.) by extensions ['cmake', 'python']
[1.706s] Level 1:colcon.colcon_core.package_identification:_identify(.) by extension 'cmake'
[1.707s] Level 1:colcon.colcon_core.package_identification:_identify(.) by extension 'python'
[1.707s] Level 1:colcon.colcon_core.package_identification:_identify(.) by extensions ['python_setup_py']
[1.707s] Level 1:colcon.colcon_core.package_identification:_identify(.) by extension 'python_setup_py'
[1.707s] Level 1:colcon.colcon_core.package_identification:_identify(build) by extensions ['ignore', 'ignore_ament_install']
[1.708s] Level 1:colcon.colcon_core.package_identification:_identify(build) by extension 'ignore'
[1.708s] Level 1:colcon.colcon_core.package_identification:_identify(build) ignored
[1.709s] Level 1:colcon.colcon_core.package_identification:_identify(install) by extensions ['ignore', 'ignore_ament_install']
[1.709s] Level 1:colcon.colcon_core.package_identification:_identify(install) by extension 'ignore'
[1.709s] Level 1:colcon.colcon_core.package_identification:_identify(install) ignored
[1.709s] Level 1:colcon.colcon_core.package_identification:_identify(log) by extensions ['ignore', 'ignore_ament_install']
[1.710s] Level 1:colcon.colcon_core.package_identification:_identify(log) by extension 'ignore'
[1.710s] Level 1:colcon.colcon_core.package_identification:_identify(log) ignored
[1.710s] Level 1:colcon.colcon_core.package_identification:_identify(src) by extensions ['ignore', 'ignore_ament_install']
[1.711s] Level 1:colcon.colcon_core.package_identification:_identify(src) by extension 'ignore'
[1.711s] Level 1:colcon.colcon_core.package_identification:_identify(src) by extension 'ignore_ament_install'
[1.711s] Level 1:colcon.colcon_core.package_identification:_identify(src) by extensions ['colcon_pkg']
[1.711s] Level 1:colcon.colcon_core.package_identification:_identify(src) by extension 'colcon_pkg'
[1.711s] Level 1:colcon.colcon_core.package_identification:_identify(src) by extensions ['colcon_meta']
[1.711s] Level 1:colcon.colcon_core.package_identification:_identify(src) by extension 'colcon_meta'
[1.712s] Level 1:colcon.colcon_core.package_identification:_identify(src) by extensions ['ros']
[1.712s] Level 1:colcon.colcon_core.package_identification:_identify(src) by extension 'ros'
[1.712s] Level 1:colcon.colcon_core.package_identification:_identify(src) by extensions ['cmake', 'python']
[1.712s] Level 1:colcon.colcon_core.package_identification:_identify(src) by extension 'cmake'
[1.712s] Level 1:colcon.colcon_core.package_identification:_identify(src) by extension 'python'
[1.713s] Level 1:colcon.colcon_core.package_identification:_identify(src) by extensions ['python_setup_py']
[1.713s] Level 1:colcon.colcon_core.package_identification:_identify(src) by extension 'python_setup_py'
[1.713s] Level 1:colcon.colcon_core.package_identification:_identify(src/image_pub) by extensions ['ignore', 'ignore_ament_install']
[1.713s] Level 1:colcon.colcon_core.package_identification:_identify(src/image_pub) by extension 'ignore'
[1.714s] Level 1:colcon.colcon_core.package_identification:_identify(src/image_pub) by extension 'ignore_ament_install'
[1.714s] Level 1:colcon.colcon_core.package_identification:_identify(src/image_pub) by extensions ['colcon_pkg']
[1.714s] Level 1:colcon.colcon_core.package_identification:_identify(src/image_pub) by extension 'colcon_pkg'
[1.714s] Level 1:colcon.colcon_core.package_identification:_identify(src/image_pub) by extensions ['colcon_meta']
[1.714s] Level 1:colcon.colcon_core.package_identification:_identify(src/image_pub) by extension 'colcon_meta'
[1.715s] Level 1:colcon.colcon_core.package_identification:_identify(src/image_pub) by extensions ['ros']
[1.715s] Level 1:colcon.colcon_core.package_identification:_identify(src/image_pub) by extension 'ros'
[1.727s] DEBUG:colcon.colcon_core.package_identification:Package 'src/image_pub' with type 'ros.ament_cmake' and name 'image_pub'
[1.728s] Level 1:colcon.colcon_core.package_identification:_identify(src/nanosaur) by extensions ['ignore', 'ignore_ament_install']
[1.728s] Level 1:colcon.colcon_core.package_identification:_identify(src/nanosaur) by extension 'ignore'
[1.728s] Level 1:colcon.colcon_core.package_identification:_identify(src/nanosaur) by extension 'ignore_ament_install'
[1.729s] Level 1:colcon.colcon_core.package_identification:_identify(src/nanosaur) by extensions ['colcon_pkg']
[1.729s] Level 1:colcon.colcon_core.package_identification:_identify(src/nanosaur) by extension 'colcon_pkg'
[1.729s] Level 1:colcon.colcon_core.package_identification:_identify(src/nanosaur) by extensions ['colcon_meta']
[1.729s] Level 1:colcon.colcon_core.package_identification:_identify(src/nanosaur) by extension 'colcon_meta'
[1.729s] Level 1:colcon.colcon_core.package_identification:_identify(src/nanosaur) by extensions ['ros']
[1.729s] Level 1:colcon.colcon_core.package_identification:_identify(src/nanosaur) by extension 'ros'
[1.730s] Level 1:colcon.colcon_core.package_identification:_identify(src/nanosaur) by extensions ['cmake', 'python']
[1.730s] Level 1:colcon.colcon_core.package_identification:_identify(src/nanosaur) by extension 'cmake'
[1.730s] Level 1:colcon.colcon_core.package_identification:_identify(src/nanosaur) by extension 'python'
[1.730s] Level 1:colcon.colcon_core.package_identification:_identify(src/nanosaur) by extensions ['python_setup_py']
[1.730s] Level 1:colcon.colcon_core.package_identification:_identify(src/nanosaur) by extension 'python_setup_py'
[1.731s] Level 1:colcon.colcon_core.package_identification:_identify(src/nanosaur/nanosaur_control) by extensions ['ignore', 'ignore_ament_install']
[1.731s] Level 1:colcon.colcon_core.package_identification:_identify(src/nanosaur/nanosaur_control) by extension 'ignore'
[1.732s] Level 1:colcon.colcon_core.package_identification:_identify(src/nanosaur/nanosaur_control) by extension 'ignore_ament_install'
[1.732s] Level 1:colcon.colcon_core.package_identification:_identify(src/nanosaur/nanosaur_control) by extensions ['colcon_pkg']
[1.732s] Level 1:colcon.colcon_core.package_identification:_identify(src/nanosaur/nanosaur_control) by extension 'colcon_pkg'
[1.732s] Level 1:colcon.colcon_core.package_identification:_identify(src/nanosaur/nanosaur_control) by extensions ['colcon_meta']
[1.732s] Level 1:colcon.colcon_core.package_identification:_identify(src/nanosaur/nanosaur_control) by extension 'colcon_meta'
[1.732s] Level 1:colcon.colcon_core.package_identification:_identify(src/nanosaur/nanosaur_control) by extensions ['ros']
[1.733s] Level 1:colcon.colcon_core.package_identification:_identify(src/nanosaur/nanosaur_control) by extension 'ros'
[1.736s] DEBUG:colcon.colcon_core.package_identification:Package 'src/nanosaur/nanosaur_control' with type 'ros.ament_cmake' and name 'nanosaur_control'
[1.737s] Level 1:colcon.colcon_core.package_identification:_identify(src/nanosaur/nanosaur_msgs) by extensions ['ignore', 'ignore_ament_install']
[1.737s] Level 1:colcon.colcon_core.package_identification:_identify(src/nanosaur/nanosaur_msgs) by extension 'ignore'
[1.737s] Level 1:colcon.colcon_core.package_identification:_identify(src/nanosaur/nanosaur_msgs) by extension 'ignore_ament_install'
[1.738s] Level 1:colcon.colcon_core.package_identification:_identify(src/nanosaur/nanosaur_msgs) by extensions ['colcon_pkg']
[1.738s] Level 1:colcon.colcon_core.package_identification:_identify(src/nanosaur/nanosaur_msgs) by extension 'colcon_pkg'
[1.738s] Level 1:colcon.colcon_core.package_identification:_identify(src/nanosaur/nanosaur_msgs) by extensions ['colcon_meta']
[1.738s] Level 1:colcon.colcon_core.package_identification:_identify(src/nanosaur/nanosaur_msgs) by extension 'colcon_meta'
[1.738s] Level 1:colcon.colcon_core.package_identification:_identify(src/nanosaur/nanosaur_msgs) by extensions ['ros']
[1.739s] Level 1:colcon.colcon_core.package_identification:_identify(src/nanosaur/nanosaur_msgs) by extension 'ros'
[1.742s] DEBUG:colcon.colcon_core.package_identification:Package 'src/nanosaur/nanosaur_msgs' with type 'ros.ament_cmake' and name 'nanosaur_msgs'
[1.742s] Level 1:colcon.colcon_core.package_identification:_identify(src/nanosaur_hardware) by extensions ['ignore', 'ignore_ament_install']
[1.743s] Level 1:colcon.colcon_core.package_identification:_identify(src/nanosaur_hardware) by extension 'ignore'
[1.743s] Level 1:colcon.colcon_core.package_identification:_identify(src/nanosaur_hardware) by extension 'ignore_ament_install'
[1.743s] Level 1:colcon.colcon_core.package_identification:_identify(src/nanosaur_hardware) by extensions ['colcon_pkg']
[1.743s] Level 1:colcon.colcon_core.package_identification:_identify(src/nanosaur_hardware) by extension 'colcon_pkg'
[1.744s] Level 1:colcon.colcon_core.package_identification:_identify(src/nanosaur_hardware) by extensions ['colcon_meta']
[1.744s] Level 1:colcon.colcon_core.package_identification:_identify(src/nanosaur_hardware) by extension 'colcon_meta'
[1.744s] Level 1:colcon.colcon_core.package_identification:_identify(src/nanosaur_hardware) by extensions ['ros']
[1.744s] Level 1:colcon.colcon_core.package_identification:_identify(src/nanosaur_hardware) by extension 'ros'
[1.747s] DEBUG:colcon.colcon_core.package_identification:Package 'src/nanosaur_hardware' with type 'ros.ament_python' and name 'nanosaur_hardware'
[1.748s] Level 1:colcon.colcon_core.package_identification:_identify(src/rosboard) by extensions ['ignore', 'ignore_ament_install']
[1.748s] Level 1:colcon.colcon_core.package_identification:_identify(src/rosboard) by extension 'ignore'
[1.748s] Level 1:colcon.colcon_core.package_identification:_identify(src/rosboard) by extension 'ignore_ament_install'
[1.748s] Level 1:colcon.colcon_core.package_identification:_identify(src/rosboard) by extensions ['colcon_pkg']
[1.748s] Level 1:colcon.colcon_core.package_identification:_identify(src/rosboard) by extension 'colcon_pkg'
[1.749s] Level 1:colcon.colcon_core.package_identification:_identify(src/rosboard) by extensions ['colcon_meta']
[1.749s] Level 1:colcon.colcon_core.package_identification:_identify(src/rosboard) by extension 'colcon_meta'
[1.749s] Level 1:colcon.colcon_core.package_identification:_identify(src/rosboard) by extensions ['ros']
[1.749s] Level 1:colcon.colcon_core.package_identification:_identify(src/rosboard) by extension 'ros'
[1.761s] DEBUG:colcon.colcon_core.package_identification:Package 'src/rosboard' with type 'ros.ament_python' and name 'rosboard'
[1.762s] Level 1:colcon.colcon_core.package_identification:_identify(src/rover_line_follower) by extensions ['ignore', 'ignore_ament_install']
[1.762s] Level 1:colcon.colcon_core.package_identification:_identify(src/rover_line_follower) by extension 'ignore'
[1.762s] Level 1:colcon.colcon_core.package_identification:_identify(src/rover_line_follower) by extension 'ignore_ament_install'
[1.762s] Level 1:colcon.colcon_core.package_identification:_identify(src/rover_line_follower) by extensions ['colcon_pkg']
[1.763s] Level 1:colcon.colcon_core.package_identification:_identify(src/rover_line_follower) by extension 'colcon_pkg'
[1.763s] Level 1:colcon.colcon_core.package_identification:_identify(src/rover_line_follower) by extensions ['colcon_meta']
[1.763s] Level 1:colcon.colcon_core.package_identification:_identify(src/rover_line_follower) by extension 'colcon_meta'
[1.763s] Level 1:colcon.colcon_core.package_identification:_identify(src/rover_line_follower) by extensions ['ros']
[1.763s] Level 1:colcon.colcon_core.package_identification:_identify(src/rover_line_follower) by extension 'ros'
[1.766s] DEBUG:colcon.colcon_core.package_identification:Package 'src/rover_line_follower' with type 'ros.ament_python' and name 'rover_line_follower'
[1.767s] Level 1:colcon.colcon_core.package_identification:_identify(src/teleop_twist_keyboard) by extensions ['ignore', 'ignore_ament_install']
[1.767s] Level 1:colcon.colcon_core.package_identification:_identify(src/teleop_twist_keyboard) by extension 'ignore'
[1.768s] Level 1:colcon.colcon_core.package_identification:_identify(src/teleop_twist_keyboard) by extension 'ignore_ament_install'
[1.768s] Level 1:colcon.colcon_core.package_identification:_identify(src/teleop_twist_keyboard) by extensions ['colcon_pkg']
[1.768s] Level 1:colcon.colcon_core.package_identification:_identify(src/teleop_twist_keyboard) by extension 'colcon_pkg'
[1.768s] Level 1:colcon.colcon_core.package_identification:_identify(src/teleop_twist_keyboard) by extensions ['colcon_meta']
[1.768s] Level 1:colcon.colcon_core.package_identification:_identify(src/teleop_twist_keyboard) by extension 'colcon_meta'
[1.768s] Level 1:colcon.colcon_core.package_identification:_identify(src/teleop_twist_keyboard) by extensions ['ros']
[1.769s] Level 1:colcon.colcon_core.package_identification:_identify(src/teleop_twist_keyboard) by extension 'ros'
[1.771s] DEBUG:colcon.colcon_core.package_identification:Package 'src/teleop_twist_keyboard' with type 'ros.ament_python' and name 'teleop_twist_keyboard'
[1.771s] Level 1:colcon.colcon_core.package_discovery:discover_packages(recursive) using defaults
[1.772s] Level 1:colcon.colcon_core.package_discovery:discover_packages(ignore) discover
[1.772s] Level 1:colcon.colcon_core.package_discovery:discover_packages(ignore) using defaults
[1.772s] Level 1:colcon.colcon_core.package_discovery:discover_packages(path) discover
[1.772s] Level 1:colcon.colcon_core.package_discovery:discover_packages(path) using defaults
[1.892s] Level 5:colcon.colcon_core.verb:set package 'image_pub' build argument 'cmake_args' from command line to 'None'
[1.892s] Level 5:colcon.colcon_core.verb:set package 'image_pub' build argument 'cmake_target' from command line to 'None'
[1.892s] Level 5:colcon.colcon_core.verb:set package 'image_pub' build argument 'cmake_target_skip_unavailable' from command line to 'False'
[1.892s] Level 5:colcon.colcon_core.verb:set package 'image_pub' build argument 'cmake_clean_cache' from command line to 'False'
[1.892s] Level 5:colcon.colcon_core.verb:set package 'image_pub' build argument 'cmake_clean_first' from command line to 'False'
[1.893s] Level 5:colcon.colcon_core.verb:set package 'image_pub' build argument 'cmake_force_configure' from command line to 'False'
[1.893s] Level 5:colcon.colcon_core.verb:set package 'image_pub' build argument 'ament_cmake_args' from command line to 'None'
[1.893s] Level 5:colcon.colcon_core.verb:set package 'image_pub' build argument 'catkin_cmake_args' from command line to 'None'
[1.893s] Level 5:colcon.colcon_core.verb:set package 'image_pub' build argument 'catkin_skip_building_tests' from command line to 'False'
[1.893s] DEBUG:colcon.colcon_core.verb:Building package 'image_pub' with the following arguments: {'ament_cmake_args': None, 'build_base': '/ws/build/image_pub', 'catkin_cmake_args': None, 'catkin_skip_building_tests': False, 'cmake_args': None, 'cmake_clean_cache': False, 'cmake_clean_first': False, 'cmake_force_configure': False, 'cmake_target': None, 'cmake_target_skip_unavailable': False, 'install_base': '/ws/install/image_pub', 'merge_install': False, 'path': '/ws/src/image_pub', 'symlink_install': True, 'test_result_base': None}
[1.900s] Level 5:colcon.colcon_core.verb:set package 'nanosaur_control' build argument 'cmake_args' from command line to 'None'
[1.901s] Level 5:colcon.colcon_core.verb:set package 'nanosaur_control' build argument 'cmake_target' from command line to 'None'
[1.901s] Level 5:colcon.colcon_core.verb:set package 'nanosaur_control' build argument 'cmake_target_skip_unavailable' from command line to 'False'
[1.901s] Level 5:colcon.colcon_core.verb:set package 'nanosaur_control' build argument 'cmake_clean_cache' from command line to 'False'
[1.901s] Level 5:colcon.colcon_core.verb:set package 'nanosaur_control' build argument 'cmake_clean_first' from command line to 'False'
[1.901s] Level 5:colcon.colcon_core.verb:set package 'nanosaur_control' build argument 'cmake_force_configure' from command line to 'False'
[1.901s] Level 5:colcon.colcon_core.verb:set package 'nanosaur_control' build argument 'ament_cmake_args' from command line to 'None'
[1.901s] Level 5:colcon.colcon_core.verb:set package 'nanosaur_control' build argument 'catkin_cmake_args' from command line to 'None'
[1.901s] Level 5:colcon.colcon_core.verb:set package 'nanosaur_control' build argument 'catkin_skip_building_tests' from command line to 'False'
[1.902s] DEBUG:colcon.colcon_core.verb:Building package 'nanosaur_control' with the following arguments: {'ament_cmake_args': None, 'build_base': '/ws/build/nanosaur_control', 'catkin_cmake_args': None, 'catkin_skip_building_tests': False, 'cmake_args': None, 'cmake_clean_cache': False, 'cmake_clean_first': False, 'cmake_force_configure': False, 'cmake_target': None, 'cmake_target_skip_unavailable': False, 'install_base': '/ws/install/nanosaur_control', 'merge_install': False, 'path': '/ws/src/nanosaur/nanosaur_control', 'symlink_install': True, 'test_result_base': None}
[1.909s] Level 5:colcon.colcon_core.verb:set package 'nanosaur_hardware' build argument 'cmake_args' from command line to 'None'
[1.909s] Level 5:colcon.colcon_core.verb:set package 'nanosaur_hardware' build argument 'cmake_target' from command line to 'None'
[1.909s] Level 5:colcon.colcon_core.verb:set package 'nanosaur_hardware' build argument 'cmake_target_skip_unavailable' from command line to 'False'
[1.909s] Level 5:colcon.colcon_core.verb:set package 'nanosaur_hardware' build argument 'cmake_clean_cache' from command line to 'False'
[1.909s] Level 5:colcon.colcon_core.verb:set package 'nanosaur_hardware' build argument 'cmake_clean_first' from command line to 'False'
[1.909s] Level 5:colcon.colcon_core.verb:set package 'nanosaur_hardware' build argument 'cmake_force_configure' from command line to 'False'
[1.909s] Level 5:colcon.colcon_core.verb:set package 'nanosaur_hardware' build argument 'ament_cmake_args' from command line to 'None'
[1.910s] Level 5:colcon.colcon_core.verb:set package 'nanosaur_hardware' build argument 'catkin_cmake_args' from command line to 'None'
[1.910s] Level 5:colcon.colcon_core.verb:set package 'nanosaur_hardware' build argument 'catkin_skip_building_tests' from command line to 'False'
[1.910s] DEBUG:colcon.colcon_core.verb:Building package 'nanosaur_hardware' with the following arguments: {'ament_cmake_args': None, 'build_base': '/ws/build/nanosaur_hardware', 'catkin_cmake_args': None, 'catkin_skip_building_tests': False, 'cmake_args': None, 'cmake_clean_cache': False, 'cmake_clean_first': False, 'cmake_force_configure': False, 'cmake_target': None, 'cmake_target_skip_unavailable': False, 'install_base': '/ws/install/nanosaur_hardware', 'merge_install': False, 'path': '/ws/src/nanosaur_hardware', 'symlink_install': True, 'test_result_base': None}
[1.917s] Level 5:colcon.colcon_core.verb:set package 'nanosaur_msgs' build argument 'cmake_args' from command line to 'None'
[1.917s] Level 5:colcon.colcon_core.verb:set package 'nanosaur_msgs' build argument 'cmake_target' from command line to 'None'
[1.917s] Level 5:colcon.colcon_core.verb:set package 'nanosaur_msgs' build argument 'cmake_target_skip_unavailable' from command line to 'False'
[1.917s] Level 5:colcon.colcon_core.verb:set package 'nanosaur_msgs' build argument 'cmake_clean_cache' from command line to 'False'
[1.917s] Level 5:colcon.colcon_core.verb:set package 'nanosaur_msgs' build argument 'cmake_clean_first' from command line to 'False'
[1.918s] Level 5:colcon.colcon_core.verb:set package 'nanosaur_msgs' build argument 'cmake_force_configure' from command line to 'False'
[1.918s] Level 5:colcon.colcon_core.verb:set package 'nanosaur_msgs' build argument 'ament_cmake_args' from command line to 'None'
[1.918s] Level 5:colcon.colcon_core.verb:set package 'nanosaur_msgs' build argument 'catkin_cmake_args' from command line to 'None'
[1.918s] Level 5:colcon.colcon_core.verb:set package 'nanosaur_msgs' build argument 'catkin_skip_building_tests' from command line to 'False'
[1.918s] DEBUG:colcon.colcon_core.verb:Building package 'nanosaur_msgs' with the following arguments: {'ament_cmake_args': None, 'build_base': '/ws/build/nanosaur_msgs', 'catkin_cmake_args': None, 'catkin_skip_building_tests': False, 'cmake_args': None, 'cmake_clean_cache': False, 'cmake_clean_first': False, 'cmake_force_configure': False, 'cmake_target': None, 'cmake_target_skip_unavailable': False, 'install_base': '/ws/install/nanosaur_msgs', 'merge_install': False, 'path': '/ws/src/nanosaur/nanosaur_msgs', 'symlink_install': True, 'test_result_base': None}
[1.925s] Level 5:colcon.colcon_core.verb:set package 'rosboard' build argument 'cmake_args' from command line to 'None'
[1.925s] Level 5:colcon.colcon_core.verb:set package 'rosboard' build argument 'cmake_target' from command line to 'None'
[1.925s] Level 5:colcon.colcon_core.verb:set package 'rosboard' build argument 'cmake_target_skip_unavailable' from command line to 'False'
[1.925s] Level 5:colcon.colcon_core.verb:set package 'rosboard' build argument 'cmake_clean_cache' from command line to 'False'
[1.926s] Level 5:colcon.colcon_core.verb:set package 'rosboard' build argument 'cmake_clean_first' from command line to 'False'
[1.926s] Level 5:colcon.colcon_core.verb:set package 'rosboard' build argument 'cmake_force_configure' from command line to 'False'
[1.926s] Level 5:colcon.colcon_core.verb:set package 'rosboard' build argument 'ament_cmake_args' from command line to 'None'
[1.926s] Level 5:colcon.colcon_core.verb:set package 'rosboard' build argument 'catkin_cmake_args' from command line to 'None'
[1.926s] Level 5:colcon.colcon_core.verb:set package 'rosboard' build argument 'catkin_skip_building_tests' from command line to 'False'
[1.926s] DEBUG:colcon.colcon_core.verb:Building package 'rosboard' with the following arguments: {'ament_cmake_args': None, 'build_base': '/ws/build/rosboard', 'catkin_cmake_args': None, 'catkin_skip_building_tests': False, 'cmake_args': None, 'cmake_clean_cache': False, 'cmake_clean_first': False, 'cmake_force_configure': False, 'cmake_target': None, 'cmake_target_skip_unavailable': False, 'install_base': '/ws/install/rosboard', 'merge_install': False, 'path': '/ws/src/rosboard', 'symlink_install': True, 'test_result_base': None}
[1.933s] Level 5:colcon.colcon_core.verb:set package 'rover_line_follower' build argument 'cmake_args' from command line to 'None'
[1.934s] Level 5:colcon.colcon_core.verb:set package 'rover_line_follower' build argument 'cmake_target' from command line to 'None'
[1.934s] Level 5:colcon.colcon_core.verb:set package 'rover_line_follower' build argument 'cmake_target_skip_unavailable' from command line to 'False'
[1.934s] Level 5:colcon.colcon_core.verb:set package 'rover_line_follower' build argument 'cmake_clean_cache' from command line to 'False'
[1.934s] Level 5:colcon.colcon_core.verb:set package 'rover_line_follower' build argument 'cmake_clean_first' from command line to 'False'
[1.934s] Level 5:colcon.colcon_core.verb:set package 'rover_line_follower' build argument 'cmake_force_configure' from command line to 'False'
[1.934s] Level 5:colcon.colcon_core.verb:set package 'rover_line_follower' build argument 'ament_cmake_args' from command line to 'None'
[1.934s] Level 5:colcon.colcon_core.verb:set package 'rover_line_follower' build argument 'catkin_cmake_args' from command line to 'None'
[1.934s] Level 5:colcon.colcon_core.verb:set package 'rover_line_follower' build argument 'catkin_skip_building_tests' from command line to 'False'
[1.935s] DEBUG:colcon.colcon_core.verb:Building package 'rover_line_follower' with the following arguments: {'ament_cmake_args': None, 'build_base': '/ws/build/rover_line_follower', 'catkin_cmake_args': None, 'catkin_skip_building_tests': False, 'cmake_args': None, 'cmake_clean_cache': False, 'cmake_clean_first': False, 'cmake_force_configure': False, 'cmake_target': None, 'cmake_target_skip_unavailable': False, 'install_base': '/ws/install/rover_line_follower', 'merge_install': False, 'path': '/ws/src/rover_line_follower', 'symlink_install': True, 'test_result_base': None}
[1.942s] Level 5:colcon.colcon_core.verb:set package 'teleop_twist_keyboard' build argument 'cmake_args' from command line to 'None'
[1.942s] Level 5:colcon.colcon_core.verb:set package 'teleop_twist_keyboard' build argument 'cmake_target' from command line to 'None'
[1.942s] Level 5:colcon.colcon_core.verb:set package 'teleop_twist_keyboard' build argument 'cmake_target_skip_unavailable' from command line to 'False'
[1.942s] Level 5:colcon.colcon_core.verb:set package 'teleop_twist_keyboard' build argument 'cmake_clean_cache' from command line to 'False'
[1.942s] Level 5:colcon.colcon_core.verb:set package 'teleop_twist_keyboard' build argument 'cmake_clean_first' from command line to 'False'
[1.942s] Level 5:colcon.colcon_core.verb:set package 'teleop_twist_keyboard' build argument 'cmake_force_configure' from command line to 'False'
[1.942s] Level 5:colcon.colcon_core.verb:set package 'teleop_twist_keyboard' build argument 'ament_cmake_args' from command line to 'None'
[1.943s] Level 5:colcon.colcon_core.verb:set package 'teleop_twist_keyboard' build argument 'catkin_cmake_args' from command line to 'None'
[1.943s] Level 5:colcon.colcon_core.verb:set package 'teleop_twist_keyboard' build argument 'catkin_skip_building_tests' from command line to 'False'
[1.943s] DEBUG:colcon.colcon_core.verb:Building package 'teleop_twist_keyboard' with the following arguments: {'ament_cmake_args': None, 'build_base': '/ws/build/teleop_twist_keyboard', 'catkin_cmake_args': None, 'catkin_skip_building_tests': False, 'cmake_args': None, 'cmake_clean_cache': False, 'cmake_clean_first': False, 'cmake_force_configure': False, 'cmake_target': None, 'cmake_target_skip_unavailable': False, 'install_base': '/ws/install/teleop_twist_keyboard', 'merge_install': False, 'path': '/ws/src/teleop_twist_keyboard', 'symlink_install': True, 'test_result_base': None}
[1.949s] INFO:colcon.colcon_core.executor:Executing jobs using 'parallel' executor
[1.978s] DEBUG:colcon.colcon_parallel_executor.executor.parallel:run_until_complete
[1.979s] INFO:colcon.colcon_ros.task.ament_cmake.build:Building ROS package in '/ws/src/image_pub' with build type 'ament_cmake'
[1.980s] INFO:colcon.colcon_cmake.task.cmake.build:Building CMake package in '/ws/src/image_pub'
[2.008s] INFO:colcon.colcon_core.plugin_system:Skipping extension 'colcon_core.shell.bat': Not used on non-Windows systems
[2.009s] INFO:colcon.colcon_core.shell:Skip shell extension 'powershell' for command environment: Not usable outside of PowerShell
[2.009s] DEBUG:colcon.colcon_core.shell:Skip shell extension 'dsv' for command environment
[2.071s] INFO:colcon.colcon_ros.task.ament_cmake.build:Building ROS package in '/ws/src/nanosaur/nanosaur_control' with build type 'ament_cmake'
[2.072s] INFO:colcon.colcon_cmake.task.cmake.build:Building CMake package in '/ws/src/nanosaur/nanosaur_control'
[2.087s] INFO:colcon.colcon_core.shell:Skip shell extension 'powershell' for command environment: Not usable outside of PowerShell
[2.088s] DEBUG:colcon.colcon_core.shell:Skip shell extension 'dsv' for command environment
[2.145s] INFO:colcon.colcon_ros.task.ament_python.build:Building ROS package in '/ws/src/nanosaur_hardware' with build type 'ament_python'
[2.146s] Level 1:colcon.colcon_core.shell:create_environment_hook('nanosaur_hardware', 'ament_prefix_path')
[2.161s] INFO:colcon.colcon_core.shell:Creating environment hook '/ws/install/nanosaur_hardware/share/nanosaur_hardware/hook/ament_prefix_path.ps1'
[2.164s] INFO:colcon.colcon_core.shell:Creating environment descriptor '/ws/install/nanosaur_hardware/share/nanosaur_hardware/hook/ament_prefix_path.dsv'
[2.165s] INFO:colcon.colcon_core.shell:Creating environment hook '/ws/install/nanosaur_hardware/share/nanosaur_hardware/hook/ament_prefix_path.sh'
[2.180s] INFO:colcon.colcon_core.shell:Skip shell extension 'powershell' for command environment: Not usable outside of PowerShell
[2.181s] DEBUG:colcon.colcon_core.shell:Skip shell extension 'dsv' for command environment
[2.237s] INFO:colcon.colcon_ros.task.ament_cmake.build:Building ROS package in '/ws/src/nanosaur/nanosaur_msgs' with build type 'ament_cmake'
[2.238s] INFO:colcon.colcon_cmake.task.cmake.build:Building CMake package in '/ws/src/nanosaur/nanosaur_msgs'
[2.253s] INFO:colcon.colcon_core.shell:Skip shell extension 'powershell' for command environment: Not usable outside of PowerShell
[2.253s] DEBUG:colcon.colcon_core.shell:Skip shell extension 'dsv' for command environment
[2.328s] DEBUG:colcon.colcon_core.event_handler.log_command:Invoking command in '/ws/build/image_pub': CMAKE_PREFIX_PATH=/ws/install/nanosaur_msgs:/ws/install/nanosaur_control:/ws/install/image_pub:/ws/install/rosboard:/ws/install/rover_line_follower:/ws/install/teleop_twist_keyboard:/ws/install/nanosaur_hardware:/ros_deep_learning/install/ros_deep_learning:/opt/ros/humble/install /usr/local/bin/cmake --build /ws/build/image_pub -- -j4 -l4
[2.354s] DEBUG:colcon.colcon_core.event_handler.log_command:Invoking command in '/ws/build/nanosaur_control': CMAKE_PREFIX_PATH=/ws/install/nanosaur_msgs:/ws/install/nanosaur_control:/ws/install/image_pub:/ws/install/rosboard:/ws/install/rover_line_follower:/ws/install/teleop_twist_keyboard:/ws/install/nanosaur_hardware:/ros_deep_learning/install/ros_deep_learning:/opt/ros/humble/install /usr/local/bin/cmake --build /ws/build/nanosaur_control -- -j4 -l4
[3.505s] INFO:colcon.colcon_core.task.python.build:Building Python package in '/ws/src/nanosaur_hardware'
[3.521s] INFO:colcon.colcon_core.shell:Skip shell extension 'powershell' for command environment: Not usable outside of PowerShell
[3.521s] DEBUG:colcon.colcon_core.shell:Skip shell extension 'dsv' for command environment
[3.606s] DEBUG:colcon.colcon_core.event_handler.log_command:Invoking command in '/ws/build/nanosaur_msgs': CMAKE_PREFIX_PATH=/ws/install/nanosaur_msgs:/ws/install/nanosaur_control:/ws/install/image_pub:/ws/install/rosboard:/ws/install/rover_line_follower:/ws/install/teleop_twist_keyboard:/ws/install/nanosaur_hardware:/ros_deep_learning/install/ros_deep_learning:/opt/ros/humble/install /usr/local/bin/cmake --build /ws/build/nanosaur_msgs -- -j4 -l4
[3.613s] DEBUG:colcon.colcon_core.event_handler.log_command:Invoked command in '/ws/build/nanosaur_control' returned '0': CMAKE_PREFIX_PATH=/ws/install/nanosaur_msgs:/ws/install/nanosaur_control:/ws/install/image_pub:/ws/install/rosboard:/ws/install/rover_line_follower:/ws/install/teleop_twist_keyboard:/ws/install/nanosaur_hardware:/ros_deep_learning/install/ros_deep_learning:/opt/ros/humble/install /usr/local/bin/cmake --build /ws/build/nanosaur_control -- -j4 -l4
[4.081s] DEBUG:colcon.colcon_core.event_handler.log_command:Invoking command in '/ws/build/nanosaur_control': CMAKE_PREFIX_PATH=/ws/install/nanosaur_msgs:/ws/install/nanosaur_control:/ws/install/image_pub:/ws/install/rosboard:/ws/install/rover_line_follower:/ws/install/teleop_twist_keyboard:/ws/install/nanosaur_hardware:/ros_deep_learning/install/ros_deep_learning:/opt/ros/humble/install /usr/local/bin/cmake --install /ws/build/nanosaur_control
[4.377s] Level 1:colcon.colcon_core.environment:create_environment_scripts_only(nanosaur_control)
[4.381s] DEBUG:colcon.colcon_core.event_handler.log_command:Invoked command in '/ws/build/nanosaur_control' returned '0': CMAKE_PREFIX_PATH=/ws/install/nanosaur_msgs:/ws/install/nanosaur_control:/ws/install/image_pub:/ws/install/rosboard:/ws/install/rover_line_follower:/ws/install/teleop_twist_keyboard:/ws/install/nanosaur_hardware:/ros_deep_learning/install/ros_deep_learning:/opt/ros/humble/install /usr/local/bin/cmake --install /ws/build/nanosaur_control
[4.427s] Level 1:colcon.colcon_core.environment:checking '/ws/install/nanosaur_control' for CMake module files
[4.430s] Level 1:colcon.colcon_core.environment:checking '/ws/install/nanosaur_control' for CMake config files
[4.431s] Level 1:colcon.colcon_core.shell:create_environment_hook('nanosaur_control', 'cmake_prefix_path')
[4.451s] INFO:colcon.colcon_core.shell:Creating environment hook '/ws/install/nanosaur_control/share/nanosaur_control/hook/cmake_prefix_path.ps1'
[4.453s] INFO:colcon.colcon_core.shell:Creating environment descriptor '/ws/install/nanosaur_control/share/nanosaur_control/hook/cmake_prefix_path.dsv'
[4.454s] INFO:colcon.colcon_core.shell:Creating environment hook '/ws/install/nanosaur_control/share/nanosaur_control/hook/cmake_prefix_path.sh'
[4.457s] Level 1:colcon.colcon_core.environment:checking '/ws/install/nanosaur_control/bin'
[4.457s] Level 1:colcon.colcon_core.environment:checking '/ws/install/nanosaur_control/lib/pkgconfig/nanosaur_control.pc'
[4.458s] Level 1:colcon.colcon_core.environment:checking '/ws/install/nanosaur_control/lib/python3.8/site-packages'
[4.459s] Level 1:colcon.colcon_core.environment:checking '/ws/install/nanosaur_control/bin'
[4.485s] INFO:colcon.colcon_core.shell:Creating package script '/ws/install/nanosaur_control/share/nanosaur_control/package.ps1'
[4.493s] INFO:colcon.colcon_core.shell:Creating package descriptor '/ws/install/nanosaur_control/share/nanosaur_control/package.dsv'
[4.495s] INFO:colcon.colcon_core.shell:Creating package script '/ws/install/nanosaur_control/share/nanosaur_control/package.sh'
[4.499s] INFO:colcon.colcon_core.shell:Creating package script '/ws/install/nanosaur_control/share/nanosaur_control/package.bash'
[4.521s] INFO:colcon.colcon_core.shell:Creating package script '/ws/install/nanosaur_control/share/nanosaur_control/package.zsh'
[4.524s] Level 1:colcon.colcon_core.environment:create_file_with_runtime_dependencies(/ws/install/nanosaur_control/share/colcon-core/packages/nanosaur_control)
[4.794s] Level 1:colcon.colcon_core.environment:create_environment_scripts_only(nanosaur_control)
[4.820s] Level 1:colcon.colcon_core.environment:checking '/ws/install/nanosaur_control' for CMake module files
[4.827s] Level 1:colcon.colcon_core.environment:checking '/ws/install/nanosaur_control' for CMake config files
[4.828s] Level 1:colcon.colcon_core.shell:create_environment_hook('nanosaur_control', 'cmake_prefix_path')
[4.844s] INFO:colcon.colcon_core.shell:Creating environment hook '/ws/install/nanosaur_control/share/nanosaur_control/hook/cmake_prefix_path.ps1'
[4.846s] INFO:colcon.colcon_core.shell:Creating environment descriptor '/ws/install/nanosaur_control/share/nanosaur_control/hook/cmake_prefix_path.dsv'
[4.848s] INFO:colcon.colcon_core.shell:Creating environment hook '/ws/install/nanosaur_control/share/nanosaur_control/hook/cmake_prefix_path.sh'
[4.850s] Level 1:colcon.colcon_core.environment:checking '/ws/install/nanosaur_control/bin'
[4.850s] Level 1:colcon.colcon_core.environment:checking '/ws/install/nanosaur_control/lib/pkgconfig/nanosaur_control.pc'
[4.851s] Level 1:colcon.colcon_core.environment:checking '/ws/install/nanosaur_control/lib/python3.8/site-packages'
[4.852s] Level 1:colcon.colcon_core.environment:checking '/ws/install/nanosaur_control/bin'
[4.868s] INFO:colcon.colcon_core.shell:Creating package script '/ws/install/nanosaur_control/share/nanosaur_control/package.ps1'
[4.870s] INFO:colcon.colcon_core.shell:Creating package descriptor '/ws/install/nanosaur_control/share/nanosaur_control/package.dsv'
[4.872s] INFO:colcon.colcon_core.shell:Creating package script '/ws/install/nanosaur_control/share/nanosaur_control/package.sh'
[4.874s] INFO:colcon.colcon_core.shell:Creating package script '/ws/install/nanosaur_control/share/nanosaur_control/package.bash'
[4.876s] INFO:colcon.colcon_core.shell:Creating package script '/ws/install/nanosaur_control/share/nanosaur_control/package.zsh'
[4.878s] Level 1:colcon.colcon_core.environment:create_file_with_runtime_dependencies(/ws/install/nanosaur_control/share/colcon-core/packages/nanosaur_control)
[4.882s] INFO:colcon.colcon_ros.task.ament_python.build:Building ROS package in '/ws/src/rosboard' with build type 'ament_python'
[4.884s] Level 1:colcon.colcon_core.shell:create_environment_hook('rosboard', 'ament_prefix_path')
[4.899s] INFO:colcon.colcon_core.shell:Creating environment hook '/ws/install/rosboard/share/rosboard/hook/ament_prefix_path.ps1'
[4.901s] INFO:colcon.colcon_core.shell:Creating environment descriptor '/ws/install/rosboard/share/rosboard/hook/ament_prefix_path.dsv'
[4.902s] INFO:colcon.colcon_core.shell:Creating environment hook '/ws/install/rosboard/share/rosboard/hook/ament_prefix_path.sh'
[4.918s] INFO:colcon.colcon_core.shell:Skip shell extension 'powershell' for command environment: Not usable outside of PowerShell
[4.918s] DEBUG:colcon.colcon_core.shell:Skip shell extension 'dsv' for command environment
[6.286s] WARNING:colcon.colcon_ros.task.ament_python.build:Package 'rosboard' doesn't explicitly install a marker in the package index (colcon-ros currently does it implicitly but that fallback will be removed in the future)
[6.288s] INFO:colcon.colcon_core.task.python.build:Building Python package in '/ws/src/rosboard'
[6.303s] INFO:colcon.colcon_core.shell:Skip shell extension 'powershell' for command environment: Not usable outside of PowerShell
[6.304s] DEBUG:colcon.colcon_core.shell:Skip shell extension 'dsv' for command environment
[6.380s] DEBUG:colcon.colcon_core.event_handler.log_command:Invoking command in '/ws/build/nanosaur_hardware': PYTHONPATH=/ws/build/nanosaur_hardware/prefix_override:/ws/install/nanosaur_hardware/lib/python3.8/site-packages:${PYTHONPATH} /usr/bin/python3 setup.py develop --editable --build-directory /ws/build/nanosaur_hardware/build --no-deps install_data
[6.386s] DEBUG:colcon.colcon_core.event_handler.log_command:Invoked command in '/ws/build/nanosaur_msgs' returned '0': CMAKE_PREFIX_PATH=/ws/install/nanosaur_msgs:/ws/install/nanosaur_control:/ws/install/image_pub:/ws/install/rosboard:/ws/install/rover_line_follower:/ws/install/teleop_twist_keyboard:/ws/install/nanosaur_hardware:/ros_deep_learning/install/ros_deep_learning:/opt/ros/humble/install /usr/local/bin/cmake --build /ws/build/nanosaur_msgs -- -j4 -l4
[6.880s] DEBUG:colcon.colcon_core.event_handler.log_command:Invoking command in '/ws/build/nanosaur_msgs': CMAKE_PREFIX_PATH=/ws/install/nanosaur_msgs:/ws/install/nanosaur_control:/ws/install/image_pub:/ws/install/rosboard:/ws/install/rover_line_follower:/ws/install/teleop_twist_keyboard:/ws/install/nanosaur_hardware:/ros_deep_learning/install/ros_deep_learning:/opt/ros/humble/install /usr/local/bin/cmake --install /ws/build/nanosaur_msgs
[7.669s] Level 1:colcon.colcon_core.environment:create_environment_scripts_only(nanosaur_msgs)
[7.681s] DEBUG:colcon.colcon_core.event_handler.log_command:Invoked command in '/ws/build/nanosaur_msgs' returned '0': CMAKE_PREFIX_PATH=/ws/install/nanosaur_msgs:/ws/install/nanosaur_control:/ws/install/image_pub:/ws/install/rosboard:/ws/install/rover_line_follower:/ws/install/teleop_twist_keyboard:/ws/install/nanosaur_hardware:/ros_deep_learning/install/ros_deep_learning:/opt/ros/humble/install /usr/local/bin/cmake --install /ws/build/nanosaur_msgs
[7.695s] Level 1:colcon.colcon_core.environment:checking '/ws/install/nanosaur_msgs' for CMake module files
[7.700s] Level 1:colcon.colcon_core.environment:checking '/ws/install/nanosaur_msgs' for CMake config files
[7.705s] Level 1:colcon.colcon_core.shell:create_environment_hook('nanosaur_msgs', 'cmake_prefix_path')
[7.720s] INFO:colcon.colcon_core.shell:Creating environment hook '/ws/install/nanosaur_msgs/share/nanosaur_msgs/hook/cmake_prefix_path.ps1'
[7.723s] INFO:colcon.colcon_core.shell:Creating environment descriptor '/ws/install/nanosaur_msgs/share/nanosaur_msgs/hook/cmake_prefix_path.dsv'
[7.724s] INFO:colcon.colcon_core.shell:Creating environment hook '/ws/install/nanosaur_msgs/share/nanosaur_msgs/hook/cmake_prefix_path.sh'
[7.726s] Level 1:colcon.colcon_core.environment:checking '/ws/install/nanosaur_msgs/lib'
[7.728s] Level 1:colcon.colcon_core.shell:create_environment_hook('nanosaur_msgs', 'ld_library_path_lib')
[7.742s] INFO:colcon.colcon_core.shell:Creating environment hook '/ws/install/nanosaur_msgs/share/nanosaur_msgs/hook/ld_library_path_lib.ps1'
[7.744s] INFO:colcon.colcon_core.shell:Creating environment descriptor '/ws/install/nanosaur_msgs/share/nanosaur_msgs/hook/ld_library_path_lib.dsv'
[7.745s] INFO:colcon.colcon_core.shell:Creating environment hook '/ws/install/nanosaur_msgs/share/nanosaur_msgs/hook/ld_library_path_lib.sh'
[7.747s] Level 1:colcon.colcon_core.environment:checking '/ws/install/nanosaur_msgs/bin'
[7.748s] Level 1:colcon.colcon_core.environment:checking '/ws/install/nanosaur_msgs/lib/pkgconfig/nanosaur_msgs.pc'
[7.748s] Level 1:colcon.colcon_core.environment:checking '/ws/install/nanosaur_msgs/lib/python3.8/site-packages'
[7.749s] Level 1:colcon.colcon_core.shell:create_environment_hook('nanosaur_msgs', 'pythonpath')
[7.765s] INFO:colcon.colcon_core.shell:Creating environment hook '/ws/install/nanosaur_msgs/share/nanosaur_msgs/hook/pythonpath.ps1'
[7.770s] INFO:colcon.colcon_core.shell:Creating environment descriptor '/ws/install/nanosaur_msgs/share/nanosaur_msgs/hook/pythonpath.dsv'
[7.771s] INFO:colcon.colcon_core.shell:Creating environment hook '/ws/install/nanosaur_msgs/share/nanosaur_msgs/hook/pythonpath.sh'
[7.773s] Level 1:colcon.colcon_core.environment:checking '/ws/install/nanosaur_msgs/bin'
[7.790s] INFO:colcon.colcon_core.shell:Creating package script '/ws/install/nanosaur_msgs/share/nanosaur_msgs/package.ps1'
[7.793s] INFO:colcon.colcon_core.shell:Creating package descriptor '/ws/install/nanosaur_msgs/share/nanosaur_msgs/package.dsv'
[7.795s] INFO:colcon.colcon_core.shell:Creating package script '/ws/install/nanosaur_msgs/share/nanosaur_msgs/package.sh'
[7.798s] INFO:colcon.colcon_core.shell:Creating package script '/ws/install/nanosaur_msgs/share/nanosaur_msgs/package.bash'
[7.800s] INFO:colcon.colcon_core.shell:Creating package script '/ws/install/nanosaur_msgs/share/nanosaur_msgs/package.zsh'
[7.802s] Level 1:colcon.colcon_core.environment:create_file_with_runtime_dependencies(/ws/install/nanosaur_msgs/share/colcon-core/packages/nanosaur_msgs)
[8.377s] Level 1:colcon.colcon_core.environment:create_environment_scripts_only(nanosaur_msgs)
[8.405s] Level 1:colcon.colcon_core.environment:checking '/ws/install/nanosaur_msgs' for CMake module files
[8.409s] Level 1:colcon.colcon_core.environment:checking '/ws/install/nanosaur_msgs' for CMake config files
[8.414s] Level 1:colcon.colcon_core.shell:create_environment_hook('nanosaur_msgs', 'cmake_prefix_path')
[8.429s] INFO:colcon.colcon_core.shell:Creating environment hook '/ws/install/nanosaur_msgs/share/nanosaur_msgs/hook/cmake_prefix_path.ps1'
[8.431s] INFO:colcon.colcon_core.shell:Creating environment descriptor '/ws/install/nanosaur_msgs/share/nanosaur_msgs/hook/cmake_prefix_path.dsv'
[8.433s] INFO:colcon.colcon_core.shell:Creating environment hook '/ws/install/nanosaur_msgs/share/nanosaur_msgs/hook/cmake_prefix_path.sh'
[8.435s] Level 1:colcon.colcon_core.environment:checking '/ws/install/nanosaur_msgs/lib'
[8.436s] Level 1:colcon.colcon_core.shell:create_environment_hook('nanosaur_msgs', 'ld_library_path_lib')
[8.451s] INFO:colcon.colcon_core.shell:Creating environment hook '/ws/install/nanosaur_msgs/share/nanosaur_msgs/hook/ld_library_path_lib.ps1'
[8.453s] INFO:colcon.colcon_core.shell:Creating environment descriptor '/ws/install/nanosaur_msgs/share/nanosaur_msgs/hook/ld_library_path_lib.dsv'
[8.455s] INFO:colcon.colcon_core.shell:Creating environment hook '/ws/install/nanosaur_msgs/share/nanosaur_msgs/hook/ld_library_path_lib.sh'
[8.457s] Level 1:colcon.colcon_core.environment:checking '/ws/install/nanosaur_msgs/bin'
[8.458s] Level 1:colcon.colcon_core.environment:checking '/ws/install/nanosaur_msgs/lib/pkgconfig/nanosaur_msgs.pc'
[8.459s] Level 1:colcon.colcon_core.environment:checking '/ws/install/nanosaur_msgs/lib/python3.8/site-packages'
[8.459s] Level 1:colcon.colcon_core.shell:create_environment_hook('nanosaur_msgs', 'pythonpath')
[8.476s] INFO:colcon.colcon_core.shell:Creating environment hook '/ws/install/nanosaur_msgs/share/nanosaur_msgs/hook/pythonpath.ps1'
[8.478s] INFO:colcon.colcon_core.shell:Creating environment descriptor '/ws/install/nanosaur_msgs/share/nanosaur_msgs/hook/pythonpath.dsv'
[8.480s] INFO:colcon.colcon_core.shell:Creating environment hook '/ws/install/nanosaur_msgs/share/nanosaur_msgs/hook/pythonpath.sh'
[8.482s] Level 1:colcon.colcon_core.environment:checking '/ws/install/nanosaur_msgs/bin'
[8.504s] INFO:colcon.colcon_core.shell:Creating package script '/ws/install/nanosaur_msgs/share/nanosaur_msgs/package.ps1'
[8.507s] INFO:colcon.colcon_core.shell:Creating package descriptor '/ws/install/nanosaur_msgs/share/nanosaur_msgs/package.dsv'
[8.510s] INFO:colcon.colcon_core.shell:Creating package script '/ws/install/nanosaur_msgs/share/nanosaur_msgs/package.sh'
[8.513s] INFO:colcon.colcon_core.shell:Creating package script '/ws/install/nanosaur_msgs/share/nanosaur_msgs/package.bash'
[8.516s] INFO:colcon.colcon_core.shell:Creating package script '/ws/install/nanosaur_msgs/share/nanosaur_msgs/package.zsh'
[8.518s] Level 1:colcon.colcon_core.environment:create_file_with_runtime_dependencies(/ws/install/nanosaur_msgs/share/colcon-core/packages/nanosaur_msgs)
[8.525s] INFO:colcon.colcon_ros.task.ament_python.build:Building ROS package in '/ws/src/rover_line_follower' with build type 'ament_python'
[8.528s] Level 1:colcon.colcon_core.shell:create_environment_hook('rover_line_follower', 'ament_prefix_path')
[8.548s] INFO:colcon.colcon_core.shell:Creating environment hook '/ws/install/rover_line_follower/share/rover_line_follower/hook/ament_prefix_path.ps1'
[8.550s] INFO:colcon.colcon_core.shell:Creating environment descriptor '/ws/install/rover_line_follower/share/rover_line_follower/hook/ament_prefix_path.dsv'
[8.551s] INFO:colcon.colcon_core.shell:Creating environment hook '/ws/install/rover_line_follower/share/rover_line_follower/hook/ament_prefix_path.sh'
[8.570s] INFO:colcon.colcon_core.shell:Skip shell extension 'powershell' for command environment: Not usable outside of PowerShell
[8.570s] DEBUG:colcon.colcon_core.shell:Skip shell extension 'dsv' for command environment
[8.658s] DEBUG:colcon.colcon_core.event_handler.log_command:Invoking command in '/ws/build/rosboard': PYTHONPATH=/ws/build/rosboard/prefix_override:/ws/install/rosboard/lib/python3.8/site-packages:${PYTHONPATH} /usr/bin/python3 setup.py develop --editable --build-directory /ws/build/rosboard/build --no-deps install_data
[9.903s] INFO:colcon.colcon_core.task.python.build:Building Python package in '/ws/src/rover_line_follower'
[9.919s] INFO:colcon.colcon_core.shell:Skip shell extension 'powershell' for command environment: Not usable outside of PowerShell
[9.919s] DEBUG:colcon.colcon_core.shell:Skip shell extension 'dsv' for command environment
[9.990s] Level 1:colcon.colcon_core.shell:create_environment_hook('nanosaur_hardware', 'pythonpath_develop')
[10.007s] DEBUG:colcon.colcon_core.event_handler.log_command:Invoked command in '/ws/build/nanosaur_hardware' returned '0': PYTHONPATH=/ws/build/nanosaur_hardware/prefix_override:/ws/install/nanosaur_hardware/lib/python3.8/site-packages:${PYTHONPATH} /usr/bin/python3 setup.py develop --editable --build-directory /ws/build/nanosaur_hardware/build --no-deps install_data
[10.010s] INFO:colcon.colcon_core.shell:Creating environment hook '/ws/build/nanosaur_hardware/share/nanosaur_hardware/hook/pythonpath_develop.ps1'
[10.012s] INFO:colcon.colcon_core.shell:Creating environment descriptor '/ws/build/nanosaur_hardware/share/nanosaur_hardware/hook/pythonpath_develop.dsv'
[10.013s] INFO:colcon.colcon_core.shell:Creating environment hook '/ws/build/nanosaur_hardware/share/nanosaur_hardware/hook/pythonpath_develop.sh'
[10.038s] Level 1:colcon.colcon_core.environment:checking '/ws/install/nanosaur_hardware' for CMake module files
[10.041s] Level 1:colcon.colcon_core.environment:checking '/ws/install/nanosaur_hardware' for CMake config files
[10.043s] Level 1:colcon.colcon_core.environment:checking '/ws/install/nanosaur_hardware/lib'
[10.044s] Level 1:colcon.colcon_core.environment:checking '/ws/install/nanosaur_hardware/bin'
[10.044s] Level 1:colcon.colcon_core.environment:checking '/ws/install/nanosaur_hardware/lib/pkgconfig/nanosaur_hardware.pc'
[10.045s] Level 1:colcon.colcon_core.environment:checking '/ws/install/nanosaur_hardware/lib/python3.8/site-packages'
[10.045s] Level 1:colcon.colcon_core.shell:create_environment_hook('nanosaur_hardware', 'pythonpath')
[10.060s] INFO:colcon.colcon_core.shell:Creating environment hook '/ws/install/nanosaur_hardware/share/nanosaur_hardware/hook/pythonpath.ps1'
[10.062s] INFO:colcon.colcon_core.shell:Creating environment descriptor '/ws/install/nanosaur_hardware/share/nanosaur_hardware/hook/pythonpath.dsv'
[10.064s] INFO:colcon.colcon_core.shell:Creating environment hook '/ws/install/nanosaur_hardware/share/nanosaur_hardware/hook/pythonpath.sh'
[10.066s] Level 1:colcon.colcon_core.environment:checking '/ws/install/nanosaur_hardware/bin'
[10.066s] Level 1:colcon.colcon_core.environment:create_environment_scripts_only(nanosaur_hardware)
[10.082s] INFO:colcon.colcon_core.shell:Creating package script '/ws/install/nanosaur_hardware/share/nanosaur_hardware/package.ps1'
[10.086s] INFO:colcon.colcon_core.shell:Creating package descriptor '/ws/install/nanosaur_hardware/share/nanosaur_hardware/package.dsv'
[10.088s] INFO:colcon.colcon_core.shell:Creating package script '/ws/install/nanosaur_hardware/share/nanosaur_hardware/package.sh'
[10.091s] INFO:colcon.colcon_core.shell:Creating package script '/ws/install/nanosaur_hardware/share/nanosaur_hardware/package.bash'
[10.092s] INFO:colcon.colcon_core.shell:Creating package script '/ws/install/nanosaur_hardware/share/nanosaur_hardware/package.zsh'
[10.094s] Level 1:colcon.colcon_core.environment:create_file_with_runtime_dependencies(/ws/install/nanosaur_hardware/share/colcon-core/packages/nanosaur_hardware)
[10.097s] INFO:colcon.colcon_ros.task.ament_python.build:Building ROS package in '/ws/src/teleop_twist_keyboard' with build type 'ament_python'
[10.098s] Level 1:colcon.colcon_core.shell:create_environment_hook('teleop_twist_keyboard', 'ament_prefix_path')
[10.114s] INFO:colcon.colcon_core.shell:Creating environment hook '/ws/install/teleop_twist_keyboard/share/teleop_twist_keyboard/hook/ament_prefix_path.ps1'
[10.116s] INFO:colcon.colcon_core.shell:Creating environment descriptor '/ws/install/teleop_twist_keyboard/share/teleop_twist_keyboard/hook/ament_prefix_path.dsv'
[10.119s] INFO:colcon.colcon_core.shell:Creating environment hook '/ws/install/teleop_twist_keyboard/share/teleop_twist_keyboard/hook/ament_prefix_path.sh'
[10.137s] INFO:colcon.colcon_core.shell:Skip shell extension 'powershell' for command environment: Not usable outside of PowerShell
[10.137s] DEBUG:colcon.colcon_core.shell:Skip shell extension 'dsv' for command environment
[11.510s] INFO:colcon.colcon_core.task.python.build:Building Python package in '/ws/src/teleop_twist_keyboard'
[11.527s] INFO:colcon.colcon_core.shell:Skip shell extension 'powershell' for command environment: Not usable outside of PowerShell
[11.527s] DEBUG:colcon.colcon_core.shell:Skip shell extension 'dsv' for command environment
[11.598s] Level 1:colcon.colcon_core.shell:create_environment_hook('rosboard', 'pythonpath_develop')
[11.600s] DEBUG:colcon.colcon_core.event_handler.log_command:Invoked command in '/ws/build/rosboard' returned '0': PYTHONPATH=/ws/build/rosboard/prefix_override:/ws/install/rosboard/lib/python3.8/site-packages:${PYTHONPATH} /usr/bin/python3 setup.py develop --editable --build-directory /ws/build/rosboard/build --no-deps install_data
[11.617s] INFO:colcon.colcon_core.shell:Creating environment hook '/ws/build/rosboard/share/rosboard/hook/pythonpath_develop.ps1'
[11.619s] INFO:colcon.colcon_core.shell:Creating environment descriptor '/ws/build/rosboard/share/rosboard/hook/pythonpath_develop.dsv'
[11.620s] INFO:colcon.colcon_core.shell:Creating environment hook '/ws/build/rosboard/share/rosboard/hook/pythonpath_develop.sh'
[11.643s] Level 1:colcon.colcon_core.environment:checking '/ws/install/rosboard' for CMake module files
[11.646s] Level 1:colcon.colcon_core.environment:checking '/ws/install/rosboard' for CMake config files
[11.648s] Level 1:colcon.colcon_core.environment:checking '/ws/install/rosboard/lib'
[11.648s] Level 1:colcon.colcon_core.environment:checking '/ws/install/rosboard/bin'
[11.649s] Level 1:colcon.colcon_core.environment:checking '/ws/install/rosboard/lib/pkgconfig/rosboard.pc'
[11.649s] Level 1:colcon.colcon_core.environment:checking '/ws/install/rosboard/lib/python3.8/site-packages'
[11.650s] Level 1:colcon.colcon_core.shell:create_environment_hook('rosboard', 'pythonpath')
[11.665s] INFO:colcon.colcon_core.shell:Creating environment hook '/ws/install/rosboard/share/rosboard/hook/pythonpath.ps1'
[11.668s] INFO:colcon.colcon_core.shell:Creating environment descriptor '/ws/install/rosboard/share/rosboard/hook/pythonpath.dsv'
[11.670s] INFO:colcon.colcon_core.shell:Creating environment hook '/ws/install/rosboard/share/rosboard/hook/pythonpath.sh'
[11.672s] Level 1:colcon.colcon_core.environment:checking '/ws/install/rosboard/bin'
[11.672s] Level 1:colcon.colcon_core.environment:create_environment_scripts_only(rosboard)
[11.688s] INFO:colcon.colcon_core.shell:Creating package script '/ws/install/rosboard/share/rosboard/package.ps1'
[11.690s] INFO:colcon.colcon_core.shell:Creating package descriptor '/ws/install/rosboard/share/rosboard/package.dsv'
[11.693s] INFO:colcon.colcon_core.shell:Creating package script '/ws/install/rosboard/share/rosboard/package.sh'
[11.695s] INFO:colcon.colcon_core.shell:Creating package script '/ws/install/rosboard/share/rosboard/package.bash'
[11.696s] INFO:colcon.colcon_core.shell:Creating package script '/ws/install/rosboard/share/rosboard/package.zsh'
[11.698s] Level 1:colcon.colcon_core.environment:create_file_with_runtime_dependencies(/ws/install/rosboard/share/colcon-core/packages/rosboard)
[12.371s] DEBUG:colcon.colcon_core.event_handler.log_command:Invoking command in '/ws/build/rover_line_follower': PYTHONPATH=/ws/build/rover_line_follower/prefix_override:/ws/install/rover_line_follower/lib/python3.8/site-packages:${PYTHONPATH} /usr/bin/python3 setup.py develop --editable --build-directory /ws/build/rover_line_follower/build --no-deps install_data
[13.875s] DEBUG:colcon.colcon_core.event_handler.log_command:Invoking command in '/ws/build/teleop_twist_keyboard': PYTHONPATH=/ws/build/teleop_twist_keyboard/prefix_override:/ws/install/teleop_twist_keyboard/lib/python3.8/site-packages:${PYTHONPATH} /usr/bin/python3 setup.py develop --editable --build-directory /ws/build/teleop_twist_keyboard/build --no-deps install_data
[14.884s] Level 1:colcon.colcon_core.shell:create_environment_hook('rover_line_follower', 'pythonpath_develop')
[14.889s] DEBUG:colcon.colcon_core.event_handler.log_command:Invoked command in '/ws/build/rover_line_follower' returned '0': PYTHONPATH=/ws/build/rover_line_follower/prefix_override:/ws/install/rover_line_follower/lib/python3.8/site-packages:${PYTHONPATH} /usr/bin/python3 setup.py develop --editable --build-directory /ws/build/rover_line_follower/build --no-deps install_data
[14.907s] INFO:colcon.colcon_core.shell:Creating environment hook '/ws/build/rover_line_follower/share/rover_line_follower/hook/pythonpath_develop.ps1'
[14.909s] INFO:colcon.colcon_core.shell:Creating environment descriptor '/ws/build/rover_line_follower/share/rover_line_follower/hook/pythonpath_develop.dsv'
[14.910s] INFO:colcon.colcon_core.shell:Creating environment hook '/ws/build/rover_line_follower/share/rover_line_follower/hook/pythonpath_develop.sh'
[14.935s] Level 1:colcon.colcon_core.environment:checking '/ws/install/rover_line_follower' for CMake module files
[14.938s] Level 1:colcon.colcon_core.environment:checking '/ws/install/rover_line_follower' for CMake config files
[14.940s] Level 1:colcon.colcon_core.environment:checking '/ws/install/rover_line_follower/lib'
[14.941s] Level 1:colcon.colcon_core.environment:checking '/ws/install/rover_line_follower/bin'
[14.941s] Level 1:colcon.colcon_core.environment:checking '/ws/install/rover_line_follower/lib/pkgconfig/rover_line_follower.pc'
[14.942s] Level 1:colcon.colcon_core.environment:checking '/ws/install/rover_line_follower/lib/python3.8/site-packages'
[14.942s] Level 1:colcon.colcon_core.shell:create_environment_hook('rover_line_follower', 'pythonpath')
[14.957s] INFO:colcon.colcon_core.shell:Creating environment hook '/ws/install/rover_line_follower/share/rover_line_follower/hook/pythonpath.ps1'
[14.959s] INFO:colcon.colcon_core.shell:Creating environment descriptor '/ws/install/rover_line_follower/share/rover_line_follower/hook/pythonpath.dsv'
[14.961s] INFO:colcon.colcon_core.shell:Creating environment hook '/ws/install/rover_line_follower/share/rover_line_follower/hook/pythonpath.sh'
[14.963s] Level 1:colcon.colcon_core.environment:checking '/ws/install/rover_line_follower/bin'
[14.963s] Level 1:colcon.colcon_core.environment:create_environment_scripts_only(rover_line_follower)
[14.980s] INFO:colcon.colcon_core.shell:Creating package script '/ws/install/rover_line_follower/share/rover_line_follower/package.ps1'
[14.982s] INFO:colcon.colcon_core.shell:Creating package descriptor '/ws/install/rover_line_follower/share/rover_line_follower/package.dsv'
[14.985s] INFO:colcon.colcon_core.shell:Creating package script '/ws/install/rover_line_follower/share/rover_line_follower/package.sh'
[14.988s] INFO:colcon.colcon_core.shell:Creating package script '/ws/install/rover_line_follower/share/rover_line_follower/package.bash'
[14.990s] INFO:colcon.colcon_core.shell:Creating package script '/ws/install/rover_line_follower/share/rover_line_follower/package.zsh'
[14.992s] Level 1:colcon.colcon_core.environment:create_file_with_runtime_dependencies(/ws/install/rover_line_follower/share/colcon-core/packages/rover_line_follower)
[16.281s] Level 1:colcon.colcon_core.shell:create_environment_hook('teleop_twist_keyboard', 'pythonpath_develop')
[16.293s] DEBUG:colcon.colcon_core.event_handler.log_command:Invoked command in '/ws/build/teleop_twist_keyboard' returned '0': PYTHONPATH=/ws/build/teleop_twist_keyboard/prefix_override:/ws/install/teleop_twist_keyboard/lib/python3.8/site-packages:${PYTHONPATH} /usr/bin/python3 setup.py develop --editable --build-directory /ws/build/teleop_twist_keyboard/build --no-deps install_data
[16.298s] INFO:colcon.colcon_core.shell:Creating environment hook '/ws/build/teleop_twist_keyboard/share/teleop_twist_keyboard/hook/pythonpath_develop.ps1'
[16.301s] INFO:colcon.colcon_core.shell:Creating environment descriptor '/ws/build/teleop_twist_keyboard/share/teleop_twist_keyboard/hook/pythonpath_develop.dsv'
[16.303s] INFO:colcon.colcon_core.shell:Creating environment hook '/ws/build/teleop_twist_keyboard/share/teleop_twist_keyboard/hook/pythonpath_develop.sh'
[16.325s] Level 1:colcon.colcon_core.environment:checking '/ws/install/teleop_twist_keyboard' for CMake module files
[16.328s] Level 1:colcon.colcon_core.environment:checking '/ws/install/teleop_twist_keyboard' for CMake config files
[16.330s] Level 1:colcon.colcon_core.environment:checking '/ws/install/teleop_twist_keyboard/lib'
[16.330s] Level 1:colcon.colcon_core.environment:checking '/ws/install/teleop_twist_keyboard/bin'
[16.330s] Level 1:colcon.colcon_core.environment:checking '/ws/install/teleop_twist_keyboard/lib/pkgconfig/teleop_twist_keyboard.pc'
[16.331s] Level 1:colcon.colcon_core.environment:checking '/ws/install/teleop_twist_keyboard/lib/python3.8/site-packages'
[16.332s] Level 1:colcon.colcon_core.shell:create_environment_hook('teleop_twist_keyboard', 'pythonpath')
[16.346s] INFO:colcon.colcon_core.shell:Creating environment hook '/ws/install/teleop_twist_keyboard/share/teleop_twist_keyboard/hook/pythonpath.ps1'
[16.349s] INFO:colcon.colcon_core.shell:Creating environment descriptor '/ws/install/teleop_twist_keyboard/share/teleop_twist_keyboard/hook/pythonpath.dsv'
[16.350s] INFO:colcon.colcon_core.shell:Creating environment hook '/ws/install/teleop_twist_keyboard/share/teleop_twist_keyboard/hook/pythonpath.sh'
[16.353s] Level 1:colcon.colcon_core.environment:checking '/ws/install/teleop_twist_keyboard/bin'
[16.353s] Level 1:colcon.colcon_core.environment:create_environment_scripts_only(teleop_twist_keyboard)
[16.368s] INFO:colcon.colcon_core.shell:Creating package script '/ws/install/teleop_twist_keyboard/share/teleop_twist_keyboard/package.ps1'
[16.371s] INFO:colcon.colcon_core.shell:Creating package descriptor '/ws/install/teleop_twist_keyboard/share/teleop_twist_keyboard/package.dsv'
[16.373s] INFO:colcon.colcon_core.shell:Creating package script '/ws/install/teleop_twist_keyboard/share/teleop_twist_keyboard/package.sh'
[16.375s] INFO:colcon.colcon_core.shell:Creating package script '/ws/install/teleop_twist_keyboard/share/teleop_twist_keyboard/package.bash'
[16.377s] INFO:colcon.colcon_core.shell:Creating package script '/ws/install/teleop_twist_keyboard/share/teleop_twist_keyboard/package.zsh'
[16.378s] Level 1:colcon.colcon_core.environment:create_file_with_runtime_dependencies(/ws/install/teleop_twist_keyboard/share/colcon-core/packages/teleop_twist_keyboard)
[37.720s] DEBUG:colcon.colcon_core.event_handler.log_command:Invoked command in '/ws/build/image_pub' returned '0': CMAKE_PREFIX_PATH=/ws/install/nanosaur_msgs:/ws/install/nanosaur_control:/ws/install/image_pub:/ws/install/rosboard:/ws/install/rover_line_follower:/ws/install/teleop_twist_keyboard:/ws/install/nanosaur_hardware:/ros_deep_learning/install/ros_deep_learning:/opt/ros/humble/install /usr/local/bin/cmake --build /ws/build/image_pub -- -j4 -l4
[38.002s] DEBUG:colcon.colcon_core.event_handler.log_command:Invoking command in '/ws/build/image_pub': CMAKE_PREFIX_PATH=/ws/install/nanosaur_msgs:/ws/install/nanosaur_control:/ws/install/image_pub:/ws/install/rosboard:/ws/install/rover_line_follower:/ws/install/teleop_twist_keyboard:/ws/install/nanosaur_hardware:/ros_deep_learning/install/ros_deep_learning:/opt/ros/humble/install /usr/local/bin/cmake --install /ws/build/image_pub
[38.219s] Level 1:colcon.colcon_core.environment:create_environment_scripts_only(image_pub)
[38.236s] DEBUG:colcon.colcon_core.event_handler.log_command:Invoked command in '/ws/build/image_pub' returned '0': CMAKE_PREFIX_PATH=/ws/install/nanosaur_msgs:/ws/install/nanosaur_control:/ws/install/image_pub:/ws/install/rosboard:/ws/install/rover_line_follower:/ws/install/teleop_twist_keyboard:/ws/install/nanosaur_hardware:/ros_deep_learning/install/ros_deep_learning:/opt/ros/humble/install /usr/local/bin/cmake --install /ws/build/image_pub
[38.241s] Level 1:colcon.colcon_core.environment:checking '/ws/install/image_pub' for CMake module files
[38.244s] Level 1:colcon.colcon_core.environment:checking '/ws/install/image_pub' for CMake config files
[38.248s] Level 1:colcon.colcon_core.shell:create_environment_hook('image_pub', 'cmake_prefix_path')
[38.261s] INFO:colcon.colcon_core.shell:Creating environment hook '/ws/install/image_pub/share/image_pub/hook/cmake_prefix_path.ps1'
[38.262s] INFO:colcon.colcon_core.shell:Creating environment descriptor '/ws/install/image_pub/share/image_pub/hook/cmake_prefix_path.dsv'
[38.264s] INFO:colcon.colcon_core.shell:Creating environment hook '/ws/install/image_pub/share/image_pub/hook/cmake_prefix_path.sh'
[38.266s] Level 1:colcon.colcon_core.environment:checking '/ws/install/image_pub/lib'
[38.266s] Level 1:colcon.colcon_core.environment:checking '/ws/install/image_pub/bin'
[38.266s] Level 1:colcon.colcon_core.environment:checking '/ws/install/image_pub/lib/pkgconfig/image_pub.pc'
[38.267s] Level 1:colcon.colcon_core.environment:checking '/ws/install/image_pub/lib/python3.8/site-packages'
[38.268s] Level 1:colcon.colcon_core.environment:checking '/ws/install/image_pub/bin'
[38.281s] INFO:colcon.colcon_core.shell:Creating package script '/ws/install/image_pub/share/image_pub/package.ps1'
[38.282s] INFO:colcon.colcon_core.shell:Creating package descriptor '/ws/install/image_pub/share/image_pub/package.dsv'
[38.284s] INFO:colcon.colcon_core.shell:Creating package script '/ws/install/image_pub/share/image_pub/package.sh'
[38.285s] INFO:colcon.colcon_core.shell:Creating package script '/ws/install/image_pub/share/image_pub/package.bash'
[38.286s] INFO:colcon.colcon_core.shell:Creating package script '/ws/install/image_pub/share/image_pub/package.zsh'
[38.287s] Level 1:colcon.colcon_core.environment:create_file_with_runtime_dependencies(/ws/install/image_pub/share/colcon-core/packages/image_pub)
[38.525s] Level 1:colcon.colcon_core.environment:create_environment_scripts_only(image_pub)
[38.545s] Level 1:colcon.colcon_core.environment:checking '/ws/install/image_pub' for CMake module files
[38.547s] Level 1:colcon.colcon_core.environment:checking '/ws/install/image_pub' for CMake config files
[38.549s] Level 1:colcon.colcon_core.shell:create_environment_hook('image_pub', 'cmake_prefix_path')
[38.562s] INFO:colcon.colcon_core.shell:Creating environment hook '/ws/install/image_pub/share/image_pub/hook/cmake_prefix_path.ps1'
[38.563s] INFO:colcon.colcon_core.shell:Creating environment descriptor '/ws/install/image_pub/share/image_pub/hook/cmake_prefix_path.dsv'
[38.564s] INFO:colcon.colcon_core.shell:Creating environment hook '/ws/install/image_pub/share/image_pub/hook/cmake_prefix_path.sh'
[38.566s] Level 1:colcon.colcon_core.environment:checking '/ws/install/image_pub/lib'
[38.566s] Level 1:colcon.colcon_core.environment:checking '/ws/install/image_pub/bin'
[38.567s] Level 1:colcon.colcon_core.environment:checking '/ws/install/image_pub/lib/pkgconfig/image_pub.pc'
[38.568s] Level 1:colcon.colcon_core.environment:checking '/ws/install/image_pub/lib/python3.8/site-packages'
[38.568s] Level 1:colcon.colcon_core.environment:checking '/ws/install/image_pub/bin'
[38.582s] INFO:colcon.colcon_core.shell:Creating package script '/ws/install/image_pub/share/image_pub/package.ps1'
[38.583s] INFO:colcon.colcon_core.shell:Creating package descriptor '/ws/install/image_pub/share/image_pub/package.dsv'
[38.585s] INFO:colcon.colcon_core.shell:Creating package script '/ws/install/image_pub/share/image_pub/package.sh'
[38.587s] INFO:colcon.colcon_core.shell:Creating package script '/ws/install/image_pub/share/image_pub/package.bash'
[38.588s] INFO:colcon.colcon_core.shell:Creating package script '/ws/install/image_pub/share/image_pub/package.zsh'
[38.589s] Level 1:colcon.colcon_core.environment:create_file_with_runtime_dependencies(/ws/install/image_pub/share/colcon-core/packages/image_pub)
[38.591s] DEBUG:colcon.colcon_parallel_executor.executor.parallel:closing loop
[38.592s] DEBUG:colcon.colcon_parallel_executor.executor.parallel:loop closed
[38.593s] DEBUG:colcon.colcon_parallel_executor.executor.parallel:run_until_complete finished with '0'
[38.594s] DEBUG:colcon.colcon_core.event_reactor:joining thread
[38.668s] INFO:colcon.colcon_core.plugin_system:Skipping extension 'colcon_notification.desktop_notification.notify_send': Could not find 'notify-send'
[38.668s] INFO:colcon.colcon_core.plugin_system:Skipping extension 'colcon_notification.desktop_notification.terminal_notifier': Not used on non-Darwin systems
[38.668s] INFO:colcon.colcon_core.plugin_system:Skipping extension 'colcon_notification.desktop_notification.win32': Not used on non-Windows systems
[38.669s] INFO:colcon.colcon_notification.desktop_notification:Sending desktop notification using 'notify2'
[38.669s] DEBUG:colcon.colcon_notification.desktop_notification.notify2:Failed to initialize notify2: org.freedesktop.DBus.Error.NotSupported: Unable to autolaunch a dbus-daemon without a $DISPLAY for X11
[38.669s] DEBUG:colcon.colcon_core.event_reactor:joined thread
[38.682s] INFO:colcon.colcon_core.shell:Creating prefix script '/ws/install/local_setup.ps1'
[38.688s] INFO:colcon.colcon_core.shell:Creating prefix util module '/ws/install/_local_setup_util_ps1.py'
[38.695s] INFO:colcon.colcon_core.shell:Creating prefix chain script '/ws/install/setup.ps1'
[38.706s] INFO:colcon.colcon_core.shell:Creating prefix script '/ws/install/local_setup.sh'
[38.709s] INFO:colcon.colcon_core.shell:Creating prefix util module '/ws/install/_local_setup_util_sh.py'
[38.710s] INFO:colcon.colcon_core.shell:Creating prefix chain script '/ws/install/setup.sh'
[38.720s] INFO:colcon.colcon_core.shell:Creating prefix script '/ws/install/local_setup.bash'
[38.723s] INFO:colcon.colcon_core.shell:Creating prefix chain script '/ws/install/setup.bash'
[38.732s] INFO:colcon.colcon_core.shell:Creating prefix script '/ws/install/local_setup.zsh'
[38.735s] INFO:colcon.colcon_core.shell:Creating prefix chain script '/ws/install/setup.zsh'
