[1.607s] DEBUG:colcon:Command line arguments: ['/usr/bin/colcon', 'build', '--symlink-install']
[1.607s] DEBUG:colcon:Parsed command line arguments: Namespace(ament_cmake_args=None, base_paths=['.'], build_base='build', catkin_cmake_args=None, catkin_skip_building_tests=False, cmake_args=None, cmake_clean_cache=False, cmake_clean_first=False, cmake_force_configure=False, cmake_target=None, cmake_target_skip_unavailable=False, continue_on_error=False, event_handlers=None, executor='parallel', ignore_user_meta=False, install_base='install', log_base=None, log_level=None, main=<bound method BuildVerb.main of <colcon_core.verb.build.BuildVerb object at 0x7f766366d0>>, merge_install=False, metas=['./colcon.meta'], packages_above=None, packages_above_and_dependencies=None, packages_above_depth=None, packages_end=None, packages_ignore=None, packages_ignore_regex=None, packages_select=None, packages_select_build_failed=False, packages_select_by_dep=None, packages_select_regex=None, packages_select_test_failures=False, packages_skip=None, packages_skip_build_finished=False, packages_skip_by_dep=None, packages_skip_regex=None, packages_skip_test_passed=False, packages_skip_up_to=None, packages_start=None, packages_up_to=None, packages_up_to_regex=None, parallel_workers=4, paths=None, symlink_install=True, test_result_base=None, verb_extension=<colcon_core.verb.build.BuildVerb object at 0x7f766366d0>, verb_name='build', verb_parser=<colcon_defaults.argument_parser.defaults.DefaultArgumentsDecorator object at 0x7f76636c10>)
[1.736s] Level 1:colcon.colcon_core.package_discovery:discover_packages(colcon_meta) check parameters
[1.736s] Level 1:colcon.colcon_core.package_discovery:discover_packages(recursive) check parameters
[1.737s] Level 1:colcon.colcon_core.package_discovery:discover_packages(ignore) check parameters
[1.737s] Level 1:colcon.colcon_core.package_discovery:discover_packages(path) check parameters
[1.737s] Level 1:colcon.colcon_core.package_discovery:discover_packages(colcon_meta) discover
[1.737s] Level 1:colcon.colcon_core.package_discovery:discover_packages(recursive) discover
[1.737s] INFO:colcon.colcon_core.package_discovery:Crawling recursively for packages in '/ws'
[1.738s] Level 1:colcon.colcon_core.package_identification:_identify(.) by extensions ['ignore', 'ignore_ament_install']
[1.738s] Level 1:colcon.colcon_core.package_identification:_identify(.) by extension 'ignore'
[1.738s] Level 1:colcon.colcon_core.package_identification:_identify(.) by extension 'ignore_ament_install'
[1.738s] Level 1:colcon.colcon_core.package_identification:_identify(.) by extensions ['colcon_pkg']
[1.739s] Level 1:colcon.colcon_core.package_identification:_identify(.) by extension 'colcon_pkg'
[1.739s] Level 1:colcon.colcon_core.package_identification:_identify(.) by extensions ['colcon_meta']
[1.739s] Level 1:colcon.colcon_core.package_identification:_identify(.) by extension 'colcon_meta'
[1.739s] Level 1:colcon.colcon_core.package_identification:_identify(.) by extensions ['ros']
[1.739s] Level 1:colcon.colcon_core.package_identification:_identify(.) by extension 'ros'
[1.822s] Level 1:colcon.colcon_core.package_identification:_identify(.) by extensions ['cmake', 'python']
[1.822s] Level 1:colcon.colcon_core.package_identification:_identify(.) by extension 'cmake'
[1.823s] Level 1:colcon.colcon_core.package_identification:_identify(.) by extension 'python'
[1.823s] Level 1:colcon.colcon_core.package_identification:_identify(.) by extensions ['python_setup_py']
[1.823s] Level 1:colcon.colcon_core.package_identification:_identify(.) by extension 'python_setup_py'
[1.824s] Level 1:colcon.colcon_core.package_identification:_identify(build) by extensions ['ignore', 'ignore_ament_install']
[1.824s] Level 1:colcon.colcon_core.package_identification:_identify(build) by extension 'ignore'
[1.824s] Level 1:colcon.colcon_core.package_identification:_identify(build) ignored
[1.825s] Level 1:colcon.colcon_core.package_identification:_identify(install) by extensions ['ignore', 'ignore_ament_install']
[1.825s] Level 1:colcon.colcon_core.package_identification:_identify(install) by extension 'ignore'
[1.825s] Level 1:colcon.colcon_core.package_identification:_identify(install) ignored
[1.826s] Level 1:colcon.colcon_core.package_identification:_identify(log) by extensions ['ignore', 'ignore_ament_install']
[1.826s] Level 1:colcon.colcon_core.package_identification:_identify(log) by extension 'ignore'
[1.826s] Level 1:colcon.colcon_core.package_identification:_identify(log) ignored
[1.826s] Level 1:colcon.colcon_core.package_identification:_identify(src) by extensions ['ignore', 'ignore_ament_install']
[1.827s] Level 1:colcon.colcon_core.package_identification:_identify(src) by extension 'ignore'
[1.827s] Level 1:colcon.colcon_core.package_identification:_identify(src) by extension 'ignore_ament_install'
[1.827s] Level 1:colcon.colcon_core.package_identification:_identify(src) by extensions ['colcon_pkg']
[1.827s] Level 1:colcon.colcon_core.package_identification:_identify(src) by extension 'colcon_pkg'
[1.827s] Level 1:colcon.colcon_core.package_identification:_identify(src) by extensions ['colcon_meta']
[1.828s] Level 1:colcon.colcon_core.package_identification:_identify(src) by extension 'colcon_meta'
[1.828s] Level 1:colcon.colcon_core.package_identification:_identify(src) by extensions ['ros']
[1.828s] Level 1:colcon.colcon_core.package_identification:_identify(src) by extension 'ros'
[1.828s] Level 1:colcon.colcon_core.package_identification:_identify(src) by extensions ['cmake', 'python']
[1.828s] Level 1:colcon.colcon_core.package_identification:_identify(src) by extension 'cmake'
[1.829s] Level 1:colcon.colcon_core.package_identification:_identify(src) by extension 'python'
[1.829s] Level 1:colcon.colcon_core.package_identification:_identify(src) by extensions ['python_setup_py']
[1.829s] Level 1:colcon.colcon_core.package_identification:_identify(src) by extension 'python_setup_py'
[1.829s] Level 1:colcon.colcon_core.package_identification:_identify(src/image_pub) by extensions ['ignore', 'ignore_ament_install']
[1.830s] Level 1:colcon.colcon_core.package_identification:_identify(src/image_pub) by extension 'ignore'
[1.830s] Level 1:colcon.colcon_core.package_identification:_identify(src/image_pub) by extension 'ignore_ament_install'
[1.830s] Level 1:colcon.colcon_core.package_identification:_identify(src/image_pub) by extensions ['colcon_pkg']
[1.830s] Level 1:colcon.colcon_core.package_identification:_identify(src/image_pub) by extension 'colcon_pkg'
[1.830s] Level 1:colcon.colcon_core.package_identification:_identify(src/image_pub) by extensions ['colcon_meta']
[1.831s] Level 1:colcon.colcon_core.package_identification:_identify(src/image_pub) by extension 'colcon_meta'
[1.831s] Level 1:colcon.colcon_core.package_identification:_identify(src/image_pub) by extensions ['ros']
[1.831s] Level 1:colcon.colcon_core.package_identification:_identify(src/image_pub) by extension 'ros'
[1.844s] DEBUG:colcon.colcon_core.package_identification:Package 'src/image_pub' with type 'ros.ament_cmake' and name 'image_pub'
[1.844s] Level 1:colcon.colcon_core.package_identification:_identify(src/nanosaur) by extensions ['ignore', 'ignore_ament_install']
[1.845s] Level 1:colcon.colcon_core.package_identification:_identify(src/nanosaur) by extension 'ignore'
[1.845s] Level 1:colcon.colcon_core.package_identification:_identify(src/nanosaur) by extension 'ignore_ament_install'
[1.845s] Level 1:colcon.colcon_core.package_identification:_identify(src/nanosaur) by extensions ['colcon_pkg']
[1.845s] Level 1:colcon.colcon_core.package_identification:_identify(src/nanosaur) by extension 'colcon_pkg'
[1.845s] Level 1:colcon.colcon_core.package_identification:_identify(src/nanosaur) by extensions ['colcon_meta']
[1.846s] Level 1:colcon.colcon_core.package_identification:_identify(src/nanosaur) by extension 'colcon_meta'
[1.846s] Level 1:colcon.colcon_core.package_identification:_identify(src/nanosaur) by extensions ['ros']
[1.846s] Level 1:colcon.colcon_core.package_identification:_identify(src/nanosaur) by extension 'ros'
[1.846s] Level 1:colcon.colcon_core.package_identification:_identify(src/nanosaur) by extensions ['cmake', 'python']
[1.846s] Level 1:colcon.colcon_core.package_identification:_identify(src/nanosaur) by extension 'cmake'
[1.847s] Level 1:colcon.colcon_core.package_identification:_identify(src/nanosaur) by extension 'python'
[1.847s] Level 1:colcon.colcon_core.package_identification:_identify(src/nanosaur) by extensions ['python_setup_py']
[1.847s] Level 1:colcon.colcon_core.package_identification:_identify(src/nanosaur) by extension 'python_setup_py'
[1.847s] Level 1:colcon.colcon_core.package_identification:_identify(src/nanosaur/nanosaur_control) by extensions ['ignore', 'ignore_ament_install']
[1.848s] Level 1:colcon.colcon_core.package_identification:_identify(src/nanosaur/nanosaur_control) by extension 'ignore'
[1.848s] Level 1:colcon.colcon_core.package_identification:_identify(src/nanosaur/nanosaur_control) by extension 'ignore_ament_install'
[1.848s] Level 1:colcon.colcon_core.package_identification:_identify(src/nanosaur/nanosaur_control) by extensions ['colcon_pkg']
[1.848s] Level 1:colcon.colcon_core.package_identification:_identify(src/nanosaur/nanosaur_control) by extension 'colcon_pkg'
[1.849s] Level 1:colcon.colcon_core.package_identification:_identify(src/nanosaur/nanosaur_control) by extensions ['colcon_meta']
[1.849s] Level 1:colcon.colcon_core.package_identification:_identify(src/nanosaur/nanosaur_control) by extension 'colcon_meta'
[1.849s] Level 1:colcon.colcon_core.package_identification:_identify(src/nanosaur/nanosaur_control) by extensions ['ros']
[1.849s] Level 1:colcon.colcon_core.package_identification:_identify(src/nanosaur/nanosaur_control) by extension 'ros'
[1.853s] DEBUG:colcon.colcon_core.package_identification:Package 'src/nanosaur/nanosaur_control' with type 'ros.ament_cmake' and name 'nanosaur_control'
[1.853s] Level 1:colcon.colcon_core.package_identification:_identify(src/nanosaur/nanosaur_msgs) by extensions ['ignore', 'ignore_ament_install']
[1.854s] Level 1:colcon.colcon_core.package_identification:_identify(src/nanosaur/nanosaur_msgs) by extension 'ignore'
[1.854s] Level 1:colcon.colcon_core.package_identification:_identify(src/nanosaur/nanosaur_msgs) by extension 'ignore_ament_install'
[1.854s] Level 1:colcon.colcon_core.package_identification:_identify(src/nanosaur/nanosaur_msgs) by extensions ['colcon_pkg']
[1.854s] Level 1:colcon.colcon_core.package_identification:_identify(src/nanosaur/nanosaur_msgs) by extension 'colcon_pkg'
[1.855s] Level 1:colcon.colcon_core.package_identification:_identify(src/nanosaur/nanosaur_msgs) by extensions ['colcon_meta']
[1.855s] Level 1:colcon.colcon_core.package_identification:_identify(src/nanosaur/nanosaur_msgs) by extension 'colcon_meta'
[1.855s] Level 1:colcon.colcon_core.package_identification:_identify(src/nanosaur/nanosaur_msgs) by extensions ['ros']
[1.855s] Level 1:colcon.colcon_core.package_identification:_identify(src/nanosaur/nanosaur_msgs) by extension 'ros'
[1.859s] DEBUG:colcon.colcon_core.package_identification:Package 'src/nanosaur/nanosaur_msgs' with type 'ros.ament_cmake' and name 'nanosaur_msgs'
[1.859s] Level 1:colcon.colcon_core.package_identification:_identify(src/nanosaur_hardware) by extensions ['ignore', 'ignore_ament_install']
[1.860s] Level 1:colcon.colcon_core.package_identification:_identify(src/nanosaur_hardware) by extension 'ignore'
[1.860s] Level 1:colcon.colcon_core.package_identification:_identify(src/nanosaur_hardware) by extension 'ignore_ament_install'
[1.860s] Level 1:colcon.colcon_core.package_identification:_identify(src/nanosaur_hardware) by extensions ['colcon_pkg']
[1.860s] Level 1:colcon.colcon_core.package_identification:_identify(src/nanosaur_hardware) by extension 'colcon_pkg'
[1.861s] Level 1:colcon.colcon_core.package_identification:_identify(src/nanosaur_hardware) by extensions ['colcon_meta']
[1.861s] Level 1:colcon.colcon_core.package_identification:_identify(src/nanosaur_hardware) by extension 'colcon_meta'
[1.861s] Level 1:colcon.colcon_core.package_identification:_identify(src/nanosaur_hardware) by extensions ['ros']
[1.861s] Level 1:colcon.colcon_core.package_identification:_identify(src/nanosaur_hardware) by extension 'ros'
[1.865s] DEBUG:colcon.colcon_core.package_identification:Package 'src/nanosaur_hardware' with type 'ros.ament_python' and name 'nanosaur_hardware'
[1.865s] Level 1:colcon.colcon_core.package_identification:_identify(src/rosboard) by extensions ['ignore', 'ignore_ament_install']
[1.866s] Level 1:colcon.colcon_core.package_identification:_identify(src/rosboard) by extension 'ignore'
[1.866s] Level 1:colcon.colcon_core.package_identification:_identify(src/rosboard) by extension 'ignore_ament_install'
[1.866s] Level 1:colcon.colcon_core.package_identification:_identify(src/rosboard) by extensions ['colcon_pkg']
[1.866s] Level 1:colcon.colcon_core.package_identification:_identify(src/rosboard) by extension 'colcon_pkg'
[1.866s] Level 1:colcon.colcon_core.package_identification:_identify(src/rosboard) by extensions ['colcon_meta']
[1.866s] Level 1:colcon.colcon_core.package_identification:_identify(src/rosboard) by extension 'colcon_meta'
[1.867s] Level 1:colcon.colcon_core.package_identification:_identify(src/rosboard) by extensions ['ros']
[1.867s] Level 1:colcon.colcon_core.package_identification:_identify(src/rosboard) by extension 'ros'
[1.879s] DEBUG:colcon.colcon_core.package_identification:Package 'src/rosboard' with type 'ros.ament_python' and name 'rosboard'
[1.879s] Level 1:colcon.colcon_core.package_identification:_identify(src/rover_line_follower) by extensions ['ignore', 'ignore_ament_install']
[1.880s] Level 1:colcon.colcon_core.package_identification:_identify(src/rover_line_follower) by extension 'ignore'
[1.880s] Level 1:colcon.colcon_core.package_identification:_identify(src/rover_line_follower) by extension 'ignore_ament_install'
[1.880s] Level 1:colcon.colcon_core.package_identification:_identify(src/rover_line_follower) by extensions ['colcon_pkg']
[1.880s] Level 1:colcon.colcon_core.package_identification:_identify(src/rover_line_follower) by extension 'colcon_pkg'
[1.881s] Level 1:colcon.colcon_core.package_identification:_identify(src/rover_line_follower) by extensions ['colcon_meta']
[1.881s] Level 1:colcon.colcon_core.package_identification:_identify(src/rover_line_follower) by extension 'colcon_meta'
[1.881s] Level 1:colcon.colcon_core.package_identification:_identify(src/rover_line_follower) by extensions ['ros']
[1.881s] Level 1:colcon.colcon_core.package_identification:_identify(src/rover_line_follower) by extension 'ros'
[1.884s] DEBUG:colcon.colcon_core.package_identification:Package 'src/rover_line_follower' with type 'ros.ament_python' and name 'rover_line_follower'
[1.885s] Level 1:colcon.colcon_core.package_identification:_identify(src/teleop_twist_keyboard) by extensions ['ignore', 'ignore_ament_install']
[1.885s] Level 1:colcon.colcon_core.package_identification:_identify(src/teleop_twist_keyboard) by extension 'ignore'
[1.885s] Level 1:colcon.colcon_core.package_identification:_identify(src/teleop_twist_keyboard) by extension 'ignore_ament_install'
[1.885s] Level 1:colcon.colcon_core.package_identification:_identify(src/teleop_twist_keyboard) by extensions ['colcon_pkg']
[1.886s] Level 1:colcon.colcon_core.package_identification:_identify(src/teleop_twist_keyboard) by extension 'colcon_pkg'
[1.886s] Level 1:colcon.colcon_core.package_identification:_identify(src/teleop_twist_keyboard) by extensions ['colcon_meta']
[1.886s] Level 1:colcon.colcon_core.package_identification:_identify(src/teleop_twist_keyboard) by extension 'colcon_meta'
[1.886s] Level 1:colcon.colcon_core.package_identification:_identify(src/teleop_twist_keyboard) by extensions ['ros']
[1.886s] Level 1:colcon.colcon_core.package_identification:_identify(src/teleop_twist_keyboard) by extension 'ros'
[1.889s] DEBUG:colcon.colcon_core.package_identification:Package 'src/teleop_twist_keyboard' with type 'ros.ament_python' and name 'teleop_twist_keyboard'
[1.889s] Level 1:colcon.colcon_core.package_discovery:discover_packages(recursive) using defaults
[1.889s] Level 1:colcon.colcon_core.package_discovery:discover_packages(ignore) discover
[1.890s] Level 1:colcon.colcon_core.package_discovery:discover_packages(ignore) using defaults
[1.890s] Level 1:colcon.colcon_core.package_discovery:discover_packages(path) discover
[1.890s] Level 1:colcon.colcon_core.package_discovery:discover_packages(path) using defaults
[2.006s] Level 5:colcon.colcon_core.verb:set package 'image_pub' build argument 'cmake_args' from command line to 'None'
[2.006s] Level 5:colcon.colcon_core.verb:set package 'image_pub' build argument 'cmake_target' from command line to 'None'
[2.006s] Level 5:colcon.colcon_core.verb:set package 'image_pub' build argument 'cmake_target_skip_unavailable' from command line to 'False'
[2.006s] Level 5:colcon.colcon_core.verb:set package 'image_pub' build argument 'cmake_clean_cache' from command line to 'False'
[2.006s] Level 5:colcon.colcon_core.verb:set package 'image_pub' build argument 'cmake_clean_first' from command line to 'False'
[2.007s] Level 5:colcon.colcon_core.verb:set package 'image_pub' build argument 'cmake_force_configure' from command line to 'False'
[2.007s] Level 5:colcon.colcon_core.verb:set package 'image_pub' build argument 'ament_cmake_args' from command line to 'None'
[2.007s] Level 5:colcon.colcon_core.verb:set package 'image_pub' build argument 'catkin_cmake_args' from command line to 'None'
[2.007s] Level 5:colcon.colcon_core.verb:set package 'image_pub' build argument 'catkin_skip_building_tests' from command line to 'False'
[2.007s] DEBUG:colcon.colcon_core.verb:Building package 'image_pub' with the following arguments: {'ament_cmake_args': None, 'build_base': '/ws/build/image_pub', 'catkin_cmake_args': None, 'catkin_skip_building_tests': False, 'cmake_args': None, 'cmake_clean_cache': False, 'cmake_clean_first': False, 'cmake_force_configure': False, 'cmake_target': None, 'cmake_target_skip_unavailable': False, 'install_base': '/ws/install/image_pub', 'merge_install': False, 'path': '/ws/src/image_pub', 'symlink_install': True, 'test_result_base': None}
[2.015s] Level 5:colcon.colcon_core.verb:set package 'nanosaur_control' build argument 'cmake_args' from command line to 'None'
[2.015s] Level 5:colcon.colcon_core.verb:set package 'nanosaur_control' build argument 'cmake_target' from command line to 'None'
[2.015s] Level 5:colcon.colcon_core.verb:set package 'nanosaur_control' build argument 'cmake_target_skip_unavailable' from command line to 'False'
[2.015s] Level 5:colcon.colcon_core.verb:set package 'nanosaur_control' build argument 'cmake_clean_cache' from command line to 'False'
[2.015s] Level 5:colcon.colcon_core.verb:set package 'nanosaur_control' build argument 'cmake_clean_first' from command line to 'False'
[2.015s] Level 5:colcon.colcon_core.verb:set package 'nanosaur_control' build argument 'cmake_force_configure' from command line to 'False'
[2.015s] Level 5:colcon.colcon_core.verb:set package 'nanosaur_control' build argument 'ament_cmake_args' from command line to 'None'
[2.015s] Level 5:colcon.colcon_core.verb:set package 'nanosaur_control' build argument 'catkin_cmake_args' from command line to 'None'
[2.016s] Level 5:colcon.colcon_core.verb:set package 'nanosaur_control' build argument 'catkin_skip_building_tests' from command line to 'False'
[2.016s] DEBUG:colcon.colcon_core.verb:Building package 'nanosaur_control' with the following arguments: {'ament_cmake_args': None, 'build_base': '/ws/build/nanosaur_control', 'catkin_cmake_args': None, 'catkin_skip_building_tests': False, 'cmake_args': None, 'cmake_clean_cache': False, 'cmake_clean_first': False, 'cmake_force_configure': False, 'cmake_target': None, 'cmake_target_skip_unavailable': False, 'install_base': '/ws/install/nanosaur_control', 'merge_install': False, 'path': '/ws/src/nanosaur/nanosaur_control', 'symlink_install': True, 'test_result_base': None}
[2.023s] Level 5:colcon.colcon_core.verb:set package 'nanosaur_hardware' build argument 'cmake_args' from command line to 'None'
[2.023s] Level 5:colcon.colcon_core.verb:set package 'nanosaur_hardware' build argument 'cmake_target' from command line to 'None'
[2.023s] Level 5:colcon.colcon_core.verb:set package 'nanosaur_hardware' build argument 'cmake_target_skip_unavailable' from command line to 'False'
[2.024s] Level 5:colcon.colcon_core.verb:set package 'nanosaur_hardware' build argument 'cmake_clean_cache' from command line to 'False'
[2.024s] Level 5:colcon.colcon_core.verb:set package 'nanosaur_hardware' build argument 'cmake_clean_first' from command line to 'False'
[2.024s] Level 5:colcon.colcon_core.verb:set package 'nanosaur_hardware' build argument 'cmake_force_configure' from command line to 'False'
[2.024s] Level 5:colcon.colcon_core.verb:set package 'nanosaur_hardware' build argument 'ament_cmake_args' from command line to 'None'
[2.024s] Level 5:colcon.colcon_core.verb:set package 'nanosaur_hardware' build argument 'catkin_cmake_args' from command line to 'None'
[2.024s] Level 5:colcon.colcon_core.verb:set package 'nanosaur_hardware' build argument 'catkin_skip_building_tests' from command line to 'False'
[2.024s] DEBUG:colcon.colcon_core.verb:Building package 'nanosaur_hardware' with the following arguments: {'ament_cmake_args': None, 'build_base': '/ws/build/nanosaur_hardware', 'catkin_cmake_args': None, 'catkin_skip_building_tests': False, 'cmake_args': None, 'cmake_clean_cache': False, 'cmake_clean_first': False, 'cmake_force_configure': False, 'cmake_target': None, 'cmake_target_skip_unavailable': False, 'install_base': '/ws/install/nanosaur_hardware', 'merge_install': False, 'path': '/ws/src/nanosaur_hardware', 'symlink_install': True, 'test_result_base': None}
[2.032s] Level 5:colcon.colcon_core.verb:set package 'nanosaur_msgs' build argument 'cmake_args' from command line to 'None'
[2.032s] Level 5:colcon.colcon_core.verb:set package 'nanosaur_msgs' build argument 'cmake_target' from command line to 'None'
[2.032s] Level 5:colcon.colcon_core.verb:set package 'nanosaur_msgs' build argument 'cmake_target_skip_unavailable' from command line to 'False'
[2.032s] Level 5:colcon.colcon_core.verb:set package 'nanosaur_msgs' build argument 'cmake_clean_cache' from command line to 'False'
[2.032s] Level 5:colcon.colcon_core.verb:set package 'nanosaur_msgs' build argument 'cmake_clean_first' from command line to 'False'
[2.032s] Level 5:colcon.colcon_core.verb:set package 'nanosaur_msgs' build argument 'cmake_force_configure' from command line to 'False'
[2.032s] Level 5:colcon.colcon_core.verb:set package 'nanosaur_msgs' build argument 'ament_cmake_args' from command line to 'None'
[2.032s] Level 5:colcon.colcon_core.verb:set package 'nanosaur_msgs' build argument 'catkin_cmake_args' from command line to 'None'
[2.033s] Level 5:colcon.colcon_core.verb:set package 'nanosaur_msgs' build argument 'catkin_skip_building_tests' from command line to 'False'
[2.033s] DEBUG:colcon.colcon_core.verb:Building package 'nanosaur_msgs' with the following arguments: {'ament_cmake_args': None, 'build_base': '/ws/build/nanosaur_msgs', 'catkin_cmake_args': None, 'catkin_skip_building_tests': False, 'cmake_args': None, 'cmake_clean_cache': False, 'cmake_clean_first': False, 'cmake_force_configure': False, 'cmake_target': None, 'cmake_target_skip_unavailable': False, 'install_base': '/ws/install/nanosaur_msgs', 'merge_install': False, 'path': '/ws/src/nanosaur/nanosaur_msgs', 'symlink_install': True, 'test_result_base': None}
[2.040s] Level 5:colcon.colcon_core.verb:set package 'rosboard' build argument 'cmake_args' from command line to 'None'
[2.040s] Level 5:colcon.colcon_core.verb:set package 'rosboard' build argument 'cmake_target' from command line to 'None'
[2.040s] Level 5:colcon.colcon_core.verb:set package 'rosboard' build argument 'cmake_target_skip_unavailable' from command line to 'False'
[2.040s] Level 5:colcon.colcon_core.verb:set package 'rosboard' build argument 'cmake_clean_cache' from command line to 'False'
[2.040s] Level 5:colcon.colcon_core.verb:set package 'rosboard' build argument 'cmake_clean_first' from command line to 'False'
[2.040s] Level 5:colcon.colcon_core.verb:set package 'rosboard' build argument 'cmake_force_configure' from command line to 'False'
[2.041s] Level 5:colcon.colcon_core.verb:set package 'rosboard' build argument 'ament_cmake_args' from command line to 'None'
[2.041s] Level 5:colcon.colcon_core.verb:set package 'rosboard' build argument 'catkin_cmake_args' from command line to 'None'
[2.041s] Level 5:colcon.colcon_core.verb:set package 'rosboard' build argument 'catkin_skip_building_tests' from command line to 'False'
[2.041s] DEBUG:colcon.colcon_core.verb:Building package 'rosboard' with the following arguments: {'ament_cmake_args': None, 'build_base': '/ws/build/rosboard', 'catkin_cmake_args': None, 'catkin_skip_building_tests': False, 'cmake_args': None, 'cmake_clean_cache': False, 'cmake_clean_first': False, 'cmake_force_configure': False, 'cmake_target': None, 'cmake_target_skip_unavailable': False, 'install_base': '/ws/install/rosboard', 'merge_install': False, 'path': '/ws/src/rosboard', 'symlink_install': True, 'test_result_base': None}
[2.048s] Level 5:colcon.colcon_core.verb:set package 'rover_line_follower' build argument 'cmake_args' from command line to 'None'
[2.048s] Level 5:colcon.colcon_core.verb:set package 'rover_line_follower' build argument 'cmake_target' from command line to 'None'
[2.048s] Level 5:colcon.colcon_core.verb:set package 'rover_line_follower' build argument 'cmake_target_skip_unavailable' from command line to 'False'
[2.049s] Level 5:colcon.colcon_core.verb:set package 'rover_line_follower' build argument 'cmake_clean_cache' from command line to 'False'
[2.049s] Level 5:colcon.colcon_core.verb:set package 'rover_line_follower' build argument 'cmake_clean_first' from command line to 'False'
[2.049s] Level 5:colcon.colcon_core.verb:set package 'rover_line_follower' build argument 'cmake_force_configure' from command line to 'False'
[2.049s] Level 5:colcon.colcon_core.verb:set package 'rover_line_follower' build argument 'ament_cmake_args' from command line to 'None'
[2.049s] Level 5:colcon.colcon_core.verb:set package 'rover_line_follower' build argument 'catkin_cmake_args' from command line to 'None'
[2.049s] Level 5:colcon.colcon_core.verb:set package 'rover_line_follower' build argument 'catkin_skip_building_tests' from command line to 'False'
[2.049s] DEBUG:colcon.colcon_core.verb:Building package 'rover_line_follower' with the following arguments: {'ament_cmake_args': None, 'build_base': '/ws/build/rover_line_follower', 'catkin_cmake_args': None, 'catkin_skip_building_tests': False, 'cmake_args': None, 'cmake_clean_cache': False, 'cmake_clean_first': False, 'cmake_force_configure': False, 'cmake_target': None, 'cmake_target_skip_unavailable': False, 'install_base': '/ws/install/rover_line_follower', 'merge_install': False, 'path': '/ws/src/rover_line_follower', 'symlink_install': True, 'test_result_base': None}
[2.057s] Level 5:colcon.colcon_core.verb:set package 'teleop_twist_keyboard' build argument 'cmake_args' from command line to 'None'
[2.057s] Level 5:colcon.colcon_core.verb:set package 'teleop_twist_keyboard' build argument 'cmake_target' from command line to 'None'
[2.057s] Level 5:colcon.colcon_core.verb:set package 'teleop_twist_keyboard' build argument 'cmake_target_skip_unavailable' from command line to 'False'
[2.057s] Level 5:colcon.colcon_core.verb:set package 'teleop_twist_keyboard' build argument 'cmake_clean_cache' from command line to 'False'
[2.057s] Level 5:colcon.colcon_core.verb:set package 'teleop_twist_keyboard' build argument 'cmake_clean_first' from command line to 'False'
[2.057s] Level 5:colcon.colcon_core.verb:set package 'teleop_twist_keyboard' build argument 'cmake_force_configure' from command line to 'False'
[2.057s] Level 5:colcon.colcon_core.verb:set package 'teleop_twist_keyboard' build argument 'ament_cmake_args' from command line to 'None'
[2.058s] Level 5:colcon.colcon_core.verb:set package 'teleop_twist_keyboard' build argument 'catkin_cmake_args' from command line to 'None'
[2.058s] Level 5:colcon.colcon_core.verb:set package 'teleop_twist_keyboard' build argument 'catkin_skip_building_tests' from command line to 'False'
[2.058s] DEBUG:colcon.colcon_core.verb:Building package 'teleop_twist_keyboard' with the following arguments: {'ament_cmake_args': None, 'build_base': '/ws/build/teleop_twist_keyboard', 'catkin_cmake_args': None, 'catkin_skip_building_tests': False, 'cmake_args': None, 'cmake_clean_cache': False, 'cmake_clean_first': False, 'cmake_force_configure': False, 'cmake_target': None, 'cmake_target_skip_unavailable': False, 'install_base': '/ws/install/teleop_twist_keyboard', 'merge_install': False, 'path': '/ws/src/teleop_twist_keyboard', 'symlink_install': True, 'test_result_base': None}
[2.064s] INFO:colcon.colcon_core.executor:Executing jobs using 'parallel' executor
[2.093s] DEBUG:colcon.colcon_parallel_executor.executor.parallel:run_until_complete
[2.094s] INFO:colcon.colcon_ros.task.ament_cmake.build:Building ROS package in '/ws/src/image_pub' with build type 'ament_cmake'
[2.095s] INFO:colcon.colcon_cmake.task.cmake.build:Building CMake package in '/ws/src/image_pub'
[2.123s] INFO:colcon.colcon_core.plugin_system:Skipping extension 'colcon_core.shell.bat': Not used on non-Windows systems
[2.124s] INFO:colcon.colcon_core.shell:Skip shell extension 'powershell' for command environment: Not usable outside of PowerShell
[2.124s] DEBUG:colcon.colcon_core.shell:Skip shell extension 'dsv' for command environment
[2.188s] INFO:colcon.colcon_ros.task.ament_cmake.build:Building ROS package in '/ws/src/nanosaur/nanosaur_control' with build type 'ament_cmake'
[2.189s] INFO:colcon.colcon_cmake.task.cmake.build:Building CMake package in '/ws/src/nanosaur/nanosaur_control'
[2.205s] INFO:colcon.colcon_core.shell:Skip shell extension 'powershell' for command environment: Not usable outside of PowerShell
[2.206s] DEBUG:colcon.colcon_core.shell:Skip shell extension 'dsv' for command environment
[2.263s] INFO:colcon.colcon_ros.task.ament_python.build:Building ROS package in '/ws/src/nanosaur_hardware' with build type 'ament_python'
[2.265s] Level 1:colcon.colcon_core.shell:create_environment_hook('nanosaur_hardware', 'ament_prefix_path')
[2.279s] INFO:colcon.colcon_core.shell:Creating environment hook '/ws/install/nanosaur_hardware/share/nanosaur_hardware/hook/ament_prefix_path.ps1'
[2.283s] INFO:colcon.colcon_core.shell:Creating environment descriptor '/ws/install/nanosaur_hardware/share/nanosaur_hardware/hook/ament_prefix_path.dsv'
[2.285s] INFO:colcon.colcon_core.shell:Creating environment hook '/ws/install/nanosaur_hardware/share/nanosaur_hardware/hook/ament_prefix_path.sh'
[2.300s] INFO:colcon.colcon_core.shell:Skip shell extension 'powershell' for command environment: Not usable outside of PowerShell
[2.301s] DEBUG:colcon.colcon_core.shell:Skip shell extension 'dsv' for command environment
[2.357s] INFO:colcon.colcon_ros.task.ament_cmake.build:Building ROS package in '/ws/src/nanosaur/nanosaur_msgs' with build type 'ament_cmake'
[2.359s] INFO:colcon.colcon_cmake.task.cmake.build:Building CMake package in '/ws/src/nanosaur/nanosaur_msgs'
[2.373s] INFO:colcon.colcon_core.shell:Skip shell extension 'powershell' for command environment: Not usable outside of PowerShell
[2.373s] DEBUG:colcon.colcon_core.shell:Skip shell extension 'dsv' for command environment
[2.455s] DEBUG:colcon.colcon_core.event_handler.log_command:Invoking command in '/ws/build/image_pub': CMAKE_PREFIX_PATH=/ws/install/nanosaur_msgs:/ws/install/nanosaur_control:/ws/install/image_pub:/ws/install/rover_line_follower:/ws/install/teleop_twist_keyboard:/ws/install/nanosaur_hardware:/ros_deep_learning/install/ros_deep_learning:/opt/ros/humble/install /usr/local/bin/cmake --build /ws/build/image_pub -- -j4 -l4
[2.479s] DEBUG:colcon.colcon_core.event_handler.log_command:Invoking command in '/ws/build/nanosaur_control': CMAKE_PREFIX_PATH=/ws/install/nanosaur_msgs:/ws/install/nanosaur_control:/ws/install/image_pub:/ws/install/rover_line_follower:/ws/install/teleop_twist_keyboard:/ws/install/nanosaur_hardware:/ros_deep_learning/install/ros_deep_learning:/opt/ros/humble/install /usr/local/bin/cmake --build /ws/build/nanosaur_control -- -j4 -l4
[3.593s] INFO:colcon.colcon_core.task.python.build:Building Python package in '/ws/src/nanosaur_hardware'
[3.607s] INFO:colcon.colcon_core.shell:Skip shell extension 'powershell' for command environment: Not usable outside of PowerShell
[3.607s] DEBUG:colcon.colcon_core.shell:Skip shell extension 'dsv' for command environment
[3.689s] DEBUG:colcon.colcon_core.event_handler.log_command:Invoking command in '/ws/build/nanosaur_msgs': CMAKE_PREFIX_PATH=/ws/install/nanosaur_msgs:/ws/install/nanosaur_control:/ws/install/image_pub:/ws/install/rover_line_follower:/ws/install/teleop_twist_keyboard:/ws/install/nanosaur_hardware:/ros_deep_learning/install/ros_deep_learning:/opt/ros/humble/install /usr/local/bin/cmake --build /ws/build/nanosaur_msgs -- -j4 -l4
[3.694s] DEBUG:colcon.colcon_core.event_handler.log_command:Invoked command in '/ws/build/image_pub' returned '0': CMAKE_PREFIX_PATH=/ws/install/nanosaur_msgs:/ws/install/nanosaur_control:/ws/install/image_pub:/ws/install/rover_line_follower:/ws/install/teleop_twist_keyboard:/ws/install/nanosaur_hardware:/ros_deep_learning/install/ros_deep_learning:/opt/ros/humble/install /usr/local/bin/cmake --build /ws/build/image_pub -- -j4 -l4
[3.705s] DEBUG:colcon.colcon_core.event_handler.log_command:Invoked command in '/ws/build/nanosaur_control' returned '0': CMAKE_PREFIX_PATH=/ws/install/nanosaur_msgs:/ws/install/nanosaur_control:/ws/install/image_pub:/ws/install/rover_line_follower:/ws/install/teleop_twist_keyboard:/ws/install/nanosaur_hardware:/ros_deep_learning/install/ros_deep_learning:/opt/ros/humble/install /usr/local/bin/cmake --build /ws/build/nanosaur_control -- -j4 -l4
[4.247s] DEBUG:colcon.colcon_core.event_handler.log_command:Invoking command in '/ws/build/nanosaur_control': CMAKE_PREFIX_PATH=/ws/install/nanosaur_msgs:/ws/install/nanosaur_control:/ws/install/image_pub:/ws/install/rover_line_follower:/ws/install/teleop_twist_keyboard:/ws/install/nanosaur_hardware:/ros_deep_learning/install/ros_deep_learning:/opt/ros/humble/install /usr/local/bin/cmake --install /ws/build/nanosaur_control
[4.283s] DEBUG:colcon.colcon_core.event_handler.log_command:Invoking command in '/ws/build/image_pub': CMAKE_PREFIX_PATH=/ws/install/nanosaur_msgs:/ws/install/nanosaur_control:/ws/install/image_pub:/ws/install/rover_line_follower:/ws/install/teleop_twist_keyboard:/ws/install/nanosaur_hardware:/ros_deep_learning/install/ros_deep_learning:/opt/ros/humble/install /usr/local/bin/cmake --install /ws/build/image_pub
[4.547s] Level 1:colcon.colcon_core.environment:create_environment_scripts_only(image_pub)
[4.550s] DEBUG:colcon.colcon_core.event_handler.log_command:Invoked command in '/ws/build/image_pub' returned '0': CMAKE_PREFIX_PATH=/ws/install/nanosaur_msgs:/ws/install/nanosaur_control:/ws/install/image_pub:/ws/install/rover_line_follower:/ws/install/teleop_twist_keyboard:/ws/install/nanosaur_hardware:/ros_deep_learning/install/ros_deep_learning:/opt/ros/humble/install /usr/local/bin/cmake --install /ws/build/image_pub
[4.585s] Level 1:colcon.colcon_core.environment:checking '/ws/install/image_pub' for CMake module files
[4.588s] Level 1:colcon.colcon_core.environment:checking '/ws/install/image_pub' for CMake config files
[4.593s] Level 1:colcon.colcon_core.shell:create_environment_hook('image_pub', 'cmake_prefix_path')
[4.612s] INFO:colcon.colcon_core.shell:Creating environment hook '/ws/install/image_pub/share/image_pub/hook/cmake_prefix_path.ps1'
[4.614s] INFO:colcon.colcon_core.shell:Creating environment descriptor '/ws/install/image_pub/share/image_pub/hook/cmake_prefix_path.dsv'
[4.616s] INFO:colcon.colcon_core.shell:Creating environment hook '/ws/install/image_pub/share/image_pub/hook/cmake_prefix_path.sh'
[4.619s] Level 1:colcon.colcon_core.environment:checking '/ws/install/image_pub/lib'
[4.620s] Level 1:colcon.colcon_core.environment:checking '/ws/install/image_pub/bin'
[4.620s] Level 1:colcon.colcon_core.environment:checking '/ws/install/image_pub/lib/pkgconfig/image_pub.pc'
[4.621s] Level 1:colcon.colcon_core.environment:checking '/ws/install/image_pub/lib/python3.8/site-packages'
[4.622s] Level 1:colcon.colcon_core.environment:checking '/ws/install/image_pub/bin'
[4.639s] INFO:colcon.colcon_core.shell:Creating package script '/ws/install/image_pub/share/image_pub/package.ps1'
[4.643s] INFO:colcon.colcon_core.shell:Creating package descriptor '/ws/install/image_pub/share/image_pub/package.dsv'
[4.645s] INFO:colcon.colcon_core.shell:Creating package script '/ws/install/image_pub/share/image_pub/package.sh'
[4.649s] INFO:colcon.colcon_core.shell:Creating package script '/ws/install/image_pub/share/image_pub/package.bash'
[4.652s] INFO:colcon.colcon_core.shell:Creating package script '/ws/install/image_pub/share/image_pub/package.zsh'
[4.655s] Level 1:colcon.colcon_core.environment:create_file_with_runtime_dependencies(/ws/install/image_pub/share/colcon-core/packages/image_pub)
[4.672s] Level 1:colcon.colcon_core.environment:create_environment_scripts_only(nanosaur_control)
[4.673s] DEBUG:colcon.colcon_core.event_handler.log_command:Invoked command in '/ws/build/nanosaur_control' returned '0': CMAKE_PREFIX_PATH=/ws/install/nanosaur_msgs:/ws/install/nanosaur_control:/ws/install/image_pub:/ws/install/rover_line_follower:/ws/install/teleop_twist_keyboard:/ws/install/nanosaur_hardware:/ros_deep_learning/install/ros_deep_learning:/opt/ros/humble/install /usr/local/bin/cmake --install /ws/build/nanosaur_control
[4.698s] Level 1:colcon.colcon_core.environment:checking '/ws/install/nanosaur_control' for CMake module files
[4.701s] Level 1:colcon.colcon_core.environment:checking '/ws/install/nanosaur_control' for CMake config files
[4.702s] Level 1:colcon.colcon_core.shell:create_environment_hook('nanosaur_control', 'cmake_prefix_path')
[4.718s] INFO:colcon.colcon_core.shell:Creating environment hook '/ws/install/nanosaur_control/share/nanosaur_control/hook/cmake_prefix_path.ps1'
[4.720s] INFO:colcon.colcon_core.shell:Creating environment descriptor '/ws/install/nanosaur_control/share/nanosaur_control/hook/cmake_prefix_path.dsv'
[4.721s] INFO:colcon.colcon_core.shell:Creating environment hook '/ws/install/nanosaur_control/share/nanosaur_control/hook/cmake_prefix_path.sh'
[4.724s] Level 1:colcon.colcon_core.environment:checking '/ws/install/nanosaur_control/bin'
[4.724s] Level 1:colcon.colcon_core.environment:checking '/ws/install/nanosaur_control/lib/pkgconfig/nanosaur_control.pc'
[4.725s] Level 1:colcon.colcon_core.environment:checking '/ws/install/nanosaur_control/lib/python3.8/site-packages'
[4.726s] Level 1:colcon.colcon_core.environment:checking '/ws/install/nanosaur_control/bin'
[4.744s] INFO:colcon.colcon_core.shell:Creating package script '/ws/install/nanosaur_control/share/nanosaur_control/package.ps1'
[4.746s] INFO:colcon.colcon_core.shell:Creating package descriptor '/ws/install/nanosaur_control/share/nanosaur_control/package.dsv'
[4.747s] INFO:colcon.colcon_core.shell:Creating package script '/ws/install/nanosaur_control/share/nanosaur_control/package.sh'
[4.749s] INFO:colcon.colcon_core.shell:Creating package script '/ws/install/nanosaur_control/share/nanosaur_control/package.bash'
[4.751s] INFO:colcon.colcon_core.shell:Creating package script '/ws/install/nanosaur_control/share/nanosaur_control/package.zsh'
[4.752s] Level 1:colcon.colcon_core.environment:create_file_with_runtime_dependencies(/ws/install/nanosaur_control/share/colcon-core/packages/nanosaur_control)
[5.027s] Level 1:colcon.colcon_core.environment:create_environment_scripts_only(nanosaur_control)
[5.049s] Level 1:colcon.colcon_core.environment:checking '/ws/install/nanosaur_control' for CMake module files
[5.053s] Level 1:colcon.colcon_core.environment:checking '/ws/install/nanosaur_control' for CMake config files
[5.054s] Level 1:colcon.colcon_core.shell:create_environment_hook('nanosaur_control', 'cmake_prefix_path')
[5.069s] INFO:colcon.colcon_core.shell:Creating environment hook '/ws/install/nanosaur_control/share/nanosaur_control/hook/cmake_prefix_path.ps1'
[5.071s] INFO:colcon.colcon_core.shell:Creating environment descriptor '/ws/install/nanosaur_control/share/nanosaur_control/hook/cmake_prefix_path.dsv'
[5.072s] INFO:colcon.colcon_core.shell:Creating environment hook '/ws/install/nanosaur_control/share/nanosaur_control/hook/cmake_prefix_path.sh'
[5.074s] Level 1:colcon.colcon_core.environment:checking '/ws/install/nanosaur_control/bin'
[5.075s] Level 1:colcon.colcon_core.environment:checking '/ws/install/nanosaur_control/lib/pkgconfig/nanosaur_control.pc'
[5.076s] Level 1:colcon.colcon_core.environment:checking '/ws/install/nanosaur_control/lib/python3.8/site-packages'
[5.077s] Level 1:colcon.colcon_core.environment:checking '/ws/install/nanosaur_control/bin'
[5.092s] INFO:colcon.colcon_core.shell:Creating package script '/ws/install/nanosaur_control/share/nanosaur_control/package.ps1'
[5.094s] INFO:colcon.colcon_core.shell:Creating package descriptor '/ws/install/nanosaur_control/share/nanosaur_control/package.dsv'
[5.096s] INFO:colcon.colcon_core.shell:Creating package script '/ws/install/nanosaur_control/share/nanosaur_control/package.sh'
[5.098s] INFO:colcon.colcon_core.shell:Creating package script '/ws/install/nanosaur_control/share/nanosaur_control/package.bash'
[5.099s] INFO:colcon.colcon_core.shell:Creating package script '/ws/install/nanosaur_control/share/nanosaur_control/package.zsh'
[5.101s] Level 1:colcon.colcon_core.environment:create_file_with_runtime_dependencies(/ws/install/nanosaur_control/share/colcon-core/packages/nanosaur_control)
[5.104s] INFO:colcon.colcon_ros.task.ament_python.build:Building ROS package in '/ws/src/rosboard' with build type 'ament_python'
[5.104s] Level 1:colcon.colcon_core.shell:create_environment_hook('rosboard', 'ament_prefix_path')
[5.119s] INFO:colcon.colcon_core.shell:Creating environment hook '/ws/install/rosboard/share/rosboard/hook/ament_prefix_path.ps1'
[5.122s] INFO:colcon.colcon_core.shell:Creating environment descriptor '/ws/install/rosboard/share/rosboard/hook/ament_prefix_path.dsv'
[5.124s] INFO:colcon.colcon_core.shell:Creating environment hook '/ws/install/rosboard/share/rosboard/hook/ament_prefix_path.sh'
[5.140s] INFO:colcon.colcon_core.shell:Skip shell extension 'powershell' for command environment: Not usable outside of PowerShell
[5.140s] DEBUG:colcon.colcon_core.shell:Skip shell extension 'dsv' for command environment
[5.227s] Level 1:colcon.colcon_core.environment:create_environment_scripts_only(image_pub)
[5.248s] Level 1:colcon.colcon_core.environment:checking '/ws/install/image_pub' for CMake module files
[5.251s] Level 1:colcon.colcon_core.environment:checking '/ws/install/image_pub' for CMake config files
[5.252s] Level 1:colcon.colcon_core.shell:create_environment_hook('image_pub', 'cmake_prefix_path')
[5.269s] INFO:colcon.colcon_core.shell:Creating environment hook '/ws/install/image_pub/share/image_pub/hook/cmake_prefix_path.ps1'
[5.271s] INFO:colcon.colcon_core.shell:Creating environment descriptor '/ws/install/image_pub/share/image_pub/hook/cmake_prefix_path.dsv'
[5.272s] INFO:colcon.colcon_core.shell:Creating environment hook '/ws/install/image_pub/share/image_pub/hook/cmake_prefix_path.sh'
[5.274s] Level 1:colcon.colcon_core.environment:checking '/ws/install/image_pub/lib'
[5.275s] Level 1:colcon.colcon_core.environment:checking '/ws/install/image_pub/bin'
[5.275s] Level 1:colcon.colcon_core.environment:checking '/ws/install/image_pub/lib/pkgconfig/image_pub.pc'
[5.276s] Level 1:colcon.colcon_core.environment:checking '/ws/install/image_pub/lib/python3.8/site-packages'
[5.277s] Level 1:colcon.colcon_core.environment:checking '/ws/install/image_pub/bin'
[5.291s] INFO:colcon.colcon_core.shell:Creating package script '/ws/install/image_pub/share/image_pub/package.ps1'
[5.293s] INFO:colcon.colcon_core.shell:Creating package descriptor '/ws/install/image_pub/share/image_pub/package.dsv'
[5.295s] INFO:colcon.colcon_core.shell:Creating package script '/ws/install/image_pub/share/image_pub/package.sh'
[5.297s] INFO:colcon.colcon_core.shell:Creating package script '/ws/install/image_pub/share/image_pub/package.bash'
[5.299s] INFO:colcon.colcon_core.shell:Creating package script '/ws/install/image_pub/share/image_pub/package.zsh'
[5.300s] Level 1:colcon.colcon_core.environment:create_file_with_runtime_dependencies(/ws/install/image_pub/share/colcon-core/packages/image_pub)
[5.303s] INFO:colcon.colcon_ros.task.ament_python.build:Building ROS package in '/ws/src/rover_line_follower' with build type 'ament_python'
[5.304s] Level 1:colcon.colcon_core.shell:create_environment_hook('rover_line_follower', 'ament_prefix_path')
[5.318s] INFO:colcon.colcon_core.shell:Creating environment hook '/ws/install/rover_line_follower/share/rover_line_follower/hook/ament_prefix_path.ps1'
[5.323s] INFO:colcon.colcon_core.shell:Creating environment descriptor '/ws/install/rover_line_follower/share/rover_line_follower/hook/ament_prefix_path.dsv'
[5.324s] INFO:colcon.colcon_core.shell:Creating environment hook '/ws/install/rover_line_follower/share/rover_line_follower/hook/ament_prefix_path.sh'
[5.340s] INFO:colcon.colcon_core.shell:Skip shell extension 'powershell' for command environment: Not usable outside of PowerShell
[5.340s] DEBUG:colcon.colcon_core.shell:Skip shell extension 'dsv' for command environment
[6.576s] WARNING:colcon.colcon_ros.task.ament_python.build:Package 'rosboard' doesn't explicitly install a marker in the package index (colcon-ros currently does it implicitly but that fallback will be removed in the future)
[6.578s] INFO:colcon.colcon_core.task.python.build:Building Python package in '/ws/src/rosboard'
[6.592s] INFO:colcon.colcon_core.shell:Skip shell extension 'powershell' for command environment: Not usable outside of PowerShell
[6.592s] DEBUG:colcon.colcon_core.shell:Skip shell extension 'dsv' for command environment
[7.683s] INFO:colcon.colcon_core.task.python.build:Building Python package in '/ws/src/rover_line_follower'
[7.697s] INFO:colcon.colcon_core.shell:Skip shell extension 'powershell' for command environment: Not usable outside of PowerShell
[7.697s] DEBUG:colcon.colcon_core.shell:Skip shell extension 'dsv' for command environment
[7.766s] DEBUG:colcon.colcon_core.event_handler.log_command:Invoking command in '/ws/build/nanosaur_hardware': PYTHONPATH=/ws/build/nanosaur_hardware/prefix_override:/ws/install/nanosaur_hardware/lib/python3.8/site-packages:${PYTHONPATH} /usr/bin/python3 setup.py develop --editable --build-directory /ws/build/nanosaur_hardware/build --no-deps install_data
[7.770s] DEBUG:colcon.colcon_core.event_handler.log_command:Invoked command in '/ws/build/nanosaur_msgs' returned '0': CMAKE_PREFIX_PATH=/ws/install/nanosaur_msgs:/ws/install/nanosaur_control:/ws/install/image_pub:/ws/install/rover_line_follower:/ws/install/teleop_twist_keyboard:/ws/install/nanosaur_hardware:/ros_deep_learning/install/ros_deep_learning:/opt/ros/humble/install /usr/local/bin/cmake --build /ws/build/nanosaur_msgs -- -j4 -l4
[8.221s] DEBUG:colcon.colcon_core.event_handler.log_command:Invoking command in '/ws/build/nanosaur_msgs': CMAKE_PREFIX_PATH=/ws/install/nanosaur_msgs:/ws/install/nanosaur_control:/ws/install/image_pub:/ws/install/rover_line_follower:/ws/install/teleop_twist_keyboard:/ws/install/nanosaur_hardware:/ros_deep_learning/install/ros_deep_learning:/opt/ros/humble/install /usr/local/bin/cmake --install /ws/build/nanosaur_msgs
[8.861s] Level 1:colcon.colcon_core.environment:create_environment_scripts_only(nanosaur_msgs)
[8.872s] DEBUG:colcon.colcon_core.event_handler.log_command:Invoked command in '/ws/build/nanosaur_msgs' returned '0': CMAKE_PREFIX_PATH=/ws/install/nanosaur_msgs:/ws/install/nanosaur_control:/ws/install/image_pub:/ws/install/rover_line_follower:/ws/install/teleop_twist_keyboard:/ws/install/nanosaur_hardware:/ros_deep_learning/install/ros_deep_learning:/opt/ros/humble/install /usr/local/bin/cmake --install /ws/build/nanosaur_msgs
[8.887s] Level 1:colcon.colcon_core.environment:checking '/ws/install/nanosaur_msgs' for CMake module files
[8.895s] Level 1:colcon.colcon_core.environment:checking '/ws/install/nanosaur_msgs' for CMake config files
[8.902s] Level 1:colcon.colcon_core.shell:create_environment_hook('nanosaur_msgs', 'cmake_prefix_path')
[8.917s] INFO:colcon.colcon_core.shell:Creating environment hook '/ws/install/nanosaur_msgs/share/nanosaur_msgs/hook/cmake_prefix_path.ps1'
[8.920s] INFO:colcon.colcon_core.shell:Creating environment descriptor '/ws/install/nanosaur_msgs/share/nanosaur_msgs/hook/cmake_prefix_path.dsv'
[8.921s] INFO:colcon.colcon_core.shell:Creating environment hook '/ws/install/nanosaur_msgs/share/nanosaur_msgs/hook/cmake_prefix_path.sh'
[8.924s] Level 1:colcon.colcon_core.environment:checking '/ws/install/nanosaur_msgs/lib'
[8.925s] Level 1:colcon.colcon_core.shell:create_environment_hook('nanosaur_msgs', 'ld_library_path_lib')
[8.940s] INFO:colcon.colcon_core.shell:Creating environment hook '/ws/install/nanosaur_msgs/share/nanosaur_msgs/hook/ld_library_path_lib.ps1'
[8.944s] INFO:colcon.colcon_core.shell:Creating environment descriptor '/ws/install/nanosaur_msgs/share/nanosaur_msgs/hook/ld_library_path_lib.dsv'
[8.945s] INFO:colcon.colcon_core.shell:Creating environment hook '/ws/install/nanosaur_msgs/share/nanosaur_msgs/hook/ld_library_path_lib.sh'
[8.947s] Level 1:colcon.colcon_core.environment:checking '/ws/install/nanosaur_msgs/bin'
[8.947s] Level 1:colcon.colcon_core.environment:checking '/ws/install/nanosaur_msgs/lib/pkgconfig/nanosaur_msgs.pc'
[8.949s] Level 1:colcon.colcon_core.environment:checking '/ws/install/nanosaur_msgs/lib/python3.8/site-packages'
[8.949s] Level 1:colcon.colcon_core.shell:create_environment_hook('nanosaur_msgs', 'pythonpath')
[8.965s] INFO:colcon.colcon_core.shell:Creating environment hook '/ws/install/nanosaur_msgs/share/nanosaur_msgs/hook/pythonpath.ps1'
[8.967s] INFO:colcon.colcon_core.shell:Creating environment descriptor '/ws/install/nanosaur_msgs/share/nanosaur_msgs/hook/pythonpath.dsv'
[8.968s] INFO:colcon.colcon_core.shell:Creating environment hook '/ws/install/nanosaur_msgs/share/nanosaur_msgs/hook/pythonpath.sh'
[8.971s] Level 1:colcon.colcon_core.environment:checking '/ws/install/nanosaur_msgs/bin'
[8.988s] INFO:colcon.colcon_core.shell:Creating package script '/ws/install/nanosaur_msgs/share/nanosaur_msgs/package.ps1'
[8.994s] INFO:colcon.colcon_core.shell:Creating package descriptor '/ws/install/nanosaur_msgs/share/nanosaur_msgs/package.dsv'
[8.996s] INFO:colcon.colcon_core.shell:Creating package script '/ws/install/nanosaur_msgs/share/nanosaur_msgs/package.sh'
[8.999s] INFO:colcon.colcon_core.shell:Creating package script '/ws/install/nanosaur_msgs/share/nanosaur_msgs/package.bash'
[9.001s] INFO:colcon.colcon_core.shell:Creating package script '/ws/install/nanosaur_msgs/share/nanosaur_msgs/package.zsh'
[9.002s] Level 1:colcon.colcon_core.environment:create_file_with_runtime_dependencies(/ws/install/nanosaur_msgs/share/colcon-core/packages/nanosaur_msgs)
[9.475s] Level 1:colcon.colcon_core.environment:create_environment_scripts_only(nanosaur_msgs)
[9.499s] Level 1:colcon.colcon_core.environment:checking '/ws/install/nanosaur_msgs' for CMake module files
[9.505s] Level 1:colcon.colcon_core.environment:checking '/ws/install/nanosaur_msgs' for CMake config files
[9.509s] Level 1:colcon.colcon_core.shell:create_environment_hook('nanosaur_msgs', 'cmake_prefix_path')
[9.526s] INFO:colcon.colcon_core.shell:Creating environment hook '/ws/install/nanosaur_msgs/share/nanosaur_msgs/hook/cmake_prefix_path.ps1'
[9.528s] INFO:colcon.colcon_core.shell:Creating environment descriptor '/ws/install/nanosaur_msgs/share/nanosaur_msgs/hook/cmake_prefix_path.dsv'
[9.529s] INFO:colcon.colcon_core.shell:Creating environment hook '/ws/install/nanosaur_msgs/share/nanosaur_msgs/hook/cmake_prefix_path.sh'
[9.531s] Level 1:colcon.colcon_core.environment:checking '/ws/install/nanosaur_msgs/lib'
[9.532s] Level 1:colcon.colcon_core.shell:create_environment_hook('nanosaur_msgs', 'ld_library_path_lib')
[9.548s] INFO:colcon.colcon_core.shell:Creating environment hook '/ws/install/nanosaur_msgs/share/nanosaur_msgs/hook/ld_library_path_lib.ps1'
[9.550s] INFO:colcon.colcon_core.shell:Creating environment descriptor '/ws/install/nanosaur_msgs/share/nanosaur_msgs/hook/ld_library_path_lib.dsv'
[9.551s] INFO:colcon.colcon_core.shell:Creating environment hook '/ws/install/nanosaur_msgs/share/nanosaur_msgs/hook/ld_library_path_lib.sh'
[9.553s] Level 1:colcon.colcon_core.environment:checking '/ws/install/nanosaur_msgs/bin'
[9.553s] Level 1:colcon.colcon_core.environment:checking '/ws/install/nanosaur_msgs/lib/pkgconfig/nanosaur_msgs.pc'
[9.554s] Level 1:colcon.colcon_core.environment:checking '/ws/install/nanosaur_msgs/lib/python3.8/site-packages'
[9.555s] Level 1:colcon.colcon_core.shell:create_environment_hook('nanosaur_msgs', 'pythonpath')
[9.571s] INFO:colcon.colcon_core.shell:Creating environment hook '/ws/install/nanosaur_msgs/share/nanosaur_msgs/hook/pythonpath.ps1'
[9.572s] INFO:colcon.colcon_core.shell:Creating environment descriptor '/ws/install/nanosaur_msgs/share/nanosaur_msgs/hook/pythonpath.dsv'
[9.574s] INFO:colcon.colcon_core.shell:Creating environment hook '/ws/install/nanosaur_msgs/share/nanosaur_msgs/hook/pythonpath.sh'
[9.576s] Level 1:colcon.colcon_core.environment:checking '/ws/install/nanosaur_msgs/bin'
[9.592s] INFO:colcon.colcon_core.shell:Creating package script '/ws/install/nanosaur_msgs/share/nanosaur_msgs/package.ps1'
[9.595s] INFO:colcon.colcon_core.shell:Creating package descriptor '/ws/install/nanosaur_msgs/share/nanosaur_msgs/package.dsv'
[9.598s] INFO:colcon.colcon_core.shell:Creating package script '/ws/install/nanosaur_msgs/share/nanosaur_msgs/package.sh'
[9.601s] INFO:colcon.colcon_core.shell:Creating package script '/ws/install/nanosaur_msgs/share/nanosaur_msgs/package.bash'
[9.606s] INFO:colcon.colcon_core.shell:Creating package script '/ws/install/nanosaur_msgs/share/nanosaur_msgs/package.zsh'
[9.608s] Level 1:colcon.colcon_core.environment:create_file_with_runtime_dependencies(/ws/install/nanosaur_msgs/share/colcon-core/packages/nanosaur_msgs)
[9.615s] INFO:colcon.colcon_ros.task.ament_python.build:Building ROS package in '/ws/src/teleop_twist_keyboard' with build type 'ament_python'
[9.617s] Level 1:colcon.colcon_core.shell:create_environment_hook('teleop_twist_keyboard', 'ament_prefix_path')
[9.635s] INFO:colcon.colcon_core.shell:Creating environment hook '/ws/install/teleop_twist_keyboard/share/teleop_twist_keyboard/hook/ament_prefix_path.ps1'
[9.642s] INFO:colcon.colcon_core.shell:Creating environment descriptor '/ws/install/teleop_twist_keyboard/share/teleop_twist_keyboard/hook/ament_prefix_path.dsv'
[9.644s] INFO:colcon.colcon_core.shell:Creating environment hook '/ws/install/teleop_twist_keyboard/share/teleop_twist_keyboard/hook/ament_prefix_path.sh'
[9.661s] INFO:colcon.colcon_core.shell:Skip shell extension 'powershell' for command environment: Not usable outside of PowerShell
[9.661s] DEBUG:colcon.colcon_core.shell:Skip shell extension 'dsv' for command environment
[10.863s] INFO:colcon.colcon_core.task.python.build:Building Python package in '/ws/src/teleop_twist_keyboard'
[10.877s] INFO:colcon.colcon_core.shell:Skip shell extension 'powershell' for command environment: Not usable outside of PowerShell
[10.877s] DEBUG:colcon.colcon_core.shell:Skip shell extension 'dsv' for command environment
[10.940s] Level 1:colcon.colcon_core.shell:create_environment_hook('nanosaur_hardware', 'pythonpath_develop')
[10.956s] INFO:colcon.colcon_core.shell:Creating environment hook '/ws/build/nanosaur_hardware/share/nanosaur_hardware/hook/pythonpath_develop.ps1'
[10.957s] DEBUG:colcon.colcon_core.event_handler.log_command:Invoked command in '/ws/build/nanosaur_hardware' returned '0': PYTHONPATH=/ws/build/nanosaur_hardware/prefix_override:/ws/install/nanosaur_hardware/lib/python3.8/site-packages:${PYTHONPATH} /usr/bin/python3 setup.py develop --editable --build-directory /ws/build/nanosaur_hardware/build --no-deps install_data
[10.960s] INFO:colcon.colcon_core.shell:Creating environment descriptor '/ws/build/nanosaur_hardware/share/nanosaur_hardware/hook/pythonpath_develop.dsv'
[10.961s] INFO:colcon.colcon_core.shell:Creating environment hook '/ws/build/nanosaur_hardware/share/nanosaur_hardware/hook/pythonpath_develop.sh'
[10.981s] Level 1:colcon.colcon_core.environment:checking '/ws/install/nanosaur_hardware' for CMake module files
[10.984s] Level 1:colcon.colcon_core.environment:checking '/ws/install/nanosaur_hardware' for CMake config files
[10.985s] Level 1:colcon.colcon_core.environment:checking '/ws/install/nanosaur_hardware/lib'
[10.986s] Level 1:colcon.colcon_core.environment:checking '/ws/install/nanosaur_hardware/bin'
[10.986s] Level 1:colcon.colcon_core.environment:checking '/ws/install/nanosaur_hardware/lib/pkgconfig/nanosaur_hardware.pc'
[10.987s] Level 1:colcon.colcon_core.environment:checking '/ws/install/nanosaur_hardware/lib/python3.8/site-packages'
[10.987s] Level 1:colcon.colcon_core.shell:create_environment_hook('nanosaur_hardware', 'pythonpath')
[11.000s] INFO:colcon.colcon_core.shell:Creating environment hook '/ws/install/nanosaur_hardware/share/nanosaur_hardware/hook/pythonpath.ps1'
[11.001s] INFO:colcon.colcon_core.shell:Creating environment descriptor '/ws/install/nanosaur_hardware/share/nanosaur_hardware/hook/pythonpath.dsv'
[11.003s] INFO:colcon.colcon_core.shell:Creating environment hook '/ws/install/nanosaur_hardware/share/nanosaur_hardware/hook/pythonpath.sh'
[11.004s] Level 1:colcon.colcon_core.environment:checking '/ws/install/nanosaur_hardware/bin'
[11.005s] Level 1:colcon.colcon_core.environment:create_environment_scripts_only(nanosaur_hardware)
[11.019s] INFO:colcon.colcon_core.shell:Creating package script '/ws/install/nanosaur_hardware/share/nanosaur_hardware/package.ps1'
[11.022s] INFO:colcon.colcon_core.shell:Creating package descriptor '/ws/install/nanosaur_hardware/share/nanosaur_hardware/package.dsv'
[11.024s] INFO:colcon.colcon_core.shell:Creating package script '/ws/install/nanosaur_hardware/share/nanosaur_hardware/package.sh'
[11.026s] INFO:colcon.colcon_core.shell:Creating package script '/ws/install/nanosaur_hardware/share/nanosaur_hardware/package.bash'
[11.027s] INFO:colcon.colcon_core.shell:Creating package script '/ws/install/nanosaur_hardware/share/nanosaur_hardware/package.zsh'
[11.030s] Level 1:colcon.colcon_core.environment:create_file_with_runtime_dependencies(/ws/install/nanosaur_hardware/share/colcon-core/packages/nanosaur_hardware)
[11.041s] DEBUG:colcon.colcon_core.event_handler.log_command:Invoking command in '/ws/build/rosboard': PYTHONPATH=/ws/build/rosboard/prefix_override:/ws/install/rosboard/lib/python3.8/site-packages:${PYTHONPATH} /usr/bin/python3 setup.py develop --editable --build-directory /ws/build/rosboard/build --no-deps install_data
[11.054s] DEBUG:colcon.colcon_core.event_handler.log_command:Invoking command in '/ws/build/rover_line_follower': PYTHONPATH=/ws/build/rover_line_follower/prefix_override:/ws/install/rover_line_follower/lib/python3.8/site-packages:${PYTHONPATH} /usr/bin/python3 setup.py develop --editable --build-directory /ws/build/rover_line_follower/build --no-deps install_data
[12.989s] DEBUG:colcon.colcon_core.event_handler.log_command:Invoking command in '/ws/build/teleop_twist_keyboard': PYTHONPATH=/ws/build/teleop_twist_keyboard/prefix_override:/ws/install/teleop_twist_keyboard/lib/python3.8/site-packages:${PYTHONPATH} /usr/bin/python3 setup.py develop --editable --build-directory /ws/build/teleop_twist_keyboard/build --no-deps install_data
[13.368s] Level 1:colcon.colcon_core.shell:create_environment_hook('rosboard', 'pythonpath_develop')
[13.384s] DEBUG:colcon.colcon_core.event_handler.log_command:Invoked command in '/ws/build/rosboard' returned '0': PYTHONPATH=/ws/build/rosboard/prefix_override:/ws/install/rosboard/lib/python3.8/site-packages:${PYTHONPATH} /usr/bin/python3 setup.py develop --editable --build-directory /ws/build/rosboard/build --no-deps install_data
[13.386s] INFO:colcon.colcon_core.shell:Creating environment hook '/ws/build/rosboard/share/rosboard/hook/pythonpath_develop.ps1'
[13.388s] INFO:colcon.colcon_core.shell:Creating environment descriptor '/ws/build/rosboard/share/rosboard/hook/pythonpath_develop.dsv'
[13.390s] INFO:colcon.colcon_core.shell:Creating environment hook '/ws/build/rosboard/share/rosboard/hook/pythonpath_develop.sh'
[13.410s] Level 1:colcon.colcon_core.environment:checking '/ws/install/rosboard' for CMake module files
[13.412s] Level 1:colcon.colcon_core.environment:checking '/ws/install/rosboard' for CMake config files
[13.414s] Level 1:colcon.colcon_core.environment:checking '/ws/install/rosboard/lib'
[13.414s] Level 1:colcon.colcon_core.environment:checking '/ws/install/rosboard/bin'
[13.415s] Level 1:colcon.colcon_core.environment:checking '/ws/install/rosboard/lib/pkgconfig/rosboard.pc'
[13.416s] Level 1:colcon.colcon_core.environment:checking '/ws/install/rosboard/lib/python3.8/site-packages'
[13.416s] Level 1:colcon.colcon_core.shell:create_environment_hook('rosboard', 'pythonpath')
[13.429s] INFO:colcon.colcon_core.shell:Creating environment hook '/ws/install/rosboard/share/rosboard/hook/pythonpath.ps1'
[13.431s] INFO:colcon.colcon_core.shell:Creating environment descriptor '/ws/install/rosboard/share/rosboard/hook/pythonpath.dsv'
[13.432s] INFO:colcon.colcon_core.shell:Creating environment hook '/ws/install/rosboard/share/rosboard/hook/pythonpath.sh'
[13.434s] Level 1:colcon.colcon_core.environment:checking '/ws/install/rosboard/bin'
[13.434s] Level 1:colcon.colcon_core.environment:create_environment_scripts_only(rosboard)
[13.449s] INFO:colcon.colcon_core.shell:Creating package script '/ws/install/rosboard/share/rosboard/package.ps1'
[13.452s] INFO:colcon.colcon_core.shell:Creating package descriptor '/ws/install/rosboard/share/rosboard/package.dsv'
[13.453s] INFO:colcon.colcon_core.shell:Creating package script '/ws/install/rosboard/share/rosboard/package.sh'
[13.456s] INFO:colcon.colcon_core.shell:Creating package script '/ws/install/rosboard/share/rosboard/package.bash'
[13.457s] INFO:colcon.colcon_core.shell:Creating package script '/ws/install/rosboard/share/rosboard/package.zsh'
[13.458s] Level 1:colcon.colcon_core.environment:create_file_with_runtime_dependencies(/ws/install/rosboard/share/colcon-core/packages/rosboard)
[13.463s] Level 1:colcon.colcon_core.shell:create_environment_hook('rover_line_follower', 'pythonpath_develop')
[13.477s] INFO:colcon.colcon_core.shell:Creating environment hook '/ws/build/rover_line_follower/share/rover_line_follower/hook/pythonpath_develop.ps1'
[13.480s] DEBUG:colcon.colcon_core.event_handler.log_command:Invoked command in '/ws/build/rover_line_follower' returned '0': PYTHONPATH=/ws/build/rover_line_follower/prefix_override:/ws/install/rover_line_follower/lib/python3.8/site-packages:${PYTHONPATH} /usr/bin/python3 setup.py develop --editable --build-directory /ws/build/rover_line_follower/build --no-deps install_data
[13.482s] INFO:colcon.colcon_core.shell:Creating environment descriptor '/ws/build/rover_line_follower/share/rover_line_follower/hook/pythonpath_develop.dsv'
[13.483s] INFO:colcon.colcon_core.shell:Creating environment hook '/ws/build/rover_line_follower/share/rover_line_follower/hook/pythonpath_develop.sh'
[13.504s] Level 1:colcon.colcon_core.environment:checking '/ws/install/rover_line_follower' for CMake module files
[13.506s] Level 1:colcon.colcon_core.environment:checking '/ws/install/rover_line_follower' for CMake config files
[13.508s] Level 1:colcon.colcon_core.environment:checking '/ws/install/rover_line_follower/lib'
[13.508s] Level 1:colcon.colcon_core.environment:checking '/ws/install/rover_line_follower/bin'
[13.509s] Level 1:colcon.colcon_core.environment:checking '/ws/install/rover_line_follower/lib/pkgconfig/rover_line_follower.pc'
[13.509s] Level 1:colcon.colcon_core.environment:checking '/ws/install/rover_line_follower/lib/python3.8/site-packages'
[13.510s] Level 1:colcon.colcon_core.shell:create_environment_hook('rover_line_follower', 'pythonpath')
[13.523s] INFO:colcon.colcon_core.shell:Creating environment hook '/ws/install/rover_line_follower/share/rover_line_follower/hook/pythonpath.ps1'
[13.525s] INFO:colcon.colcon_core.shell:Creating environment descriptor '/ws/install/rover_line_follower/share/rover_line_follower/hook/pythonpath.dsv'
[13.526s] INFO:colcon.colcon_core.shell:Creating environment hook '/ws/install/rover_line_follower/share/rover_line_follower/hook/pythonpath.sh'
[13.528s] Level 1:colcon.colcon_core.environment:checking '/ws/install/rover_line_follower/bin'
[13.528s] Level 1:colcon.colcon_core.environment:create_environment_scripts_only(rover_line_follower)
[13.542s] INFO:colcon.colcon_core.shell:Creating package script '/ws/install/rover_line_follower/share/rover_line_follower/package.ps1'
[13.545s] INFO:colcon.colcon_core.shell:Creating package descriptor '/ws/install/rover_line_follower/share/rover_line_follower/package.dsv'
[13.547s] INFO:colcon.colcon_core.shell:Creating package script '/ws/install/rover_line_follower/share/rover_line_follower/package.sh'
[13.549s] INFO:colcon.colcon_core.shell:Creating package script '/ws/install/rover_line_follower/share/rover_line_follower/package.bash'
[13.550s] INFO:colcon.colcon_core.shell:Creating package script '/ws/install/rover_line_follower/share/rover_line_follower/package.zsh'
[13.551s] Level 1:colcon.colcon_core.environment:create_file_with_runtime_dependencies(/ws/install/rover_line_follower/share/colcon-core/packages/rover_line_follower)
[15.106s] Level 1:colcon.colcon_core.shell:create_environment_hook('teleop_twist_keyboard', 'pythonpath_develop')
[15.120s] INFO:colcon.colcon_core.shell:Creating environment hook '/ws/build/teleop_twist_keyboard/share/teleop_twist_keyboard/hook/pythonpath_develop.ps1'
[15.122s] DEBUG:colcon.colcon_core.event_handler.log_command:Invoked command in '/ws/build/teleop_twist_keyboard' returned '0': PYTHONPATH=/ws/build/teleop_twist_keyboard/prefix_override:/ws/install/teleop_twist_keyboard/lib/python3.8/site-packages:${PYTHONPATH} /usr/bin/python3 setup.py develop --editable --build-directory /ws/build/teleop_twist_keyboard/build --no-deps install_data
[15.125s] INFO:colcon.colcon_core.shell:Creating environment descriptor '/ws/build/teleop_twist_keyboard/share/teleop_twist_keyboard/hook/pythonpath_develop.dsv'
[15.126s] INFO:colcon.colcon_core.shell:Creating environment hook '/ws/build/teleop_twist_keyboard/share/teleop_twist_keyboard/hook/pythonpath_develop.sh'
[15.146s] Level 1:colcon.colcon_core.environment:checking '/ws/install/teleop_twist_keyboard' for CMake module files
[15.148s] Level 1:colcon.colcon_core.environment:checking '/ws/install/teleop_twist_keyboard' for CMake config files
[15.150s] Level 1:colcon.colcon_core.environment:checking '/ws/install/teleop_twist_keyboard/lib'
[15.151s] Level 1:colcon.colcon_core.environment:checking '/ws/install/teleop_twist_keyboard/bin'
[15.151s] Level 1:colcon.colcon_core.environment:checking '/ws/install/teleop_twist_keyboard/lib/pkgconfig/teleop_twist_keyboard.pc'
[15.152s] Level 1:colcon.colcon_core.environment:checking '/ws/install/teleop_twist_keyboard/lib/python3.8/site-packages'
[15.152s] Level 1:colcon.colcon_core.shell:create_environment_hook('teleop_twist_keyboard', 'pythonpath')
[15.165s] INFO:colcon.colcon_core.shell:Creating environment hook '/ws/install/teleop_twist_keyboard/share/teleop_twist_keyboard/hook/pythonpath.ps1'
[15.167s] INFO:colcon.colcon_core.shell:Creating environment descriptor '/ws/install/teleop_twist_keyboard/share/teleop_twist_keyboard/hook/pythonpath.dsv'
[15.168s] INFO:colcon.colcon_core.shell:Creating environment hook '/ws/install/teleop_twist_keyboard/share/teleop_twist_keyboard/hook/pythonpath.sh'
[15.170s] Level 1:colcon.colcon_core.environment:checking '/ws/install/teleop_twist_keyboard/bin'
[15.170s] Level 1:colcon.colcon_core.environment:create_environment_scripts_only(teleop_twist_keyboard)
[15.184s] INFO:colcon.colcon_core.shell:Creating package script '/ws/install/teleop_twist_keyboard/share/teleop_twist_keyboard/package.ps1'
[15.186s] INFO:colcon.colcon_core.shell:Creating package descriptor '/ws/install/teleop_twist_keyboard/share/teleop_twist_keyboard/package.dsv'
[15.188s] INFO:colcon.colcon_core.shell:Creating package script '/ws/install/teleop_twist_keyboard/share/teleop_twist_keyboard/package.sh'
[15.189s] INFO:colcon.colcon_core.shell:Creating package script '/ws/install/teleop_twist_keyboard/share/teleop_twist_keyboard/package.bash'
[15.190s] INFO:colcon.colcon_core.shell:Creating package script '/ws/install/teleop_twist_keyboard/share/teleop_twist_keyboard/package.zsh'
[15.192s] Level 1:colcon.colcon_core.environment:create_file_with_runtime_dependencies(/ws/install/teleop_twist_keyboard/share/colcon-core/packages/teleop_twist_keyboard)
[15.192s] DEBUG:colcon.colcon_parallel_executor.executor.parallel:closing loop
[15.194s] DEBUG:colcon.colcon_parallel_executor.executor.parallel:loop closed
[15.194s] DEBUG:colcon.colcon_parallel_executor.executor.parallel:run_until_complete finished with '0'
[15.194s] DEBUG:colcon.colcon_core.event_reactor:joining thread
[15.232s] INFO:colcon.colcon_core.plugin_system:Skipping extension 'colcon_notification.desktop_notification.notify_send': Could not find 'notify-send'
[15.232s] INFO:colcon.colcon_core.plugin_system:Skipping extension 'colcon_notification.desktop_notification.terminal_notifier': Not used on non-Darwin systems
[15.233s] INFO:colcon.colcon_core.plugin_system:Skipping extension 'colcon_notification.desktop_notification.win32': Not used on non-Windows systems
[15.233s] INFO:colcon.colcon_notification.desktop_notification:Sending desktop notification using 'notify2'
[15.233s] DEBUG:colcon.colcon_notification.desktop_notification.notify2:Failed to initialize notify2: org.freedesktop.DBus.Error.NotSupported: Unable to autolaunch a dbus-daemon without a $DISPLAY for X11
[15.233s] DEBUG:colcon.colcon_core.event_reactor:joined thread
[15.247s] INFO:colcon.colcon_core.shell:Creating prefix script '/ws/install/local_setup.ps1'
[15.250s] INFO:colcon.colcon_core.shell:Creating prefix util module '/ws/install/_local_setup_util_ps1.py'
[15.256s] INFO:colcon.colcon_core.shell:Creating prefix chain script '/ws/install/setup.ps1'
[15.264s] INFO:colcon.colcon_core.shell:Creating prefix script '/ws/install/local_setup.sh'
[15.266s] INFO:colcon.colcon_core.shell:Creating prefix util module '/ws/install/_local_setup_util_sh.py'
[15.268s] INFO:colcon.colcon_core.shell:Creating prefix chain script '/ws/install/setup.sh'
[15.276s] INFO:colcon.colcon_core.shell:Creating prefix script '/ws/install/local_setup.bash'
[15.278s] INFO:colcon.colcon_core.shell:Creating prefix chain script '/ws/install/setup.bash'
[15.286s] INFO:colcon.colcon_core.shell:Creating prefix script '/ws/install/local_setup.zsh'
[15.288s] INFO:colcon.colcon_core.shell:Creating prefix chain script '/ws/install/setup.zsh'
