[3.822s] Invoking command in '/ws/build/nanosaur_hardware': PYTHONPATH=/ws/build/nanosaur_hardware/prefix_override:/ws/install/nanosaur_hardware/lib/python3.8/site-packages:${PYTHONPATH} /usr/bin/python3 setup.py develop --editable --build-directory /ws/build/nanosaur_hardware/build --no-deps install_data
[5.036s] running develop
[5.800s] running egg_info
[5.805s] creating nanosaur_hardware.egg-info
[5.805s] writing nanosaur_hardware.egg-info/PKG-INFO
[5.806s] writing dependency_links to nanosaur_hardware.egg-info/dependency_links.txt
[5.808s] writing entry points to nanosaur_hardware.egg-info/entry_points.txt
[5.809s] writing requirements to nanosaur_hardware.egg-info/requires.txt
[5.809s] writing top-level names to nanosaur_hardware.egg-info/top_level.txt
[5.810s] writing manifest file 'nanosaur_hardware.egg-info/SOURCES.txt'
[5.969s] reading manifest file 'nanosaur_hardware.egg-info/SOURCES.txt'
[5.973s] writing manifest file 'nanosaur_hardware.egg-info/SOURCES.txt'
[6.167s] running build_ext
[6.172s] Creating /ws/install/nanosaur_hardware/lib/python3.8/site-packages/site.py
[6.179s] Creating /ws/install/nanosaur_hardware/lib/python3.8/site-packages/nanosaur-hardware.egg-link (link to .)
[6.183s] Installing nanosaur script to /ws/install/nanosaur_hardware/lib/nanosaur_hardware
[6.184s] 
[6.185s] Installed /ws/build/nanosaur_hardware
[6.186s] running install_data
[6.186s] creating /ws/install/nanosaur_hardware/share/ament_index
[6.187s] creating /ws/install/nanosaur_hardware/share/ament_index/resource_index
[6.187s] creating /ws/install/nanosaur_hardware/share/ament_index/resource_index/packages
[6.188s] copying resource/nanosaur_hardware -> /ws/install/nanosaur_hardware/share/ament_index/resource_index/packages
[6.188s] copying package.xml -> /ws/install/nanosaur_hardware/share/nanosaur_hardware
[6.189s] copying requirements.txt -> /ws/install/nanosaur_hardware/share/nanosaur_hardware
[6.331s] Invoked command in '/ws/build/nanosaur_hardware' returned '0': PYTHONPATH=/ws/build/nanosaur_hardware/prefix_override:/ws/install/nanosaur_hardware/lib/python3.8/site-packages:${PYTHONPATH} /usr/bin/python3 setup.py develop --editable --build-directory /ws/build/nanosaur_hardware/build --no-deps install_data
