[1.492s] DEBUG:colcon:Command line arguments: ['/usr/bin/colcon', 'build', '--symlink-install']
[1.492s] DEBUG:colcon:Parsed command line arguments: Namespace(ament_cmake_args=None, base_paths=['.'], build_base='build', catkin_cmake_args=None, catkin_skip_building_tests=False, cmake_args=None, cmake_clean_cache=False, cmake_clean_first=False, cmake_force_configure=False, cmake_target=None, cmake_target_skip_unavailable=False, continue_on_error=False, event_handlers=None, executor='parallel', ignore_user_meta=False, install_base='install', log_base=None, log_level=None, main=<bound method BuildVerb.main of <colcon_core.verb.build.BuildVerb object at 0x7fa4dbcb20>>, merge_install=False, metas=['./colcon.meta'], packages_above=None, packages_above_and_dependencies=None, packages_above_depth=None, packages_end=None, packages_ignore=None, packages_ignore_regex=None, packages_select=None, packages_select_build_failed=False, packages_select_by_dep=None, packages_select_regex=None, packages_select_test_failures=False, packages_skip=None, packages_skip_build_finished=False, packages_skip_by_dep=None, packages_skip_regex=None, packages_skip_test_passed=False, packages_skip_up_to=None, packages_start=None, packages_up_to=None, packages_up_to_regex=None, parallel_workers=4, paths=None, symlink_install=True, test_result_base=None, verb_extension=<colcon_core.verb.build.BuildVerb object at 0x7fa4dbcb20>, verb_name='build', verb_parser=<colcon_defaults.argument_parser.defaults.DefaultArgumentsDecorator object at 0x7fa4dca0d0>)
[1.618s] Level 1:colcon.colcon_core.package_discovery:discover_packages(colcon_meta) check parameters
[1.618s] Level 1:colcon.colcon_core.package_discovery:discover_packages(recursive) check parameters
[1.618s] Level 1:colcon.colcon_core.package_discovery:discover_packages(ignore) check parameters
[1.618s] Level 1:colcon.colcon_core.package_discovery:discover_packages(path) check parameters
[1.618s] Level 1:colcon.colcon_core.package_discovery:discover_packages(colcon_meta) discover
[1.619s] Level 1:colcon.colcon_core.package_discovery:discover_packages(recursive) discover
[1.619s] INFO:colcon.colcon_core.package_discovery:Crawling recursively for packages in '/ws'
[1.619s] Level 1:colcon.colcon_core.package_identification:_identify(.) by extensions ['ignore', 'ignore_ament_install']
[1.620s] Level 1:colcon.colcon_core.package_identification:_identify(.) by extension 'ignore'
[1.620s] Level 1:colcon.colcon_core.package_identification:_identify(.) by extension 'ignore_ament_install'
[1.620s] Level 1:colcon.colcon_core.package_identification:_identify(.) by extensions ['colcon_pkg']
[1.620s] Level 1:colcon.colcon_core.package_identification:_identify(.) by extension 'colcon_pkg'
[1.621s] Level 1:colcon.colcon_core.package_identification:_identify(.) by extensions ['colcon_meta']
[1.621s] Level 1:colcon.colcon_core.package_identification:_identify(.) by extension 'colcon_meta'
[1.621s] Level 1:colcon.colcon_core.package_identification:_identify(.) by extensions ['ros']
[1.621s] Level 1:colcon.colcon_core.package_identification:_identify(.) by extension 'ros'
[1.707s] Level 1:colcon.colcon_core.package_identification:_identify(.) by extensions ['cmake', 'python']
[1.707s] Level 1:colcon.colcon_core.package_identification:_identify(.) by extension 'cmake'
[1.707s] Level 1:colcon.colcon_core.package_identification:_identify(.) by extension 'python'
[1.707s] Level 1:colcon.colcon_core.package_identification:_identify(.) by extensions ['python_setup_py']
[1.708s] Level 1:colcon.colcon_core.package_identification:_identify(.) by extension 'python_setup_py'
[1.708s] Level 1:colcon.colcon_core.package_identification:_identify(build) by extensions ['ignore', 'ignore_ament_install']
[1.708s] Level 1:colcon.colcon_core.package_identification:_identify(build) by extension 'ignore'
[1.709s] Level 1:colcon.colcon_core.package_identification:_identify(build) ignored
[1.709s] Level 1:colcon.colcon_core.package_identification:_identify(install) by extensions ['ignore', 'ignore_ament_install']
[1.709s] Level 1:colcon.colcon_core.package_identification:_identify(install) by extension 'ignore'
[1.710s] Level 1:colcon.colcon_core.package_identification:_identify(install) ignored
[1.710s] Level 1:colcon.colcon_core.package_identification:_identify(log) by extensions ['ignore', 'ignore_ament_install']
[1.710s] Level 1:colcon.colcon_core.package_identification:_identify(log) by extension 'ignore'
[1.711s] Level 1:colcon.colcon_core.package_identification:_identify(log) ignored
[1.711s] Level 1:colcon.colcon_core.package_identification:_identify(src) by extensions ['ignore', 'ignore_ament_install']
[1.711s] Level 1:colcon.colcon_core.package_identification:_identify(src) by extension 'ignore'
[1.712s] Level 1:colcon.colcon_core.package_identification:_identify(src) by extension 'ignore_ament_install'
[1.712s] Level 1:colcon.colcon_core.package_identification:_identify(src) by extensions ['colcon_pkg']
[1.712s] Level 1:colcon.colcon_core.package_identification:_identify(src) by extension 'colcon_pkg'
[1.712s] Level 1:colcon.colcon_core.package_identification:_identify(src) by extensions ['colcon_meta']
[1.712s] Level 1:colcon.colcon_core.package_identification:_identify(src) by extension 'colcon_meta'
[1.712s] Level 1:colcon.colcon_core.package_identification:_identify(src) by extensions ['ros']
[1.713s] Level 1:colcon.colcon_core.package_identification:_identify(src) by extension 'ros'
[1.713s] Level 1:colcon.colcon_core.package_identification:_identify(src) by extensions ['cmake', 'python']
[1.713s] Level 1:colcon.colcon_core.package_identification:_identify(src) by extension 'cmake'
[1.713s] Level 1:colcon.colcon_core.package_identification:_identify(src) by extension 'python'
[1.713s] Level 1:colcon.colcon_core.package_identification:_identify(src) by extensions ['python_setup_py']
[1.714s] Level 1:colcon.colcon_core.package_identification:_identify(src) by extension 'python_setup_py'
[1.714s] Level 1:colcon.colcon_core.package_identification:_identify(src/image_pub) by extensions ['ignore', 'ignore_ament_install']
[1.714s] Level 1:colcon.colcon_core.package_identification:_identify(src/image_pub) by extension 'ignore'
[1.714s] Level 1:colcon.colcon_core.package_identification:_identify(src/image_pub) by extension 'ignore_ament_install'
[1.715s] Level 1:colcon.colcon_core.package_identification:_identify(src/image_pub) by extensions ['colcon_pkg']
[1.715s] Level 1:colcon.colcon_core.package_identification:_identify(src/image_pub) by extension 'colcon_pkg'
[1.715s] Level 1:colcon.colcon_core.package_identification:_identify(src/image_pub) by extensions ['colcon_meta']
[1.715s] Level 1:colcon.colcon_core.package_identification:_identify(src/image_pub) by extension 'colcon_meta'
[1.715s] Level 1:colcon.colcon_core.package_identification:_identify(src/image_pub) by extensions ['ros']
[1.716s] Level 1:colcon.colcon_core.package_identification:_identify(src/image_pub) by extension 'ros'
[1.726s] DEBUG:colcon.colcon_core.package_identification:Package 'src/image_pub' with type 'ros.ament_cmake' and name 'image_pub'
[1.726s] Level 1:colcon.colcon_core.package_identification:_identify(src/nanosaur) by extensions ['ignore', 'ignore_ament_install']
[1.727s] Level 1:colcon.colcon_core.package_identification:_identify(src/nanosaur) by extension 'ignore'
[1.727s] Level 1:colcon.colcon_core.package_identification:_identify(src/nanosaur) by extension 'ignore_ament_install'
[1.727s] Level 1:colcon.colcon_core.package_identification:_identify(src/nanosaur) by extensions ['colcon_pkg']
[1.727s] Level 1:colcon.colcon_core.package_identification:_identify(src/nanosaur) by extension 'colcon_pkg'
[1.728s] Level 1:colcon.colcon_core.package_identification:_identify(src/nanosaur) by extensions ['colcon_meta']
[1.728s] Level 1:colcon.colcon_core.package_identification:_identify(src/nanosaur) by extension 'colcon_meta'
[1.728s] Level 1:colcon.colcon_core.package_identification:_identify(src/nanosaur) by extensions ['ros']
[1.728s] Level 1:colcon.colcon_core.package_identification:_identify(src/nanosaur) by extension 'ros'
[1.728s] Level 1:colcon.colcon_core.package_identification:_identify(src/nanosaur) by extensions ['cmake', 'python']
[1.729s] Level 1:colcon.colcon_core.package_identification:_identify(src/nanosaur) by extension 'cmake'
[1.729s] Level 1:colcon.colcon_core.package_identification:_identify(src/nanosaur) by extension 'python'
[1.729s] Level 1:colcon.colcon_core.package_identification:_identify(src/nanosaur) by extensions ['python_setup_py']
[1.729s] Level 1:colcon.colcon_core.package_identification:_identify(src/nanosaur) by extension 'python_setup_py'
[1.730s] Level 1:colcon.colcon_core.package_identification:_identify(src/nanosaur/nanosaur_control) by extensions ['ignore', 'ignore_ament_install']
[1.730s] Level 1:colcon.colcon_core.package_identification:_identify(src/nanosaur/nanosaur_control) by extension 'ignore'
[1.730s] Level 1:colcon.colcon_core.package_identification:_identify(src/nanosaur/nanosaur_control) by extension 'ignore_ament_install'
[1.730s] Level 1:colcon.colcon_core.package_identification:_identify(src/nanosaur/nanosaur_control) by extensions ['colcon_pkg']
[1.730s] Level 1:colcon.colcon_core.package_identification:_identify(src/nanosaur/nanosaur_control) by extension 'colcon_pkg'
[1.731s] Level 1:colcon.colcon_core.package_identification:_identify(src/nanosaur/nanosaur_control) by extensions ['colcon_meta']
[1.731s] Level 1:colcon.colcon_core.package_identification:_identify(src/nanosaur/nanosaur_control) by extension 'colcon_meta'
[1.731s] Level 1:colcon.colcon_core.package_identification:_identify(src/nanosaur/nanosaur_control) by extensions ['ros']
[1.731s] Level 1:colcon.colcon_core.package_identification:_identify(src/nanosaur/nanosaur_control) by extension 'ros'
[1.734s] DEBUG:colcon.colcon_core.package_identification:Package 'src/nanosaur/nanosaur_control' with type 'ros.ament_cmake' and name 'nanosaur_control'
[1.734s] Level 1:colcon.colcon_core.package_identification:_identify(src/nanosaur/nanosaur_msgs) by extensions ['ignore', 'ignore_ament_install']
[1.734s] Level 1:colcon.colcon_core.package_identification:_identify(src/nanosaur/nanosaur_msgs) by extension 'ignore'
[1.735s] Level 1:colcon.colcon_core.package_identification:_identify(src/nanosaur/nanosaur_msgs) by extension 'ignore_ament_install'
[1.735s] Level 1:colcon.colcon_core.package_identification:_identify(src/nanosaur/nanosaur_msgs) by extensions ['colcon_pkg']
[1.735s] Level 1:colcon.colcon_core.package_identification:_identify(src/nanosaur/nanosaur_msgs) by extension 'colcon_pkg'
[1.735s] Level 1:colcon.colcon_core.package_identification:_identify(src/nanosaur/nanosaur_msgs) by extensions ['colcon_meta']
[1.735s] Level 1:colcon.colcon_core.package_identification:_identify(src/nanosaur/nanosaur_msgs) by extension 'colcon_meta'
[1.736s] Level 1:colcon.colcon_core.package_identification:_identify(src/nanosaur/nanosaur_msgs) by extensions ['ros']
[1.736s] Level 1:colcon.colcon_core.package_identification:_identify(src/nanosaur/nanosaur_msgs) by extension 'ros'
[1.738s] DEBUG:colcon.colcon_core.package_identification:Package 'src/nanosaur/nanosaur_msgs' with type 'ros.ament_cmake' and name 'nanosaur_msgs'
[1.739s] Level 1:colcon.colcon_core.package_identification:_identify(src/nanosaur_hardware) by extensions ['ignore', 'ignore_ament_install']
[1.739s] Level 1:colcon.colcon_core.package_identification:_identify(src/nanosaur_hardware) by extension 'ignore'
[1.739s] Level 1:colcon.colcon_core.package_identification:_identify(src/nanosaur_hardware) by extension 'ignore_ament_install'
[1.739s] Level 1:colcon.colcon_core.package_identification:_identify(src/nanosaur_hardware) by extensions ['colcon_pkg']
[1.740s] Level 1:colcon.colcon_core.package_identification:_identify(src/nanosaur_hardware) by extension 'colcon_pkg'
[1.740s] Level 1:colcon.colcon_core.package_identification:_identify(src/nanosaur_hardware) by extensions ['colcon_meta']
[1.740s] Level 1:colcon.colcon_core.package_identification:_identify(src/nanosaur_hardware) by extension 'colcon_meta'
[1.740s] Level 1:colcon.colcon_core.package_identification:_identify(src/nanosaur_hardware) by extensions ['ros']
[1.740s] Level 1:colcon.colcon_core.package_identification:_identify(src/nanosaur_hardware) by extension 'ros'
[1.743s] DEBUG:colcon.colcon_core.package_identification:Package 'src/nanosaur_hardware' with type 'ros.ament_python' and name 'nanosaur_hardware'
[1.743s] Level 1:colcon.colcon_core.package_identification:_identify(src/rosboard) by extensions ['ignore', 'ignore_ament_install']
[1.744s] Level 1:colcon.colcon_core.package_identification:_identify(src/rosboard) by extension 'ignore'
[1.744s] Level 1:colcon.colcon_core.package_identification:_identify(src/rosboard) by extension 'ignore_ament_install'
[1.744s] Level 1:colcon.colcon_core.package_identification:_identify(src/rosboard) by extensions ['colcon_pkg']
[1.744s] Level 1:colcon.colcon_core.package_identification:_identify(src/rosboard) by extension 'colcon_pkg'
[1.745s] Level 1:colcon.colcon_core.package_identification:_identify(src/rosboard) by extensions ['colcon_meta']
[1.745s] Level 1:colcon.colcon_core.package_identification:_identify(src/rosboard) by extension 'colcon_meta'
[1.745s] Level 1:colcon.colcon_core.package_identification:_identify(src/rosboard) by extensions ['ros']
[1.745s] Level 1:colcon.colcon_core.package_identification:_identify(src/rosboard) by extension 'ros'
[1.757s] DEBUG:colcon.colcon_core.package_identification:Package 'src/rosboard' with type 'ros.ament_python' and name 'rosboard'
[1.757s] Level 1:colcon.colcon_core.package_identification:_identify(src/rover_line_follower) by extensions ['ignore', 'ignore_ament_install']
[1.757s] Level 1:colcon.colcon_core.package_identification:_identify(src/rover_line_follower) by extension 'ignore'
[1.758s] Level 1:colcon.colcon_core.package_identification:_identify(src/rover_line_follower) by extension 'ignore_ament_install'
[1.758s] Level 1:colcon.colcon_core.package_identification:_identify(src/rover_line_follower) by extensions ['colcon_pkg']
[1.758s] Level 1:colcon.colcon_core.package_identification:_identify(src/rover_line_follower) by extension 'colcon_pkg'
[1.758s] Level 1:colcon.colcon_core.package_identification:_identify(src/rover_line_follower) by extensions ['colcon_meta']
[1.758s] Level 1:colcon.colcon_core.package_identification:_identify(src/rover_line_follower) by extension 'colcon_meta'
[1.759s] Level 1:colcon.colcon_core.package_identification:_identify(src/rover_line_follower) by extensions ['ros']
[1.759s] Level 1:colcon.colcon_core.package_identification:_identify(src/rover_line_follower) by extension 'ros'
[1.761s] DEBUG:colcon.colcon_core.package_identification:Package 'src/rover_line_follower' with type 'ros.ament_python' and name 'rover_line_follower'
[1.761s] Level 1:colcon.colcon_core.package_identification:_identify(src/teleop_twist_keyboard) by extensions ['ignore', 'ignore_ament_install']
[1.761s] Level 1:colcon.colcon_core.package_identification:_identify(src/teleop_twist_keyboard) by extension 'ignore'
[1.762s] Level 1:colcon.colcon_core.package_identification:_identify(src/teleop_twist_keyboard) by extension 'ignore_ament_install'
[1.762s] Level 1:colcon.colcon_core.package_identification:_identify(src/teleop_twist_keyboard) by extensions ['colcon_pkg']
[1.762s] Level 1:colcon.colcon_core.package_identification:_identify(src/teleop_twist_keyboard) by extension 'colcon_pkg'
[1.762s] Level 1:colcon.colcon_core.package_identification:_identify(src/teleop_twist_keyboard) by extensions ['colcon_meta']
[1.762s] Level 1:colcon.colcon_core.package_identification:_identify(src/teleop_twist_keyboard) by extension 'colcon_meta'
[1.763s] Level 1:colcon.colcon_core.package_identification:_identify(src/teleop_twist_keyboard) by extensions ['ros']
[1.763s] Level 1:colcon.colcon_core.package_identification:_identify(src/teleop_twist_keyboard) by extension 'ros'
[1.765s] DEBUG:colcon.colcon_core.package_identification:Package 'src/teleop_twist_keyboard' with type 'ros.ament_python' and name 'teleop_twist_keyboard'
[1.765s] Level 1:colcon.colcon_core.package_discovery:discover_packages(recursive) using defaults
[1.765s] Level 1:colcon.colcon_core.package_discovery:discover_packages(ignore) discover
[1.765s] Level 1:colcon.colcon_core.package_discovery:discover_packages(ignore) using defaults
[1.766s] Level 1:colcon.colcon_core.package_discovery:discover_packages(path) discover
[1.766s] Level 1:colcon.colcon_core.package_discovery:discover_packages(path) using defaults
[1.883s] Level 5:colcon.colcon_core.verb:set package 'image_pub' build argument 'cmake_args' from command line to 'None'
[1.883s] Level 5:colcon.colcon_core.verb:set package 'image_pub' build argument 'cmake_target' from command line to 'None'
[1.883s] Level 5:colcon.colcon_core.verb:set package 'image_pub' build argument 'cmake_target_skip_unavailable' from command line to 'False'
[1.883s] Level 5:colcon.colcon_core.verb:set package 'image_pub' build argument 'cmake_clean_cache' from command line to 'False'
[1.883s] Level 5:colcon.colcon_core.verb:set package 'image_pub' build argument 'cmake_clean_first' from command line to 'False'
[1.884s] Level 5:colcon.colcon_core.verb:set package 'image_pub' build argument 'cmake_force_configure' from command line to 'False'
[1.884s] Level 5:colcon.colcon_core.verb:set package 'image_pub' build argument 'ament_cmake_args' from command line to 'None'
[1.884s] Level 5:colcon.colcon_core.verb:set package 'image_pub' build argument 'catkin_cmake_args' from command line to 'None'
[1.884s] Level 5:colcon.colcon_core.verb:set package 'image_pub' build argument 'catkin_skip_building_tests' from command line to 'False'
[1.884s] DEBUG:colcon.colcon_core.verb:Building package 'image_pub' with the following arguments: {'ament_cmake_args': None, 'build_base': '/ws/build/image_pub', 'catkin_cmake_args': None, 'catkin_skip_building_tests': False, 'cmake_args': None, 'cmake_clean_cache': False, 'cmake_clean_first': False, 'cmake_force_configure': False, 'cmake_target': None, 'cmake_target_skip_unavailable': False, 'install_base': '/ws/install/image_pub', 'merge_install': False, 'path': '/ws/src/image_pub', 'symlink_install': True, 'test_result_base': None}
[1.892s] Level 5:colcon.colcon_core.verb:set package 'nanosaur_control' build argument 'cmake_args' from command line to 'None'
[1.892s] Level 5:colcon.colcon_core.verb:set package 'nanosaur_control' build argument 'cmake_target' from command line to 'None'
[1.892s] Level 5:colcon.colcon_core.verb:set package 'nanosaur_control' build argument 'cmake_target_skip_unavailable' from command line to 'False'
[1.892s] Level 5:colcon.colcon_core.verb:set package 'nanosaur_control' build argument 'cmake_clean_cache' from command line to 'False'
[1.892s] Level 5:colcon.colcon_core.verb:set package 'nanosaur_control' build argument 'cmake_clean_first' from command line to 'False'
[1.892s] Level 5:colcon.colcon_core.verb:set package 'nanosaur_control' build argument 'cmake_force_configure' from command line to 'False'
[1.892s] Level 5:colcon.colcon_core.verb:set package 'nanosaur_control' build argument 'ament_cmake_args' from command line to 'None'
[1.892s] Level 5:colcon.colcon_core.verb:set package 'nanosaur_control' build argument 'catkin_cmake_args' from command line to 'None'
[1.893s] Level 5:colcon.colcon_core.verb:set package 'nanosaur_control' build argument 'catkin_skip_building_tests' from command line to 'False'
[1.893s] DEBUG:colcon.colcon_core.verb:Building package 'nanosaur_control' with the following arguments: {'ament_cmake_args': None, 'build_base': '/ws/build/nanosaur_control', 'catkin_cmake_args': None, 'catkin_skip_building_tests': False, 'cmake_args': None, 'cmake_clean_cache': False, 'cmake_clean_first': False, 'cmake_force_configure': False, 'cmake_target': None, 'cmake_target_skip_unavailable': False, 'install_base': '/ws/install/nanosaur_control', 'merge_install': False, 'path': '/ws/src/nanosaur/nanosaur_control', 'symlink_install': True, 'test_result_base': None}
[1.900s] Level 5:colcon.colcon_core.verb:set package 'nanosaur_hardware' build argument 'cmake_args' from command line to 'None'
[1.900s] Level 5:colcon.colcon_core.verb:set package 'nanosaur_hardware' build argument 'cmake_target' from command line to 'None'
[1.900s] Level 5:colcon.colcon_core.verb:set package 'nanosaur_hardware' build argument 'cmake_target_skip_unavailable' from command line to 'False'
[1.900s] Level 5:colcon.colcon_core.verb:set package 'nanosaur_hardware' build argument 'cmake_clean_cache' from command line to 'False'
[1.900s] Level 5:colcon.colcon_core.verb:set package 'nanosaur_hardware' build argument 'cmake_clean_first' from command line to 'False'
[1.901s] Level 5:colcon.colcon_core.verb:set package 'nanosaur_hardware' build argument 'cmake_force_configure' from command line to 'False'
[1.901s] Level 5:colcon.colcon_core.verb:set package 'nanosaur_hardware' build argument 'ament_cmake_args' from command line to 'None'
[1.901s] Level 5:colcon.colcon_core.verb:set package 'nanosaur_hardware' build argument 'catkin_cmake_args' from command line to 'None'
[1.901s] Level 5:colcon.colcon_core.verb:set package 'nanosaur_hardware' build argument 'catkin_skip_building_tests' from command line to 'False'
[1.901s] DEBUG:colcon.colcon_core.verb:Building package 'nanosaur_hardware' with the following arguments: {'ament_cmake_args': None, 'build_base': '/ws/build/nanosaur_hardware', 'catkin_cmake_args': None, 'catkin_skip_building_tests': False, 'cmake_args': None, 'cmake_clean_cache': False, 'cmake_clean_first': False, 'cmake_force_configure': False, 'cmake_target': None, 'cmake_target_skip_unavailable': False, 'install_base': '/ws/install/nanosaur_hardware', 'merge_install': False, 'path': '/ws/src/nanosaur_hardware', 'symlink_install': True, 'test_result_base': None}
[1.908s] Level 5:colcon.colcon_core.verb:set package 'nanosaur_msgs' build argument 'cmake_args' from command line to 'None'
[1.909s] Level 5:colcon.colcon_core.verb:set package 'nanosaur_msgs' build argument 'cmake_target' from command line to 'None'
[1.909s] Level 5:colcon.colcon_core.verb:set package 'nanosaur_msgs' build argument 'cmake_target_skip_unavailable' from command line to 'False'
[1.909s] Level 5:colcon.colcon_core.verb:set package 'nanosaur_msgs' build argument 'cmake_clean_cache' from command line to 'False'
[1.909s] Level 5:colcon.colcon_core.verb:set package 'nanosaur_msgs' build argument 'cmake_clean_first' from command line to 'False'
[1.909s] Level 5:colcon.colcon_core.verb:set package 'nanosaur_msgs' build argument 'cmake_force_configure' from command line to 'False'
[1.909s] Level 5:colcon.colcon_core.verb:set package 'nanosaur_msgs' build argument 'ament_cmake_args' from command line to 'None'
[1.909s] Level 5:colcon.colcon_core.verb:set package 'nanosaur_msgs' build argument 'catkin_cmake_args' from command line to 'None'
[1.909s] Level 5:colcon.colcon_core.verb:set package 'nanosaur_msgs' build argument 'catkin_skip_building_tests' from command line to 'False'
[1.910s] DEBUG:colcon.colcon_core.verb:Building package 'nanosaur_msgs' with the following arguments: {'ament_cmake_args': None, 'build_base': '/ws/build/nanosaur_msgs', 'catkin_cmake_args': None, 'catkin_skip_building_tests': False, 'cmake_args': None, 'cmake_clean_cache': False, 'cmake_clean_first': False, 'cmake_force_configure': False, 'cmake_target': None, 'cmake_target_skip_unavailable': False, 'install_base': '/ws/install/nanosaur_msgs', 'merge_install': False, 'path': '/ws/src/nanosaur/nanosaur_msgs', 'symlink_install': True, 'test_result_base': None}
[1.917s] Level 5:colcon.colcon_core.verb:set package 'rosboard' build argument 'cmake_args' from command line to 'None'
[1.917s] Level 5:colcon.colcon_core.verb:set package 'rosboard' build argument 'cmake_target' from command line to 'None'
[1.917s] Level 5:colcon.colcon_core.verb:set package 'rosboard' build argument 'cmake_target_skip_unavailable' from command line to 'False'
[1.917s] Level 5:colcon.colcon_core.verb:set package 'rosboard' build argument 'cmake_clean_cache' from command line to 'False'
[1.917s] Level 5:colcon.colcon_core.verb:set package 'rosboard' build argument 'cmake_clean_first' from command line to 'False'
[1.917s] Level 5:colcon.colcon_core.verb:set package 'rosboard' build argument 'cmake_force_configure' from command line to 'False'
[1.918s] Level 5:colcon.colcon_core.verb:set package 'rosboard' build argument 'ament_cmake_args' from command line to 'None'
[1.918s] Level 5:colcon.colcon_core.verb:set package 'rosboard' build argument 'catkin_cmake_args' from command line to 'None'
[1.918s] Level 5:colcon.colcon_core.verb:set package 'rosboard' build argument 'catkin_skip_building_tests' from command line to 'False'
[1.918s] DEBUG:colcon.colcon_core.verb:Building package 'rosboard' with the following arguments: {'ament_cmake_args': None, 'build_base': '/ws/build/rosboard', 'catkin_cmake_args': None, 'catkin_skip_building_tests': False, 'cmake_args': None, 'cmake_clean_cache': False, 'cmake_clean_first': False, 'cmake_force_configure': False, 'cmake_target': None, 'cmake_target_skip_unavailable': False, 'install_base': '/ws/install/rosboard', 'merge_install': False, 'path': '/ws/src/rosboard', 'symlink_install': True, 'test_result_base': None}
[1.925s] Level 5:colcon.colcon_core.verb:set package 'rover_line_follower' build argument 'cmake_args' from command line to 'None'
[1.925s] Level 5:colcon.colcon_core.verb:set package 'rover_line_follower' build argument 'cmake_target' from command line to 'None'
[1.925s] Level 5:colcon.colcon_core.verb:set package 'rover_line_follower' build argument 'cmake_target_skip_unavailable' from command line to 'False'
[1.926s] Level 5:colcon.colcon_core.verb:set package 'rover_line_follower' build argument 'cmake_clean_cache' from command line to 'False'
[1.926s] Level 5:colcon.colcon_core.verb:set package 'rover_line_follower' build argument 'cmake_clean_first' from command line to 'False'
[1.926s] Level 5:colcon.colcon_core.verb:set package 'rover_line_follower' build argument 'cmake_force_configure' from command line to 'False'
[1.926s] Level 5:colcon.colcon_core.verb:set package 'rover_line_follower' build argument 'ament_cmake_args' from command line to 'None'
[1.926s] Level 5:colcon.colcon_core.verb:set package 'rover_line_follower' build argument 'catkin_cmake_args' from command line to 'None'
[1.926s] Level 5:colcon.colcon_core.verb:set package 'rover_line_follower' build argument 'catkin_skip_building_tests' from command line to 'False'
[1.926s] DEBUG:colcon.colcon_core.verb:Building package 'rover_line_follower' with the following arguments: {'ament_cmake_args': None, 'build_base': '/ws/build/rover_line_follower', 'catkin_cmake_args': None, 'catkin_skip_building_tests': False, 'cmake_args': None, 'cmake_clean_cache': False, 'cmake_clean_first': False, 'cmake_force_configure': False, 'cmake_target': None, 'cmake_target_skip_unavailable': False, 'install_base': '/ws/install/rover_line_follower', 'merge_install': False, 'path': '/ws/src/rover_line_follower', 'symlink_install': True, 'test_result_base': None}
[1.934s] Level 5:colcon.colcon_core.verb:set package 'teleop_twist_keyboard' build argument 'cmake_args' from command line to 'None'
[1.934s] Level 5:colcon.colcon_core.verb:set package 'teleop_twist_keyboard' build argument 'cmake_target' from command line to 'None'
[1.934s] Level 5:colcon.colcon_core.verb:set package 'teleop_twist_keyboard' build argument 'cmake_target_skip_unavailable' from command line to 'False'
[1.934s] Level 5:colcon.colcon_core.verb:set package 'teleop_twist_keyboard' build argument 'cmake_clean_cache' from command line to 'False'
[1.934s] Level 5:colcon.colcon_core.verb:set package 'teleop_twist_keyboard' build argument 'cmake_clean_first' from command line to 'False'
[1.934s] Level 5:colcon.colcon_core.verb:set package 'teleop_twist_keyboard' build argument 'cmake_force_configure' from command line to 'False'
[1.934s] Level 5:colcon.colcon_core.verb:set package 'teleop_twist_keyboard' build argument 'ament_cmake_args' from command line to 'None'
[1.935s] Level 5:colcon.colcon_core.verb:set package 'teleop_twist_keyboard' build argument 'catkin_cmake_args' from command line to 'None'
[1.935s] Level 5:colcon.colcon_core.verb:set package 'teleop_twist_keyboard' build argument 'catkin_skip_building_tests' from command line to 'False'
[1.935s] DEBUG:colcon.colcon_core.verb:Building package 'teleop_twist_keyboard' with the following arguments: {'ament_cmake_args': None, 'build_base': '/ws/build/teleop_twist_keyboard', 'catkin_cmake_args': None, 'catkin_skip_building_tests': False, 'cmake_args': None, 'cmake_clean_cache': False, 'cmake_clean_first': False, 'cmake_force_configure': False, 'cmake_target': None, 'cmake_target_skip_unavailable': False, 'install_base': '/ws/install/teleop_twist_keyboard', 'merge_install': False, 'path': '/ws/src/teleop_twist_keyboard', 'symlink_install': True, 'test_result_base': None}
[1.941s] INFO:colcon.colcon_core.executor:Executing jobs using 'parallel' executor
[1.970s] DEBUG:colcon.colcon_parallel_executor.executor.parallel:run_until_complete
[1.971s] INFO:colcon.colcon_ros.task.ament_cmake.build:Building ROS package in '/ws/src/image_pub' with build type 'ament_cmake'
[1.972s] INFO:colcon.colcon_cmake.task.cmake.build:Building CMake package in '/ws/src/image_pub'
[2.000s] INFO:colcon.colcon_core.plugin_system:Skipping extension 'colcon_core.shell.bat': Not used on non-Windows systems
[2.000s] INFO:colcon.colcon_core.shell:Skip shell extension 'powershell' for command environment: Not usable outside of PowerShell
[2.001s] DEBUG:colcon.colcon_core.shell:Skip shell extension 'dsv' for command environment
[2.062s] INFO:colcon.colcon_ros.task.ament_cmake.build:Building ROS package in '/ws/src/nanosaur/nanosaur_control' with build type 'ament_cmake'
[2.063s] INFO:colcon.colcon_cmake.task.cmake.build:Building CMake package in '/ws/src/nanosaur/nanosaur_control'
[2.079s] INFO:colcon.colcon_core.shell:Skip shell extension 'powershell' for command environment: Not usable outside of PowerShell
[2.080s] DEBUG:colcon.colcon_core.shell:Skip shell extension 'dsv' for command environment
[2.136s] INFO:colcon.colcon_ros.task.ament_python.build:Building ROS package in '/ws/src/nanosaur_hardware' with build type 'ament_python'
[2.137s] Level 1:colcon.colcon_core.shell:create_environment_hook('nanosaur_hardware', 'ament_prefix_path')
[2.153s] INFO:colcon.colcon_core.shell:Creating environment hook '/ws/install/nanosaur_hardware/share/nanosaur_hardware/hook/ament_prefix_path.ps1'
[2.156s] INFO:colcon.colcon_core.shell:Creating environment descriptor '/ws/install/nanosaur_hardware/share/nanosaur_hardware/hook/ament_prefix_path.dsv'
[2.158s] INFO:colcon.colcon_core.shell:Creating environment hook '/ws/install/nanosaur_hardware/share/nanosaur_hardware/hook/ament_prefix_path.sh'
[2.173s] INFO:colcon.colcon_core.shell:Skip shell extension 'powershell' for command environment: Not usable outside of PowerShell
[2.174s] DEBUG:colcon.colcon_core.shell:Skip shell extension 'dsv' for command environment
[2.231s] INFO:colcon.colcon_ros.task.ament_cmake.build:Building ROS package in '/ws/src/nanosaur/nanosaur_msgs' with build type 'ament_cmake'
[2.231s] INFO:colcon.colcon_cmake.task.cmake.build:Building CMake package in '/ws/src/nanosaur/nanosaur_msgs'
[2.247s] INFO:colcon.colcon_core.shell:Skip shell extension 'powershell' for command environment: Not usable outside of PowerShell
[2.248s] DEBUG:colcon.colcon_core.shell:Skip shell extension 'dsv' for command environment
[2.324s] DEBUG:colcon.colcon_core.event_handler.log_command:Invoking command in '/ws/build/image_pub': CMAKE_PREFIX_PATH=/ws/install/nanosaur_msgs:/ws/install/nanosaur_control:/ws/install/image_pub:/ws/install/teleop_twist_keyboard:/ws/install/rover_line_follower:/ws/install/rosboard:/ws/install/nanosaur_hardware:/ros_deep_learning/install/ros_deep_learning:/opt/ros/humble/install /usr/local/bin/cmake --build /ws/build/image_pub -- -j4 -l4
[2.352s] DEBUG:colcon.colcon_core.event_handler.log_command:Invoking command in '/ws/build/nanosaur_control': CMAKE_PREFIX_PATH=/ws/install/nanosaur_msgs:/ws/install/nanosaur_control:/ws/install/image_pub:/ws/install/teleop_twist_keyboard:/ws/install/rover_line_follower:/ws/install/rosboard:/ws/install/nanosaur_hardware:/ros_deep_learning/install/ros_deep_learning:/opt/ros/humble/install /usr/local/bin/cmake --build /ws/build/nanosaur_control -- -j4 -l4
[3.462s] INFO:colcon.colcon_core.task.python.build:Building Python package in '/ws/src/nanosaur_hardware'
[3.476s] INFO:colcon.colcon_core.shell:Skip shell extension 'powershell' for command environment: Not usable outside of PowerShell
[3.476s] DEBUG:colcon.colcon_core.shell:Skip shell extension 'dsv' for command environment
[3.558s] DEBUG:colcon.colcon_core.event_handler.log_command:Invoking command in '/ws/build/nanosaur_msgs': CMAKE_PREFIX_PATH=/ws/install/nanosaur_msgs:/ws/install/nanosaur_control:/ws/install/image_pub:/ws/install/teleop_twist_keyboard:/ws/install/rover_line_follower:/ws/install/rosboard:/ws/install/nanosaur_hardware:/ros_deep_learning/install/ros_deep_learning:/opt/ros/humble/install /usr/local/bin/cmake --build /ws/build/nanosaur_msgs -- -j4 -l4
[3.564s] DEBUG:colcon.colcon_core.event_handler.log_command:Invoked command in '/ws/build/image_pub' returned '0': CMAKE_PREFIX_PATH=/ws/install/nanosaur_msgs:/ws/install/nanosaur_control:/ws/install/image_pub:/ws/install/teleop_twist_keyboard:/ws/install/rover_line_follower:/ws/install/rosboard:/ws/install/nanosaur_hardware:/ros_deep_learning/install/ros_deep_learning:/opt/ros/humble/install /usr/local/bin/cmake --build /ws/build/image_pub -- -j4 -l4
[3.574s] DEBUG:colcon.colcon_core.event_handler.log_command:Invoked command in '/ws/build/nanosaur_control' returned '0': CMAKE_PREFIX_PATH=/ws/install/nanosaur_msgs:/ws/install/nanosaur_control:/ws/install/image_pub:/ws/install/teleop_twist_keyboard:/ws/install/rover_line_follower:/ws/install/rosboard:/ws/install/nanosaur_hardware:/ros_deep_learning/install/ros_deep_learning:/opt/ros/humble/install /usr/local/bin/cmake --build /ws/build/nanosaur_control -- -j4 -l4
[4.066s] DEBUG:colcon.colcon_core.event_handler.log_command:Invoking command in '/ws/build/nanosaur_control': CMAKE_PREFIX_PATH=/ws/install/nanosaur_msgs:/ws/install/nanosaur_control:/ws/install/image_pub:/ws/install/teleop_twist_keyboard:/ws/install/rover_line_follower:/ws/install/rosboard:/ws/install/nanosaur_hardware:/ros_deep_learning/install/ros_deep_learning:/opt/ros/humble/install /usr/local/bin/cmake --install /ws/build/nanosaur_control
[4.093s] DEBUG:colcon.colcon_core.event_handler.log_command:Invoking command in '/ws/build/image_pub': CMAKE_PREFIX_PATH=/ws/install/nanosaur_msgs:/ws/install/nanosaur_control:/ws/install/image_pub:/ws/install/teleop_twist_keyboard:/ws/install/rover_line_follower:/ws/install/rosboard:/ws/install/nanosaur_hardware:/ros_deep_learning/install/ros_deep_learning:/opt/ros/humble/install /usr/local/bin/cmake --install /ws/build/image_pub
[4.366s] Level 1:colcon.colcon_core.environment:create_environment_scripts_only(nanosaur_control)
[4.368s] DEBUG:colcon.colcon_core.event_handler.log_command:Invoked command in '/ws/build/nanosaur_control' returned '0': CMAKE_PREFIX_PATH=/ws/install/nanosaur_msgs:/ws/install/nanosaur_control:/ws/install/image_pub:/ws/install/teleop_twist_keyboard:/ws/install/rover_line_follower:/ws/install/rosboard:/ws/install/nanosaur_hardware:/ros_deep_learning/install/ros_deep_learning:/opt/ros/humble/install /usr/local/bin/cmake --install /ws/build/nanosaur_control
[4.432s] Level 1:colcon.colcon_core.environment:checking '/ws/install/nanosaur_control' for CMake module files
[4.436s] Level 1:colcon.colcon_core.environment:checking '/ws/install/nanosaur_control' for CMake config files
[4.443s] Level 1:colcon.colcon_core.shell:create_environment_hook('nanosaur_control', 'cmake_prefix_path')
[4.471s] INFO:colcon.colcon_core.shell:Creating environment hook '/ws/install/nanosaur_control/share/nanosaur_control/hook/cmake_prefix_path.ps1'
[4.473s] INFO:colcon.colcon_core.shell:Creating environment descriptor '/ws/install/nanosaur_control/share/nanosaur_control/hook/cmake_prefix_path.dsv'
[4.475s] INFO:colcon.colcon_core.shell:Creating environment hook '/ws/install/nanosaur_control/share/nanosaur_control/hook/cmake_prefix_path.sh'
[4.479s] Level 1:colcon.colcon_core.environment:checking '/ws/install/nanosaur_control/bin'
[4.480s] Level 1:colcon.colcon_core.environment:checking '/ws/install/nanosaur_control/lib/pkgconfig/nanosaur_control.pc'
[4.481s] Level 1:colcon.colcon_core.environment:checking '/ws/install/nanosaur_control/lib/python3.8/site-packages'
[4.482s] Level 1:colcon.colcon_core.environment:checking '/ws/install/nanosaur_control/bin'
[4.500s] INFO:colcon.colcon_core.shell:Creating package script '/ws/install/nanosaur_control/share/nanosaur_control/package.ps1'
[4.505s] INFO:colcon.colcon_core.shell:Creating package descriptor '/ws/install/nanosaur_control/share/nanosaur_control/package.dsv'
[4.507s] INFO:colcon.colcon_core.shell:Creating package script '/ws/install/nanosaur_control/share/nanosaur_control/package.sh'
[4.511s] INFO:colcon.colcon_core.shell:Creating package script '/ws/install/nanosaur_control/share/nanosaur_control/package.bash'
[4.515s] INFO:colcon.colcon_core.shell:Creating package script '/ws/install/nanosaur_control/share/nanosaur_control/package.zsh'
[4.518s] Level 1:colcon.colcon_core.environment:create_file_with_runtime_dependencies(/ws/install/nanosaur_control/share/colcon-core/packages/nanosaur_control)
[4.545s] Level 1:colcon.colcon_core.environment:create_environment_scripts_only(image_pub)
[4.558s] DEBUG:colcon.colcon_core.event_handler.log_command:Invoked command in '/ws/build/image_pub' returned '0': CMAKE_PREFIX_PATH=/ws/install/nanosaur_msgs:/ws/install/nanosaur_control:/ws/install/image_pub:/ws/install/teleop_twist_keyboard:/ws/install/rover_line_follower:/ws/install/rosboard:/ws/install/nanosaur_hardware:/ros_deep_learning/install/ros_deep_learning:/opt/ros/humble/install /usr/local/bin/cmake --install /ws/build/image_pub
[4.570s] Level 1:colcon.colcon_core.environment:checking '/ws/install/image_pub' for CMake module files
[4.573s] Level 1:colcon.colcon_core.environment:checking '/ws/install/image_pub' for CMake config files
[4.577s] Level 1:colcon.colcon_core.shell:create_environment_hook('image_pub', 'cmake_prefix_path')
[4.594s] INFO:colcon.colcon_core.shell:Creating environment hook '/ws/install/image_pub/share/image_pub/hook/cmake_prefix_path.ps1'
[4.596s] INFO:colcon.colcon_core.shell:Creating environment descriptor '/ws/install/image_pub/share/image_pub/hook/cmake_prefix_path.dsv'
[4.598s] INFO:colcon.colcon_core.shell:Creating environment hook '/ws/install/image_pub/share/image_pub/hook/cmake_prefix_path.sh'
[4.603s] Level 1:colcon.colcon_core.environment:checking '/ws/install/image_pub/lib'
[4.604s] Level 1:colcon.colcon_core.environment:checking '/ws/install/image_pub/bin'
[4.604s] Level 1:colcon.colcon_core.environment:checking '/ws/install/image_pub/lib/pkgconfig/image_pub.pc'
[4.605s] Level 1:colcon.colcon_core.environment:checking '/ws/install/image_pub/lib/python3.8/site-packages'
[4.606s] Level 1:colcon.colcon_core.environment:checking '/ws/install/image_pub/bin'
[4.622s] INFO:colcon.colcon_core.shell:Creating package script '/ws/install/image_pub/share/image_pub/package.ps1'
[4.624s] INFO:colcon.colcon_core.shell:Creating package descriptor '/ws/install/image_pub/share/image_pub/package.dsv'
[4.626s] INFO:colcon.colcon_core.shell:Creating package script '/ws/install/image_pub/share/image_pub/package.sh'
[4.628s] INFO:colcon.colcon_core.shell:Creating package script '/ws/install/image_pub/share/image_pub/package.bash'
[4.630s] INFO:colcon.colcon_core.shell:Creating package script '/ws/install/image_pub/share/image_pub/package.zsh'
[4.632s] Level 1:colcon.colcon_core.environment:create_file_with_runtime_dependencies(/ws/install/image_pub/share/colcon-core/packages/image_pub)
[4.777s] Level 1:colcon.colcon_core.environment:create_environment_scripts_only(nanosaur_control)
[4.802s] Level 1:colcon.colcon_core.environment:checking '/ws/install/nanosaur_control' for CMake module files
[4.806s] Level 1:colcon.colcon_core.environment:checking '/ws/install/nanosaur_control' for CMake config files
[4.808s] Level 1:colcon.colcon_core.shell:create_environment_hook('nanosaur_control', 'cmake_prefix_path')
[4.824s] INFO:colcon.colcon_core.shell:Creating environment hook '/ws/install/nanosaur_control/share/nanosaur_control/hook/cmake_prefix_path.ps1'
[4.826s] INFO:colcon.colcon_core.shell:Creating environment descriptor '/ws/install/nanosaur_control/share/nanosaur_control/hook/cmake_prefix_path.dsv'
[4.828s] INFO:colcon.colcon_core.shell:Creating environment hook '/ws/install/nanosaur_control/share/nanosaur_control/hook/cmake_prefix_path.sh'
[4.830s] Level 1:colcon.colcon_core.environment:checking '/ws/install/nanosaur_control/bin'
[4.830s] Level 1:colcon.colcon_core.environment:checking '/ws/install/nanosaur_control/lib/pkgconfig/nanosaur_control.pc'
[4.831s] Level 1:colcon.colcon_core.environment:checking '/ws/install/nanosaur_control/lib/python3.8/site-packages'
[4.832s] Level 1:colcon.colcon_core.environment:checking '/ws/install/nanosaur_control/bin'
[4.849s] INFO:colcon.colcon_core.shell:Creating package script '/ws/install/nanosaur_control/share/nanosaur_control/package.ps1'
[4.851s] INFO:colcon.colcon_core.shell:Creating package descriptor '/ws/install/nanosaur_control/share/nanosaur_control/package.dsv'
[4.854s] INFO:colcon.colcon_core.shell:Creating package script '/ws/install/nanosaur_control/share/nanosaur_control/package.sh'
[4.855s] INFO:colcon.colcon_core.shell:Creating package script '/ws/install/nanosaur_control/share/nanosaur_control/package.bash'
[4.857s] INFO:colcon.colcon_core.shell:Creating package script '/ws/install/nanosaur_control/share/nanosaur_control/package.zsh'
[4.859s] Level 1:colcon.colcon_core.environment:create_file_with_runtime_dependencies(/ws/install/nanosaur_control/share/colcon-core/packages/nanosaur_control)
[4.864s] INFO:colcon.colcon_ros.task.ament_python.build:Building ROS package in '/ws/src/rosboard' with build type 'ament_python'
[4.866s] Level 1:colcon.colcon_core.shell:create_environment_hook('rosboard', 'ament_prefix_path')
[4.882s] INFO:colcon.colcon_core.shell:Creating environment hook '/ws/install/rosboard/share/rosboard/hook/ament_prefix_path.ps1'
[4.884s] INFO:colcon.colcon_core.shell:Creating environment descriptor '/ws/install/rosboard/share/rosboard/hook/ament_prefix_path.dsv'
[4.885s] INFO:colcon.colcon_core.shell:Creating environment hook '/ws/install/rosboard/share/rosboard/hook/ament_prefix_path.sh'
[4.903s] INFO:colcon.colcon_core.shell:Skip shell extension 'powershell' for command environment: Not usable outside of PowerShell
[4.903s] DEBUG:colcon.colcon_core.shell:Skip shell extension 'dsv' for command environment
[4.991s] Level 1:colcon.colcon_core.environment:create_environment_scripts_only(image_pub)
[5.014s] Level 1:colcon.colcon_core.environment:checking '/ws/install/image_pub' for CMake module files
[5.018s] Level 1:colcon.colcon_core.environment:checking '/ws/install/image_pub' for CMake config files
[5.019s] Level 1:colcon.colcon_core.shell:create_environment_hook('image_pub', 'cmake_prefix_path')
[5.034s] INFO:colcon.colcon_core.shell:Creating environment hook '/ws/install/image_pub/share/image_pub/hook/cmake_prefix_path.ps1'
[5.036s] INFO:colcon.colcon_core.shell:Creating environment descriptor '/ws/install/image_pub/share/image_pub/hook/cmake_prefix_path.dsv'
[5.038s] INFO:colcon.colcon_core.shell:Creating environment hook '/ws/install/image_pub/share/image_pub/hook/cmake_prefix_path.sh'
[5.040s] Level 1:colcon.colcon_core.environment:checking '/ws/install/image_pub/lib'
[5.040s] Level 1:colcon.colcon_core.environment:checking '/ws/install/image_pub/bin'
[5.041s] Level 1:colcon.colcon_core.environment:checking '/ws/install/image_pub/lib/pkgconfig/image_pub.pc'
[5.041s] Level 1:colcon.colcon_core.environment:checking '/ws/install/image_pub/lib/python3.8/site-packages'
[5.042s] Level 1:colcon.colcon_core.environment:checking '/ws/install/image_pub/bin'
[5.058s] INFO:colcon.colcon_core.shell:Creating package script '/ws/install/image_pub/share/image_pub/package.ps1'
[5.060s] INFO:colcon.colcon_core.shell:Creating package descriptor '/ws/install/image_pub/share/image_pub/package.dsv'
[5.062s] INFO:colcon.colcon_core.shell:Creating package script '/ws/install/image_pub/share/image_pub/package.sh'
[5.064s] INFO:colcon.colcon_core.shell:Creating package script '/ws/install/image_pub/share/image_pub/package.bash'
[5.065s] INFO:colcon.colcon_core.shell:Creating package script '/ws/install/image_pub/share/image_pub/package.zsh'
[5.067s] Level 1:colcon.colcon_core.environment:create_file_with_runtime_dependencies(/ws/install/image_pub/share/colcon-core/packages/image_pub)
[5.070s] INFO:colcon.colcon_ros.task.ament_python.build:Building ROS package in '/ws/src/rover_line_follower' with build type 'ament_python'
[5.070s] Level 1:colcon.colcon_core.shell:create_environment_hook('rover_line_follower', 'ament_prefix_path')
[5.085s] INFO:colcon.colcon_core.shell:Creating environment hook '/ws/install/rover_line_follower/share/rover_line_follower/hook/ament_prefix_path.ps1'
[5.087s] INFO:colcon.colcon_core.shell:Creating environment descriptor '/ws/install/rover_line_follower/share/rover_line_follower/hook/ament_prefix_path.dsv'
[5.089s] INFO:colcon.colcon_core.shell:Creating environment hook '/ws/install/rover_line_follower/share/rover_line_follower/hook/ament_prefix_path.sh'
[5.106s] INFO:colcon.colcon_core.shell:Skip shell extension 'powershell' for command environment: Not usable outside of PowerShell
[5.106s] DEBUG:colcon.colcon_core.shell:Skip shell extension 'dsv' for command environment
[6.314s] WARNING:colcon.colcon_ros.task.ament_python.build:Package 'rosboard' doesn't explicitly install a marker in the package index (colcon-ros currently does it implicitly but that fallback will be removed in the future)
[6.315s] INFO:colcon.colcon_core.task.python.build:Building Python package in '/ws/src/rosboard'
[6.329s] INFO:colcon.colcon_core.shell:Skip shell extension 'powershell' for command environment: Not usable outside of PowerShell
[6.329s] DEBUG:colcon.colcon_core.shell:Skip shell extension 'dsv' for command environment
[7.428s] INFO:colcon.colcon_core.task.python.build:Building Python package in '/ws/src/rover_line_follower'
[7.443s] INFO:colcon.colcon_core.shell:Skip shell extension 'powershell' for command environment: Not usable outside of PowerShell
[7.444s] DEBUG:colcon.colcon_core.shell:Skip shell extension 'dsv' for command environment
[7.513s] DEBUG:colcon.colcon_core.event_handler.log_command:Invoking command in '/ws/build/nanosaur_hardware': PYTHONPATH=/ws/build/nanosaur_hardware/prefix_override:/ws/install/nanosaur_hardware/lib/python3.8/site-packages:${PYTHONPATH} /usr/bin/python3 setup.py develop --editable --build-directory /ws/build/nanosaur_hardware/build --no-deps install_data
[7.517s] DEBUG:colcon.colcon_core.event_handler.log_command:Invoked command in '/ws/build/nanosaur_msgs' returned '0': CMAKE_PREFIX_PATH=/ws/install/nanosaur_msgs:/ws/install/nanosaur_control:/ws/install/image_pub:/ws/install/teleop_twist_keyboard:/ws/install/rover_line_follower:/ws/install/rosboard:/ws/install/nanosaur_hardware:/ros_deep_learning/install/ros_deep_learning:/opt/ros/humble/install /usr/local/bin/cmake --build /ws/build/nanosaur_msgs -- -j4 -l4
[7.986s] DEBUG:colcon.colcon_core.event_handler.log_command:Invoking command in '/ws/build/nanosaur_msgs': CMAKE_PREFIX_PATH=/ws/install/nanosaur_msgs:/ws/install/nanosaur_control:/ws/install/image_pub:/ws/install/teleop_twist_keyboard:/ws/install/rover_line_follower:/ws/install/rosboard:/ws/install/nanosaur_hardware:/ros_deep_learning/install/ros_deep_learning:/opt/ros/humble/install /usr/local/bin/cmake --install /ws/build/nanosaur_msgs
[8.624s] Level 1:colcon.colcon_core.environment:create_environment_scripts_only(nanosaur_msgs)
[8.634s] DEBUG:colcon.colcon_core.event_handler.log_command:Invoked command in '/ws/build/nanosaur_msgs' returned '0': CMAKE_PREFIX_PATH=/ws/install/nanosaur_msgs:/ws/install/nanosaur_control:/ws/install/image_pub:/ws/install/teleop_twist_keyboard:/ws/install/rover_line_follower:/ws/install/rosboard:/ws/install/nanosaur_hardware:/ros_deep_learning/install/ros_deep_learning:/opt/ros/humble/install /usr/local/bin/cmake --install /ws/build/nanosaur_msgs
[8.649s] Level 1:colcon.colcon_core.environment:checking '/ws/install/nanosaur_msgs' for CMake module files
[8.653s] Level 1:colcon.colcon_core.environment:checking '/ws/install/nanosaur_msgs' for CMake config files
[8.660s] Level 1:colcon.colcon_core.shell:create_environment_hook('nanosaur_msgs', 'cmake_prefix_path')
[8.677s] INFO:colcon.colcon_core.shell:Creating environment hook '/ws/install/nanosaur_msgs/share/nanosaur_msgs/hook/cmake_prefix_path.ps1'
[8.679s] INFO:colcon.colcon_core.shell:Creating environment descriptor '/ws/install/nanosaur_msgs/share/nanosaur_msgs/hook/cmake_prefix_path.dsv'
[8.680s] INFO:colcon.colcon_core.shell:Creating environment hook '/ws/install/nanosaur_msgs/share/nanosaur_msgs/hook/cmake_prefix_path.sh'
[8.683s] Level 1:colcon.colcon_core.environment:checking '/ws/install/nanosaur_msgs/lib'
[8.683s] Level 1:colcon.colcon_core.shell:create_environment_hook('nanosaur_msgs', 'ld_library_path_lib')
[8.700s] INFO:colcon.colcon_core.shell:Creating environment hook '/ws/install/nanosaur_msgs/share/nanosaur_msgs/hook/ld_library_path_lib.ps1'
[8.701s] INFO:colcon.colcon_core.shell:Creating environment descriptor '/ws/install/nanosaur_msgs/share/nanosaur_msgs/hook/ld_library_path_lib.dsv'
[8.703s] INFO:colcon.colcon_core.shell:Creating environment hook '/ws/install/nanosaur_msgs/share/nanosaur_msgs/hook/ld_library_path_lib.sh'
[8.704s] Level 1:colcon.colcon_core.environment:checking '/ws/install/nanosaur_msgs/bin'
[8.705s] Level 1:colcon.colcon_core.environment:checking '/ws/install/nanosaur_msgs/lib/pkgconfig/nanosaur_msgs.pc'
[8.705s] Level 1:colcon.colcon_core.environment:checking '/ws/install/nanosaur_msgs/lib/python3.8/site-packages'
[8.706s] Level 1:colcon.colcon_core.shell:create_environment_hook('nanosaur_msgs', 'pythonpath')
[8.722s] INFO:colcon.colcon_core.shell:Creating environment hook '/ws/install/nanosaur_msgs/share/nanosaur_msgs/hook/pythonpath.ps1'
[8.724s] INFO:colcon.colcon_core.shell:Creating environment descriptor '/ws/install/nanosaur_msgs/share/nanosaur_msgs/hook/pythonpath.dsv'
[8.726s] INFO:colcon.colcon_core.shell:Creating environment hook '/ws/install/nanosaur_msgs/share/nanosaur_msgs/hook/pythonpath.sh'
[8.728s] Level 1:colcon.colcon_core.environment:checking '/ws/install/nanosaur_msgs/bin'
[8.745s] INFO:colcon.colcon_core.shell:Creating package script '/ws/install/nanosaur_msgs/share/nanosaur_msgs/package.ps1'
[8.748s] INFO:colcon.colcon_core.shell:Creating package descriptor '/ws/install/nanosaur_msgs/share/nanosaur_msgs/package.dsv'
[8.750s] INFO:colcon.colcon_core.shell:Creating package script '/ws/install/nanosaur_msgs/share/nanosaur_msgs/package.sh'
[8.752s] INFO:colcon.colcon_core.shell:Creating package script '/ws/install/nanosaur_msgs/share/nanosaur_msgs/package.bash'
[8.754s] INFO:colcon.colcon_core.shell:Creating package script '/ws/install/nanosaur_msgs/share/nanosaur_msgs/package.zsh'
[8.755s] Level 1:colcon.colcon_core.environment:create_file_with_runtime_dependencies(/ws/install/nanosaur_msgs/share/colcon-core/packages/nanosaur_msgs)
[9.242s] Level 1:colcon.colcon_core.environment:create_environment_scripts_only(nanosaur_msgs)
[9.266s] Level 1:colcon.colcon_core.environment:checking '/ws/install/nanosaur_msgs' for CMake module files
[9.272s] Level 1:colcon.colcon_core.environment:checking '/ws/install/nanosaur_msgs' for CMake config files
[9.277s] Level 1:colcon.colcon_core.shell:create_environment_hook('nanosaur_msgs', 'cmake_prefix_path')
[9.294s] INFO:colcon.colcon_core.shell:Creating environment hook '/ws/install/nanosaur_msgs/share/nanosaur_msgs/hook/cmake_prefix_path.ps1'
[9.296s] INFO:colcon.colcon_core.shell:Creating environment descriptor '/ws/install/nanosaur_msgs/share/nanosaur_msgs/hook/cmake_prefix_path.dsv'
[9.297s] INFO:colcon.colcon_core.shell:Creating environment hook '/ws/install/nanosaur_msgs/share/nanosaur_msgs/hook/cmake_prefix_path.sh'
[9.299s] Level 1:colcon.colcon_core.environment:checking '/ws/install/nanosaur_msgs/lib'
[9.300s] Level 1:colcon.colcon_core.shell:create_environment_hook('nanosaur_msgs', 'ld_library_path_lib')
[9.316s] INFO:colcon.colcon_core.shell:Creating environment hook '/ws/install/nanosaur_msgs/share/nanosaur_msgs/hook/ld_library_path_lib.ps1'
[9.317s] INFO:colcon.colcon_core.shell:Creating environment descriptor '/ws/install/nanosaur_msgs/share/nanosaur_msgs/hook/ld_library_path_lib.dsv'
[9.319s] INFO:colcon.colcon_core.shell:Creating environment hook '/ws/install/nanosaur_msgs/share/nanosaur_msgs/hook/ld_library_path_lib.sh'
[9.320s] Level 1:colcon.colcon_core.environment:checking '/ws/install/nanosaur_msgs/bin'
[9.321s] Level 1:colcon.colcon_core.environment:checking '/ws/install/nanosaur_msgs/lib/pkgconfig/nanosaur_msgs.pc'
[9.322s] Level 1:colcon.colcon_core.environment:checking '/ws/install/nanosaur_msgs/lib/python3.8/site-packages'
[9.322s] Level 1:colcon.colcon_core.shell:create_environment_hook('nanosaur_msgs', 'pythonpath')
[9.338s] INFO:colcon.colcon_core.shell:Creating environment hook '/ws/install/nanosaur_msgs/share/nanosaur_msgs/hook/pythonpath.ps1'
[9.340s] INFO:colcon.colcon_core.shell:Creating environment descriptor '/ws/install/nanosaur_msgs/share/nanosaur_msgs/hook/pythonpath.dsv'
[9.341s] INFO:colcon.colcon_core.shell:Creating environment hook '/ws/install/nanosaur_msgs/share/nanosaur_msgs/hook/pythonpath.sh'
[9.344s] Level 1:colcon.colcon_core.environment:checking '/ws/install/nanosaur_msgs/bin'
[9.361s] INFO:colcon.colcon_core.shell:Creating package script '/ws/install/nanosaur_msgs/share/nanosaur_msgs/package.ps1'
[9.363s] INFO:colcon.colcon_core.shell:Creating package descriptor '/ws/install/nanosaur_msgs/share/nanosaur_msgs/package.dsv'
[9.366s] INFO:colcon.colcon_core.shell:Creating package script '/ws/install/nanosaur_msgs/share/nanosaur_msgs/package.sh'
[9.369s] INFO:colcon.colcon_core.shell:Creating package script '/ws/install/nanosaur_msgs/share/nanosaur_msgs/package.bash'
[9.371s] INFO:colcon.colcon_core.shell:Creating package script '/ws/install/nanosaur_msgs/share/nanosaur_msgs/package.zsh'
[9.376s] Level 1:colcon.colcon_core.environment:create_file_with_runtime_dependencies(/ws/install/nanosaur_msgs/share/colcon-core/packages/nanosaur_msgs)
[9.384s] INFO:colcon.colcon_ros.task.ament_python.build:Building ROS package in '/ws/src/teleop_twist_keyboard' with build type 'ament_python'
[9.387s] Level 1:colcon.colcon_core.shell:create_environment_hook('teleop_twist_keyboard', 'ament_prefix_path')
[9.406s] INFO:colcon.colcon_core.shell:Creating environment hook '/ws/install/teleop_twist_keyboard/share/teleop_twist_keyboard/hook/ament_prefix_path.ps1'
[9.408s] INFO:colcon.colcon_core.shell:Creating environment descriptor '/ws/install/teleop_twist_keyboard/share/teleop_twist_keyboard/hook/ament_prefix_path.dsv'
[9.409s] INFO:colcon.colcon_core.shell:Creating environment hook '/ws/install/teleop_twist_keyboard/share/teleop_twist_keyboard/hook/ament_prefix_path.sh'
[9.427s] INFO:colcon.colcon_core.shell:Skip shell extension 'powershell' for command environment: Not usable outside of PowerShell
[9.427s] DEBUG:colcon.colcon_core.shell:Skip shell extension 'dsv' for command environment
[10.635s] INFO:colcon.colcon_core.task.python.build:Building Python package in '/ws/src/teleop_twist_keyboard'
[10.649s] INFO:colcon.colcon_core.shell:Skip shell extension 'powershell' for command environment: Not usable outside of PowerShell
[10.650s] DEBUG:colcon.colcon_core.shell:Skip shell extension 'dsv' for command environment
[10.719s] DEBUG:colcon.colcon_core.event_handler.log_command:Invoking command in '/ws/build/rosboard': PYTHONPATH=/ws/build/rosboard/prefix_override:/ws/install/rosboard/lib/python3.8/site-packages:${PYTHONPATH} /usr/bin/python3 setup.py develop --editable --build-directory /ws/build/rosboard/build --no-deps install_data
[10.721s] Level 1:colcon.colcon_core.shell:create_environment_hook('nanosaur_hardware', 'pythonpath_develop')
[10.732s] DEBUG:colcon.colcon_core.event_handler.log_command:Invoked command in '/ws/build/nanosaur_hardware' returned '0': PYTHONPATH=/ws/build/nanosaur_hardware/prefix_override:/ws/install/nanosaur_hardware/lib/python3.8/site-packages:${PYTHONPATH} /usr/bin/python3 setup.py develop --editable --build-directory /ws/build/nanosaur_hardware/build --no-deps install_data
[10.738s] INFO:colcon.colcon_core.shell:Creating environment hook '/ws/build/nanosaur_hardware/share/nanosaur_hardware/hook/pythonpath_develop.ps1'
[10.742s] INFO:colcon.colcon_core.shell:Creating environment descriptor '/ws/build/nanosaur_hardware/share/nanosaur_hardware/hook/pythonpath_develop.dsv'
[10.743s] INFO:colcon.colcon_core.shell:Creating environment hook '/ws/build/nanosaur_hardware/share/nanosaur_hardware/hook/pythonpath_develop.sh'
[10.765s] Level 1:colcon.colcon_core.environment:checking '/ws/install/nanosaur_hardware' for CMake module files
[10.768s] Level 1:colcon.colcon_core.environment:checking '/ws/install/nanosaur_hardware' for CMake config files
[10.770s] Level 1:colcon.colcon_core.environment:checking '/ws/install/nanosaur_hardware/lib'
[10.770s] Level 1:colcon.colcon_core.environment:checking '/ws/install/nanosaur_hardware/bin'
[10.770s] Level 1:colcon.colcon_core.environment:checking '/ws/install/nanosaur_hardware/lib/pkgconfig/nanosaur_hardware.pc'
[10.771s] Level 1:colcon.colcon_core.environment:checking '/ws/install/nanosaur_hardware/lib/python3.8/site-packages'
[10.772s] Level 1:colcon.colcon_core.shell:create_environment_hook('nanosaur_hardware', 'pythonpath')
[10.786s] INFO:colcon.colcon_core.shell:Creating environment hook '/ws/install/nanosaur_hardware/share/nanosaur_hardware/hook/pythonpath.ps1'
[10.789s] INFO:colcon.colcon_core.shell:Creating environment descriptor '/ws/install/nanosaur_hardware/share/nanosaur_hardware/hook/pythonpath.dsv'
[10.790s] INFO:colcon.colcon_core.shell:Creating environment hook '/ws/install/nanosaur_hardware/share/nanosaur_hardware/hook/pythonpath.sh'
[10.792s] Level 1:colcon.colcon_core.environment:checking '/ws/install/nanosaur_hardware/bin'
[10.793s] Level 1:colcon.colcon_core.environment:create_environment_scripts_only(nanosaur_hardware)
[10.808s] INFO:colcon.colcon_core.shell:Creating package script '/ws/install/nanosaur_hardware/share/nanosaur_hardware/package.ps1'
[10.810s] INFO:colcon.colcon_core.shell:Creating package descriptor '/ws/install/nanosaur_hardware/share/nanosaur_hardware/package.dsv'
[10.812s] INFO:colcon.colcon_core.shell:Creating package script '/ws/install/nanosaur_hardware/share/nanosaur_hardware/package.sh'
[10.814s] INFO:colcon.colcon_core.shell:Creating package script '/ws/install/nanosaur_hardware/share/nanosaur_hardware/package.bash'
[10.815s] INFO:colcon.colcon_core.shell:Creating package script '/ws/install/nanosaur_hardware/share/nanosaur_hardware/package.zsh'
[10.816s] Level 1:colcon.colcon_core.environment:create_file_with_runtime_dependencies(/ws/install/nanosaur_hardware/share/colcon-core/packages/nanosaur_hardware)
[10.827s] DEBUG:colcon.colcon_core.event_handler.log_command:Invoking command in '/ws/build/rover_line_follower': PYTHONPATH=/ws/build/rover_line_follower/prefix_override:/ws/install/rover_line_follower/lib/python3.8/site-packages:${PYTHONPATH} /usr/bin/python3 setup.py develop --editable --build-directory /ws/build/rover_line_follower/build --no-deps install_data
[12.795s] DEBUG:colcon.colcon_core.event_handler.log_command:Invoking command in '/ws/build/teleop_twist_keyboard': PYTHONPATH=/ws/build/teleop_twist_keyboard/prefix_override:/ws/install/teleop_twist_keyboard/lib/python3.8/site-packages:${PYTHONPATH} /usr/bin/python3 setup.py develop --editable --build-directory /ws/build/teleop_twist_keyboard/build --no-deps install_data
[13.074s] Level 1:colcon.colcon_core.shell:create_environment_hook('rosboard', 'pythonpath_develop')
[13.086s] DEBUG:colcon.colcon_core.event_handler.log_command:Invoked command in '/ws/build/rosboard' returned '0': PYTHONPATH=/ws/build/rosboard/prefix_override:/ws/install/rosboard/lib/python3.8/site-packages:${PYTHONPATH} /usr/bin/python3 setup.py develop --editable --build-directory /ws/build/rosboard/build --no-deps install_data
[13.094s] INFO:colcon.colcon_core.shell:Creating environment hook '/ws/build/rosboard/share/rosboard/hook/pythonpath_develop.ps1'
[13.099s] INFO:colcon.colcon_core.shell:Creating environment descriptor '/ws/build/rosboard/share/rosboard/hook/pythonpath_develop.dsv'
[13.101s] INFO:colcon.colcon_core.shell:Creating environment hook '/ws/build/rosboard/share/rosboard/hook/pythonpath_develop.sh'
[13.127s] Level 1:colcon.colcon_core.environment:checking '/ws/install/rosboard' for CMake module files
[13.130s] Level 1:colcon.colcon_core.environment:checking '/ws/install/rosboard' for CMake config files
[13.133s] Level 1:colcon.colcon_core.environment:checking '/ws/install/rosboard/lib'
[13.133s] Level 1:colcon.colcon_core.environment:checking '/ws/install/rosboard/bin'
[13.134s] Level 1:colcon.colcon_core.environment:checking '/ws/install/rosboard/lib/pkgconfig/rosboard.pc'
[13.135s] Level 1:colcon.colcon_core.environment:checking '/ws/install/rosboard/lib/python3.8/site-packages'
[13.135s] Level 1:colcon.colcon_core.shell:create_environment_hook('rosboard', 'pythonpath')
[13.153s] INFO:colcon.colcon_core.shell:Creating environment hook '/ws/install/rosboard/share/rosboard/hook/pythonpath.ps1'
[13.154s] INFO:colcon.colcon_core.shell:Creating environment descriptor '/ws/install/rosboard/share/rosboard/hook/pythonpath.dsv'
[13.156s] INFO:colcon.colcon_core.shell:Creating environment hook '/ws/install/rosboard/share/rosboard/hook/pythonpath.sh'
[13.158s] Level 1:colcon.colcon_core.environment:checking '/ws/install/rosboard/bin'
[13.159s] Level 1:colcon.colcon_core.environment:create_environment_scripts_only(rosboard)
[13.174s] INFO:colcon.colcon_core.shell:Creating package script '/ws/install/rosboard/share/rosboard/package.ps1'
[13.177s] INFO:colcon.colcon_core.shell:Creating package descriptor '/ws/install/rosboard/share/rosboard/package.dsv'
[13.179s] INFO:colcon.colcon_core.shell:Creating package script '/ws/install/rosboard/share/rosboard/package.sh'
[13.181s] INFO:colcon.colcon_core.shell:Creating package script '/ws/install/rosboard/share/rosboard/package.bash'
[13.182s] INFO:colcon.colcon_core.shell:Creating package script '/ws/install/rosboard/share/rosboard/package.zsh'
[13.183s] Level 1:colcon.colcon_core.environment:create_file_with_runtime_dependencies(/ws/install/rosboard/share/colcon-core/packages/rosboard)
[13.187s] Level 1:colcon.colcon_core.shell:create_environment_hook('rover_line_follower', 'pythonpath_develop')
[13.202s] INFO:colcon.colcon_core.shell:Creating environment hook '/ws/build/rover_line_follower/share/rover_line_follower/hook/pythonpath_develop.ps1'
[13.204s] DEBUG:colcon.colcon_core.event_handler.log_command:Invoked command in '/ws/build/rover_line_follower' returned '0': PYTHONPATH=/ws/build/rover_line_follower/prefix_override:/ws/install/rover_line_follower/lib/python3.8/site-packages:${PYTHONPATH} /usr/bin/python3 setup.py develop --editable --build-directory /ws/build/rover_line_follower/build --no-deps install_data
[13.205s] INFO:colcon.colcon_core.shell:Creating environment descriptor '/ws/build/rover_line_follower/share/rover_line_follower/hook/pythonpath_develop.dsv'
[13.206s] INFO:colcon.colcon_core.shell:Creating environment hook '/ws/build/rover_line_follower/share/rover_line_follower/hook/pythonpath_develop.sh'
[13.227s] Level 1:colcon.colcon_core.environment:checking '/ws/install/rover_line_follower' for CMake module files
[13.230s] Level 1:colcon.colcon_core.environment:checking '/ws/install/rover_line_follower' for CMake config files
[13.232s] Level 1:colcon.colcon_core.environment:checking '/ws/install/rover_line_follower/lib'
[13.233s] Level 1:colcon.colcon_core.environment:checking '/ws/install/rover_line_follower/bin'
[13.233s] Level 1:colcon.colcon_core.environment:checking '/ws/install/rover_line_follower/lib/pkgconfig/rover_line_follower.pc'
[13.234s] Level 1:colcon.colcon_core.environment:checking '/ws/install/rover_line_follower/lib/python3.8/site-packages'
[13.234s] Level 1:colcon.colcon_core.shell:create_environment_hook('rover_line_follower', 'pythonpath')
[13.248s] INFO:colcon.colcon_core.shell:Creating environment hook '/ws/install/rover_line_follower/share/rover_line_follower/hook/pythonpath.ps1'
[13.249s] INFO:colcon.colcon_core.shell:Creating environment descriptor '/ws/install/rover_line_follower/share/rover_line_follower/hook/pythonpath.dsv'
[13.250s] INFO:colcon.colcon_core.shell:Creating environment hook '/ws/install/rover_line_follower/share/rover_line_follower/hook/pythonpath.sh'
[13.252s] Level 1:colcon.colcon_core.environment:checking '/ws/install/rover_line_follower/bin'
[13.253s] Level 1:colcon.colcon_core.environment:create_environment_scripts_only(rover_line_follower)
[13.267s] INFO:colcon.colcon_core.shell:Creating package script '/ws/install/rover_line_follower/share/rover_line_follower/package.ps1'
[13.269s] INFO:colcon.colcon_core.shell:Creating package descriptor '/ws/install/rover_line_follower/share/rover_line_follower/package.dsv'
[13.271s] INFO:colcon.colcon_core.shell:Creating package script '/ws/install/rover_line_follower/share/rover_line_follower/package.sh'
[13.273s] INFO:colcon.colcon_core.shell:Creating package script '/ws/install/rover_line_follower/share/rover_line_follower/package.bash'
[13.274s] INFO:colcon.colcon_core.shell:Creating package script '/ws/install/rover_line_follower/share/rover_line_follower/package.zsh'
[13.275s] Level 1:colcon.colcon_core.environment:create_file_with_runtime_dependencies(/ws/install/rover_line_follower/share/colcon-core/packages/rover_line_follower)
[14.953s] Level 1:colcon.colcon_core.shell:create_environment_hook('teleop_twist_keyboard', 'pythonpath_develop')
[14.965s] DEBUG:colcon.colcon_core.event_handler.log_command:Invoked command in '/ws/build/teleop_twist_keyboard' returned '0': PYTHONPATH=/ws/build/teleop_twist_keyboard/prefix_override:/ws/install/teleop_twist_keyboard/lib/python3.8/site-packages:${PYTHONPATH} /usr/bin/python3 setup.py develop --editable --build-directory /ws/build/teleop_twist_keyboard/build --no-deps install_data
[14.968s] INFO:colcon.colcon_core.shell:Creating environment hook '/ws/build/teleop_twist_keyboard/share/teleop_twist_keyboard/hook/pythonpath_develop.ps1'
[14.973s] INFO:colcon.colcon_core.shell:Creating environment descriptor '/ws/build/teleop_twist_keyboard/share/teleop_twist_keyboard/hook/pythonpath_develop.dsv'
[14.974s] INFO:colcon.colcon_core.shell:Creating environment hook '/ws/build/teleop_twist_keyboard/share/teleop_twist_keyboard/hook/pythonpath_develop.sh'
[14.995s] Level 1:colcon.colcon_core.environment:checking '/ws/install/teleop_twist_keyboard' for CMake module files
[14.997s] Level 1:colcon.colcon_core.environment:checking '/ws/install/teleop_twist_keyboard' for CMake config files
[14.999s] Level 1:colcon.colcon_core.environment:checking '/ws/install/teleop_twist_keyboard/lib'
[14.999s] Level 1:colcon.colcon_core.environment:checking '/ws/install/teleop_twist_keyboard/bin'
[14.999s] Level 1:colcon.colcon_core.environment:checking '/ws/install/teleop_twist_keyboard/lib/pkgconfig/teleop_twist_keyboard.pc'
[15.000s] Level 1:colcon.colcon_core.environment:checking '/ws/install/teleop_twist_keyboard/lib/python3.8/site-packages'
[15.000s] Level 1:colcon.colcon_core.shell:create_environment_hook('teleop_twist_keyboard', 'pythonpath')
[15.013s] INFO:colcon.colcon_core.shell:Creating environment hook '/ws/install/teleop_twist_keyboard/share/teleop_twist_keyboard/hook/pythonpath.ps1'
[15.015s] INFO:colcon.colcon_core.shell:Creating environment descriptor '/ws/install/teleop_twist_keyboard/share/teleop_twist_keyboard/hook/pythonpath.dsv'
[15.016s] INFO:colcon.colcon_core.shell:Creating environment hook '/ws/install/teleop_twist_keyboard/share/teleop_twist_keyboard/hook/pythonpath.sh'
[15.018s] Level 1:colcon.colcon_core.environment:checking '/ws/install/teleop_twist_keyboard/bin'
[15.018s] Level 1:colcon.colcon_core.environment:create_environment_scripts_only(teleop_twist_keyboard)
[15.032s] INFO:colcon.colcon_core.shell:Creating package script '/ws/install/teleop_twist_keyboard/share/teleop_twist_keyboard/package.ps1'
[15.034s] INFO:colcon.colcon_core.shell:Creating package descriptor '/ws/install/teleop_twist_keyboard/share/teleop_twist_keyboard/package.dsv'
[15.036s] INFO:colcon.colcon_core.shell:Creating package script '/ws/install/teleop_twist_keyboard/share/teleop_twist_keyboard/package.sh'
[15.038s] INFO:colcon.colcon_core.shell:Creating package script '/ws/install/teleop_twist_keyboard/share/teleop_twist_keyboard/package.bash'
[15.040s] INFO:colcon.colcon_core.shell:Creating package script '/ws/install/teleop_twist_keyboard/share/teleop_twist_keyboard/package.zsh'
[15.041s] Level 1:colcon.colcon_core.environment:create_file_with_runtime_dependencies(/ws/install/teleop_twist_keyboard/share/colcon-core/packages/teleop_twist_keyboard)
[15.043s] DEBUG:colcon.colcon_parallel_executor.executor.parallel:closing loop
[15.044s] DEBUG:colcon.colcon_parallel_executor.executor.parallel:loop closed
[15.044s] DEBUG:colcon.colcon_parallel_executor.executor.parallel:run_until_complete finished with '0'
[15.045s] DEBUG:colcon.colcon_core.event_reactor:joining thread
[15.068s] INFO:colcon.colcon_core.plugin_system:Skipping extension 'colcon_notification.desktop_notification.notify_send': Could not find 'notify-send'
[15.069s] INFO:colcon.colcon_core.plugin_system:Skipping extension 'colcon_notification.desktop_notification.terminal_notifier': Not used on non-Darwin systems
[15.069s] INFO:colcon.colcon_core.plugin_system:Skipping extension 'colcon_notification.desktop_notification.win32': Not used on non-Windows systems
[15.069s] INFO:colcon.colcon_notification.desktop_notification:Sending desktop notification using 'notify2'
[15.070s] DEBUG:colcon.colcon_notification.desktop_notification.notify2:Failed to initialize notify2: org.freedesktop.DBus.Error.NotSupported: Unable to autolaunch a dbus-daemon without a $DISPLAY for X11
[15.070s] DEBUG:colcon.colcon_core.event_reactor:joined thread
[15.083s] INFO:colcon.colcon_core.shell:Creating prefix script '/ws/install/local_setup.ps1'
[15.087s] INFO:colcon.colcon_core.shell:Creating prefix util module '/ws/install/_local_setup_util_ps1.py'
[15.093s] INFO:colcon.colcon_core.shell:Creating prefix chain script '/ws/install/setup.ps1'
[15.101s] INFO:colcon.colcon_core.shell:Creating prefix script '/ws/install/local_setup.sh'
[15.103s] INFO:colcon.colcon_core.shell:Creating prefix util module '/ws/install/_local_setup_util_sh.py'
[15.105s] INFO:colcon.colcon_core.shell:Creating prefix chain script '/ws/install/setup.sh'
[15.113s] INFO:colcon.colcon_core.shell:Creating prefix script '/ws/install/local_setup.bash'
[15.115s] INFO:colcon.colcon_core.shell:Creating prefix chain script '/ws/install/setup.bash'
[15.123s] INFO:colcon.colcon_core.shell:Creating prefix script '/ws/install/local_setup.zsh'
[15.125s] INFO:colcon.colcon_core.shell:Creating prefix chain script '/ws/install/setup.zsh'
