[0.133s] Invoking command in '/ws/build/image_pub': CMAKE_PREFIX_PATH=/ws/install/nanosaur_msgs:/ws/install/nanosaur_control:/ws/install/image_pub:/ws/install/nanosaur_hardware:/ros_deep_learning/install/ros_deep_learning:/opt/ros/humble/install /usr/local/bin/cmake --build /ws/build/image_pub -- -j4 -l4
[0.694s] [ 16%] [32mBuilding CXX object CMakeFiles/mono_image_pub.dir/src/mono_image_pub.cpp.o[0m
[0.695s] [ 66%] Built target camera_calibration_pub
[0.695s] [ 83%] Built target stereo_image_pub
[31.728s] [100%] [32m[1mLinking CXX executable mono_image_pub[0m
[34.786s] [100%] Built target mono_image_pub
[34.823s] Invoked command in '/ws/build/image_pub' returned '0': CMAKE_PREFIX_PATH=/ws/install/nanosaur_msgs:/ws/install/nanosaur_control:/ws/install/image_pub:/ws/install/nanosaur_hardware:/ros_deep_learning/install/ros_deep_learning:/opt/ros/humble/install /usr/local/bin/cmake --build /ws/build/image_pub -- -j4 -l4
[35.282s] Invoking command in '/ws/build/image_pub': CMAKE_PREFIX_PATH=/ws/install/nanosaur_msgs:/ws/install/nanosaur_control:/ws/install/image_pub:/ws/install/nanosaur_hardware:/ros_deep_learning/install/ros_deep_learning:/opt/ros/humble/install /usr/local/bin/cmake --install /ws/build/image_pub
[35.432s] -- Install configuration: ""
[35.434s] -- Execute custom install script
[35.436s] -- Up-to-date symlink: /ws/install/image_pub/lib/image_pub/mono_image_pub
[35.436s] -- Up-to-date symlink: /ws/install/image_pub/lib/image_pub/stereo_image_pub
[35.437s] -- Up-to-date symlink: /ws/install/image_pub/lib/image_pub/camera_calibration_pub
[35.438s] -- Up-to-date symlink: /ws/install/image_pub/share/image_pub//launch/raw_image_pub.launch.py
[35.439s] -- Up-to-date symlink: /ws/install/image_pub/share/image_pub//launch/stereo_rect_image_pub.launch.py
[35.440s] -- Up-to-date symlink: /ws/install/image_pub/share/image_pub//config/cal_results/extrinsics.yml
[35.441s] -- Up-to-date symlink: /ws/install/image_pub/share/image_pub//config/cal_results/intrinsics.yml
[35.442s] -- Up-to-date symlink: /ws/install/image_pub/share/image_pub//config/imx21983_raw_image_pub.yaml
[35.443s] -- Up-to-date symlink: /ws/install/image_pub/share/image_pub//config/imx21983_stereo_rect_image_pub.yaml
[35.445s] -- Up-to-date symlink: /ws/install/image_pub/share/ament_index/resource_index/package_run_dependencies/image_pub
[35.446s] -- Up-to-date symlink: /ws/install/image_pub/share/ament_index/resource_index/parent_prefix_path/image_pub
[35.447s] -- Up-to-date symlink: /ws/install/image_pub/share/image_pub/environment/ament_prefix_path.sh
[35.448s] -- Up-to-date symlink: /ws/install/image_pub/share/image_pub/environment/ament_prefix_path.dsv
[35.449s] -- Up-to-date symlink: /ws/install/image_pub/share/image_pub/environment/path.sh
[35.450s] -- Up-to-date symlink: /ws/install/image_pub/share/image_pub/environment/path.dsv
[35.450s] -- Up-to-date symlink: /ws/install/image_pub/share/image_pub/local_setup.bash
[35.451s] -- Up-to-date symlink: /ws/install/image_pub/share/image_pub/local_setup.sh
[35.452s] -- Up-to-date symlink: /ws/install/image_pub/share/image_pub/local_setup.zsh
[35.453s] -- Up-to-date symlink: /ws/install/image_pub/share/image_pub/local_setup.dsv
[35.454s] -- Symlinking: /ws/install/image_pub/share/image_pub/package.dsv
[35.465s] -- Up-to-date symlink: /ws/install/image_pub/share/ament_index/resource_index/packages/image_pub
[35.466s] -- Up-to-date symlink: /ws/install/image_pub/share/image_pub/cmake/image_pubConfig.cmake
[35.467s] -- Up-to-date symlink: /ws/install/image_pub/share/image_pub/cmake/image_pubConfig-version.cmake
[35.467s] -- Up-to-date symlink: /ws/install/image_pub/share/image_pub/package.xml
[35.492s] Invoked command in '/ws/build/image_pub' returned '0': CMAKE_PREFIX_PATH=/ws/install/nanosaur_msgs:/ws/install/nanosaur_control:/ws/install/image_pub:/ws/install/nanosaur_hardware:/ros_deep_learning/install/ros_deep_learning:/opt/ros/humble/install /usr/local/bin/cmake --install /ws/build/image_pub
